Min
- #all     = 456
- #defs    = 448
- #refs    = 451
- rNd      = ["rdy","irq","res","vss","vcc","clk0","nmi","so"]
- dNr      = ["NODE-43","NODE-353","sync","rw","NODE-1247"]
- #OPS     = 8468

assign o[0] = ~(i[1576]|i[895]|i[909]|i[1112]|i[1609]|i[1328]|i[1384]|i[328]|i[1626]);
assign o[1] = ~i[459]&i[710]&~i[943] ? i[1287] : i[1];
assign o[4] = ~(i[337]|i[1536]|i[1125]|i[1112]|i[1609]|i[541]|i[1384]|i[328]|i[1626]);
assign o[13] = i[943]|~i[1683]|~i[598]|i[710]&~i[1020]|(~i[1113]&i[710]&~i[943]|~i[1404]&i[710]&~i[943]|~i[621]|i[129]|~i[55]&i[710]&~i[943])&~i[1602] ? (i[657]|~i[943])&(i[558]|i[1683])&(~i[751]|i[598])&(~i[1537]|~(i[710]&~i[1020]))&(i[1336]|~((~i[1113]&i[710]&~i[943]|~i[1404]&i[710]&~i[943]|~i[621]|i[129]|~i[55]&i[710]&~i[943])&~i[1602])) : i[13];
assign o[15] = i[943] ? ~(~(~(~i[655]|~(~(i[379]|~i[1139])&i[1022]))&i[1359])&~i[900]|~(~(~(~i[655]|~(~(i[379]|~i[1139])&i[1022]))&i[1359])|~i[900])) : i[15];
assign o[17] = ~(~(i[554]|i[1533])|~(i[792]&i[1528]|i[1161]));
assign o[18] = i[710] ? ~(~i[248]&i[1373]|i[248]&i[940]) : i[18];
assign o[24] = i[710] ? ~(i[248]&i[151]|i[456]) : i[24];
assign o[31] = ~i[32];
assign o[32] = i[710] ? ~(~i[1049]&~i[1108]|i[1609]&~i[1104]|i[206]&~i[338]|i[1051]&~(~i[1104]|~i[338]|~i[1049])) : i[32];
assign o[40] = i[943] ? i[1575] : i[40];
assign o[43] = ~i[710];
assign o[44] = i[943] ? i[90] : i[44];
assign o[45] = i[943] ? ~(~(i[1465]|i[1481])|i[264]|i[926]) : i[45];
assign o[47] = i[710] ? ~i[865] : i[47];
assign o[49] = ~i[1162]&i[710]&~i[943]|~i[1509]&i[710]&~i[943] ? (i[483]|~(~i[1162]&i[710]&~i[943]))&(i[469]|~(~i[1509]&i[710]&~i[943])) : i[49];
assign o[50] = i[710] ? i[1350] : i[50];
assign o[52] = i[943]|~i[1683]|~i[598]|i[710]&~i[1020]|(~i[1113]&i[710]&~i[943]|~i[1404]&i[710]&~i[943]|~i[621]|i[129]|~i[55]&i[710]&~i[943])&~i[1602] ? (i[657]|~i[943])&(i[558]|i[1683])&(i[126]|i[598])&(~i[576]|~(i[710]&~i[1020]))&(i[1150]|~((~i[1113]&i[710]&~i[943]|~i[1404]&i[710]&~i[943]|~i[621]|i[129]|~i[55]&i[710]&~i[943])&~i[1602])) : i[52];
assign o[54] = i[943]|~i[1113]&i[710]&~i[943]|~i[1404]&i[710]&~i[943]|~i[621]|i[129]|~i[55]&i[710]&~i[943]|(~i[266]&i[710]&~i[943]|~i[398]|~i[878]|i[710]&~i[1221]|~i[1577])&~i[1527]|(~i[683]|~i[598]|i[710]&~i[1020])&~i[1602] ? (i[657]|~i[943])&(i[64]|~(~i[1113]&i[710]&~i[943]))&(i[1216]|~(~i[1404]&i[710]&~i[943]))&(~i[418]|i[621])&(i[401]|~i[129])&(i[737]|~(~i[55]&i[710]&~i[943]))&(i[1108]|~((~i[266]&i[710]&~i[943]|~i[398]|~i[878]|i[710]&~i[1221]|~i[1577])&~i[1527]))&(i[407]|~((~i[683]|~i[598]|i[710]&~i[1020])&~i[1602])) : i[54];
assign o[55] = i[943] ? ~((i[337]|i[310]|i[1536]|i[1609]|i[541])&~(i[310]|i[1536])|i[4]|~(i[337]|i[1536]|i[1125]|i[1112]|i[1609]|i[541]|i[1384]|i[119])|~(i[1536]|i[1112]|i[1125]|i[1328]|i[1384]|i[119])|~(i[1536]|i[337]|i[1112]|i[1328]|i[1300]|i[1609]|i[328]|i[1626])|~(i[337]|i[310]|i[1536]|i[1609]|i[1328])) : i[55];
assign o[56] = i[943] ? ~(~(i[337]|i[1112]|~i[1575]|i[1328]|i[1576]|i[1329]|i[1384]|i[328]|i[1626])|~(i[337]|i[1112]|i[1576]|i[1328]|i[1609]|i[1567]|i[1384]|i[328]|i[1626])) : i[56];
assign o[64] = ~i[460]&i[710]&~i[943] ? i[54] : i[64];
assign o[68] = ~i[226]&i[943]|~i[1674]&i[943]|~i[95]&i[943]|~i[101]&i[943]|~i[1529]&i[943] ? (~(i[1535]&i[1522])|~(~i[226]&i[943]))&(~((i[142]&(i[1678]|i[530])|~i[477])&~(i[336]&~i[1084])|~(i[142]&(i[1678]|i[530])|~i[477]|~(i[336]&~i[1084])))|~(~i[1674]&i[943]))&(i[1084]|~(~i[95]&i[943]))&(~(i[336]&~i[1084])|~(~i[101]&i[943]))&(i[336]|~(~i[1529]&i[943])) : i[68];
assign o[69] = i[710] ? ~(~(i[443]&i[199]|i[1673])&~i[493]|(i[443]&i[199]|i[1673])&i[1442]) : i[69];
assign o[73] = i[943] ? i[440]&~(i[1328]|i[895]|i[119])|~(i[1536]|i[895]|i[1112]|i[1125]|i[1328]|i[1384]|i[119]) : i[73];
assign o[77] = ~i[90];
assign o[81] = ~i[521]&i[710]&~i[943] ? i[1287] : ~i[796]&i[710]&~i[943] ? ~i[752] : i[81];
assign o[82] = ~i[527];
assign o[85] = ~i[459]&i[710]&~i[943] ? i[1405] : i[85];
assign o[88] = i[943] ? i[248]|~(i[1536]|i[337]|i[1328]|i[310]|i[1329]) : i[88];
assign o[90] = ~i[1625];
assign o[94] = i[710] ? ~i[1672] : i[94];
assign o[95] = i[710] ? ~i[88] : i[95];
assign o[96] = ~i[805]&i[710]&~i[943]|~i[688]&i[710]&~i[943]|~i[1477]&i[710]&~i[943] ? (~i[1302]|~(~i[805]&i[710]&~i[943]))&(i[1302]|~(~i[688]&i[710]&~i[943]))&(i[684]|~(~i[1477]&i[710]&~i[943])) : i[96];
assign o[98] = ~i[459]&i[710]&~i[943] ? i[1150] : i[98];
assign o[99] = i[943] ? ~i[348] : i[99];
assign o[101] = i[710] ? ~i[982] : i[101];
assign o[114] = i[943] ? ~((i[502]|~(~i[292]|~(i[1704]&i[1670])))&~(~(~i[292]|~(i[1704]&i[1670]))&i[502])) : i[114];
assign o[115] = ~i[460]&i[710]&~i[943] ? i[1336] : i[115];
assign o[116] = i[943] ? ~i[1005] : i[116];
assign o[119] = i[710]&i[879] ? i[1077]|i[361] : i[119];
assign o[121] = i[943]|~i[339]|~i[745]|~i[897]|i[710]&~i[1121]|i[558] ? (i[657]|~i[943])&(~i[1029]|i[339])&(i[331]|i[745])&(i[993]|i[897])&(~i[1537]|~(i[710]&~i[1121]))&(i[558]|~i[558]) : i[121];
assign o[126] = i[943] ? ~(~(i[1704]&i[1670])&~i[292]|~(~i[292]|~(i[1704]&i[1670]))) : i[126];
assign o[129] = ~i[512];
assign o[142] = ~(~(~(i[681]&~(~(~(i[977]&i[1167])&i[590]|i[143])&(i[1432]|i[1248])|i[936])|~(i[704]|i[1332]))&(i[96]|i[1680])|~((~(i[704]|i[1332])|~(~(~(i[977]&i[1167])&i[590]|i[143])&i[936]))&(~(~(~(i[96]|i[1680])|i[988])|~i[681])|~(~(~(i[1432]|i[1248])|i[936])|~(~(i[977]&i[1167])&i[590]|i[143])|~(~(i[704]|i[1332])|~i[681])|i[936]))|~i[1450])|i[988])&~(i[1645]&i[1142])|i[404]);
assign o[143] = ~(i[977]|i[1167]);
assign o[148] = i[710]&~i[610] ? i[52] : i[148];
assign o[151] = i[943] ? i[440] : i[151];
assign o[156] = ~i[1533];
assign o[158] = i[710] ? ~i[493] : i[158];
assign o[162] = ~i[1505]&i[710]&~i[943] ? ~(~(~(~i[1637]&~i[872])&~i[1341]|i[393]&(~i[1637]|~i[872]))&~i[1188]|~(~(~(~i[1637]&~i[872])&~i[1341]|i[393]&(~i[1637]|~i[872]))|~i[1188])) : i[162];
assign o[164] = i[943] ? ~((~(i[142]&~i[477])|~(i[336]&~i[1084]))&(~(~i[477]|~(~(i[1678]|i[530])|~i[477])|i[142]|i[336]&~i[1084])|~(~(i[1535]&i[1522]|~(i[1535]|i[1522]))|~i[336]))|~i[1450]) : i[164];
assign o[166] = i[943]|~i[1113]&i[710]&~i[943]|~i[1404]&i[710]&~i[943]|~i[621]|i[129]|~i[55]&i[710]&~i[943]|(~i[266]&i[710]&~i[943]|~i[398]|~i[878]|i[710]&~i[1221]|i[558])&~i[1527]|(~i[1683]|~i[598]|i[710]&~i[1020])&~i[1602] ? (i[657]|~i[943])&(i[615]|~(~i[1113]&i[710]&~i[943]))&(i[589]|~(~i[1404]&i[710]&~i[943]))&(~i[601]|i[621])&(i[314]|~i[129])&(i[858]|~(~i[55]&i[710]&~i[943]))&(i[1503]|~((~i[266]&i[710]&~i[943]|~i[398]|~i[878]|i[710]&~i[1221]|i[558])&~i[1527]))&(i[483]|~((~i[1683]|~i[598]|i[710]&~i[1020])&~i[1602])) : i[166];
assign o[170] = i[943] ? ~(i[1465]|i[1481])|~i[926] : i[170];
assign o[175] = ~i[1266];
assign o[181] = i[943] ? ~i[1435] : i[181];
assign o[183] = ~i[521]&i[710]&~i[943] ? i[1150] : ~i[796]&i[710]&~i[943] ? ~i[1064] : i[183];
assign o[190] = i[943] ? ~(~(i[653]|i[440])&~(i[248]|~(i[927]|i[1125]|i[690])|~(i[310]|i[1576]|i[909]|i[1384]|i[927]))) : i[190];
assign o[195] = i[710]&~i[610] ? i[1539] : i[195];
assign o[197] = i[943] ? ~(i[89]|i[759]) : i[197];
assign o[199] = i[943] ? ~(~(i[337]|i[1536]|i[1125]|i[1112]|i[1609]|i[1328]|i[1384]|i[328]|i[1626])|~(i[895]|i[1112]|i[1576]|i[1328]|i[1329]|i[690]|i[1384]|i[328]|i[1626])) : i[199];
assign o[205] = ~i[1162]&i[710]&~i[943]|~i[1509]&i[710]&~i[943] ? (i[1539]|~(~i[1162]&i[710]&~i[943]))&(i[663]|~(~i[1509]&i[710]&~i[943])) : i[205];
assign o[206] = ~(i[164]|i[560]);
assign o[211] = i[710]&~i[190] ? i[684] : i[211];
assign o[215] = i[943] ? i[1609]|i[337]|i[1536]|i[1112]|i[1328]|i[1300]|i[328]|i[1626] : i[215];
assign o[222] = i[710] ? ~i[1108] : i[222];
assign o[223] = i[710] ? i[1215] : i[223];
assign o[226] = i[710] ? ~i[968] : i[226];
assign o[230] = i[710]&~i[610] ? i[407] : i[230];
assign o[235] = ~i[805]&i[710]&~i[943]|~i[688]&i[710]&~i[943]|~i[1477]&i[710]&~i[943] ? (~i[833]|~(~i[805]&i[710]&~i[943]))&(i[833]|~(~i[688]&i[710]&~i[943]))&(i[121]|~(~i[1477]&i[710]&~i[943])) : i[235];
assign o[248] = i[197];
assign o[264] = ~(~(i[1693]|i[1291])|i[1149]);
assign o[265] = i[943] ? ~(~(i[927]|i[1576]|i[1567]|i[1384]|i[328]|i[1626])&~i[1679]|i[0]|~i[17]|~(i[1576]|~i[1575]|i[1384]|i[927]|i[328]|i[1626])|~(~i[1575]|i[1125]|~(i[1112]|i[1125]|i[1328]|i[1384]|i[328]|i[1626]))|i[862]|~(i[1576]|i[1609]|i[909]|i[337]|i[1112]|i[1384]|i[1328]|i[328]|i[1626])|~(i[17]|~(~(~(i[1112]|i[1328]|i[1576]|i[1329]|i[1384]|i[328]|i[1626])|~(i[337]|i[1576]|i[1112]|i[1609]|i[1328]|i[1384]|i[328]|i[1626])|~(i[1112]|i[1328]|i[895]|i[1300]|i[1125]|i[328]|i[1626]))|i[1276]))) : i[265];
assign o[266] = i[943] ? ~(~(i[337]|i[541]|i[310]|i[1329])&~(~(~(i[927]|i[1125]|i[690])|~(~i[1575]|i[1112]|i[1576]|i[1300])|~(i[1576]|i[310]|i[909]|i[1384])|~(i[1112]|i[1300]|i[1125]|i[1567])|~(i[1300]|i[927]|i[1576]|i[1567]))|i[337]|i[541]|i[1329])|~(~i[1575]|i[1112]|i[895]|i[1328]|i[1125]|i[1329]|i[1384]|i[328]|i[1626])) : i[266];
assign o[268] = i[710]&~i[190] ? i[413] : i[268];
assign o[276] = ~i[1674]&i[943]|~i[226]&i[943]|~i[95]&i[943]|~i[101]&i[943]|~i[1529]&i[943] ? (~((~(~(i[977]&i[1167])&i[590]|i[143])&(i[1432]|i[1248])|i[936])&~((i[704]|i[1332])&i[681])|~(~(~(i[977]&i[1167])&i[590]|i[143])&(i[1432]|i[1248])|i[936]|~((i[704]|i[1332])&i[681])))|~(~i[1674]&i[943]))&(i[350]|~(~i[226]&i[943]))&(~(i[704]|i[1332])|~(~i[95]&i[943]))&(~((i[704]|i[1332])&i[681])|~(~i[101]&i[943]))&(i[681]|~(~i[1529]&i[943])) : i[276];
assign o[292] = ~i[1162]&i[710]&~i[943]|~i[1509]&i[710]&~i[943] ? (i[52]|~(~i[1162]&i[710]&~i[943]))&(i[126]|~(~i[1509]&i[710]&~i[943])) : i[292];
assign o[294] = i[943] ? ~(~i[1395]|i[323]|i[671]) : i[294];
assign o[305] = ~i[460]&i[710]&~i[943] ? i[1188] : i[305];
assign o[310] = i[710]&i[879] ? i[1077]|i[758] : i[310];
assign o[314] = ~i[893];
assign o[315] = i[943]|~i[1683]|~i[598]|i[710]&~i[1020]|(~i[1113]&i[710]&~i[943]|~i[1404]&i[710]&~i[943]|~i[621]|i[129]|~i[55]&i[710]&~i[943])&~i[1602] ? (i[657]|~i[943])&(i[558]|i[1683])&(i[1061]|i[598])&(~i[1284]|~(i[710]&~i[1020]))&(i[1188]|~((~i[1113]&i[710]&~i[943]|~i[1404]&i[710]&~i[943]|~i[621]|i[129]|~i[55]&i[710]&~i[943])&~i[1602])) : i[315];
assign o[318] = ~i[627];
assign o[323] = i[710] ? i[959] : i[323];
assign o[328] = ~i[310];
assign o[330] = ~(~(i[330]|~i[103]&i[943])|i[103]&i[943]);
assign o[331] = ~i[68];
assign o[334] = ~(i[1382]|i[1553]);
assign o[336] = ~(i[235]&i[1627]);
assign o[337] = ~i[1675];
assign o[338] = i[943] ? ~(~(i[337]|i[1328]|i[119])&i[653]|~(i[1112]|i[156]|i[895]|i[541]|i[1576]|i[328]|i[1626])|~(i[337]|i[1112]|i[1328]|i[1125]|i[156]|i[1384]|i[119])|~(i[310]|i[895]|i[1609]|i[156])|~(i[1112]|i[156]|i[1300]|i[895]|i[541]|i[1125]|i[328]|i[1626])|~(i[156]|i[310]|i[541]|i[895]|i[1329])) : i[338];
assign o[339] = i[943] ? ~(~i[902]&~(i[337]|i[1536]|i[1576]|i[1112]|i[1609]|i[1328]|i[1384]|i[328]|i[1626])|~(i[1112]|~i[1575]|i[1328]|i[1384]|i[328]|i[1626])) : i[339];
assign o[348] = i[710] ? ~(~i[1302]&~(i[248]|i[199])|~(~(i[248]|i[199])|~i[974])&i[99]|i[1609]&~i[974]) : i[348];
assign o[349] = i[710]&~i[610] ? i[483] : i[349];
assign o[350] = ~(i[96]&i[1680]);
assign o[353] = ~(i[943]|i[943])|~i[1579];
assign o[357] = i[943] ? ~i[1465] : i[357];
assign o[360] = i[943] ? ~(i[1112]|i[1328]|i[895]|i[1300]|i[1125]|i[328]|i[1626])|i[248]|~(~(i[370]|~(i[895]|i[1112]|i[1576]|i[1328]|i[909]|i[1329]|i[1384]|i[328]|i[1626])|~(i[337]|i[1536]|i[1576]|i[1112]|i[1609]|i[1328]|i[1384]|i[328]|i[1626])|~(i[1536]|i[1112]|i[1328]|i[1125]|i[1329]|i[1384]|i[328]|i[1626])|~(i[895]|i[1112]|i[1576]|i[1328]|i[1609]|i[690]|i[1384]|i[328]|i[1626])|~(i[1112]|i[1125]|i[1328]|i[1609]|i[1567]|i[1384]|i[328]|i[1626]))|i[902])|i[1382]|~(~i[1575]|i[1112]|i[1125]|i[1300])|~(i[895]|i[541]|i[1609]|i[119])&i[440]|~(i[1125]|i[1112]|i[1609]|i[1328]|i[1384]|i[328]|i[1626])|~(i[310]|i[1576]|i[1112]|i[1384]|i[1567])|~(~i[1575]|i[1576]|i[310]|i[1384]|i[927])|~(i[310]|i[1576]|i[927]|i[1384]|i[690])|~(i[927]|i[1125]|i[1567])|~(i[310]|i[1576]|i[1112]|i[1384]|i[690])|~(~i[1575]|i[337]|i[1576]|i[1112]|i[1609]|i[1328]|i[1384]|i[328]|i[1626])|~(i[895]|i[1112]|i[1576]|i[1328]|i[1384]|i[328]|i[1626]) : i[360];
assign o[361] = i[943] ? ~i[82] : i[361];
assign o[369] = i[943] ? ~i[1393] : i[369];
assign o[370] = ~(i[337]|i[1112]|i[1576]|i[1328]|i[909]|i[1329]|i[1384]|i[328]|i[1626]);
assign o[377] = ~i[509]&i[710]&~i[943]|~i[265]&i[710]&~i[943] ? (i[993]|~(~i[509]&i[710]&~i[943]))&(i[121]|~(~i[265]&i[710]&~i[943])) : i[377];
assign o[378] = ~(i[1357]|i[18]);
assign o[379] = ~((i[1581]|i[1570])&i[1472]);
assign o[393] = i[943] ? ~(~(i[681]&~(~(~(i[977]&i[1167])&i[590]|i[143])&(i[1432]|i[1248])|i[936])|~(i[704]|i[1332]))&(i[96]|i[1680])|~((~(i[704]|i[1332])|~(~(~(i[977]&i[1167])&i[590]|i[143])&i[936]))&(~(~(~(i[96]|i[1680])|i[988])|~i[681])|~(~(~(i[1432]|i[1248])|i[936])|~(~(i[977]&i[1167])&i[590]|i[143])|~(~(i[704]|i[1332])|~i[681])|i[936]))|~i[1450])|i[988]|~i[599]) : i[393];
assign o[394] = ~i[1674]&i[943]|~i[95]&i[943]|~i[101]&i[943]|~i[226]&i[943]|~i[1529]&i[943] ? (~(~i[590]&~(~i[143]&~(i[977]&i[1167]))|~(~(~i[143]&~(i[977]&i[1167]))|~i[590]))|~(~i[1674]&i[943]))&(i[143]|~(~i[95]&i[943]))&(~(~i[143]&~(i[977]&i[1167]))|~(~i[101]&i[943]))&(i[841]|~(~i[226]&i[943]))&(~(i[977]&i[1167])|~(~i[1529]&i[943])) : i[394];
assign o[398] = i[943] ? ~(~(i[337]|i[1112]|~i[1575]|i[1328]|i[1576]|i[1329]|i[1384]|i[328]|i[1626])|~(i[337]|i[1112]|i[1576]|i[1328]|i[1609]|i[1567]|i[1384]|i[328]|i[1626])) : i[398];
assign o[399] = i[710]&~i[610] ? i[315] : i[399];
assign o[401] = ~i[394];
assign o[402] = i[710] ? ~(i[248]|i[926]|i[1131]) : i[402];
assign o[404] = ~(i[1645]|i[1142]);
assign o[407] = i[943]|~i[683]|~i[598]|i[710]&~i[1020]|(~i[1113]&i[710]&~i[943]|~i[1404]&i[710]&~i[943]|~i[621]|i[129]|~i[55]&i[710]&~i[943])&~i[1602] ? (i[657]|~i[943])&(i[558]|i[683])&(~i[780]|i[598])&(~i[116]|~(i[710]&~i[1020]))&(i[54]|~((~i[1113]&i[710]&~i[943]|~i[1404]&i[710]&~i[943]|~i[621]|i[129]|~i[55]&i[710]&~i[943])&~i[1602])) : i[407];
assign o[408] = i[943] ? ~(~(~(i[142]&(i[1678]|i[530])|~i[477])&i[336]|i[1084])&~(i[1535]|i[1522])|~(~(i[1535]&i[1522])|~(~(i[142]&(i[1678]|i[530])|~i[477])&i[336]|i[1084]))) : i[408];
assign o[413] = i[943]|~i[339]|~i[745]|~i[897]|i[710]&~i[1121]|~i[357] ? (i[657]|~i[943])&(~i[418]|i[339])&(i[401]|i[745])&(i[526]|i[897])&(~i[116]|~(i[710]&~i[1121]))&(i[558]|i[357]) : i[413];
assign o[415] = i[943] ? ~(i[248]|~(i[1536]|i[337]|i[1328]|i[310]|i[1329])|~(i[1536]|i[337]|i[1112]|i[1328]|i[1300]|i[1609]|i[328]|i[1626])|~(i[337]|i[310]|i[1536]|i[1609]|i[1328])|~(i[310]|i[895]|i[1536]|i[1328]|i[1329])|i[440]&~(i[1328]|i[895]|i[119])|~(i[1536]|i[895]|i[1112]|i[1125]|i[1328]|i[1384]|i[119])) : i[415];
assign o[418] = i[943] ? ~i[1403] : i[418];
assign o[435] = i[710]&~i[190] ? i[1437] : i[435];
assign o[439] = i[348];
assign o[440] = ~i[24];
assign o[443] = i[943] ? ~(~(i[337]|i[1112]|i[1328]|i[156]|i[1300]|i[1609]|i[328]|i[1626])|~i[338]|~(~(~(i[1112]|i[156]|i[895]|i[541]|i[1125]|i[119]|i[1384]|i[1329])|~(i[1536]|i[337]|i[541]|i[1609]|i[119])|~(i[895]|i[1112]|i[1125]|i[156]|i[1609]|i[541]|i[1384]|i[328]|i[1626]))&~(~(i[1112]|i[156]|i[541]|i[1125]|i[1329]|i[1384]|i[328]|i[1626])|~(i[337]|i[1536]|i[1112]|i[541]|i[1609]|i[328]|i[1626])|~(i[337]|i[1536]|i[1300]|i[541]|i[1609]|i[328]|i[1626])))|~(i[1536]|i[337]|i[1112]|i[1328]|i[1300]|i[1609]|i[328]|i[1626])|~(i[337]|i[310]|i[1536]|i[1609]|i[1328])|i[653]|~(i[337]|i[310]|i[1536]|i[1609]|i[541])|~(i[337]|i[1536]|i[1112]|i[541]|i[1125]|i[119]|i[1384]|i[1329])|~(i[895]|i[1536]|i[1125]|i[1112]|i[1609]|i[1328]|i[1384]|i[328]|i[1626])|~(i[1112]|i[1328]|i[1125]|i[156]|i[1384]|i[119])|~(i[1328]|i[310]|i[156])|~(i[337]|i[1536]|i[541]|i[927]|i[1125]|i[1329]|i[1384]|i[328]|i[1626])|~(i[310]|i[895]|i[1609]|i[156])) : i[443];
assign o[448] = ~i[459]&i[710]&~i[943] ? i[1336] : i[448];
assign o[449] = i[943] ? ~i[1395] : i[449];
assign o[451] = i[710]&~i[190] ? i[1282] : i[451];
assign o[456] = i[943] ? ~(~(~(i[927]|i[1125]|i[690])|~(~i[1575]|i[1112]|i[1576]|i[1300])|~(i[1576]|i[310]|i[909]|i[1384])|~(i[1112]|i[1300]|i[1125]|i[1567])|~(i[1300]|i[927]|i[1576]|i[1567]))|i[248]|~(~(i[895]|i[119])|~(i[337]|i[1328]|i[119]))) : i[456];
assign o[459] = i[943] ? ~(~(i[1112]|i[156]|i[895]|i[541]|i[1125]|i[119]|i[1384]|i[1329])|~(i[1536]|i[337]|i[541]|i[1609]|i[119])|~(i[895]|i[1112]|i[1125]|i[156]|i[1609]|i[541]|i[1384]|i[328]|i[1626])) : i[459];
assign o[460] = i[943] ? ~(~(i[1112]|i[156]|i[541]|i[1125]|i[1329]|i[1384]|i[328]|i[1626])|~(i[337]|i[1536]|i[1112]|i[541]|i[1609]|i[328]|i[1626])|~(i[337]|i[1536]|i[1300]|i[541]|i[1609]|i[328]|i[1626])) : i[460];
assign o[469] = i[943] ? ~(i[523]&~i[49]|i[743]) : i[469];
assign o[477] = ~(i[1678]&i[530]);
assign o[483] = i[943]|~i[1683]|~i[598]|i[710]&~i[1020]|(~i[1113]&i[710]&~i[943]|~i[1404]&i[710]&~i[943]|~i[621]|i[129]|~i[55]&i[710]&~i[943])&~i[1602] ? (i[657]|~i[943])&(i[558]|i[1683])&(i[469]|i[598])&(~i[498]|~(i[710]&~i[1020]))&(i[166]|~((~i[1113]&i[710]&~i[943]|~i[1404]&i[710]&~i[943]|~i[621]|i[129]|~i[55]&i[710]&~i[943])&~i[1602])) : i[483];
assign o[493] = i[943]|~i[266]&i[710]&~i[943]|~i[398]|~i[878]|i[710]&~i[1221]|(~i[1113]&i[710]&~i[943]|~i[1404]&i[710]&~i[943]|~i[621]|i[1333]|~i[55]&i[710]&~i[943])&~i[1527]|~i[1577] ? (i[657]|~i[943])&(i[1653]|~(~i[266]&i[710]&~i[943]))&(i[663]|i[398])&(~i[536]|i[878])&(~i[529]|~(i[710]&~i[1221]))&(i[1001]|~((~i[1113]&i[710]&~i[943]|~i[1404]&i[710]&~i[943]|~i[621]|i[1333]|~i[55]&i[710]&~i[943])&~i[1527]))&(i[1370]|i[1577]) : i[493];
assign o[495] = ~i[1674]&i[943]|~i[101]&i[943]|~i[95]&i[943]|~i[226]&i[943]|~i[1529]&i[943] ? (~((i[681]&~(~(~(i[977]&i[1167])&i[590]|i[143])&(i[1432]|i[1248])|i[936])|~(i[704]|i[1332]))&~(~(i[96]|i[1680])|i[988])|~(i[681]&~(~(~(i[977]&i[1167])&i[590]|i[143])&(i[1432]|i[1248])|i[936])|~(i[704]|i[1332])|~(~(i[96]|i[1680])|i[988])))|~(~i[1674]&i[943]))&(~(i[96]|i[1680])|i[988]|~(~i[101]&i[943]))&(~(i[96]|i[1680])|~(~i[95]&i[943]))&(~(i[1645]&i[1142])|~(~i[226]&i[943]))&(i[350]|~(~i[1529]&i[943])) : i[495];
assign o[498] = i[943] ? ~i[175] : i[498];
assign o[502] = ~i[1162]&i[710]&~i[943]|~i[1509]&i[710]&~i[943] ? (i[1651]|~(~i[1162]&i[710]&~i[943]))&(~i[114]|~(~i[1509]&i[710]&~i[943])) : i[502];
assign o[509] = i[943] ? ~(i[927]|i[1576]|i[1567]|i[1384]|i[328]|i[1626])&~i[1679]|i[0]|~i[17]|~(i[1576]|~i[1575]|i[1384]|i[927]|i[328]|i[1626])|~(~i[1575]|i[1125]|~(i[1112]|i[1125]|i[1328]|i[1384]|i[328]|i[1626]))|i[862]|~(i[1576]|i[1609]|i[909]|i[337]|i[1112]|i[1384]|i[1328]|i[328]|i[1626])|~(i[17]|~(~(~(i[1112]|i[1328]|i[1576]|i[1329]|i[1384]|i[328]|i[1626])|~(i[337]|i[1576]|i[1112]|i[1609]|i[1328]|i[1384]|i[328]|i[1626])|~(i[1112]|i[1328]|i[895]|i[1300]|i[1125]|i[328]|i[1626]))|i[1276])) : i[509];
assign o[512] = i[943] ? i[1130] : i[512];
assign o[521] = i[943] ? ~(~(i[248]|~i[1575]|i[337]|i[1576]|i[1112]|i[1609]|i[1328]|i[1384]|i[328]|i[1626])|~(~(i[370]|~(i[895]|i[1112]|i[1576]|i[1328]|i[909]|i[1329]|i[1384]|i[328]|i[1626])|~(i[337]|i[1536]|i[1576]|i[1112]|i[1609]|i[1328]|i[1384]|i[328]|i[1626])|~(i[1536]|i[1112]|i[1328]|i[1125]|i[1329]|i[1384]|i[328]|i[1626])|~(i[895]|i[1112]|i[1576]|i[1328]|i[1609]|i[690]|i[1384]|i[328]|i[1626])|~(i[1112]|i[1125]|i[1328]|i[1609]|i[1567]|i[1384]|i[328]|i[1626]))|i[902])|~(i[337]|i[1536]|i[541]|i[119]|i[1125]|i[927]|i[1384]|i[1329])) : i[521];
assign o[523] = ~(i[948]&i[1334]);
assign o[526] = i[943] ? ~(i[379]&~i[1139]|~(i[379]|~i[1139])) : i[526];
assign o[527] = i[710] ? ~i[991] : i[527];
assign o[529] = i[943] ? ~i[1349] : i[529];
assign o[530] = ~i[360]&i[710]&~i[943]|~i[1027]&i[710]&~i[943] ? (i[166]|~(~i[360]&i[710]&~i[943]))&(i[558]|~(~i[1027]&i[710]&~i[943])) : i[530];
assign o[536] = i[943] ? ~((i[1611]|~(~(~(~(~(~i[655]|~(~(i[379]|~i[1139])&i[1022]))&i[1359])|~i[900])&i[622])|~i[377]))&~(~(~(~(~(~(~i[655]|~(~(i[379]|~i[1139])&i[1022]))&i[1359])|~i[900])&i[622])|~i[377])&i[1611])) : i[536];
assign o[537] = i[943] ? i[862] : i[537];
assign o[539] = i[862];
assign o[541] = i[710]&i[879] ? i[1077]|i[1690] : i[541];
assign o[554] = i[943] ? i[17] : i[554];
assign o[559] = i[943] ? ~i[1272] : i[559];
assign o[560] = i[943] ? ~(~(i[142]&(i[1678]|i[530])|~i[477])&i[336]|i[1084])&(i[1535]|i[1522])|i[1535]&i[1522] : i[560];
assign o[561] = i[943] ? ~(~(i[310]|i[895]|i[1536]|i[1609]|i[541])&i[439]) : i[561];
assign o[562] = i[710] ? ~i[1032] : i[562];
assign o[573] = ~i[460]&i[710]&~i[943] ? i[1287] : i[573];
assign o[576] = i[943] ? ~i[82] : i[576];
assign o[581] = i[943] ? i[599] : i[581];
assign o[584] = ~i[1162]&i[710]&~i[943]|~i[1509]&i[710]&~i[943] ? (i[315]|~(~i[1162]&i[710]&~i[943]))&(i[1061]|~(~i[1509]&i[710]&~i[943])) : i[584];
assign o[589] = ~i[459]&i[710]&~i[943] ? i[166] : i[589];
assign o[590] = i[710] ? ~(i[960]|i[614]|i[848]|i[1652]) : i[590];
assign o[596] = i[943] ? ~(~i[248]&(~i[17]|~(i[1576]|~i[1575]|i[1384]|i[927]|i[328]|i[1626])&i[1544])|i[862]&i[248]) : i[596];
assign o[597] = i[710] ? ~i[799] : i[597];
assign o[598] = i[943] ? ~(~(~(~(~(i[1112]|i[1328]|i[1576]|i[1329]|i[1384]|i[328]|i[1626])|~(i[337]|i[1576]|i[1112]|i[1609]|i[1328]|i[1384]|i[328]|i[1626])|~(i[1112]|i[1328]|i[895]|i[1300]|i[1125]|i[328]|i[1626]))|i[17])|~(i[1536]|i[927]|i[1576]|~i[47]|i[1384]|i[328]|i[1626])|~(~(i[1576]|~i[1575]|i[1384]|i[927]|i[328]|i[1626])|~(~i[1575]|i[1125]|~(i[1112]|i[1125]|i[1328]|i[1384]|i[328]|i[1626]))|i[862]|~(i[1576]|i[1609]|i[909]|i[337]|i[1112]|i[1384]|i[1328]|i[328]|i[1626])|~(i[17]|~(~(~(i[1112]|i[1328]|i[1576]|i[1329]|i[1384]|i[328]|i[1626])|~(i[337]|i[1576]|i[1112]|i[1609]|i[1328]|i[1384]|i[328]|i[1626])|~(i[1112]|i[1328]|i[895]|i[1300]|i[1125]|i[328]|i[1626]))|i[1276]))))|~(i[927]|i[1576]|i[1567]|i[1384]|i[328]|i[1626])) : i[598];
assign o[599] = i[710] ? ~i[561] : i[599];
assign o[601] = i[943] ? ~i[1098] : i[601];
assign o[606] = ~i[1490];
assign o[609] = ~(i[743]&i[1551]);
assign o[610] = i[943] ? ~((~(i[248]|~(~i[17]|~(~i[1575]|i[1125]|~(i[1112]|i[1125]|i[1328]|i[1384]|i[328]|i[1626]))|~(i[1576]|~i[1575]|i[1384]|i[927]|i[328]|i[1626])|~(i[927]|i[1576]|i[1567]|i[1384]|i[328]|i[1626])|i[0]|i[862]|i[0]|~(i[310]|i[1576]|i[1112]|i[909]|i[1384])|~(i[310]|i[1576]|i[927]|i[1384]|i[690])|~(~(i[1112]|i[1125]|i[1328]|i[1384]|i[328]|i[1626])|i[1125]|i[1567])|~(i[1576]|i[1609]|i[909]|i[337]|i[1112]|i[1384]|i[1328]|i[328]|i[1626])|i[1575]))|~(~(~((i[1536]|i[927]|i[1576]|~i[47]|i[1384]|i[328]|i[1626])&~(~(i[927]|i[1125]|i[690])|~(i[310]|i[1576]|i[909]|i[1384]|i[927])))|~(i[927]|i[1576]|i[1567]|i[1384]|i[328]|i[1626]))|~(~i[1679]&~i[1176])))&(i[927]|i[1576]|i[1567]|i[1384]|i[328]|i[1626])|~i[357]) : i[610];
assign o[614] = i[943] ? ~(i[895]|i[541]|i[1609]|i[119])&i[440]|~(i[1125]|i[1112]|i[1609]|i[1328]|i[1384]|i[328]|i[1626])|~(i[310]|i[1576]|i[1112]|i[1384]|i[1567])|~(~i[1575]|i[1576]|i[310]|i[1384]|i[927])|~(i[310]|i[1576]|i[927]|i[1384]|i[690])|~(i[927]|i[1125]|i[1567]) : i[614];
assign o[615] = ~i[460]&i[710]&~i[943] ? i[166] : i[615];
assign o[621] = i[943] ? i[1125]|i[1609]|i[337]|i[1536]|i[1384]|i[541]|i[119]|i[927] : i[621];
assign o[622] = ~i[509]&i[710]&~i[943]|~i[265]&i[710]&~i[943] ? (~i[1326]|~(~i[509]&i[710]&~i[943]))&(i[1630]|~(~i[265]&i[710]&~i[943])) : i[622];
assign o[627] = i[710] ? ~(~(~(i[248]|i[199])|~i[443])&i[1607]|~i[991]&~(i[248]|i[199])|~i[443]&(i[1503]|i[493]|i[1473]|i[1108]|i[991]|i[1302]|i[892]|i[833])) : i[627];
assign o[644] = i[710] ? ~(~i[248]&i[40]|i[248]&i[706]) : i[644];
assign o[650] = ~i[823];
assign o[653] = i[710] ? ~i[1438] : i[653];
assign o[655] = ~i[509]&i[710]&~i[943]|~i[265]&i[710]&~i[943] ? (i[1411]|~(~i[509]&i[710]&~i[943]))&(i[1242]|~(~i[265]&i[710]&~i[943])) : i[655];
assign o[663] = i[943] ? ~(i[609]&~i[205]|~(~i[205]|i[609])) : i[663];
assign o[666] = i[710] ? i[1380] : i[666];
assign o[671] = i[710] ? ~i[248] : i[671];
assign o[672] = i[710]&~i[610] ? i[13] : i[672];
assign o[675] = i[710] ? i[330] : i[675];
assign o[680] = i[943] ? ~(i[310]|i[895]|i[1536]|i[1609]|i[541])|~(~(i[310]|i[895]|i[1609]|i[1536])&i[439]) : i[680];
assign o[681] = ~(i[704]&i[1332]);
assign o[683] = i[943] ? ~(~(~i[1575]|i[1576]|i[1300])|~(~i[1575]|i[310]|i[1576]|i[1384])) : i[683];
assign o[684] = i[943]|~i[339]|~i[745]|~i[897]|i[710]&~i[1121]|i[558] ? (i[657]|~i[943])&(~i[828]|i[339])&(i[1414]|i[745])&(~i[868]|i[897])&(~i[1284]|~(i[710]&~i[1121]))&(i[558]|~i[558]) : i[684];
assign o[685] = i[943] ? i[1175] : i[685];
assign o[687] = ~i[31];
assign o[688] = i[943] ? ~(~((~(i[310]|i[895]|i[1536]|i[1609]|i[541])|~(i[927]|i[1576]|i[1567]|i[1384]|i[328]|i[1626]|i[771])|~(i[1536]|i[1112]|i[541]|i[895]|i[328]|i[1626])|~(i[1536]|i[310]|i[541]|i[895]|i[1329])|~(i[1576]|i[1609]|i[909]|i[337]|i[1112]|i[1384]|i[1328]|i[328]|i[1626]))&~i[248])&~(i[1536]&~(i[1576]|~i[1575])|i[248]|~(i[1112]|~i[1575]|i[1328]|i[1384]|i[328]|i[1626])|~(i[337]|i[1112]|i[1328]|i[1576]|i[690]|i[1384]|i[328]|i[1626])|~(i[895]|i[1112]|i[1576]|i[1328]|i[1329]|i[690]|i[1384]|i[328]|i[1626])|~(i[1112]|i[1328]|i[1567]|i[328]|i[1626])|~(i[310]|i[1576]|i[1112]|i[1384]|i[1567]))) : i[688];
assign o[690] = i[1606]|i[1357];
assign o[697] = ~i[95]&i[943]|~i[101]&i[943]|~i[1674]&i[943]|~i[226]&i[943]|~i[1529]&i[943] ? (~(i[1432]|i[1248])|~(~i[95]&i[943]))&(~(i[1432]|i[1248])|i[936]|~(~i[101]&i[943]))&(~((~(i[977]&i[1167])&i[590]|i[143])&~(~(i[1432]|i[1248])|i[936])|~(~(~(i[1432]|i[1248])|i[936])|~(i[977]&i[1167])&i[590]|i[143]))|~(~i[1674]&i[943]))&(i[681]|~(~i[226]&i[943]))&(i[841]|~(~i[1529]&i[943])) : i[697];
assign o[698] = i[710] ? ~(i[248]&i[1481]|i[1126]) : i[698];
assign o[704] = ~i[805]&i[710]&~i[943]|~i[688]&i[710]&~i[943]|~i[1477]&i[710]&~i[943] ? (~i[1473]|~(~i[805]&i[710]&~i[943]))&(i[1473]|~(~i[688]&i[710]&~i[943]))&(i[1242]|~(~i[1477]&i[710]&~i[943])) : i[704];
assign o[706] = i[943] ? ~(i[1357]|i[644]) : i[706];
assign o[710] = ~i[1171];
assign o[717] = ~(i[1132]|i[1036]);
assign o[727] = ~i[1505]&i[710]&~i[943] ? i[1405] : i[727];
assign o[729] = i[943] ? ~(~(i[927]|i[1125]|i[1567])|~(i[310]|i[1576]|i[927]|i[1384]|i[690])) : i[729];
assign o[736] = i[710]&~i[190] ? i[1630] : i[736];
assign o[737] = ~i[1505]&i[710]&~i[943] ? i[54] : i[737];
assign o[743] = ~(i[523]|~i[49]);
assign o[745] = i[943] ? ~((i[1536]|i[927]|i[1576]|~i[47]|i[1384]|i[328]|i[1626])&~(~(i[927]|i[1125]|i[690])|~(i[310]|i[1576]|i[909]|i[1384]|i[927])))|~(~(i[895]|i[1112]|i[1576]|i[1328]|i[909]|i[1329]|i[1384]|i[328]|i[1626])|i[0]|~(i[1536]|i[1112]|i[1328]|i[1576]|i[1329]|i[1384]|i[328]|i[1626])|~(i[1536]|i[1112]|i[1328]|i[895]|i[1300]|i[1125]|i[328]|i[1626])|~i[690]|~(i[310]|i[1576]|i[1112]|i[909]|i[1384])|~i[1567]) : i[745];
assign o[751] = i[943] ? ~((i[1551]|i[743])&i[609]) : i[751];
assign o[752] = i[943] ? ~i[81] : i[752];
assign o[756] = i[710] ? ~(~i[493]&i[1269]|~i[1269]&i[1530]) : i[756];
assign o[758] = i[943] ? ~i[1005] : i[758];
assign o[759] = i[710] ? ~(i[248]|i[926]|i[1131]) : i[759];
assign o[760] = i[943] ? ~((~(i[1576]|~i[1575]|i[1384]|i[927]|i[328]|i[1626])|~i[17])&~((~i[334]|~i[675])&i[264])|i[50]) : i[760];
assign o[765] = ~i[1123];
assign o[771] = ~i[1110];
assign o[777] = ~i[459]&i[710]&~i[943] ? i[1001] : i[777];
assign o[780] = i[943] ? ~((i[1670]|i[1704])&~(i[1704]&i[1670])) : i[780];
assign o[785] = i[710] ? ~i[73] : i[785];
assign o[792] = i[710] ? ~(~(~(i[1077]|i[758])|i[1077]|i[894]|~(i[1077]|i[955]))&(~(i[1077]|i[1690])|~(i[1077]|i[361])|~(i[1077]|i[369]))|~(~(i[1077]|i[894])|~(i[1077]|i[758])|~(i[1077]|i[955])|i[1077]|i[1690]|~(i[1077]|i[369]))|~(i[1077]|i[758]|i[1077]|i[894]|~(i[1077]|i[955])|~(i[1077]|i[369]))) : i[792];
assign o[796] = i[943] ? ~(i[248]|~i[1575]|i[337]|i[1576]|i[1112]|i[1609]|i[1328]|i[1384]|i[328]|i[1626])|~(~(i[370]|~(i[895]|i[1112]|i[1576]|i[1328]|i[909]|i[1329]|i[1384]|i[328]|i[1626])|~(i[337]|i[1536]|i[1576]|i[1112]|i[1609]|i[1328]|i[1384]|i[328]|i[1626])|~(i[1536]|i[1112]|i[1328]|i[1125]|i[1329]|i[1384]|i[328]|i[1626])|~(i[895]|i[1112]|i[1576]|i[1328]|i[1609]|i[690]|i[1384]|i[328]|i[1626])|~(i[1112]|i[1125]|i[1328]|i[1609]|i[1567]|i[1384]|i[328]|i[1626]))|i[902])|~(i[337]|i[1536]|i[541]|i[119]|i[1125]|i[927]|i[1384]|i[1329]) : i[796];
assign o[799] = i[943] ? i[264] : i[799];
assign o[805] = i[943] ? ~((~(i[310]|i[895]|i[1536]|i[1609]|i[541])|~(i[927]|i[1576]|i[1567]|i[1384]|i[328]|i[1626]|i[771])|~(i[1536]|i[1112]|i[541]|i[895]|i[328]|i[1626])|~(i[1536]|i[310]|i[541]|i[895]|i[1329])|~(i[1576]|i[1609]|i[909]|i[337]|i[1112]|i[1384]|i[1328]|i[328]|i[1626]))&~i[248]) : i[805];
assign o[820] = i[943] ? ~((i[1334]|i[948])&i[523]) : i[820];
assign o[823] = i[710] ? ~i[1302] : i[823];
assign o[827] = ~(i[926]|i[1350]);
assign o[828] = i[943] ? ~i[1532] : i[828];
assign o[829] = i[943] ? ~i[175] : i[829];
assign o[832] = i[943] ? ~(i[1544]&~(i[1576]|~i[1575]|i[1384]|i[927]|i[328]|i[1626])|~(~(i[1576]|~i[1575]|i[1384]|i[927]|i[328]|i[1626])|~(i[927]|i[1576]|i[1567]|i[1384]|i[328]|i[1626])|~(~(i[927]|i[1576]|i[1567]|i[1384]|i[328]|i[1626])&~i[1679]|i[0]|~i[17]|~(i[1576]|~i[1575]|i[1384]|i[927]|i[328]|i[1626])|~(~i[1575]|i[1125]|~(i[1112]|i[1125]|i[1328]|i[1384]|i[328]|i[1626]))|i[862]|~(i[1576]|i[1609]|i[909]|i[337]|i[1112]|i[1384]|i[1328]|i[328]|i[1626])|~(i[17]|~(~(~(i[1112]|i[1328]|i[1576]|i[1329]|i[1384]|i[328]|i[1626])|~(i[337]|i[1576]|i[1112]|i[1609]|i[1328]|i[1384]|i[328]|i[1626])|~(i[1112]|i[1328]|i[895]|i[1300]|i[1125]|i[328]|i[1626]))|i[1276]))))) : i[832];
assign o[833] = i[943]|~i[266]&i[710]&~i[943]|~i[398]|~i[878]|i[710]&~i[1221]|(~i[1113]&i[710]&~i[943]|~i[1404]&i[710]&~i[943]|~i[621]|i[129]|~i[55]&i[710]&~i[943])&~i[1527]|~i[1577] ? (i[657]|~i[943])&(i[1136]|~(~i[266]&i[710]&~i[943]))&(~i[751]|i[398])&(i[993]|i[878])&(~i[1537]|~(i[710]&~i[1221]))&(i[1336]|~((~i[1113]&i[710]&~i[943]|~i[1404]&i[710]&~i[943]|~i[621]|i[129]|~i[55]&i[710]&~i[943])&~i[1527]))&(i[77]|i[1577]) : i[833];
assign o[841] = ~(i[1432]&i[1248]);
assign o[843] = ~i[460]&i[710]&~i[943] ? i[1001] : i[843];
assign o[848] = i[943] ? ~((i[1125]|i[895]|i[1112]|i[1328]|i[1300]|i[1567]|i[328]|i[1626])&~((~(i[310]|i[895]|i[1609]|i[1536])|~(i[337]|i[1328]|i[1609]|i[119]))&~(i[31]|~(~i[17]|i[440])))) : i[848];
assign o[854] = ~(~(i[854]|i[159]&i[943])|~i[159]&i[943]);
assign o[858] = ~i[1505]&i[710]&~i[943] ? ~(~(~(~(i[164]|i[560])|~i[1565])|~(i[164]|i[560]|~i[581]))&~i[166]|~(~i[166]|~(~(~(i[164]|i[560])|~i[1565])|~(i[164]|i[560]|~i[581])))) : i[858];
assign o[862] = ~i[666];
assign o[865] = i[943] ? ~i[89] : i[865];
assign o[868] = i[943] ? ~((i[1359]|~(~i[655]|~(~(i[379]|~i[1139])&i[1022])))&~(~(~i[655]|~(~(i[379]|~i[1139])&i[1022]))&i[1359])) : i[868];
assign o[872] = ~i[697];
assign o[873] = i[710] ? ~i[892] : i[873];
assign o[878] = i[943] ? ~i[1338] : i[878];
assign o[879] = ~(i[248]|~i[1011]);
assign o[887] = i[710]&~i[190] ? i[121] : i[887];
assign o[892] = i[943]|~i[266]&i[710]&~i[943]|~i[398]|~i[878]|i[710]&~i[1221]|(~i[1113]&i[710]&~i[943]|~i[1404]&i[710]&~i[943]|~i[621]|i[129]|~i[55]&i[710]&~i[943])&~i[1527]|~i[1577] ? (i[657]|~i[943])&(i[727]|~(~i[266]&i[710]&~i[943]))&(~i[820]|i[398])&(i[15]|i[878])&(~i[1516]|~(i[710]&~i[1221]))&(i[1405]|~((~i[1113]&i[710]&~i[943]|~i[1404]&i[710]&~i[943]|~i[621]|i[129]|~i[55]&i[710]&~i[943])&~i[1527]))&(i[1119]|i[1577]) : i[892];
assign o[893] = ~i[95]&i[943]|~i[1674]&i[943]|~i[1529]&i[943]|~i[101]&i[943]|~i[226]&i[943] ? (~(i[1678]|i[530])|~(~i[95]&i[943]))&(~(~i[142]&~(~(i[1678]|i[530])|~i[477])|~(~(~(i[1678]|i[530])|~i[477])|~i[142]))|~(~i[1674]&i[943]))&(i[477]|~(~i[1529]&i[943]))&(~(i[1678]|i[530])|~i[477]|~(~i[101]&i[943]))&(i[336]|~(~i[226]&i[943])) : i[893];
assign o[894] = i[943] ? ~i[650] : i[894];
assign o[895] = i[1675];
assign o[897] = i[943] ? ~(~(i[1576]|~i[1575]|i[1384]|i[927]|i[328]|i[1626])|~(~i[1575]|i[1125]|~(i[1112]|i[1125]|i[1328]|i[1384]|i[328]|i[1626]))|i[862]|~(i[1576]|i[1609]|i[909]|i[337]|i[1112]|i[1384]|i[1328]|i[328]|i[1626])|~(i[17]|~(~(~(i[1112]|i[1328]|i[1576]|i[1329]|i[1384]|i[328]|i[1626])|~(i[337]|i[1576]|i[1112]|i[1609]|i[1328]|i[1384]|i[328]|i[1626])|~(i[1112]|i[1328]|i[895]|i[1300]|i[1125]|i[328]|i[1626]))|i[1276]))) : i[897];
assign o[899] = i[943] ? ~(i[927]|i[1576]|i[1567]|i[1384]|i[328]|i[1626]|~i[559]) : i[899];
assign o[900] = ~i[509]&i[710]&~i[943]|~i[265]&i[710]&~i[943] ? (i[15]|~(~i[509]&i[710]&~i[943]))&(i[1437]|~(~i[265]&i[710]&~i[943])) : i[900];
assign o[902] = i[710] ? i[248] : i[902];
assign o[909] = ~i[378];
assign o[916] = ~(i[206]&i[559]|~(~i[1176]|i[559]));
assign o[926] = ~i[717];
assign o[927] = i[710]&i[879] ? i[1077]|i[369] : i[927];
assign o[936] = ~i[841];
assign o[940] = i[943] ? i[378] : i[940];
assign o[943] = i[1171];
assign o[945] = ~i[1288];
assign o[948] = ~i[1162]&i[710]&~i[943]|~i[1509]&i[710]&~i[943] ? (i[1160]|~(~i[1162]&i[710]&~i[943]))&(~i[820]|~(~i[1509]&i[710]&~i[943])) : i[948];
assign o[955] = i[943] ? ~i[945] : i[955];
assign o[959] = ~((i[771]^i[206])&i[899]|i[294]);
assign o[960] = i[943] ? ~(i[927]|i[1576]|i[1567]|i[1384]|i[328]|i[1626]|i[771])|~(i[1536]|i[1112]|i[541]|i[895]|i[328]|i[1626])|~(i[1536]|i[310]|i[541]|i[895]|i[1329]) : i[960];
assign o[968] = i[943] ? i[440]&~(i[1328]|i[895]|i[119])|~(i[1536]|i[895]|i[1112]|i[1125]|i[1328]|i[1384]|i[119]) : i[968];
assign o[974] = i[943] ? i[1125]|i[895]|i[1536]|i[1384]|i[541]|i[927]|i[328]|i[1626] : i[974];
assign o[977] = ~i[805]&i[710]&~i[943]|~i[688]&i[710]&~i[943]|~i[1477]&i[710]&~i[943] ? (~i[1108]|~(~i[805]&i[710]&~i[943]))&(i[1108]|~(~i[688]&i[710]&~i[943]))&(i[413]|~(~i[1477]&i[710]&~i[943])) : i[977];
assign o[978] = ~i[1505]&i[710]&~i[943] ? ~(~(i[872]&i[393]|~i[1341]&~i[872])&~i[1287]|~(~(i[872]&i[393]|~i[1341]&~i[872])|~i[1287])) : i[978];
assign o[982] = i[943] ? ~(i[310]|i[895]|i[1536]|i[1328]|i[1329]) : i[982];
assign o[988] = ~i[350];
assign o[989] = ~i[460]&i[710]&~i[943] ? i[1405] : i[989];
assign o[991] = i[943]|~i[266]&i[710]&~i[943]|~i[398]|~i[878]|i[710]&~i[1221]|(~i[1113]&i[710]&~i[943]|~i[1404]&i[710]&~i[943]|~i[621]|i[129]|~i[55]&i[710]&~i[943])&~i[1527]|~i[1577] ? (i[657]|~i[943])&(i[1234]|~(~i[266]&i[710]&~i[943]))&(i[126]|i[398])&(~i[1102]|i[878])&(~i[576]|~(i[710]&~i[1221]))&(i[1150]|~((~i[1113]&i[710]&~i[943]|~i[1404]&i[710]&~i[943]|~i[621]|i[129]|~i[55]&i[710]&~i[943])&~i[1527]))&(i[1444]|i[1577]) : i[991];
assign o[993] = i[943] ? ~(~(~(~(~(~i[655]|~(~(i[379]|~i[1139])&i[1022]))&i[1359])|~i[900])&i[622])&~i[377]|~(~(~(~(~(~i[655]|~(~(i[379]|~i[1139])&i[1022]))&i[1359])|~i[900])&i[622])|~i[377])) : i[993];
assign o[1001] = i[943]|~i[1113]&i[710]&~i[943]|~i[1404]&i[710]&~i[943]|~i[621]|i[1333]|~i[55]&i[710]&~i[943]|(~i[266]&i[710]&~i[943]|~i[398]|~i[878]|i[710]&~i[1221]|~i[1577])&~i[1527]|(~i[1683]|~i[598]|i[710]&~i[1020])&~i[1602] ? (i[657]|~i[943])&(i[843]|~(~i[1113]&i[710]&~i[943]))&(i[777]|~(~i[1404]&i[710]&~i[943]))&(~i[181]|i[621])&(i[765]|~i[1333])&(i[1653]|~(~i[55]&i[710]&~i[943]))&(i[493]|~((~i[266]&i[710]&~i[943]|~i[398]|~i[878]|i[710]&~i[1221]|~i[1577])&~i[1527]))&(i[1539]|~((~i[1683]|~i[598]|i[710]&~i[1020])&~i[1602])) : i[1001];
assign o[1005] = ~i[222];
assign o[1008] = i[943] ? ~(i[1624]|~(i[440]&~(i[1328]|i[895]|i[119])|~(i[1536]|i[895]|i[1112]|i[1125]|i[1328]|i[1384]|i[119]))) : i[1008];
assign o[1011] = i[943] ? i[862] : i[1011];
assign o[1020] = i[943] ? ~(~(~(~(i[1112]|i[1328]|i[1576]|i[1329]|i[1384]|i[328]|i[1626])|~(i[337]|i[1576]|i[1112]|i[1609]|i[1328]|i[1384]|i[328]|i[1626])|~(i[1112]|i[1328]|i[895]|i[1300]|i[1125]|i[328]|i[1626]))|i[17])|i[0]|~(i[310]|i[1576]|i[1112]|i[909]|i[1384])|~(i[310]|i[1576]|i[927]|i[1384]|i[690])|~(~(i[1112]|i[1125]|i[1328]|i[1384]|i[328]|i[1626])|i[1125]|i[1567])) : i[1020];
assign o[1022] = ~i[509]&i[710]&~i[943]|~i[265]&i[710]&~i[943] ? (~i[1102]|~(~i[509]&i[710]&~i[943]))&(i[1282]|~(~i[265]&i[710]&~i[943])) : i[1022];
assign o[1027] = i[943] ? ~(~(i[1112]|i[1328]|i[895]|i[1300]|i[1125]|i[328]|i[1626])|i[248]|~(~(i[370]|~(i[895]|i[1112]|i[1576]|i[1328]|i[909]|i[1329]|i[1384]|i[328]|i[1626])|~(i[337]|i[1536]|i[1576]|i[1112]|i[1609]|i[1328]|i[1384]|i[328]|i[1626])|~(i[1536]|i[1112]|i[1328]|i[1125]|i[1329]|i[1384]|i[328]|i[1626])|~(i[895]|i[1112]|i[1576]|i[1328]|i[1609]|i[690]|i[1384]|i[328]|i[1626])|~(i[1112]|i[1125]|i[1328]|i[1609]|i[1567]|i[1384]|i[328]|i[1626]))|i[902])|i[1382]|~(~i[1575]|i[1112]|i[1125]|i[1300])|~(i[895]|i[541]|i[1609]|i[119])&i[440]|~(i[1125]|i[1112]|i[1609]|i[1328]|i[1384]|i[328]|i[1626])|~(i[310]|i[1576]|i[1112]|i[1384]|i[1567])|~(~i[1575]|i[1576]|i[310]|i[1384]|i[927])|~(i[310]|i[1576]|i[927]|i[1384]|i[690])|~(i[927]|i[1125]|i[1567])|~(i[310]|i[1576]|i[1112]|i[1384]|i[690])|~(~i[1575]|i[337]|i[1576]|i[1112]|i[1609]|i[1328]|i[1384]|i[328]|i[1626])|~(i[895]|i[1112]|i[1576]|i[1328]|i[1384]|i[328]|i[1626])) : i[1027];
assign o[1029] = i[943] ? ~i[1212] : i[1029];
assign o[1032] = ~(~(i[1032]|~i[1297]&i[943])|i[1297]&i[943]);
assign o[1036] = i[943] ? ~i[1395] : i[1036];
assign o[1045] = ~i[69];
assign o[1049] = i[943] ? ~(~(i[248]|i[199])|i[440]&~(i[1328]|i[895]|i[119])|~(i[1536]|i[895]|i[1112]|i[1125]|i[1328]|i[1384]|i[119])) : i[1049];
assign o[1051] = i[943] ? i[31] : i[1051];
assign o[1061] = i[943] ? ~(~(~(~i[292]|~(i[1704]&i[1670]))&i[502])&~i[584]|~(~i[584]|~(~(~i[292]|~(i[1704]&i[1670]))&i[502]))) : i[1061];
assign o[1064] = i[943] ? ~i[183] : i[1064];
assign o[1077] = ~(i[879]&i[827]);
assign o[1078] = i[943] ? i[334] : i[1078];
assign o[1084] = ~(i[235]|i[1627]);
assign o[1098] = ~i[521]&i[710]&~i[943] ? i[166] : ~i[796]&i[710]&~i[943] ? ~i[601] : i[1098];
assign o[1102] = i[943] ? ~((~(i[379]|~i[1139])|i[1022])&~(~(i[379]|~i[1139])&i[1022])) : i[1102];
assign o[1104] = i[943] ? i[1125]|i[337]|i[1536]|i[1384]|i[1328]|i[927]|i[328]|i[1626] : i[1104];
assign o[1108] = i[943]|~i[266]&i[710]&~i[943]|~i[398]|~i[878]|i[710]&~i[1221]|(~i[1113]&i[710]&~i[943]|~i[1404]&i[710]&~i[943]|~i[621]|i[129]|~i[55]&i[710]&~i[943])&~i[1527]|~i[1577] ? (i[657]|~i[943])&(i[737]|~(~i[266]&i[710]&~i[943]))&(~i[780]|i[398])&(i[526]|i[878])&(~i[116]|~(i[710]&~i[1221]))&(i[54]|~((~i[1113]&i[710]&~i[943]|~i[1404]&i[710]&~i[943]|~i[621]|i[129]|~i[55]&i[710]&~i[943])&~i[1527]))&(i[687]|i[1577]) : i[1108];
assign o[1110] = ~i[756];
assign o[1112] = ~i[927];
assign o[1113] = i[943] ? ~(~(i[1300]|~i[1575]|i[927])&~(i[337]|i[541]|i[119])|~(~(~(i[927]|i[1125]|i[690])|~(~i[1575]|i[1112]|i[1576]|i[1300])|~(i[1576]|i[310]|i[909]|i[1384])|~(i[1112]|i[1300]|i[1125]|i[1567])|~(i[1300]|i[927]|i[1576]|i[1567]))|i[337]|i[541]|i[1329])&~(i[337]|i[1300]|i[541]|i[1329]|i[328]|i[1626])|~(i[337]|i[1536]|i[541]|i[927]|i[1125]|i[1329]|i[1384]|i[328]|i[1626])|~(i[1536]|i[1112]|i[895]|i[541]|i[1329]|i[328]|i[1626])|~(i[310]|i[1576]|i[927]|i[1384]|i[1567])|~(i[1536]|i[1112]|i[541]|i[1125]|i[1329]|i[1384]|i[328]|i[1626])|~(~i[1575]|i[1125]|i[310]|i[1384]|i[927])) : i[1113];
assign o[1119] = i[827];
assign o[1121] = i[943] ? ~(~(~i[1575]|i[1576]|i[1300])|~(~i[1575]|i[310]|i[1576]|i[1384])) : i[1121];
assign o[1123] = ~i[101]&i[943]|~i[1529]&i[943]|~i[95]&i[943]|~i[1674]&i[943]|~i[226]&i[943] ? (i[1535]&i[1522]|~(i[1535]|i[1522])|~(~i[101]&i[943]))&(~(i[1535]&i[1522])|~(~i[1529]&i[943]))&(~(i[1535]|i[1522])|~(~i[95]&i[943]))&(~((~(i[142]&(i[1678]|i[530])|~i[477])&i[336]|i[1084])&~(i[1535]&i[1522]|~(i[1535]|i[1522]))|~(~(i[1535]&i[1522]|~(i[1535]|i[1522]))|~(i[142]&(i[1678]|i[530])|~i[477])&i[336]|i[1084]))|~(~i[1674]&i[943]))&(i[657]|~(~i[226]&i[943])) : i[1123];
assign o[1124] = i[943] ? i[1125]|i[895]|i[1536]|i[1384]|i[1328]|i[927]|i[328]|i[1626] : i[1124];
assign o[1125] = i[1620];
assign o[1126] = i[943] ? i[1465] : i[1126];
assign o[1130] = ~(~(i[1576]|i[1609]|i[909]|i[337]|i[1112]|i[1384]|i[1328]|i[328]|i[1626])|~((i[1536]|i[927]|i[1576]|~i[47]|i[1384]|i[328]|i[1626])&~(~(i[927]|i[1125]|i[690])|~(i[310]|i[1576]|i[909]|i[1384]|i[927])))|~(~(i[370]|~(i[895]|i[1112]|i[1576]|i[1328]|i[909]|i[1329]|i[1384]|i[328]|i[1626])|~(i[337]|i[1536]|i[1576]|i[1112]|i[1609]|i[1328]|i[1384]|i[328]|i[1626])|~(i[1536]|i[1112]|i[1328]|i[1125]|i[1329]|i[1384]|i[328]|i[1626])|~(i[895]|i[1112]|i[1576]|i[1328]|i[1609]|i[690]|i[1384]|i[328]|i[1626])|~(i[1112]|i[1125]|i[1328]|i[1609]|i[1567]|i[1384]|i[328]|i[1626]))|i[902])|i[653]|i[862]);
assign o[1131] = i[943] ? ~(i[653]|i[440]|~(~(~(i[927]|i[1125]|i[690])|~(~i[1575]|i[1112]|i[1576]|i[1300])|~(i[1576]|i[310]|i[909]|i[1384])|~(i[1112]|i[1300]|i[1125]|i[1567])|~(i[1300]|i[927]|i[1576]|i[1567]))|i[337]|i[541]|i[1329])|~(i[337]|i[1112]|i[1576]|i[1328]|i[1329]|i[690]|i[1384]|i[328]|i[1626])|~(~(~(i[337]|i[1112]|~i[1575]|i[1328]|i[1576]|i[1329]|i[1384]|i[328]|i[1626])|~(i[337]|i[1112]|i[1576]|i[1328]|i[1609]|i[1567]|i[1384]|i[328]|i[1626]))&~i[1338])|~(i[1112]|~i[1575]|i[1328]|i[1125]|i[1329]|i[1384]|i[328]|i[1626])) : i[1131];
assign o[1132] = i[710] ? ~(i[1382]|i[717]) : i[1132];
assign o[1136] = ~i[1505]&i[710]&~i[943] ? ~(~(i[314]&~(i[164]|i[560]|~i[581])|~i[314]&~(~(i[164]|i[560])|~i[1565]))&~i[1336]|~(~(i[314]&~(i[164]|i[560]|~i[581])|~i[314]&~(~(i[164]|i[560])|~i[1565]))|~i[1336])) : i[1136];
assign o[1139] = ~i[509]&i[710]&~i[943]|~i[265]&i[710]&~i[943] ? (i[526]|~(~i[509]&i[710]&~i[943]))&(i[413]|~(~i[265]&i[710]&~i[943])) : i[1139];
assign o[1142] = ~i[360]&i[710]&~i[943]|~i[1027]&i[710]&~i[943] ? (i[1405]|~(~i[360]&i[710]&~i[943]))&(i[558]|~(~i[1027]&i[710]&~i[943])) : i[1142];
assign o[1148] = ~i[460]&i[710]&~i[943] ? i[1150] : i[1148];
assign o[1149] = i[710] ? ~(i[1374]|~i[1431]|~i[1032]) : i[1149];
assign o[1150] = i[943]|~i[1113]&i[710]&~i[943]|~i[1404]&i[710]&~i[943]|~i[621]|i[129]|~i[55]&i[710]&~i[943]|(~i[266]&i[710]&~i[943]|~i[398]|~i[878]|i[710]&~i[1221]|~i[1577])&~i[1527]|(~i[1683]|~i[598]|i[710]&~i[1020])&~i[1602] ? (i[657]|~i[943])&(i[1148]|~(~i[1113]&i[710]&~i[943]))&(i[98]|~(~i[1404]&i[710]&~i[943]))&(~i[1064]|i[621])&(i[872]|~i[129])&(i[1234]|~(~i[55]&i[710]&~i[943]))&(i[991]|~((~i[266]&i[710]&~i[943]|~i[398]|~i[878]|i[710]&~i[1221]|~i[1577])&~i[1527]))&(i[52]|~((~i[1683]|~i[598]|i[710]&~i[1020])&~i[1602])) : i[1150];
assign o[1156] = ~i[402];
assign o[1160] = i[943]|~i[1683]|~i[598]|i[710]&~i[1020]|(~i[1113]&i[710]&~i[943]|~i[1404]&i[710]&~i[943]|~i[621]|i[129]|~i[55]&i[710]&~i[943])&~i[1602] ? (i[657]|~i[943])&(i[558]|i[1683])&(~i[820]|i[598])&(~i[1516]|~(i[710]&~i[1020]))&(i[1405]|~((~i[1113]&i[710]&~i[943]|~i[1404]&i[710]&~i[943]|~i[621]|i[129]|~i[55]&i[710]&~i[943])&~i[1602])) : i[1160];
assign o[1161] = i[710] ? ~i[1380] : i[1161];
assign o[1162] = i[943] ? ~(~i[17]|~(~i[1575]|i[1125]|~(i[1112]|i[1125]|i[1328]|i[1384]|i[328]|i[1626]))|~(i[1576]|~i[1575]|i[1384]|i[927]|i[328]|i[1626])|~(i[927]|i[1576]|i[1567]|i[1384]|i[328]|i[1626])|i[0]|i[862]) : i[1162];
assign o[1167] = ~i[360]&i[710]&~i[943]|~i[1027]&i[710]&~i[943] ? (i[54]|~(~i[360]&i[710]&~i[943]))&(i[558]|~(~i[1027]&i[710]&~i[943])) : i[1167];
assign o[1175] = ~i[1447];
assign o[1176] = i[943] ? ~i[1409] : i[1176];
assign o[1177] = i[943] ? ~(~i[94]|i[1274]) : i[1177];
assign o[1188] = i[943]|~i[1113]&i[710]&~i[943]|~i[1404]&i[710]&~i[943]|~i[621]|i[129]|~i[55]&i[710]&~i[943]|(~i[266]&i[710]&~i[943]|~i[398]|~i[878]|i[710]&~i[1221]|~i[1577])&~i[1527]|(~i[1683]|~i[598]|i[710]&~i[1020])&~i[1602] ? (i[657]|~i[943])&(i[305]|~(~i[1113]&i[710]&~i[943]))&(i[1648]|~(~i[1404]&i[710]&~i[943]))&(~i[828]|i[621])&(i[1414]|~i[129])&(i[162]|~(~i[55]&i[710]&~i[943]))&(i[1302]|~((~i[266]&i[710]&~i[943]|~i[398]|~i[878]|i[710]&~i[1221]|~i[1577])&~i[1527]))&(i[315]|~((~i[1683]|~i[598]|i[710]&~i[1020])&~i[1602])) : i[1188];
assign o[1212] = ~i[521]&i[710]&~i[943] ? i[1336] : ~i[796]&i[710]&~i[943] ? ~i[1029] : i[1212];
assign o[1215] = ~(i[1382]|~(i[729]|i[916]|i[248]|~(~(~(i[895]|i[119])|~(i[337]|i[1328]|i[119]))&(i[337]|i[541]|i[1329])))|~i[1713]);
assign o[1216] = ~i[459]&i[710]&~i[943] ? i[54] : i[1216];
assign o[1221] = i[943] ? ~(~(i[1576]|~i[1575]|i[1384]|i[927]|i[328]|i[1626])|i[440]|~(i[1112]|i[1328]|i[1300]|i[895]|i[690]|i[1125]|i[328]|i[1626])|~(~(~i[17]|~(~i[1575]|i[1125]|~(i[1112]|i[1125]|i[1328]|i[1384]|i[328]|i[1626])))|~(i[1125]|i[328]|~(i[1112]|i[1125]|i[1328]|i[1384]|i[328]|i[1626])|i[1384]))|i[1382]|~(~i[1575]|i[337]|i[1576]|i[1112]|i[1609]|i[1328]|i[1384]|i[328]|i[1626])|~(i[895]|i[541]|i[1609]|i[119])&i[440]|~(i[1125]|i[1112]|i[1609]|i[1328]|i[1384]|i[328]|i[1626])|~(i[310]|i[1576]|i[1112]|i[1384]|i[1567])|~(~i[1575]|i[1576]|i[310]|i[1384]|i[927])|~(i[310]|i[1576]|i[927]|i[1384]|i[690])|~(i[927]|i[1125]|i[1567])|~(i[310]|i[1576]|i[1112]|i[1384]|i[690])|~(i[895]|i[1112]|i[1576]|i[1328]|i[1384]|i[328]|i[1626])|~(i[310]|i[1576]|i[927]|i[1384]|i[1567])) : i[1221];
assign o[1234] = ~i[1505]&i[710]&~i[943] ? ~(~(~i[1341]|i[393])&~i[1150]|~(~i[1150]|~(~i[1341]|i[393]))) : i[1234];
assign o[1237] = i[710]&~i[610] ? i[1160] : i[1237];
assign o[1242] = i[943]|~i[339]|~i[745]|~i[897]|i[710]&~i[1121]|i[45] ? (i[657]|~i[943])&(~i[752]|i[339])&(i[1637]|i[745])&(i[1411]|i[897])&(~i[1485]|~(i[710]&~i[1121]))&(i[558]|~i[45]) : i[1242];
assign o[1247] = ~i[710];
assign o[1248] = ~i[360]&i[710]&~i[943]|~i[1027]&i[710]&~i[943] ? (i[1150]|~(~i[360]&i[710]&~i[943]))&(i[558]|~(~i[1027]&i[710]&~i[943])) : i[1248];
assign o[1252] = i[943] ? i[1374] : i[1252];
assign o[1266] = i[710] ? ~i[1503] : i[1266];
assign o[1269] = i[943] ? ~(i[1576]|~i[1575]|i[1384]|i[927]|i[328]|i[1626]) : i[1269];
assign o[1272] = i[710] ? i[248] : i[1272];
assign o[1274] = i[710] ? ~i[1699] : i[1274];
assign o[1276] = i[710] ? i[248] : i[1276];
assign o[1282] = i[943]|~i[339]|~i[745]|~i[897]|i[710]&~i[1121]|~i[170] ? (i[657]|~i[943])&(~i[1064]|i[339])&(i[872]|i[745])&(~i[1102]|i[897])&(~i[576]|~(i[710]&~i[1121]))&(i[558]|i[170]) : i[1282];
assign o[1283] = i[943] ? i[1125]|i[1609]|i[337]|i[1384]|i[541]|i[927]|i[328]|i[1626] : i[1283];
assign o[1284] = i[943] ? ~i[650] : i[1284];
assign o[1287] = i[943]|~i[1113]&i[710]&~i[943]|~i[1404]&i[710]&~i[943]|~i[621]|i[129]|~i[55]&i[710]&~i[943]|(~i[266]&i[710]&~i[943]|~i[398]|~i[878]|i[710]&~i[1221]|~i[1577])&~i[1527]|(~i[1683]|~i[598]|i[710]&~i[1020])&~i[1602] ? (i[657]|~i[943])&(i[573]|~(~i[1113]&i[710]&~i[943]))&(i[1]|~(~i[1404]&i[710]&~i[943]))&(~i[752]|i[621])&(i[1637]|~i[129])&(i[978]|~(~i[55]&i[710]&~i[943]))&(i[1473]|~((~i[266]&i[710]&~i[943]|~i[398]|~i[878]|i[710]&~i[1221]|~i[1577])&~i[1527]))&(i[1651]|~((~i[1683]|~i[598]|i[710]&~i[1020])&~i[1602])) : i[1287];
assign o[1288] = i[710] ? ~i[1473] : i[1288];
assign o[1291] = i[710] ? i[1382] : i[1291];
assign o[1299] = i[943]|~i[339]|~i[745]|~i[897]|i[710]&~i[1121]|i[558] ? (i[657]|~i[943])&(~i[181]|i[339])&(i[765]|i[745])&(~i[536]|i[897])&(~i[529]|~(i[710]&~i[1121]))&(i[558]|~i[558]) : i[1299];
assign o[1300] = i[710]&i[879] ? i[1077]|i[955] : i[1300];
assign o[1302] = i[943]|~i[266]&i[710]&~i[943]|~i[398]|~i[878]|i[710]&~i[1221]|(~i[1113]&i[710]&~i[943]|~i[1404]&i[710]&~i[943]|~i[621]|i[129]|~i[55]&i[710]&~i[943])&~i[1527]|~i[1577] ? (i[657]|~i[943])&(i[162]|~(~i[266]&i[710]&~i[943]))&(i[1061]|i[398])&(~i[868]|i[878])&(~i[1284]|~(i[710]&~i[1221]))&(i[1188]|~((~i[1113]&i[710]&~i[943]|~i[1404]&i[710]&~i[943]|~i[621]|i[129]|~i[55]&i[710]&~i[943])&~i[1527]))&(i[439]|i[1577]) : i[1302];
assign o[1321] = i[943] ? ~i[31] : i[1321];
assign o[1326] = i[943] ? ~((~(~(~(~i[655]|~(~(i[379]|~i[1139])&i[1022]))&i[1359])|~i[900])|i[622])&~(~(~(~(~i[655]|~(~(i[379]|~i[1139])&i[1022]))&i[1359])|~i[900])&i[622])) : i[1326];
assign o[1328] = ~i[541];
assign o[1329] = ~i[1609];
assign o[1332] = ~i[360]&i[710]&~i[943]|~i[1027]&i[710]&~i[943] ? (i[1287]|~(~i[360]&i[710]&~i[943]))&(i[558]|~(~i[1027]&i[710]&~i[943])) : i[1332];
assign o[1333] = i[943] ? ~(i[1130]|~(i[1609]|i[895]|i[1328]|i[119]|i[785]|i[1175])) : i[1333];
assign o[1334] = ~(~i[292]|~i[1670]|~i[1704]|~i[584]|~i[502]);
assign o[1336] = i[943]|~i[1113]&i[710]&~i[943]|~i[1404]&i[710]&~i[943]|~i[621]|i[129]|~i[55]&i[710]&~i[943]|(~i[266]&i[710]&~i[943]|~i[398]|~i[878]|i[710]&~i[1221]|~i[1577])&~i[1527]|(~i[1683]|~i[598]|i[710]&~i[1020])&~i[1602] ? (i[657]|~i[943])&(i[115]|~(~i[1113]&i[710]&~i[943]))&(i[448]|~(~i[1404]&i[710]&~i[943]))&(~i[1029]|i[621])&(i[331]|~i[129])&(i[1136]|~(~i[55]&i[710]&~i[943]))&(i[833]|~((~i[266]&i[710]&~i[943]|~i[398]|~i[878]|i[710]&~i[1221]|~i[1577])&~i[1527]))&(i[13]|~((~i[1683]|~i[598]|i[710]&~i[1020])&~i[1602])) : i[1336];
assign o[1338] = i[710] ? ~(i[248]|i[56]) : i[1338];
assign o[1340] = i[710]&~i[190] ? i[1242] : i[1340];
assign o[1341] = i[943] ? ~((~(i[681]&~(~(~(i[977]&i[1167])&i[590]|i[143])&(i[1432]|i[1248])|i[936])|~(i[704]|i[1332]))&(i[96]|i[1680])|~((~(i[704]|i[1332])|~(~(~(i[977]&i[1167])&i[590]|i[143])&i[936]))&(~(~(~(i[96]|i[1680])|i[988])|~i[681])|~(~(~(i[1432]|i[1248])|i[936])|~(~(i[977]&i[1167])&i[590]|i[143])|~(~(i[704]|i[1332])|~i[681])|i[936]))|~i[1450])|i[988])&i[1450]) : i[1341];
assign o[1349] = ~i[158];
assign o[1350] = ~(i[1382]|i[760]);
assign o[1357] = ~i[223];
assign o[1359] = ~i[509]&i[710]&~i[943]|~i[265]&i[710]&~i[943] ? (~i[868]|~(~i[509]&i[710]&~i[943]))&(i[684]|~(~i[265]&i[710]&~i[943])) : i[1359];
assign o[1360] = i[710] ? ~(~i[248]&i[537]|i[248]&i[40]) : i[1360];
assign o[1370] = ~i[1045];
assign o[1373] = i[943] ? ~(i[1606]|i[1357]) : i[1373];
assign o[1374] = ~(i[562]|~(i[597]|i[1252]));
assign o[1380] = ~(~(i[449]|i[596])|~(i[248]|i[959]));
assign o[1382] = ~(i[248]|~i[1452]);
assign o[1384] = ~i[1300];
assign o[1393] = ~i[873];
assign o[1395] = i[710] ? i[854] : i[1395];
assign o[1403] = ~i[521]&i[710]&~i[943] ? i[54] : ~i[796]&i[710]&~i[943] ? ~i[418] : i[1403];
assign o[1404] = i[943] ? ~(~(i[1300]|~i[1575]|i[927])&(i[337]|i[541]|i[119])|~(~(~(i[927]|i[1125]|i[690])|~(~i[1575]|i[1112]|i[1576]|i[1300])|~(i[1576]|i[310]|i[909]|i[1384])|~(i[1112]|i[1300]|i[1125]|i[1567])|~(i[1300]|i[927]|i[1576]|i[1567]))|i[337]|i[541]|i[1329])&~(i[337]|i[541]|i[119]|i[1329])|~(i[1536]|i[1112]|i[895]|i[541]|i[1125]|i[119]|i[1384]|i[1329])|~(i[337]|i[1536]|i[1112]|i[541]|i[1125]|i[119]|i[1384]|i[1329])|~(i[1536]|i[1112]|i[895]|i[541]|i[1609]|i[328]|i[1626])|~(i[337]|i[1536]|i[541]|i[119]|i[1125]|i[927]|i[1384]|i[1329])|~(i[310]|~i[1575]|i[1112]|i[1576]|i[1384])) : i[1404];
assign o[1405] = i[943]|~i[1113]&i[710]&~i[943]|~i[1404]&i[710]&~i[943]|~i[621]|i[129]|~i[55]&i[710]&~i[943]|(~i[266]&i[710]&~i[943]|~i[398]|~i[878]|i[710]&~i[1221]|~i[1577])&~i[1527]|(~i[1683]|~i[598]|i[710]&~i[1020])&~i[1602] ? (i[657]|~i[943])&(i[989]|~(~i[1113]&i[710]&~i[943]))&(i[85]|~(~i[1404]&i[710]&~i[943]))&(~i[1603]|i[621])&(i[606]|~i[129])&(i[727]|~(~i[55]&i[710]&~i[943]))&(i[892]|~((~i[266]&i[710]&~i[943]|~i[398]|~i[878]|i[710]&~i[1221]|~i[1577])&~i[1527]))&(i[1160]|~((~i[1683]|~i[598]|i[710]&~i[1020])&~i[1602])) : i[1405];
assign o[1409] = i[710] ? i[916] : i[1409];
assign o[1411] = i[943] ? ~(~(~(i[379]|~i[1139])&i[1022])&~i[655]|~(~i[655]|~(~(i[379]|~i[1139])&i[1022]))) : i[1411];
assign o[1414] = ~i[495];
assign o[1418] = i[710] ? ~i[833] : i[1418];
assign o[1421] = ~i[334];
assign o[1431] = i[943] ? ~(i[1465]|i[1481]) : i[1431];
assign o[1432] = ~i[805]&i[710]&~i[943]|~i[688]&i[710]&~i[943]|~i[1477]&i[710]&~i[943] ? (~i[991]|~(~i[805]&i[710]&~i[943]))&(i[991]|~(~i[688]&i[710]&~i[943]))&(i[1282]|~(~i[1477]&i[710]&~i[943])) : i[1432];
assign o[1435] = ~i[521]&i[710]&~i[943] ? i[1001] : ~i[796]&i[710]&~i[943] ? ~i[181] : i[1435];
assign o[1436] = i[943] ? ~(i[310]|i[895]|i[1609]|i[156]) : i[1436];
assign o[1437] = i[943]|~i[339]|~i[745]|~i[897]|i[710]&~i[1121]|i[558] ? (i[657]|~i[943])&(~i[1603]|i[339])&(i[606]|i[745])&(i[15]|i[897])&(~i[1516]|~(i[710]&~i[1121]))&(i[558]|~i[558]) : i[1437];
assign o[1438] = i[943] ? ~(i[440]&~i[248]) : i[1438];
assign o[1442] = i[943] ? i[1045] : i[1442];
assign o[1443] = i[710]&~i[610] ? i[1651] : i[1443];
assign o[1444] = ~i[318];
assign o[1447] = i[710] ? ~(~i[1008]&i[685]|~i[1321]&i[1008]) : i[1447];
assign o[1450] = i[710] ? ~i[680] : i[1450];
assign o[1452] = i[943] ? i[1481] : i[1452];
assign o[1465] = ~(i[248]|~i[370]);
assign o[1472] = i[710] ? i[827] : i[1472];
assign o[1473] = i[943]|~i[266]&i[710]&~i[943]|~i[398]|~i[878]|i[710]&~i[1221]|(~i[1113]&i[710]&~i[943]|~i[1404]&i[710]&~i[943]|~i[621]|i[129]|~i[55]&i[710]&~i[943])&~i[1527]|~i[1577] ? (i[657]|~i[943])&(i[978]|~(~i[266]&i[710]&~i[943]))&(~i[114]|i[398])&(i[1411]|i[878])&(~i[1485]|~(i[710]&~i[1221]))&(i[1287]|~((~i[1113]&i[710]&~i[943]|~i[1404]&i[710]&~i[943]|~i[621]|i[129]|~i[55]&i[710]&~i[943])&~i[1527]))&(i[1421]|i[1577]) : i[1473];
assign o[1477] = i[943] ? ~(i[1536]&~(i[1576]|~i[1575])|i[248]|~(i[1112]|~i[1575]|i[1328]|i[1384]|i[328]|i[1626])|~(i[337]|i[1112]|i[1328]|i[1576]|i[690]|i[1384]|i[328]|i[1626])|~(i[895]|i[1112]|i[1576]|i[1328]|i[1329]|i[690]|i[1384]|i[328]|i[1626])|~(i[1112]|i[1328]|i[1567]|i[328]|i[1626])|~(i[310]|i[1576]|i[1112]|i[1384]|i[1567])) : i[1477];
assign o[1481] = ~i[698];
assign o[1485] = i[943] ? ~i[945] : i[1485];
assign o[1490] = ~i[226]&i[943]|~i[1674]&i[943]|~i[101]&i[943]|~i[95]&i[943]|~i[1529]&i[943] ? (i[477]|~(~i[226]&i[943]))&(~((~(i[681]&~(~(~(i[977]&i[1167])&i[590]|i[143])&(i[1432]|i[1248])|i[936])|~(i[704]|i[1332]))&(i[96]|i[1680])|~((~(i[704]|i[1332])|~(~(~(i[977]&i[1167])&i[590]|i[143])&i[936]))&(~(~(~(i[96]|i[1680])|i[988])|~i[681])|~(~(~(i[1432]|i[1248])|i[936])|~(~(i[977]&i[1167])&i[590]|i[143])|~(~(i[704]|i[1332])|~i[681])|i[936]))|~i[1450])|i[988])&~(~(i[1645]&i[1142])&~i[404])|~(~(i[681]&~(~(~(i[977]&i[1167])&i[590]|i[143])&(i[1432]|i[1248])|i[936])|~(i[704]|i[1332]))&(i[96]|i[1680])|~((~(i[704]|i[1332])|~(~(~(i[977]&i[1167])&i[590]|i[143])&i[936]))&(~(~(~(i[96]|i[1680])|i[988])|~i[681])|~(~(~(i[1432]|i[1248])|i[936])|~(~(i[977]&i[1167])&i[590]|i[143])|~(~(i[704]|i[1332])|~i[681])|i[936]))|~i[1450])|i[988]|~(~(i[1645]&i[1142])&~i[404])))|~(~i[1674]&i[943]))&(~(~(i[1645]&i[1142])&~i[404])|~(~i[101]&i[943]))&(i[404]|~(~i[95]&i[943]))&(~(i[1645]&i[1142])|~(~i[1529]&i[943])) : i[1490];
assign o[1493] = i[710]&~i[190] ? i[1299] : i[1493];
assign o[1503] = i[943]|~i[266]&i[710]&~i[943]|~i[398]|~i[878]|i[710]&~i[1221]|(~i[1113]&i[710]&~i[943]|~i[1404]&i[710]&~i[943]|~i[621]|i[129]|~i[55]&i[710]&~i[943])&~i[1527]|i[558] ? (i[657]|~i[943])&(i[858]|~(~i[266]&i[710]&~i[943]))&(i[469]|i[398])&(~i[1326]|i[878])&(~i[498]|~(i[710]&~i[1221]))&(i[166]|~((~i[1113]&i[710]&~i[943]|~i[1404]&i[710]&~i[943]|~i[621]|i[129]|~i[55]&i[710]&~i[943])&~i[1527]))&(i[558]|~i[558]) : i[1503];
assign o[1505] = i[943] ? ~(~(i[337]|i[310]|i[1536]|i[1609]|i[541])|~(i[337]|i[1536]|i[1112]|i[541]|i[1125]|i[119]|i[1384]|i[1329])|~(i[895]|i[1536]|i[1125]|i[1112]|i[1609]|i[1328]|i[1384]|i[328]|i[1626])|~(i[1112]|i[1328]|i[1125]|i[156]|i[1384]|i[119])|~(i[1328]|i[310]|i[156])|~(i[337]|i[1536]|i[541]|i[927]|i[1125]|i[1329]|i[1384]|i[328]|i[1626])|~(i[310]|i[895]|i[1609]|i[156])) : i[1505];
assign o[1509] = i[943] ? ~i[17]|~(~i[1575]|i[1125]|~(i[1112]|i[1125]|i[1328]|i[1384]|i[328]|i[1626]))|~(i[1576]|~i[1575]|i[1384]|i[927]|i[328]|i[1626])|~(i[927]|i[1576]|i[1567]|i[1384]|i[328]|i[1626])|i[0]|i[862] : i[1509];
assign o[1516] = i[943] ? ~i[1393] : i[1516];
assign o[1522] = ~i[360]&i[710]&~i[943]|~i[1027]&i[710]&~i[943] ? (i[1001]|~(~i[360]&i[710]&~i[943]))&(i[558]|~(~i[1027]&i[710]&~i[943])) : i[1522];
assign o[1527] = i[943] ? ~(~(i[1576]|~i[1575]|i[1384]|i[927]|i[328]|i[1626])|~(i[1536]|i[1112]|i[1125]|i[1328]|i[1384]|i[119])|i[440]&~(i[337]|i[1328]|i[119])|~(~(~(~(~(i[1112]|i[156]|i[895]|i[541]|i[1125]|i[119]|i[1384]|i[1329])|~(i[1536]|i[337]|i[541]|i[1609]|i[119])|~(i[895]|i[1112]|i[1125]|i[156]|i[1609]|i[541]|i[1384]|i[328]|i[1626]))&~(~(i[1112]|i[156]|i[541]|i[1125]|i[1329]|i[1384]|i[328]|i[1626])|~(i[337]|i[1536]|i[1112]|i[541]|i[1609]|i[328]|i[1626])|~(i[337]|i[1536]|i[1300]|i[541]|i[1609]|i[328]|i[1626])))|~(i[1536]|i[337]|i[1112]|i[1328]|i[1300]|i[1609]|i[328]|i[1626])|~(i[337]|i[310]|i[1536]|i[1609]|i[1328])|i[653]|~(i[337]|i[310]|i[1536]|i[1609]|i[541])|~(i[337]|i[1536]|i[1112]|i[541]|i[1125]|i[119]|i[1384]|i[1329])|~(i[895]|i[1536]|i[1125]|i[1112]|i[1609]|i[1328]|i[1384]|i[328]|i[1626])|~(i[1112]|i[1328]|i[1125]|i[156]|i[1384]|i[119])|~(i[1328]|i[310]|i[156])|~(i[337]|i[1536]|i[541]|i[927]|i[1125]|i[1329]|i[1384]|i[328]|i[1626])|~(i[310]|i[895]|i[1609]|i[156]))|~(i[1536]|i[337]|i[1112]|i[1328]|i[1300]|i[1609]|i[328]|i[1626])|~(i[337]|i[310]|i[1536]|i[1609]|i[1328]))|i[862]|~(~((~(i[337]|i[1300]|i[541]|i[1329]|i[328]|i[1626])|~(i[337]|i[541]|i[119]|i[1329]))&~(~(~(i[927]|i[1125]|i[690])|~(~i[1575]|i[1112]|i[1576]|i[1300])|~(i[1576]|i[310]|i[909]|i[1384])|~(i[1112]|i[1300]|i[1125]|i[1567])|~(i[1300]|i[927]|i[1576]|i[1567]))|i[337]|i[541]|i[1329]))&(~i[1575]|i[337]|i[1576]|i[1112]|i[1609]|i[1328]|i[1384]|i[328]|i[1626]))) : i[1527];
assign o[1528] = i[710] ? i[1215] : i[1528];
assign o[1529] = i[710] ? ~i[1574] : i[1529];
assign o[1530] = i[943] ? i[1110] : i[1530];
assign o[1532] = ~i[521]&i[710]&~i[943] ? i[1188] : ~i[796]&i[710]&~i[943] ? ~i[828] : i[1532];
assign o[1533] = i[710] ? ~(i[248]|i[554]) : i[1533];
assign o[1535] = ~i[805]&i[710]&~i[943]|~i[688]&i[710]&~i[943]|~i[1477]&i[710]&~i[943] ? (~i[493]|~(~i[805]&i[710]&~i[943]))&(i[493]|~(~i[688]&i[710]&~i[943]))&(i[1299]|~(~i[1477]&i[710]&~i[943])) : i[1535];
assign o[1536] = ~(~(i[554]|i[1533])|~(i[792]&i[1528]|i[1161]));
assign o[1537] = i[943] ? ~i[1591] : i[1537];
assign o[1539] = i[943]|~i[1683]|~i[598]|i[710]&~i[1020]|(~i[1113]&i[710]&~i[943]|~i[1404]&i[710]&~i[943]|~i[621]|i[1333]|~i[55]&i[710]&~i[943])&~i[1602] ? (i[657]|~i[943])&(i[558]|i[1683])&(i[663]|i[598])&(~i[529]|~(i[710]&~i[1020]))&(i[1001]|~((~i[1113]&i[710]&~i[943]|~i[1404]&i[710]&~i[943]|~i[621]|i[1333]|~i[55]&i[710]&~i[943])&~i[1602])) : i[1539];
assign o[1544] = ~(i[1609]&~(~(~i[1328]|i[31]|i[337])|~(i[1328]|~i[337]|i[90])|~(i[1045]|i[1328]|i[337])|~(~i[1328]|~i[337]|i[318]))|~(i[1609]|~(~(~i[1328]|i[31]|i[337])|~(i[1328]|~i[337]|i[90])|~(i[1045]|i[1328]|i[337])|~(~i[1328]|~i[337]|i[318]))));
assign o[1551] = ~i[1162]&i[710]&~i[943]|~i[1509]&i[710]&~i[943] ? (i[13]|~(~i[1162]&i[710]&~i[943]))&(~i[751]|~(~i[1509]&i[710]&~i[943])) : i[1551];
assign o[1553] = i[710] ? ~(~i[1473]&~(i[248]|i[199])|~(~(i[248]|i[199])|~i[1124])&i[1078]|~i[1124]&i[1609]) : i[1553];
assign o[1565] = i[943] ? i[1450] : i[1565];
assign o[1567] = i[1357]|i[644];
assign o[1570] = i[710] ? (i[771]^i[206])&i[899] : i[1570];
assign o[1574] = i[943] ? ~(i[1536]|i[337]|i[1112]|i[1328]|i[1300]|i[1609]|i[328]|i[1626])|~(i[337]|i[310]|i[1536]|i[1609]|i[1328]) : i[1574];
assign o[1575] = ~(i[1357]|i[1360]);
assign o[1576] = ~i[1620];
assign o[1577] = i[943] ? ~(~(i[337]|i[1112]|i[1576]|i[1328]|i[1329]|i[690]|i[1384]|i[328]|i[1626])|~(i[337]|i[1112]|~i[1575]|i[1328]|i[1125]|i[1329]|i[1384]|i[328]|i[1626])) : i[1577];
assign o[1579] = i[710] ? ~(i[248]|i[926]|i[1131]) : i[1579];
assign o[1581] = i[710] ? ~(i[832]|i[248]|~(~(i[1077]|i[758])|i[1077]|i[894]|~(i[1077]|i[955]))) : i[1581];
assign o[1591] = ~i[1418];
assign o[1602] = i[943] ? ~(~((i[1536]|i[927]|i[1576]|~i[47]|i[1384]|i[328]|i[1626])&~(~(i[927]|i[1125]|i[690])|~(i[310]|i[1576]|i[909]|i[1384]|i[927])))|~(i[927]|i[1576]|i[1567]|i[1384]|i[328]|i[1626])) : i[1602];
assign o[1603] = i[943] ? ~i[1702] : i[1603];
assign o[1606] = i[710] ? ~(~i[248]&i[706]|i[248]&i[1373]) : i[1606];
assign o[1607] = i[943] ? i[318] : i[1607];
assign o[1609] = i[710]&i[879] ? i[1077]|i[829] : i[1609];
assign o[1611] = ~i[509]&i[710]&~i[943]|~i[265]&i[710]&~i[943] ? (~i[536]|~(~i[509]&i[710]&~i[943]))&(i[1299]|~(~i[265]&i[710]&~i[943])) : i[1611];
assign o[1620] = i[710]&i[879] ? i[1077]|i[894] : i[1620];
assign o[1624] = i[710] ? i[248] : i[1624];
assign o[1625] = i[710] ? ~(i[408]&i[1436]|~(i[1177]|~(i[215]&i[199])|i[1436])&i[44]|~i[833]&~(i[215]&i[199])|~i[1283]) : i[1625];
assign o[1626] = ~i[119];
assign o[1627] = ~i[360]&i[710]&~i[943]|~i[1027]&i[710]&~i[943] ? (i[1336]|~(~i[360]&i[710]&~i[943]))&(i[558]|~(~i[1027]&i[710]&~i[943])) : i[1627];
assign o[1630] = i[943]|~i[339]|~i[745]|~i[897]|i[710]&~i[1121]|i[558] ? (i[657]|~i[943])&(~i[601]|i[339])&(i[314]|i[745])&(~i[1326]|i[897])&(~i[498]|~(i[710]&~i[1121]))&(i[558]|~i[558]) : i[1630];
assign o[1637] = ~i[276];
assign o[1645] = ~i[805]&i[710]&~i[943]|~i[688]&i[710]&~i[943]|~i[1477]&i[710]&~i[943] ? (~i[892]|~(~i[805]&i[710]&~i[943]))&(i[892]|~(~i[688]&i[710]&~i[943]))&(i[1437]|~(~i[1477]&i[710]&~i[943])) : i[1645];
assign o[1648] = ~i[459]&i[710]&~i[943] ? i[1188] : i[1648];
assign o[1651] = i[943]|~i[1683]|~i[598]|i[710]&~i[1020]|(~i[1113]&i[710]&~i[943]|~i[1404]&i[710]&~i[943]|~i[621]|i[129]|~i[55]&i[710]&~i[943])&~i[1602] ? (i[657]|~i[943])&(i[558]|i[1683])&(~i[114]|i[598])&(~i[1485]|~(i[710]&~i[1020]))&(i[1287]|~((~i[1113]&i[710]&~i[943]|~i[1404]&i[710]&~i[943]|~i[621]|i[129]|~i[55]&i[710]&~i[943])&~i[1602])) : i[1651];
assign o[1652] = i[943] ? ~(~(i[1536]&~(i[1576]|~i[1575])|i[248]|~(i[1112]|~i[1575]|i[1328]|i[1384]|i[328]|i[1626])|~(i[337]|i[1112]|i[1328]|i[1576]|i[690]|i[1384]|i[328]|i[1626])|~(i[895]|i[1112]|i[1576]|i[1328]|i[1329]|i[690]|i[1384]|i[328]|i[1626])|~(i[1112]|i[1328]|i[1567]|i[328]|i[1626])|~(i[310]|i[1576]|i[1112]|i[1384]|i[1567]))|i[895]|i[1112]|i[1576]|i[1328]|i[1384]|i[328]|i[1626]) : i[1652];
assign o[1653] = ~i[1505]&i[710]&~i[943] ? ~(~(~(i[164]|i[560]|~i[581])&(~i[314]|~i[331])|~(~i[314]&~i[331])&~(~(i[164]|i[560])|~i[1565]))&~i[1001]|~(~(~(i[164]|i[560]|~i[581])&(~i[314]|~i[331])|~(~i[314]&~i[331])&~(~(i[164]|i[560])|~i[1565]))|~i[1001])) : i[1653];
assign o[1669] = i[943] ? ~i[1591] : i[1669];
assign o[1670] = ~i[1162]&i[710]&~i[943]|~i[1509]&i[710]&~i[943] ? (i[407]|~(~i[1162]&i[710]&~i[943]))&(~i[780]|~(~i[1509]&i[710]&~i[943])) : i[1670];
assign o[1673] = i[943] ? ~(i[337]|i[1112]|i[1328]|i[156]|i[1300]|i[1609]|i[328]|i[1626]) : i[1673];
assign o[1674] = i[710] ? ~i[415] : i[1674];
assign o[1675] = i[710]&i[879] ? i[1077]|i[1669] : i[1675];
assign o[1678] = ~i[805]&i[710]&~i[943]|~i[688]&i[710]&~i[943]|~i[1477]&i[710]&~i[943] ? (~i[1503]|~(~i[805]&i[710]&~i[943]))&(i[1503]|~(~i[688]&i[710]&~i[943]))&(i[1630]|~(~i[1477]&i[710]&~i[943])) : i[1678];
assign o[1679] = i[710] ? i[248] : i[1679];
assign o[1680] = ~i[360]&i[710]&~i[943]|~i[1027]&i[710]&~i[943] ? (i[1188]|~(~i[360]&i[710]&~i[943]))&(i[558]|~(~i[1027]&i[710]&~i[943])) : i[1680];
assign o[1683] = i[943] ? ~(~(~i[1575]|i[1576]|i[1300])|~(~i[1575]|i[310]|i[1576]|i[1384])|~(i[1112]|~i[1575]|i[1328]|i[1384]|i[328]|i[1626])) : i[1683];
assign o[1690] = i[943] ? ~i[1349] : i[1690];
assign o[1693] = i[943] ? i[264] : i[1693];
assign o[1699] = i[943] ? ~i[94] : i[1699];
assign o[1702] = ~i[521]&i[710]&~i[943] ? i[1405] : ~i[796]&i[710]&~i[943] ? ~i[1603] : i[1702];
assign o[1704] = ~(~i[655]|i[379]|~i[1611]|~i[1359]|~i[377]|~i[622]|~i[1139]|~i[1022]|~i[900]);
assign o[1713] = i[943] ? ~(~(i[449]|i[596])|~i[1395]|~(i[248]|~(~(~(~(i[927]|i[1125]|i[690])|~(~i[1575]|i[1112]|i[1576]|i[1300])|~(i[1576]|i[310]|i[909]|i[1384])|~(i[1112]|i[1300]|i[1125]|i[1567])|~(i[1300]|i[927]|i[1576]|i[1567]))|~(i[1112]|i[1328]|i[895]|i[1300]|i[1125]|i[328]|i[1626])|~(i[895]|i[119])|~(i[337]|i[1328]|i[119]))|i[653]|~(~i[1575]|i[1112]|i[895]|i[1328]|i[1125]|i[1300]|i[1329]|i[328]|i[1626])|~(i[1576]|i[337]|i[909]|i[1112]|i[1609]|i[1328]|i[1384]|i[328]|i[1626])|~(i[1112]|~i[1575]|i[1328]|i[1125]|i[1329]|i[1384]|i[328]|i[1626])|~(i[1112]|i[1328]|i[1300]|i[895]|i[690]|i[1125]|i[328]|i[1626])|~(i[895]|i[1576]|i[1112]|i[909]|i[1328]|i[1384]|i[328]|i[1626])|~(i[1112]|i[1125]|i[1328]|i[1609]|i[1567]|i[1384]|i[328]|i[1626])|~(i[927]|i[1576]|i[1567]|i[1384]|i[328]|i[1626])))) : i[1713];
