#regs = 461 : (show regs)

let u1 = [328] ? 1 : [1626]
let u2 = [1384] ? 1 : u1
let u3 = [1328] ? 1 : u2
let u4 = [1394] ? 1 : u3
let u5 = [1112] ? 1 : u4
let u6 = [909] ? 1 : u5
let u7 = [895] ? 1 : u6
let u8 = [1576] ? 1 : u7
set [0] = !u8
let u9 = !clk0 ? !clk0 : 0
let u10 = ![459] ? u9 : 0
let u11 = u10 ? [1287] : [1]
set [1] = u11
let u12 = [554] ? 1 : [1533]
let u13 = !u12 ? 1 : [732]
let u14 = [1384] ? 1 : u1
let u15 = [1320] ? 1 : u14
let u16 = [1394] ? 1 : u15
let u17 = [1112] ? 1 : u16
let u18 = [1125] ? 1 : u17
let u19 = !u13 ? 1 : u18
let u20 = [337] ? 1 : u19
set [4] = !u20
let u21 = clk0 ? 1 : ![1683]
let u22 = u21 ? 1 : ![598]
let u23 = !clk0 ? [41] : 0
let u24 = u22 ? 1 : u23
let u25 = !clk0 ? !clk0 : 0
let u26 = ![1404] ? u25 : 0
let u27 = !clk0 ? !clk0 : 0
let u28 = ![55] ? u27 : 0
let u29 = [129] ? 1 : u28
let u30 = ![621] ? 1 : u29
let u31 = u26 ? 1 : u30
let u32 = [801] ? 1 : u31
let u33 = u32 ? ![1602] : 0
let u34 = u24 ? 1 : u33
let u35 = ![751] ? 1 : [598]
let u36 = [1683] ? u35 : 0
let u37 = !clk0 ? [41] : 0
let u38 = [1116] ? 1 : !u37
let u39 = u36 ? u38 : 0
let u40 = [129] ? 1 : u28
let u41 = ![621] ? 1 : u40
let u42 = u26 ? 1 : u41
let u43 = [801] ? 1 : u42
let u44 = u43 ? ![1602] : 0
let u45 = [1336] ? 1 : !u44
let u46 = u39 ? u45 : 0
let u47 = u34 ? u46 : [13]
set [13] = u47
let u48 = [1184] ? ![900] : 0
let u49 = u48 ? 1 : [410]
let u50 = clk0 ? !u49 : [15]
set [15] = u50
let u51 = !u12 ? 1 : [732]
set [17] = !u51
let u52 = ![248] ? [1373] : 0
let u53 = [248] ? [940] : 0
let u54 = u52 ? 1 : u53
let u55 = !clk0 ? !u54 : [18]
set [18] = u55
let u56 = [248] ? [151] : 0
let u57 = u56 ? 1 : [456]
let u58 = !clk0 ? !u57 : [24]
set [24] = u58
set [26] = [927]
set [31] = ![32]
let u59 = ![1049] ? ![1108] : 0
let u60 = [270] ? ![1104] : 0
let u61 = [206] ? ![338] : 0
let u62 = ![338] ? 1 : ![1049]
let u63 = ![1104] ? 1 : u62
let u64 = [1051] ? !u63 : 0
let u65 = u61 ? 1 : u64
let u66 = u60 ? 1 : u65
let u67 = u59 ? 1 : u66
let u68 = !clk0 ? !u67 : [32]
set [32] = u68
let u69 = clk0 ? [1575] : [40]
set [40] = u69
set [41] = ![1020]
let u70 = clk0 ? [90] : [44]
set [44] = u70
let u71 = [1465] ? 1 : [1481]
let u72 = [264] ? 1 : [926]
let u73 = !u71 ? 1 : u72
let u74 = clk0 ? !u73 : [45]
set [45] = u74
let u75 = !clk0 ? ![865] : [47]
set [47] = u75
let u76 = !clk0 ? !clk0 : 0
let u77 = ![1162] ? u76 : 0
let u78 = !clk0 ? !clk0 : 0
let u79 = ![1509] ? u78 : 0
let u80 = u77 ? 1 : u79
let u81 = [483] ? 1 : !u77
let u82 = [469] ? 1 : !u79
let u83 = u81 ? u82 : 0
let u84 = u80 ? u83 : [49]
set [49] = u84
let u85 = !clk0 ? [1350] : [50]
set [50] = u85
let u86 = clk0 ? 1 : ![1683]
let u87 = u86 ? 1 : ![598]
let u88 = !clk0 ? [41] : 0
let u89 = u87 ? 1 : u88
let u90 = [129] ? 1 : u28
let u91 = ![621] ? 1 : u90
let u92 = u26 ? 1 : u91
let u93 = [801] ? 1 : u92
let u94 = u93 ? ![1602] : 0
let u95 = u89 ? 1 : u94
let u96 = [126] ? 1 : [598]
let u97 = [1683] ? u96 : 0
let u98 = !clk0 ? [41] : 0
let u99 = ![576] ? 1 : !u98
let u100 = u97 ? u99 : 0
let u101 = [129] ? 1 : u28
let u102 = ![621] ? 1 : u101
let u103 = u26 ? 1 : u102
let u104 = [801] ? 1 : u103
let u105 = u104 ? ![1602] : 0
let u106 = [1150] ? 1 : !u105
let u107 = u100 ? u106 : 0
let u108 = u95 ? u107 : [52]
set [52] = u108
let u109 = clk0 ? 1 : [801]
let u110 = u109 ? 1 : u26
let u111 = u110 ? 1 : ![621]
let u112 = u111 ? 1 : [129]
let u113 = u112 ? 1 : u28
let u114 = !clk0 ? !clk0 : 0
let u115 = ![266] ? u114 : 0
let u116 = !clk0 ? ![1221] : 0
let u117 = u116 ? 1 : ![1577]
let u118 = ![878] ? 1 : u117
let u119 = [247] ? 1 : u118
let u120 = u115 ? 1 : u119
let u121 = u120 ? ![1527] : 0
let u122 = u113 ? 1 : u121
let u123 = !clk0 ? [41] : 0
let u124 = ![598] ? 1 : u123
let u125 = ![683] ? 1 : u124
let u126 = u125 ? ![1602] : 0
let u127 = u122 ? 1 : u126
let u128 = [64] ? 1 : ![801]
let u129 = [1216] ? 1 : !u26
let u130 = u128 ? u129 : 0
let u131 = ![418] ? 1 : [621]
let u132 = u130 ? u131 : 0
let u133 = ![394] ? 1 : ![129]
let u134 = u132 ? u133 : 0
let u135 = [737] ? 1 : !u28
let u136 = u134 ? u135 : 0
let u137 = !clk0 ? ![1221] : 0
let u138 = u137 ? 1 : ![1577]
let u139 = ![878] ? 1 : u138
let u140 = [247] ? 1 : u139
let u141 = u115 ? 1 : u140
let u142 = u141 ? ![1527] : 0
let u143 = [1108] ? 1 : !u142
let u144 = u136 ? u143 : 0
let u145 = !clk0 ? [41] : 0
let u146 = ![598] ? 1 : u145
let u147 = ![683] ? 1 : u146
let u148 = u147 ? ![1602] : 0
let u149 = [407] ? 1 : !u148
let u150 = u144 ? u149 : 0
let u151 = u127 ? u150 : [54]
set [54] = u151
let u152 = [1394] ? 1 : [1320]
let u153 = !u13 ? 1 : u152
let u154 = [194] ? 1 : u153
let u155 = [337] ? 1 : u154
let u156 = [194] ? 1 : !u13
let u157 = u155 ? !u156 : 0
let u158 = [1384] ? 1 : [119]
let u159 = [1320] ? 1 : u158
let u160 = [1394] ? 1 : u159
let u161 = [1112] ? 1 : u160
let u162 = [1125] ? 1 : u161
let u163 = !u13 ? 1 : u162
let u164 = [337] ? 1 : u163
let u165 = [1384] ? 1 : [119]
let u166 = [1328] ? 1 : u165
let u167 = [1125] ? 1 : u166
let u168 = [1112] ? 1 : u167
let u169 = !u13 ? 1 : u168
let u170 = [1394] ? 1 : u1
let u171 = [1182] ? 1 : u170
let u172 = [1328] ? 1 : u171
let u173 = [1112] ? 1 : u172
let u174 = [337] ? 1 : u173
let u175 = !u13 ? 1 : u174
let u176 = [1394] ? 1 : [1328]
let u177 = !u13 ? 1 : u176
let u178 = [194] ? 1 : u177
let u179 = [337] ? 1 : u178
let u180 = !u175 ? 1 : !u179
let u181 = !u169 ? 1 : u180
let u182 = !u164 ? 1 : u181
let u183 = [4] ? 1 : u182
let u184 = u157 ? 1 : u183
let u185 = clk0 ? !u184 : [55]
set [55] = u185
let u186 = clk0 ? [824] : [56]
set [56] = u186
set [59] = ![95]
let u187 = !clk0 ? !clk0 : 0
let u188 = ![460] ? u187 : 0
let u189 = u188 ? [54] : [64]
set [64] = u189
let u190 = ![226] ? clk0 : 0
let u191 = ![1674] ? clk0 : 0
let u192 = u190 ? 1 : u191
let u193 = [59] ? clk0 : 0
let u194 = u192 ? 1 : u193
let u195 = ![101] ? clk0 : 0
let u196 = u194 ? 1 : u195
let u197 = ![1529] ? clk0 : 0
let u198 = u196 ? 1 : u197
let u199 = [1535] ? [1522] : 0
let u200 = ![226] ? clk0 : 0
let u201 = !u199 ? 1 : !u200
let u202 = [1678] ? 1 : [530]
let u203 = [142] ? u202 : 0
let u204 = u203 ? 1 : ![477]
let u205 = [235] ? 1 : [1627]
let u206 = [336] ? u205 : 0
let u207 = u204 ? !u206 : 0
let u208 = u204 ? 1 : !u206
let u209 = u207 ? 1 : !u208
let u210 = ![1674] ? clk0 : 0
let u211 = !u209 ? 1 : !u210
let u212 = u201 ? u211 : 0
let u213 = [59] ? clk0 : 0
let u214 = !u205 ? 1 : !u213
let u215 = u212 ? u214 : 0
let u216 = ![101] ? clk0 : 0
let u217 = !u206 ? 1 : !u216
let u218 = u215 ? u217 : 0
let u219 = ![1529] ? clk0 : 0
let u220 = [336] ? 1 : !u219
let u221 = u218 ? u220 : 0
let u222 = u198 ? u221 : [68]
set [68] = u222
let u223 = [443] ? [199] : 0
let u224 = u223 ? 1 : [1673]
let u225 = !u224 ? ![493] : 0
let u226 = u224 ? [1442] : 0
let u227 = u225 ? 1 : u226
let u228 = !clk0 ? !u227 : [69]
set [69] = u228
set [72] = ![1326]
let u229 = [895] ? 1 : [119]
let u230 = [1328] ? 1 : u229
let u231 = [440] ? !u230 : 0
let u232 = [1384] ? 1 : [119]
let u233 = [1328] ? 1 : u232
let u234 = [1125] ? 1 : u233
let u235 = [1112] ? 1 : u234
let u236 = [895] ? 1 : u235
let u237 = !u13 ? 1 : u236
let u238 = u231 ? 1 : !u237
let u239 = clk0 ? u238 : [73]
set [73] = u239
set [77] = ![90]
let u240 = !clk0 ? !clk0 : 0
let u241 = ![521] ? u240 : 0
let u242 = !clk0 ? !clk0 : 0
let u243 = ![796] ? u242 : 0
let u244 = u243 ? ![752] : [81]
let u245 = u241 ? [1287] : u244
set [81] = u245
set [82] = ![527]
let u246 = u10 ? [1405] : [85]
set [85] = u246
let u247 = clk0 ? [522] : [88]
set [88] = u247
set [90] = ![1625]
let u248 = !clk0 ? 0 : [94]
set [94] = u248
let u249 = !clk0 ? ![88] : [95]
set [95] = u249
let u250 = !clk0 ? !clk0 : 0
let u251 = ![805] ? u250 : 0
let u252 = !clk0 ? !clk0 : 0
let u253 = ![688] ? u252 : 0
let u254 = u251 ? 1 : u253
let u255 = !clk0 ? !clk0 : 0
let u256 = ![1477] ? u255 : 0
let u257 = u254 ? 1 : u256
let u258 = ![1302] ? 1 : !u251
let u259 = [1302] ? 1 : !u253
let u260 = u258 ? u259 : 0
let u261 = [684] ? 1 : !u256
let u262 = u260 ? u261 : 0
let u263 = u257 ? u262 : [96]
set [96] = u263
let u264 = u10 ? [1150] : [98]
set [98] = u264
let u265 = clk0 ? ![348] : [99]
set [99] = u265
let u266 = !clk0 ? ![982] : [101]
set [101] = u266
let u267 = ![1022] ? 1 : ![900]
let u268 = ![1139] ? 1 : u267
let u269 = ![622] ? 1 : u268
let u270 = ![377] ? 1 : u269
let u271 = ![1359] ? 1 : u270
let u272 = ![1611] ? 1 : u271
let u273 = [379] ? 1 : u272
let u274 = ![655] ? 1 : u273
let u275 = !u274 ? [1670] : 0
let u276 = ![292] ? 1 : !u275
let u277 = [502] ? 1 : !u276
let u278 = !u276 ? [502] : 0
let u279 = u277 ? !u278 : 0
let u280 = clk0 ? !u279 : [114]
set [114] = u280
let u281 = u188 ? [1336] : [115]
set [115] = u281
let u282 = clk0 ? !db0 : [116]
set [116] = u282
let u283 = !clk0 ? [879] : 0
let u284 = u283 ? ![809] : [119]
set [119] = u284
let u285 = clk0 ? 1 : ![339]
let u286 = u285 ? 1 : ![745]
let u287 = u286 ? 1 : ![897]
let u288 = !clk0 ? ![1121] : 0
let u289 = u287 ? 1 : u288
let u290 = ![1029] ? 1 : [339]
let u291 = [331] ? 1 : [745]
let u292 = u290 ? u291 : 0
let u293 = [993] ? 1 : [897]
let u294 = u292 ? u293 : 0
let u295 = !clk0 ? ![1121] : 0
let u296 = [1116] ? 1 : !u295
let u297 = u294 ? u296 : 0
let u298 = u289 ? u297 : [121]
set [121] = u298
let u299 = !u275 ? ![292] : 0
let u300 = u299 ? 1 : !u276
let u301 = clk0 ? !u300 : [126]
set [126] = u301
set [129] = ![512]
let u302 = [1384] ? 1 : u1
let u303 = [1329] ? 1 : u302
let u304 = [1576] ? 1 : u303
let u305 = [1328] ? 1 : u304
let u306 = [1112] ? 1 : u305
let u307 = [1384] ? 1 : u1
let u308 = [1328] ? 1 : u307
let u309 = [1394] ? 1 : u308
let u310 = [1112] ? 1 : u309
let u311 = [1576] ? 1 : u310
let u312 = [337] ? 1 : u311
let u313 = [1125] ? 1 : u1
let u314 = [1182] ? 1 : u313
let u315 = [895] ? 1 : u314
let u316 = [1328] ? 1 : u315
let u317 = [1112] ? 1 : u316
let u318 = !u312 ? 1 : !u317
let u319 = !u306 ? 1 : u318
set [134] = !u319
let u320 = [977] ? [1167] : 0
let u321 = !u320 ? [590] : 0
let u322 = u321 ? 1 : [143]
let u323 = [1432] ? 1 : [1248]
let u324 = !u322 ? u323 : 0
let u325 = u324 ? 1 : [936]
let u326 = [681] ? !u325 : 0
let u327 = [704] ? 1 : [1332]
let u328 = u326 ? 1 : !u327
let u329 = [96] ? 1 : [1680]
let u330 = !u328 ? u329 : 0
let u331 = !u320 ? [590] : 0
let u332 = u331 ? 1 : [143]
let u333 = !u332 ? [936] : 0
let u334 = !u327 ? 1 : !u333
let u335 = !u329 ? 1 : [988]
let u336 = !u335 ? 1 : ![681]
let u337 = !u323 ? 1 : [936]
let u338 = !u327 ? 1 : ![681]
let u339 = !u338 ? 1 : [936]
let u340 = !u332 ? 1 : u339
let u341 = !u337 ? 1 : u340
let u342 = !u336 ? 1 : !u341
let u343 = u334 ? u342 : 0
let u344 = u343 ? 1 : ![1450]
let u345 = !u344 ? 1 : [988]
let u346 = u330 ? 1 : u345
let u347 = [1645] ? [1142] : 0
let u348 = !u346 ? !u347 : 0
let u349 = u348 ? 1 : [404]
set [142] = !u349
let u350 = [977] ? 1 : [1167]
set [143] = !u350
let u351 = !clk0 ? ![610] : 0
let u352 = u351 ? [52] : [148]
set [148] = u352
let u353 = clk0 ? [440] : [151]
set [151] = u353
let u354 = !clk0 ? ![493] : [158]
set [158] = u354
let u355 = !clk0 ? !clk0 : 0
let u356 = ![1505] ? u355 : 0
let u357 = ![1637] ? ![872] : 0
let u358 = !u357 ? ![1341] : 0
let u359 = ![1637] ? 1 : ![872]
let u360 = [393] ? u359 : 0
let u361 = u358 ? 1 : u360
let u362 = !u361 ? ![1188] : 0
let u363 = !u361 ? 1 : ![1188]
let u364 = u362 ? 1 : !u363
let u365 = u356 ? !u364 : [162]
set [162] = u365
let u366 = [142] ? ![477] : 0
let u367 = !u366 ? 1 : !u206
let u368 = !u202 ? 1 : ![477]
let u369 = [142] ? 1 : u206
let u370 = !u368 ? 1 : u369
let u371 = ![477] ? 1 : u370
let u372 = [1535] ? 1 : [1522]
let u373 = u199 ? 1 : !u372
let u374 = !u373 ? 1 : ![336]
let u375 = !u371 ? 1 : !u374
let u376 = u367 ? u375 : 0
let u377 = u376 ? 1 : ![1450]
let u378 = clk0 ? !u377 : [164]
set [164] = u378
let u379 = clk0 ? 1 : [801]
let u380 = u379 ? 1 : u26
let u381 = u380 ? 1 : ![621]
let u382 = u381 ? 1 : [129]
let u383 = u382 ? 1 : u28
let u384 = !clk0 ? ![1221] : 0
let u385 = ![878] ? 1 : u384
let u386 = [247] ? 1 : u385
let u387 = u115 ? 1 : u386
let u388 = u387 ? ![1527] : 0
let u389 = u383 ? 1 : u388
let u390 = !clk0 ? [41] : 0
let u391 = ![598] ? 1 : u390
let u392 = ![1683] ? 1 : u391
let u393 = u392 ? ![1602] : 0
let u394 = u389 ? 1 : u393
let u395 = [615] ? 1 : ![801]
let u396 = [589] ? 1 : !u26
let u397 = u395 ? u396 : 0
let u398 = ![601] ? 1 : [621]
let u399 = u397 ? u398 : 0
let u400 = [314] ? 1 : ![129]
let u401 = u399 ? u400 : 0
let u402 = [858] ? 1 : !u28
let u403 = u401 ? u402 : 0
let u404 = !clk0 ? ![1221] : 0
let u405 = ![878] ? 1 : u404
let u406 = [247] ? 1 : u405
let u407 = u115 ? 1 : u406
let u408 = u407 ? ![1527] : 0
let u409 = [1503] ? 1 : !u408
let u410 = u403 ? u409 : 0
let u411 = !clk0 ? [41] : 0
let u412 = ![598] ? 1 : u411
let u413 = ![1683] ? 1 : u412
let u414 = u413 ? ![1602] : 0
let u415 = [483] ? 1 : !u414
let u416 = u410 ? u415 : 0
let u417 = u394 ? u416 : [166]
set [166] = u417
let u418 = !u71 ? 1 : ![926]
let u419 = clk0 ? u418 : [170]
set [170] = u419
set [175] = ![1266]
let u420 = clk0 ? ![1435] : [181]
set [181] = u420
let u421 = u243 ? ![1064] : [183]
let u422 = u241 ? [1150] : u421
set [183] = u422
let u423 = [1606] ? 1 : [1357]
set [188] = !u423
let u424 = [653] ? 1 : [440]
let u425 = [1125] ? 1 : ![188]
let u426 = [26] ? 1 : u425
let u427 = [1384] ? 1 : [26]
let u428 = [909] ? 1 : u427
let u429 = [1576] ? 1 : u428
let u430 = [194] ? 1 : u429
let u431 = !u426 ? 1 : !u430
let u432 = [248] ? 1 : u431
let u433 = !u424 ? !u432 : 0
let u434 = clk0 ? !u433 : [190]
set [190] = u434
let u435 = [1384] ? 1 : u1
let u436 = ![47] ? 1 : u435
let u437 = [1576] ? 1 : u436
let u438 = [26] ? 1 : u437
let u439 = !u13 ? 1 : u438
let u440 = u439 ? !u431 : 0
set [192] = !u440
set [194] = [310]
let u441 = !clk0 ? ![610] : 0
let u442 = u441 ? [1539] : [195]
set [195] = u442
let u443 = clk0 ? 0 : [197]
set [197] = u443
let u444 = [1384] ? 1 : u1
let u445 = [1328] ? 1 : u444
let u446 = [1394] ? 1 : u445
let u447 = [1112] ? 1 : u446
let u448 = [1125] ? 1 : u447
let u449 = !u13 ? 1 : u448
let u450 = [337] ? 1 : u449
let u451 = [1384] ? 1 : u1
let u452 = ![188] ? 1 : u451
let u453 = [1329] ? 1 : u452
let u454 = [1328] ? 1 : u453
let u455 = [1576] ? 1 : u454
let u456 = [1112] ? 1 : u455
let u457 = [895] ? 1 : u456
let u458 = !u450 ? 1 : !u457
let u459 = clk0 ? !u458 : [199]
set [199] = u459
let u460 = u77 ? 1 : u79
let u461 = [1539] ? 1 : !u77
let u462 = [663] ? 1 : !u79
let u463 = u461 ? u462 : 0
let u464 = u460 ? u463 : [205]
set [205] = u464
let u465 = [164] ? 1 : [560]
set [206] = !u465
let u466 = !clk0 ? ![190] : 0
let u467 = u466 ? [684] : [211]
set [211] = u467
let u468 = [1182] ? 1 : u1
let u469 = [1328] ? 1 : u468
let u470 = [1112] ? 1 : u469
let u471 = !u13 ? 1 : u470
let u472 = [337] ? 1 : u471
let u473 = [1394] ? 1 : u472
let u474 = clk0 ? u473 : [215]
set [215] = u474
let u475 = !clk0 ? ![1108] : [222]
set [222] = u475
let u476 = !clk0 ? [1215] : [223]
set [223] = u476
let u477 = !clk0 ? ![968] : [226]
set [226] = u477
let u478 = !clk0 ? ![610] : 0
let u479 = u478 ? [407] : [230]
set [230] = u479
let u480 = u251 ? 1 : u253
let u481 = u480 ? 1 : u256
let u482 = ![833] ? 1 : !u251
let u483 = [833] ? 1 : !u253
let u484 = u482 ? u483 : 0
let u485 = [121] ? 1 : !u256
let u486 = u484 ? u485 : 0
let u487 = u481 ? u486 : [235]
set [235] = u487
set [247] = ![398]
set [248] = [197]
let u488 = [1693] ? 1 : [1291]
let u489 = !u488 ? 1 : [1149]
set [264] = !u489
let u490 = [1384] ? 1 : u1
let u491 = ![678] ? 1 : u490
let u492 = [1576] ? 1 : u491
let u493 = [26] ? 1 : u492
let u494 = !u493 ? ![1679] : 0
let u495 = [26] ? 1 : u1
let u496 = [1384] ? 1 : u495
let u497 = [971] ? 1 : u496
let u498 = [1576] ? 1 : u497
let u499 = [1384] ? 1 : u1
let u500 = [1328] ? 1 : u499
let u501 = [1125] ? 1 : u500
let u502 = [1112] ? 1 : u501
let u503 = [1125] ? 1 : !u502
let u504 = [971] ? 1 : u503
let u505 = [1328] ? 1 : u1
let u506 = [1384] ? 1 : u505
let u507 = [1112] ? 1 : u506
let u508 = [337] ? 1 : u507
let u509 = [909] ? 1 : u508
let u510 = [1394] ? 1 : u509
let u511 = [1576] ? 1 : u510
let u512 = [134] ? 1 : [1276]
let u513 = ![646] ? 1 : !u512
let u514 = !u511 ? 1 : !u513
let u515 = [862] ? 1 : u514
let u516 = !u504 ? 1 : u515
let u517 = !u498 ? 1 : u516
let u518 = [646] ? 1 : u517
let u519 = [0] ? 1 : u518
let u520 = u494 ? 1 : u519
let u521 = clk0 ? !u520 : [265]
set [265] = u521
let u522 = [194] ? 1 : [1329]
let u523 = [1320] ? 1 : u522
let u524 = [337] ? 1 : u523
let u525 = !u524 ? [335] : 0
let u526 = [1384] ? 1 : u1
let u527 = [1329] ? 1 : u526
let u528 = [1125] ? 1 : u527
let u529 = [1328] ? 1 : u528
let u530 = [895] ? 1 : u529
let u531 = [1112] ? 1 : u530
let u532 = [971] ? 1 : u531
let u533 = u525 ? 1 : !u532
let u534 = clk0 ? !u533 : [266]
set [266] = u534
let u535 = !clk0 ? ![190] : 0
let u536 = u535 ? [413] : [268]
set [268] = u536
set [270] = [1394]
let u537 = ![1674] ? clk0 : 0
let u538 = ![226] ? clk0 : 0
let u539 = u537 ? 1 : u538
let u540 = [59] ? clk0 : 0
let u541 = u539 ? 1 : u540
let u542 = ![101] ? clk0 : 0
let u543 = u541 ? 1 : u542
let u544 = ![1529] ? clk0 : 0
let u545 = u543 ? 1 : u544
let u546 = u327 ? [681] : 0
let u547 = u325 ? !u546 : 0
let u548 = u325 ? 1 : !u546
let u549 = u547 ? 1 : !u548
let u550 = ![1674] ? clk0 : 0
let u551 = !u549 ? 1 : !u550
let u552 = ![226] ? clk0 : 0
let u553 = [350] ? 1 : !u552
let u554 = u551 ? u553 : 0
let u555 = [59] ? clk0 : 0
let u556 = !u327 ? 1 : !u555
let u557 = u554 ? u556 : 0
let u558 = ![101] ? clk0 : 0
let u559 = !u546 ? 1 : !u558
let u560 = u557 ? u559 : 0
let u561 = ![1529] ? clk0 : 0
let u562 = [681] ? 1 : !u561
let u563 = u560 ? u562 : 0
let u564 = u545 ? u563 : [276]
set [276] = u564
let u565 = u77 ? 1 : u79
let u566 = [52] ? 1 : !u77
let u567 = [126] ? 1 : !u79
let u568 = u566 ? u567 : 0
let u569 = u565 ? u568 : [292]
set [292] = u569
let u570 = [323] ? 1 : [671]
let u571 = ![1395] ? 1 : u570
let u572 = clk0 ? !u571 : [294]
set [294] = u572
let u573 = u188 ? [1188] : [305]
set [305] = u573
let u574 = !clk0 ? [879] : 0
let u575 = u574 ? [409] : [310]
set [310] = u575
set [314] = ![893]
let u576 = clk0 ? 1 : ![1683]
let u577 = u576 ? 1 : ![598]
let u578 = !clk0 ? [41] : 0
let u579 = u577 ? 1 : u578
let u580 = [129] ? 1 : u28
let u581 = ![621] ? 1 : u580
let u582 = u26 ? 1 : u581
let u583 = [801] ? 1 : u582
let u584 = u583 ? ![1602] : 0
let u585 = u579 ? 1 : u584
let u586 = [1061] ? 1 : [598]
let u587 = [1683] ? u586 : 0
let u588 = !clk0 ? [41] : 0
let u589 = [464] ? 1 : !u588
let u590 = u587 ? u589 : 0
let u591 = [129] ? 1 : u28
let u592 = ![621] ? 1 : u591
let u593 = u26 ? 1 : u592
let u594 = [801] ? 1 : u593
let u595 = u594 ? ![1602] : 0
let u596 = [1188] ? 1 : !u595
let u597 = u590 ? u596 : 0
let u598 = u585 ? u597 : [315]
set [315] = u598
set [318] = ![627]
let u599 = !clk0 ? [959] : [323]
set [323] = u599
set [328] = ![310]
let u600 = ![330] ? 1 : clk0
set [330] = !u600
set [331] = ![68]
let u601 = [1382] ? 1 : [1553]
set [334] = !u601
let u602 = [1125] ? 1 : ![188]
let u603 = [26] ? 1 : u602
let u604 = [1576] ? 1 : [1182]
let u605 = [1112] ? 1 : u604
let u606 = [971] ? 1 : u605
let u607 = [909] ? 1 : [1384]
let u608 = [194] ? 1 : u607
let u609 = [1576] ? 1 : u608
let u610 = [1125] ? 1 : ![678]
let u611 = [1182] ? 1 : u610
let u612 = [1112] ? 1 : u611
let u613 = [1576] ? 1 : ![678]
let u614 = [26] ? 1 : u613
let u615 = [1182] ? 1 : u614
let u616 = !u612 ? 1 : !u615
let u617 = !u609 ? 1 : u616
let u618 = !u606 ? 1 : u617
let u619 = !u603 ? 1 : u618
let u620 = [1320] ? 1 : [1329]
let u621 = [337] ? 1 : u620
let u622 = !u619 ? 1 : u621
set [335] = !u622
let u623 = [235] ? [1627] : 0
set [336] = !u623
set [337] = ![1675]
let u624 = [1328] ? 1 : [119]
let u625 = [337] ? 1 : u624
let u626 = !u625 ? [653] : 0
let u627 = [1576] ? 1 : u1
let u628 = [1320] ? 1 : u627
let u629 = [895] ? 1 : u628
let u630 = ![1533] ? 1 : u629
let u631 = [1112] ? 1 : u630
let u632 = [1384] ? 1 : [119]
let u633 = ![1533] ? 1 : u632
let u634 = [1125] ? 1 : u633
let u635 = [1328] ? 1 : u634
let u636 = [1112] ? 1 : u635
let u637 = [337] ? 1 : u636
let u638 = [1394] ? 1 : ![1533]
let u639 = [895] ? 1 : u638
let u640 = [194] ? 1 : u639
let u641 = [1125] ? 1 : u1
let u642 = [1320] ? 1 : u641
let u643 = [895] ? 1 : u642
let u644 = [1182] ? 1 : u643
let u645 = ![1533] ? 1 : u644
let u646 = [1112] ? 1 : u645
let u647 = [895] ? 1 : [1329]
let u648 = [1320] ? 1 : u647
let u649 = [194] ? 1 : u648
let u650 = ![1533] ? 1 : u649
let u651 = !u646 ? 1 : !u650
let u652 = !u640 ? 1 : u651
let u653 = !u637 ? 1 : u652
let u654 = !u631 ? 1 : u653
let u655 = u626 ? 1 : u654
let u656 = clk0 ? !u655 : [338]
set [338] = u656
let u657 = [1384] ? 1 : u1
let u658 = [1328] ? 1 : u657
let u659 = [1394] ? 1 : u658
let u660 = [1112] ? 1 : u659
let u661 = [1576] ? 1 : u660
let u662 = !u13 ? 1 : u661
let u663 = [337] ? 1 : u662
let u664 = ![902] ? !u663 : 0
let u665 = [1384] ? 1 : u1
let u666 = [1328] ? 1 : u665
let u667 = [971] ? 1 : u666
let u668 = [1112] ? 1 : u667
let u669 = u664 ? 1 : !u668
let u670 = clk0 ? !u669 : [339]
set [339] = u670
let u671 = [410] ? [622] : 0
set [344] = !u671
let u672 = [248] ? 1 : [199]
let u673 = ![1302] ? !u672 : 0
let u674 = !u672 ? 1 : ![974]
let u675 = !u674 ? [99] : 0
let u676 = [270] ? ![974] : 0
let u677 = u675 ? 1 : u676
let u678 = u673 ? 1 : u677
let u679 = !clk0 ? !u678 : [348]
set [348] = u679
let u680 = !clk0 ? ![610] : 0
let u681 = u680 ? [483] : [349]
set [349] = u681
let u682 = [96] ? [1680] : 0
set [350] = !u682
let u683 = clk0 ? ![1465] : [357]
set [357] = u683
let u684 = [1125] ? 1 : u1
let u685 = [1182] ? 1 : u684
let u686 = [895] ? 1 : u685
let u687 = [1328] ? 1 : u686
let u688 = [1112] ? 1 : u687
let u689 = [1384] ? 1 : u1
let u690 = [1329] ? 1 : u689
let u691 = [909] ? 1 : u690
let u692 = [1328] ? 1 : u691
let u693 = [1576] ? 1 : u692
let u694 = [1112] ? 1 : u693
let u695 = [895] ? 1 : u694
let u696 = [1384] ? 1 : u1
let u697 = [1329] ? 1 : u696
let u698 = [1125] ? 1 : u697
let u699 = [1328] ? 1 : u698
let u700 = [1112] ? 1 : u699
let u701 = !u13 ? 1 : u700
let u702 = [1384] ? 1 : u1
let u703 = ![188] ? 1 : u702
let u704 = [1394] ? 1 : u703
let u705 = [1328] ? 1 : u704
let u706 = [1576] ? 1 : u705
let u707 = [1112] ? 1 : u706
let u708 = [895] ? 1 : u707
let u709 = [1384] ? 1 : u1
let u710 = ![678] ? 1 : u709
let u711 = [1394] ? 1 : u710
let u712 = [1328] ? 1 : u711
let u713 = [1125] ? 1 : u712
let u714 = [1112] ? 1 : u713
let u715 = !u708 ? 1 : !u714
let u716 = !u701 ? 1 : u715
let u717 = !u663 ? 1 : u716
let u718 = !u695 ? 1 : u717
let u719 = [370] ? 1 : u718
let u720 = !u719 ? 1 : [902]
let u721 = [1125] ? 1 : [1182]
let u722 = [1112] ? 1 : u721
let u723 = [971] ? 1 : u722
let u724 = [1394] ? 1 : [119]
let u725 = [1320] ? 1 : u724
let u726 = [895] ? 1 : u725
let u727 = !u726 ? [440] : 0
let u728 = [1384] ? 1 : u1
let u729 = [1328] ? 1 : u728
let u730 = [1394] ? 1 : u729
let u731 = [1112] ? 1 : u730
let u732 = [1125] ? 1 : u731
let u733 = [1384] ? 1 : ![678]
let u734 = [1112] ? 1 : u733
let u735 = [1576] ? 1 : u734
let u736 = [194] ? 1 : u735
let u737 = [1384] ? 1 : [26]
let u738 = [194] ? 1 : u737
let u739 = [1576] ? 1 : u738
let u740 = [971] ? 1 : u739
let u741 = [1384] ? 1 : ![188]
let u742 = [26] ? 1 : u741
let u743 = [1576] ? 1 : u742
let u744 = [194] ? 1 : u743
let u745 = [1125] ? 1 : ![678]
let u746 = [26] ? 1 : u745
let u747 = !u744 ? 1 : !u746
let u748 = !u740 ? 1 : u747
let u749 = !u736 ? 1 : u748
let u750 = !u732 ? 1 : u749
let u751 = u727 ? 1 : u750
let u752 = [1384] ? 1 : ![188]
let u753 = [1112] ? 1 : u752
let u754 = [1576] ? 1 : u753
let u755 = [194] ? 1 : u754
let u756 = [1384] ? 1 : u1
let u757 = [1328] ? 1 : u756
let u758 = [1394] ? 1 : u757
let u759 = [1112] ? 1 : u758
let u760 = [1576] ? 1 : u759
let u761 = [337] ? 1 : u760
let u762 = [971] ? 1 : u761
let u763 = [1384] ? 1 : u1
let u764 = [1328] ? 1 : u763
let u765 = [1576] ? 1 : u764
let u766 = [1112] ? 1 : u765
let u767 = [895] ? 1 : u766
let u768 = !u762 ? 1 : !u767
let u769 = !u755 ? 1 : u768
let u770 = u751 ? 1 : u769
let u771 = !u723 ? 1 : u770
let u772 = [1382] ? 1 : u771
let u773 = !u720 ? 1 : u772
let u774 = [248] ? 1 : u773
let u775 = !u688 ? 1 : u774
let u776 = clk0 ? u775 : [360]
set [360] = u776
let u777 = clk0 ? !db1 : [361]
set [361] = u777
let u778 = clk0 ? !db4 : [369]
set [369] = u778
let u779 = [1384] ? 1 : u1
let u780 = [1329] ? 1 : u779
let u781 = [909] ? 1 : u780
let u782 = [1328] ? 1 : u781
let u783 = [1576] ? 1 : u782
let u784 = [1112] ? 1 : u783
let u785 = [337] ? 1 : u784
set [370] = !u785
let u786 = !clk0 ? !clk0 : 0
let u787 = ![509] ? u786 : 0
let u788 = !clk0 ? !clk0 : 0
let u789 = ![265] ? u788 : 0
let u790 = u787 ? 1 : u789
let u791 = [993] ? 1 : !u787
let u792 = [121] ? 1 : !u789
let u793 = u791 ? u792 : 0
let u794 = u790 ? u793 : [377]
set [377] = u794
let u795 = [1357] ? 1 : [18]
set [378] = !u795
let u796 = [1581] ? 1 : [1570]
let u797 = u796 ? [1472] : 0
set [379] = !u797
let u798 = u346 ? 1 : ![599]
let u799 = clk0 ? !u798 : [393]
set [393] = u799
let u800 = ![1674] ? clk0 : 0
let u801 = [59] ? clk0 : 0
let u802 = u800 ? 1 : u801
let u803 = ![101] ? clk0 : 0
let u804 = u802 ? 1 : u803
let u805 = ![226] ? clk0 : 0
let u806 = u804 ? 1 : u805
let u807 = ![1529] ? clk0 : 0
let u808 = u806 ? 1 : u807
let u809 = ![143] ? !u320 : 0
let u810 = ![590] ? !u809 : 0
let u811 = !u809 ? 1 : ![590]
let u812 = u810 ? 1 : !u811
let u813 = ![1674] ? clk0 : 0
let u814 = !u812 ? 1 : !u813
let u815 = [59] ? clk0 : 0
let u816 = [143] ? 1 : !u815
let u817 = u814 ? u816 : 0
let u818 = ![101] ? clk0 : 0
let u819 = !u809 ? 1 : !u818
let u820 = u817 ? u819 : 0
let u821 = ![226] ? clk0 : 0
let u822 = [841] ? 1 : !u821
let u823 = u820 ? u822 : 0
let u824 = ![1529] ? clk0 : 0
let u825 = !u320 ? 1 : !u824
let u826 = u823 ? u825 : 0
let u827 = u808 ? u826 : [394]
set [394] = u827
let u828 = clk0 ? [824] : [398]
set [398] = u828
let u829 = !clk0 ? ![610] : 0
let u830 = u829 ? [315] : [399]
set [399] = u830
let u831 = [926] ? 1 : [1131]
let u832 = [248] ? 1 : u831
let u833 = !clk0 ? !u832 : [402]
set [402] = u833
let u834 = [1645] ? 1 : [1142]
set [404] = !u834
let u835 = clk0 ? 1 : ![683]
let u836 = u835 ? 1 : ![598]
let u837 = !clk0 ? [41] : 0
let u838 = u836 ? 1 : u837
let u839 = [129] ? 1 : u28
let u840 = ![621] ? 1 : u839
let u841 = u26 ? 1 : u840
let u842 = [801] ? 1 : u841
let u843 = u842 ? ![1602] : 0
let u844 = u838 ? 1 : u843
let u845 = ![780] ? 1 : [598]
let u846 = [683] ? u845 : 0
let u847 = !clk0 ? [41] : 0
let u848 = ![116] ? 1 : !u847
let u849 = u846 ? u848 : 0
let u850 = [129] ? 1 : u28
let u851 = ![621] ? 1 : u850
let u852 = u26 ? 1 : u851
let u853 = [801] ? 1 : u852
let u854 = u853 ? ![1602] : 0
let u855 = [54] ? 1 : !u854
let u856 = u849 ? u855 : 0
let u857 = u844 ? u856 : [407]
set [407] = u857
let u858 = !u204 ? [336] : 0
let u859 = u858 ? 1 : !u205
let u860 = !u859 ? !u372 : 0
let u861 = !u199 ? 1 : !u859
let u862 = u860 ? 1 : !u861
let u863 = clk0 ? !u862 : [408]
set [408] = u863
set [409] = ![1622]
let u864 = [1184] ? 1 : ![900]
set [410] = !u864
let u865 = clk0 ? 1 : ![339]
let u866 = u865 ? 1 : ![745]
let u867 = u866 ? 1 : ![897]
let u868 = !clk0 ? ![1121] : 0
let u869 = u867 ? 1 : u868
let u870 = u869 ? 1 : ![357]
let u871 = ![418] ? 1 : [339]
let u872 = ![394] ? 1 : [745]
let u873 = u871 ? u872 : 0
let u874 = [526] ? 1 : [897]
let u875 = u873 ? u874 : 0
let u876 = !clk0 ? ![1121] : 0
let u877 = ![116] ? 1 : !u876
let u878 = u875 ? u877 : 0
let u879 = u878 ? [357] : 0
let u880 = u870 ? u879 : [413]
set [413] = u880
let u881 = [1328] ? 1 : [1329]
let u882 = !u13 ? 1 : u881
let u883 = [895] ? 1 : u882
let u884 = [194] ? 1 : u883
let u885 = !u884 ? 1 : u238
let u886 = u180 ? 1 : u885
let u887 = [522] ? 1 : u886
let u888 = clk0 ? !u887 : [415]
set [415] = u888
let u889 = clk0 ? ![1403] : [418]
set [418] = u889
let u890 = ![1110] ? ![206] : [206]
let u891 = u890 ? [899] : 0
set [430] = u891
let u892 = !clk0 ? ![190] : 0
let u893 = u892 ? [1437] : [435]
set [435] = u893
set [439] = [348]
set [440] = ![24]
let u894 = [1394] ? 1 : u1
let u895 = [1182] ? 1 : u894
let u896 = ![1533] ? 1 : u895
let u897 = [1328] ? 1 : u896
let u898 = [1112] ? 1 : u897
let u899 = [337] ? 1 : u898
let u900 = [1384] ? 1 : [1329]
let u901 = [119] ? 1 : u900
let u902 = [1125] ? 1 : u901
let u903 = [1320] ? 1 : u902
let u904 = [895] ? 1 : u903
let u905 = ![1533] ? 1 : u904
let u906 = [1112] ? 1 : u905
let u907 = [1394] ? 1 : [119]
let u908 = [1320] ? 1 : u907
let u909 = [337] ? 1 : u908
let u910 = !u13 ? 1 : u909
let u911 = [1384] ? 1 : u1
let u912 = [1320] ? 1 : u911
let u913 = [1394] ? 1 : u912
let u914 = ![1533] ? 1 : u913
let u915 = [1125] ? 1 : u914
let u916 = [1112] ? 1 : u915
let u917 = [895] ? 1 : u916
let u918 = !u910 ? 1 : !u917
let u919 = !u906 ? 1 : u918
let u920 = [1384] ? 1 : u1
let u921 = [1329] ? 1 : u920
let u922 = [1125] ? 1 : u921
let u923 = [1320] ? 1 : u922
let u924 = ![1533] ? 1 : u923
let u925 = [1112] ? 1 : u924
let u926 = [1394] ? 1 : u1
let u927 = [1320] ? 1 : u926
let u928 = [1112] ? 1 : u927
let u929 = !u13 ? 1 : u928
let u930 = [337] ? 1 : u929
let u931 = [1394] ? 1 : u1
let u932 = [1320] ? 1 : u931
let u933 = [1182] ? 1 : u932
let u934 = !u13 ? 1 : u933
let u935 = [337] ? 1 : u934
let u936 = !u930 ? 1 : !u935
let u937 = !u925 ? 1 : u936
let u938 = !u919 ? !u937 : 0
let u939 = [1384] ? 1 : [1329]
let u940 = [119] ? 1 : u939
let u941 = [1125] ? 1 : u940
let u942 = [1320] ? 1 : u941
let u943 = [1112] ? 1 : u942
let u944 = !u13 ? 1 : u943
let u945 = [337] ? 1 : u944
let u946 = [1384] ? 1 : u1
let u947 = [1328] ? 1 : u946
let u948 = [1394] ? 1 : u947
let u949 = [1112] ? 1 : u948
let u950 = [1125] ? 1 : u949
let u951 = !u13 ? 1 : u950
let u952 = [895] ? 1 : u951
let u953 = [1384] ? 1 : [119]
let u954 = ![1533] ? 1 : u953
let u955 = [1125] ? 1 : u954
let u956 = [1328] ? 1 : u955
let u957 = [1112] ? 1 : u956
let u958 = [194] ? 1 : ![1533]
let u959 = [1328] ? 1 : u958
let u960 = [1384] ? 1 : u1
let u961 = [1329] ? 1 : u960
let u962 = [1125] ? 1 : u961
let u963 = [26] ? 1 : u962
let u964 = [1320] ? 1 : u963
let u965 = !u13 ? 1 : u964
let u966 = [337] ? 1 : u965
let u967 = [1394] ? 1 : ![1533]
let u968 = [895] ? 1 : u967
let u969 = [194] ? 1 : u968
let u970 = !u966 ? 1 : !u969
let u971 = !u959 ? 1 : u970
let u972 = !u957 ? 1 : u971
let u973 = !u952 ? 1 : u972
let u974 = !u945 ? 1 : u973
let u975 = !u155 ? 1 : u974
let u976 = [653] ? 1 : u975
let u977 = u180 ? 1 : u976
let u978 = !u938 ? 1 : u977
let u979 = ![338] ? 1 : u978
let u980 = !u899 ? 1 : u979
let u981 = clk0 ? !u980 : [443]
set [443] = u981
let u982 = u10 ? [1336] : [448]
set [448] = u982
let u983 = clk0 ? ![1395] : [449]
set [449] = u983
let u984 = !clk0 ? ![190] : 0
let u985 = u984 ? [1282] : [451]
set [451] = u985
let u986 = [895] ? 1 : [119]
let u987 = !u986 ? 1 : !u625
let u988 = [248] ? 1 : !u987
let u989 = !u619 ? 1 : u988
let u990 = clk0 ? !u989 : [456]
set [456] = u990
let u991 = clk0 ? !u919 : [459]
set [459] = u991
let u992 = clk0 ? !u937 : [460]
set [460] = u992
set [464] = ![1284]
let u993 = [134] ? 1 : ![646]
set [467] = !u993
let u994 = ![584] ? 1 : ![502]
let u995 = u274 ? 1 : u994
let u996 = ![1670] ? 1 : u995
let u997 = ![292] ? 1 : u996
let u998 = [948] ? !u997 : 0
let u999 = !u998 ? ![49] : 0
let u1000 = !u998 ? 1 : ![49]
let u1001 = u999 ? 1 : !u1000
let u1002 = clk0 ? !u1001 : [469]
set [469] = u1002
let u1003 = [1678] ? [530] : 0
set [477] = !u1003
let u1004 = clk0 ? 1 : ![1683]
let u1005 = u1004 ? 1 : ![598]
let u1006 = !clk0 ? [41] : 0
let u1007 = u1005 ? 1 : u1006
let u1008 = [129] ? 1 : u28
let u1009 = ![621] ? 1 : u1008
let u1010 = u26 ? 1 : u1009
let u1011 = [801] ? 1 : u1010
let u1012 = u1011 ? ![1602] : 0
let u1013 = u1007 ? 1 : u1012
let u1014 = [469] ? 1 : [598]
let u1015 = [1683] ? u1014 : 0
let u1016 = !clk0 ? [41] : 0
let u1017 = ![498] ? 1 : !u1016
let u1018 = u1015 ? u1017 : 0
let u1019 = [129] ? 1 : u28
let u1020 = ![621] ? 1 : u1019
let u1021 = u26 ? 1 : u1020
let u1022 = [801] ? 1 : u1021
let u1023 = u1022 ? ![1602] : 0
let u1024 = [166] ? 1 : !u1023
let u1025 = u1018 ? u1024 : 0
let u1026 = u1013 ? u1025 : [483]
set [483] = u1026
let u1027 = clk0 ? 1 : u115
let u1028 = u1027 ? 1 : [247]
let u1029 = u1028 ? 1 : ![878]
let u1030 = !clk0 ? ![1221] : 0
let u1031 = u1029 ? 1 : u1030
let u1032 = [1333] ? 1 : u28
let u1033 = ![621] ? 1 : u1032
let u1034 = u26 ? 1 : u1033
let u1035 = [801] ? 1 : u1034
let u1036 = u1035 ? ![1527] : 0
let u1037 = u1031 ? 1 : u1036
let u1038 = u1037 ? 1 : ![1577]
let u1039 = [1653] ? 1 : !u115
let u1040 = [663] ? 1 : ![247]
let u1041 = u1039 ? u1040 : 0
let u1042 = ![536] ? 1 : [878]
let u1043 = u1041 ? u1042 : 0
let u1044 = !clk0 ? ![1221] : 0
let u1045 = ![529] ? 1 : !u1044
let u1046 = u1043 ? u1045 : 0
let u1047 = [1333] ? 1 : u28
let u1048 = ![621] ? 1 : u1047
let u1049 = u26 ? 1 : u1048
let u1050 = [801] ? 1 : u1049
let u1051 = u1050 ? ![1527] : 0
let u1052 = [1001] ? 1 : !u1051
let u1053 = u1046 ? u1052 : 0
let u1054 = [1370] ? 1 : [1577]
let u1055 = u1053 ? u1054 : 0
let u1056 = u1038 ? u1055 : [493]
set [493] = u1056
let u1057 = ![1674] ? clk0 : 0
let u1058 = ![101] ? clk0 : 0
let u1059 = u1057 ? 1 : u1058
let u1060 = [59] ? clk0 : 0
let u1061 = u1059 ? 1 : u1060
let u1062 = ![226] ? clk0 : 0
let u1063 = u1061 ? 1 : u1062
let u1064 = ![1529] ? clk0 : 0
let u1065 = u1063 ? 1 : u1064
let u1066 = u328 ? !u335 : 0
let u1067 = u328 ? 1 : !u335
let u1068 = u1066 ? 1 : !u1067
let u1069 = ![1674] ? clk0 : 0
let u1070 = !u1068 ? 1 : !u1069
let u1071 = ![101] ? clk0 : 0
let u1072 = u335 ? 1 : !u1071
let u1073 = u1070 ? u1072 : 0
let u1074 = [59] ? clk0 : 0
let u1075 = !u329 ? 1 : !u1074
let u1076 = u1073 ? u1075 : 0
let u1077 = ![226] ? clk0 : 0
let u1078 = !u347 ? 1 : !u1077
let u1079 = u1076 ? u1078 : 0
let u1080 = ![1529] ? clk0 : 0
let u1081 = [350] ? 1 : !u1080
let u1082 = u1079 ? u1081 : 0
let u1083 = u1065 ? u1082 : [495]
set [495] = u1083
let u1084 = clk0 ? !db5 : [498]
set [498] = u1084
let u1085 = u77 ? 1 : u79
let u1086 = [1651] ? 1 : !u77
let u1087 = ![114] ? 1 : !u79
let u1088 = u1086 ? u1087 : 0
let u1089 = u1085 ? u1088 : [502]
set [502] = u1089
let u1090 = clk0 ? u520 : [509]
set [509] = u1090
let u1091 = clk0 ? [1130] : [512]
set [512] = u1091
let u1092 = [248] ? 1 : u762
let u1093 = [1384] ? 1 : [1329]
let u1094 = [26] ? 1 : u1093
let u1095 = [1125] ? 1 : u1094
let u1096 = [119] ? 1 : u1095
let u1097 = [1320] ? 1 : u1096
let u1098 = !u13 ? 1 : u1097
let u1099 = [337] ? 1 : u1098
let u1100 = !u720 ? 1 : !u1099
let u1101 = !u1092 ? 1 : u1100
let u1102 = clk0 ? !u1101 : [521]
set [521] = u1102
let u1103 = [194] ? 1 : [1329]
let u1104 = [1328] ? 1 : u1103
let u1105 = [337] ? 1 : u1104
let u1106 = !u13 ? 1 : u1105
let u1107 = [248] ? 1 : !u1106
set [522] = u1107
let u1108 = [379] ? ![1139] : 0
let u1109 = u1108 ? 1 : [1345]
let u1110 = clk0 ? !u1109 : [526]
set [526] = u1110
let u1111 = !clk0 ? ![991] : [527]
set [527] = u1111
let u1112 = clk0 ? !db7 : [529]
set [529] = u1112
let u1113 = !clk0 ? !clk0 : 0
let u1114 = ![360] ? u1113 : 0
let u1115 = !clk0 ? !clk0 : 0
let u1116 = ![1027] ? u1115 : 0
let u1117 = u1114 ? 1 : u1116
let u1118 = [166] ? 1 : !u1114
let u1119 = u1118 ? !u1116 : 0
let u1120 = u1117 ? u1119 : [530]
set [530] = u1120
let u1121 = [344] ? 1 : ![377]
let u1122 = [1611] ? 1 : !u1121
let u1123 = !u1121 ? [1611] : 0
let u1124 = u1122 ? !u1123 : 0
let u1125 = clk0 ? !u1124 : [536]
set [536] = u1125
let u1126 = clk0 ? [862] : [537]
set [537] = u1126
let u1127 = [1077] ? 1 : [369]
set [540] = !u1127
let u1128 = !clk0 ? [879] : 0
let u1129 = [1077] ? 1 : [1690]
let u1130 = u1128 ? u1129 : [541]
set [541] = u1130
let u1131 = clk0 ? [17] : [554]
set [554] = u1131
let u1132 = clk0 ? ![1272] : [559]
set [559] = u1132
let u1133 = !u859 ? u372 : 0
let u1134 = u1133 ? 1 : u199
let u1135 = clk0 ? u1134 : [560]
set [560] = u1135
let u1136 = [1394] ? 1 : [1320]
let u1137 = !u13 ? 1 : u1136
let u1138 = [895] ? 1 : u1137
let u1139 = [194] ? 1 : u1138
let u1140 = !u1139 ? [439] : 0
let u1141 = clk0 ? !u1140 : [561]
set [561] = u1141
let u1142 = !clk0 ? ![1032] : [562]
set [562] = u1142
let u1143 = u188 ? [1287] : [573]
set [573] = u1143
let u1144 = clk0 ? !db1 : [576]
set [576] = u1144
let u1145 = clk0 ? [599] : [581]
set [581] = u1145
let u1146 = u77 ? 1 : u79
let u1147 = [315] ? 1 : !u77
let u1148 = [1061] ? 1 : !u79
let u1149 = u1147 ? u1148 : 0
let u1150 = u1146 ? u1149 : [584]
set [584] = u1150
let u1151 = u10 ? [166] : [589]
set [589] = u1151
let u1152 = [848] ? 1 : [1652]
let u1153 = [614] ? 1 : u1152
let u1154 = [960] ? 1 : u1153
let u1155 = !clk0 ? !u1154 : [590]
set [590] = u1155
let u1156 = [31] ? 1 : [337]
let u1157 = ![1328] ? 1 : u1156
let u1158 = ![337] ? 1 : [90]
let u1159 = [1328] ? 1 : u1158
let u1160 = [1328] ? 1 : [337]
let u1161 = [1045] ? 1 : u1160
let u1162 = ![337] ? 1 : [318]
let u1163 = ![1328] ? 1 : u1162
let u1164 = !u1161 ? 1 : !u1163
let u1165 = !u1159 ? 1 : u1164
let u1166 = !u1157 ? 1 : u1165
let u1167 = [270] ? !u1166 : 0
let u1168 = [270] ? 1 : !u1166
let u1169 = u1167 ? 1 : !u1168
let u1170 = !u498 ? !u1169 : 0
let u1171 = [646] ? 1 : u1170
let u1172 = ![248] ? u1171 : 0
let u1173 = [862] ? [248] : 0
let u1174 = u1172 ? 1 : u1173
let u1175 = clk0 ? !u1174 : [596]
set [596] = u1175
let u1176 = !clk0 ? ![799] : [597]
set [597] = u1176
let u1177 = !u439 ? 1 : !u517
let u1178 = [467] ? 1 : u1177
let u1179 = !u1178 ? 1 : !u493
let u1180 = clk0 ? !u1179 : [598]
set [598] = u1180
let u1181 = !clk0 ? ![561] : [599]
set [599] = u1181
let u1182 = clk0 ? ![1098] : [601]
set [601] = u1182
set [606] = ![1490]
let u1183 = [0] ? 1 : [862]
let u1184 = !u493 ? 1 : u1183
let u1185 = !u498 ? 1 : u1184
let u1186 = !u504 ? 1 : u1185
let u1187 = [646] ? 1 : u1186
let u1188 = [909] ? 1 : [1384]
let u1189 = [1112] ? 1 : u1188
let u1190 = [1576] ? 1 : u1189
let u1191 = [194] ? 1 : u1190
let u1192 = [1384] ? 1 : ![188]
let u1193 = [26] ? 1 : u1192
let u1194 = [1576] ? 1 : u1193
let u1195 = [194] ? 1 : u1194
let u1196 = [1125] ? 1 : ![678]
let u1197 = !u502 ? 1 : u1196
let u1198 = !u1195 ? 1 : !u1197
let u1199 = !u1191 ? 1 : u1198
let u1200 = [0] ? 1 : u1199
let u1201 = !u511 ? 1 : ![971]
let u1202 = u1200 ? 1 : u1201
let u1203 = u1187 ? 1 : u1202
let u1204 = [248] ? 1 : !u1203
let u1205 = [192] ? 1 : !u493
let u1206 = ![1679] ? ![1176] : 0
let u1207 = !u1205 ? 1 : !u1206
let u1208 = !u1204 ? 1 : !u1207
let u1209 = u1208 ? u493 : 0
let u1210 = u1209 ? 1 : ![357]
let u1211 = clk0 ? !u1210 : [610]
set [610] = u1211
let u1212 = clk0 ? u751 : [614]
set [614] = u1212
let u1213 = u188 ? [166] : [615]
set [615] = u1213
let u1214 = [119] ? 1 : [26]
let u1215 = [1320] ? 1 : u1214
let u1216 = [1384] ? 1 : u1215
let u1217 = !u13 ? 1 : u1216
let u1218 = [337] ? 1 : u1217
let u1219 = [1394] ? 1 : u1218
let u1220 = [1125] ? 1 : u1219
let u1221 = clk0 ? u1220 : [621]
set [621] = u1221
let u1222 = u787 ? 1 : u789
let u1223 = [72] ? 1 : !u787
let u1224 = [1630] ? 1 : !u789
let u1225 = u1223 ? u1224 : 0
let u1226 = u1222 ? u1225 : [622]
set [622] = u1226
let u1227 = !u672 ? 1 : ![443]
let u1228 = !u1227 ? [1607] : 0
let u1229 = ![991] ? !u672 : 0
let u1230 = [892] ? 1 : [833]
let u1231 = [1302] ? 1 : u1230
let u1232 = [991] ? 1 : u1231
let u1233 = [1108] ? 1 : u1232
let u1234 = [1473] ? 1 : u1233
let u1235 = [493] ? 1 : u1234
let u1236 = [1503] ? 1 : u1235
let u1237 = ![443] ? u1236 : 0
let u1238 = u1229 ? 1 : u1237
let u1239 = u1228 ? 1 : u1238
let u1240 = !clk0 ? !u1239 : [627]
set [627] = u1240
let u1241 = ![248] ? [40] : 0
let u1242 = [248] ? [706] : 0
let u1243 = u1241 ? 1 : u1242
let u1244 = !clk0 ? !u1243 : [644]
set [644] = u1244
set [646] = ![17]
let u1245 = !clk0 ? ![1438] : [653]
set [653] = u1245
let u1246 = u787 ? 1 : u789
let u1247 = [1411] ? 1 : !u787
let u1248 = [1242] ? 1 : !u789
let u1249 = u1247 ? u1248 : 0
let u1250 = u1246 ? u1249 : [655]
set [655] = u1250
let u1251 = !u1000 ? [1551] : 0
let u1252 = !u1251 ? ![205] : 0
let u1253 = ![205] ? 1 : !u1251
let u1254 = u1252 ? 1 : !u1253
let u1255 = clk0 ? !u1254 : [663]
set [663] = u1255
let u1256 = !clk0 ? [1380] : [666]
set [666] = u1256
let u1257 = !clk0 ? ![248] : [671]
set [671] = u1257
let u1258 = !clk0 ? ![610] : 0
let u1259 = u1258 ? [13] : [672]
set [672] = u1259
let u1260 = !clk0 ? [330] : [675]
set [675] = u1260
let u1261 = [1357] ? 1 : [644]
set [678] = !u1261
let u1262 = [1394] ? 1 : !u13
let u1263 = [895] ? 1 : u1262
let u1264 = [194] ? 1 : u1263
let u1265 = !u1264 ? [439] : 0
let u1266 = !u1139 ? 1 : !u1265
let u1267 = clk0 ? u1266 : [680]
set [680] = u1267
let u1268 = [704] ? [1332] : 0
set [681] = !u1268
let u1269 = [1576] ? 1 : [1182]
let u1270 = [971] ? 1 : u1269
let u1271 = [1576] ? 1 : [1384]
let u1272 = [194] ? 1 : u1271
let u1273 = [971] ? 1 : u1272
let u1274 = !u1270 ? 1 : !u1273
let u1275 = clk0 ? !u1274 : [683]
set [683] = u1275
let u1276 = clk0 ? 1 : ![339]
let u1277 = u1276 ? 1 : ![745]
let u1278 = u1277 ? 1 : ![897]
let u1279 = !clk0 ? ![1121] : 0
let u1280 = u1278 ? 1 : u1279
let u1281 = ![828] ? 1 : [339]
let u1282 = ![495] ? 1 : [745]
let u1283 = u1281 ? u1282 : 0
let u1284 = ![868] ? 1 : [897]
let u1285 = u1283 ? u1284 : 0
let u1286 = !clk0 ? ![1121] : 0
let u1287 = [464] ? 1 : !u1286
let u1288 = u1285 ? u1287 : 0
let u1289 = u1280 ? u1288 : [684]
set [684] = u1289
let u1290 = clk0 ? [1175] : [685]
set [685] = u1290
set [687] = ![31]
let u1291 = u493 ? 1 : ![1110]
let u1292 = [895] ? 1 : u1
let u1293 = [1320] ? 1 : u1292
let u1294 = [1112] ? 1 : u1293
let u1295 = !u13 ? 1 : u1294
let u1296 = [895] ? 1 : [1329]
let u1297 = [1320] ? 1 : u1296
let u1298 = [194] ? 1 : u1297
let u1299 = !u13 ? 1 : u1298
let u1300 = !u1295 ? 1 : !u1299
let u1301 = !u1291 ? 1 : u1300
let u1302 = u1301 ? 1 : !u511
let u1303 = !u1139 ? 1 : u1302
let u1304 = u1303 ? ![248] : 0
let u1305 = [1576] ? 1 : [971]
let u1306 = !u13 ? !u1305 : 0
let u1307 = [1384] ? 1 : u1
let u1308 = ![188] ? 1 : u1307
let u1309 = [1576] ? 1 : u1308
let u1310 = [1328] ? 1 : u1309
let u1311 = [1112] ? 1 : u1310
let u1312 = [337] ? 1 : u1311
let u1313 = [1384] ? 1 : u1
let u1314 = ![188] ? 1 : u1313
let u1315 = [1329] ? 1 : u1314
let u1316 = [1328] ? 1 : u1315
let u1317 = [1576] ? 1 : u1316
let u1318 = [1112] ? 1 : u1317
let u1319 = [895] ? 1 : u1318
let u1320 = ![678] ? 1 : u1
let u1321 = [1328] ? 1 : u1320
let u1322 = [1112] ? 1 : u1321
let u1323 = !u1322 ? 1 : !u736
let u1324 = !u1319 ? 1 : u1323
let u1325 = !u1312 ? 1 : u1324
let u1326 = !u668 ? 1 : u1325
let u1327 = [248] ? 1 : u1326
let u1328 = u1306 ? 1 : u1327
let u1329 = !u1304 ? !u1328 : 0
let u1330 = clk0 ? !u1329 : [688]
set [688] = u1330
let u1331 = [59] ? clk0 : 0
let u1332 = ![101] ? clk0 : 0
let u1333 = u1331 ? 1 : u1332
let u1334 = ![1674] ? clk0 : 0
let u1335 = u1333 ? 1 : u1334
let u1336 = ![226] ? clk0 : 0
let u1337 = u1335 ? 1 : u1336
let u1338 = ![1529] ? clk0 : 0
let u1339 = u1337 ? 1 : u1338
let u1340 = [59] ? clk0 : 0
let u1341 = !u323 ? 1 : !u1340
let u1342 = ![101] ? clk0 : 0
let u1343 = u337 ? 1 : !u1342
let u1344 = u1341 ? u1343 : 0
let u1345 = u322 ? !u337 : 0
let u1346 = !u337 ? 1 : u322
let u1347 = u1345 ? 1 : !u1346
let u1348 = ![1674] ? clk0 : 0
let u1349 = !u1347 ? 1 : !u1348
let u1350 = u1344 ? u1349 : 0
let u1351 = ![226] ? clk0 : 0
let u1352 = [681] ? 1 : !u1351
let u1353 = u1350 ? u1352 : 0
let u1354 = ![1529] ? clk0 : 0
let u1355 = [841] ? 1 : !u1354
let u1356 = u1353 ? u1355 : 0
let u1357 = u1339 ? u1356 : [697]
set [697] = u1357
let u1358 = [248] ? [1481] : 0
let u1359 = u1358 ? 1 : [1126]
let u1360 = !clk0 ? !u1359 : [698]
set [698] = u1360
let u1361 = u251 ? 1 : u253
let u1362 = u1361 ? 1 : u256
let u1363 = ![1473] ? 1 : !u251
let u1364 = [1473] ? 1 : !u253
let u1365 = u1363 ? u1364 : 0
let u1366 = [1242] ? 1 : !u256
let u1367 = u1365 ? u1366 : 0
let u1368 = u1362 ? u1367 : [704]
set [704] = u1368
let u1369 = clk0 ? [678] : [706]
set [706] = u1369
let u1370 = [1132] ? 1 : [1036]
set [717] = !u1370
let u1371 = u356 ? [1405] : [727]
set [727] = u1371
let u1372 = [1125] ? 1 : ![678]
let u1373 = [26] ? 1 : u1372
let u1374 = !u1373 ? 1 : !u1195
let u1375 = clk0 ? !u1374 : [729]
set [729] = u1375
let u1376 = [792] ? [1528] : 0
let u1377 = u1376 ? 1 : [1161]
set [732] = !u1377
let u1378 = !clk0 ? ![190] : 0
let u1379 = u1378 ? [1630] : [736]
set [736] = u1379
let u1380 = u356 ? [54] : [737]
set [737] = u1380
let u1381 = [1384] ? 1 : u1
let u1382 = [1329] ? 1 : u1381
let u1383 = [1576] ? 1 : u1382
let u1384 = [1328] ? 1 : u1383
let u1385 = [1112] ? 1 : u1384
let u1386 = !u13 ? 1 : u1385
let u1387 = [1125] ? 1 : u1
let u1388 = [1182] ? 1 : u1387
let u1389 = [895] ? 1 : u1388
let u1390 = [1328] ? 1 : u1389
let u1391 = [1112] ? 1 : u1390
let u1392 = !u13 ? 1 : u1391
let u1393 = !u1191 ? 1 : [678]
let u1394 = [188] ? 1 : u1393
let u1395 = !u1392 ? 1 : u1394
let u1396 = !u1386 ? 1 : u1395
let u1397 = [0] ? 1 : u1396
let u1398 = !u695 ? 1 : u1397
let u1399 = [192] ? 1 : !u1398
let u1400 = clk0 ? u1399 : [745]
set [745] = u1400
let u1401 = [1551] ? 1 : !u1000
let u1402 = u1401 ? !u1251 : 0
let u1403 = clk0 ? !u1402 : [751]
set [751] = u1403
let u1404 = clk0 ? ![81] : [752]
set [752] = u1404
let u1405 = ![493] ? [1269] : 0
let u1406 = ![1269] ? [1530] : 0
let u1407 = u1405 ? 1 : u1406
let u1408 = !clk0 ? !u1407 : [756]
set [756] = u1408
let u1409 = clk0 ? !db0 : [758]
set [758] = u1409
let u1410 = !clk0 ? !u832 : [759]
set [759] = u1410
let u1411 = !u498 ? 1 : [646]
let u1412 = ![334] ? 1 : ![675]
let u1413 = u1412 ? [264] : 0
let u1414 = u1411 ? !u1413 : 0
let u1415 = u1414 ? 1 : [50]
let u1416 = clk0 ? !u1415 : [760]
set [760] = u1416
set [765] = ![1123]
let u1417 = u10 ? [1001] : [777]
set [777] = u1417
let u1418 = [1670] ? 1 : !u274
let u1419 = u1418 ? !u275 : 0
let u1420 = clk0 ? !u1419 : [780]
set [780] = u1420
let u1421 = !clk0 ? ![73] : [785]
set [785] = u1421
let u1422 = [1077] ? 1 : [894]
let u1423 = u1422 ? 1 : [1671]
let u1424 = [1622] ? 1 : u1423
let u1425 = [809] ? 1 : [540]
let u1426 = !u1129 ? 1 : u1425
let u1427 = !u1424 ? u1426 : 0
let u1428 = u1129 ? 1 : [540]
let u1429 = [1671] ? 1 : u1428
let u1430 = [1622] ? 1 : u1429
let u1431 = !u1422 ? 1 : u1430
let u1432 = [1671] ? 1 : [540]
let u1433 = u1422 ? 1 : u1432
let u1434 = [409] ? 1 : u1433
let u1435 = !u1431 ? 1 : !u1434
let u1436 = u1427 ? 1 : u1435
let u1437 = !clk0 ? !u1436 : [792]
set [792] = u1437
let u1438 = clk0 ? u1101 : [796]
set [796] = u1438
let u1439 = clk0 ? [264] : [799]
set [799] = u1439
let u1440 = !clk0 ? !clk0 : 0
let u1441 = ![1113] ? u1440 : 0
set [801] = u1441
let u1442 = clk0 ? !u1304 : [805]
set [805] = u1442
let u1443 = [1077] ? 1 : [361]
set [809] = !u1443
let u1444 = !u997 ? 1 : [948]
let u1445 = u1444 ? !u998 : 0
let u1446 = clk0 ? !u1445 : [820]
set [820] = u1446
let u1447 = !clk0 ? ![1302] : [823]
set [823] = u1447
let u1448 = [1384] ? 1 : u1
let u1449 = [1329] ? 1 : u1448
let u1450 = [1576] ? 1 : u1449
let u1451 = [1328] ? 1 : u1450
let u1452 = [971] ? 1 : u1451
let u1453 = [1112] ? 1 : u1452
let u1454 = [337] ? 1 : u1453
let u1455 = [1384] ? 1 : u1
let u1456 = ![678] ? 1 : u1455
let u1457 = [1394] ? 1 : u1456
let u1458 = [1328] ? 1 : u1457
let u1459 = [1576] ? 1 : u1458
let u1460 = [1112] ? 1 : u1459
let u1461 = [337] ? 1 : u1460
let u1462 = !u1454 ? 1 : !u1461
set [824] = !u1462
let u1463 = [926] ? 1 : [1350]
set [827] = !u1463
let u1464 = clk0 ? ![1532] : [828]
set [828] = u1464
let u1465 = clk0 ? !db5 : [829]
set [829] = u1465
let u1466 = !u1169 ? !u498 : 0
let u1467 = !u498 ? 1 : !u493
let u1468 = u1467 ? 1 : !u520
let u1469 = u1466 ? 1 : !u1468
let u1470 = clk0 ? !u1469 : [832]
set [832] = u1470
let u1471 = clk0 ? 1 : u115
let u1472 = u1471 ? 1 : [247]
let u1473 = u1472 ? 1 : ![878]
let u1474 = !clk0 ? ![1221] : 0
let u1475 = u1473 ? 1 : u1474
let u1476 = [129] ? 1 : u28
let u1477 = ![621] ? 1 : u1476
let u1478 = u26 ? 1 : u1477
let u1479 = [801] ? 1 : u1478
let u1480 = u1479 ? ![1527] : 0
let u1481 = u1475 ? 1 : u1480
let u1482 = u1481 ? 1 : ![1577]
let u1483 = [1136] ? 1 : !u115
let u1484 = ![751] ? 1 : ![247]
let u1485 = u1483 ? u1484 : 0
let u1486 = [993] ? 1 : [878]
let u1487 = u1485 ? u1486 : 0
let u1488 = !clk0 ? ![1221] : 0
let u1489 = [1116] ? 1 : !u1488
let u1490 = u1487 ? u1489 : 0
let u1491 = [129] ? 1 : u28
let u1492 = ![621] ? 1 : u1491
let u1493 = u26 ? 1 : u1492
let u1494 = [801] ? 1 : u1493
let u1495 = u1494 ? ![1527] : 0
let u1496 = [1336] ? 1 : !u1495
let u1497 = u1490 ? u1496 : 0
let u1498 = [77] ? 1 : [1577]
let u1499 = u1497 ? u1498 : 0
let u1500 = u1482 ? u1499 : [833]
set [833] = u1500
let u1501 = [1432] ? [1248] : 0
set [841] = !u1501
let u1502 = u188 ? [1001] : [843]
set [843] = u1502
let u1503 = ![678] ? 1 : u1
let u1504 = [1182] ? 1 : u1503
let u1505 = [1328] ? 1 : u1504
let u1506 = [1112] ? 1 : u1505
let u1507 = [895] ? 1 : u1506
let u1508 = [1125] ? 1 : u1507
let u1509 = [1394] ? 1 : [119]
let u1510 = [1328] ? 1 : u1509
let u1511 = [337] ? 1 : u1510
let u1512 = !u1264 ? 1 : !u1511
let u1513 = [646] ? 1 : [440]
let u1514 = [31] ? 1 : !u1513
let u1515 = u1512 ? !u1514 : 0
let u1516 = u1508 ? !u1515 : 0
let u1517 = clk0 ? !u1516 : [848]
set [848] = u1517
let u1518 = res ? clk0 : 0
let u1519 = [854] ? 1 : u1518
let u1520 = !res ? clk0 : 0
let u1521 = !u1519 ? 1 : u1520
set [854] = !u1521
let u1522 = !u465 ? 1 : ![1565]
let u1523 = u465 ? 1 : ![581]
let u1524 = !u1522 ? 1 : !u1523
let u1525 = !u1524 ? ![166] : 0
let u1526 = ![166] ? 1 : !u1524
let u1527 = u1525 ? 1 : !u1526
let u1528 = u356 ? !u1527 : [858]
set [858] = u1528
set [862] = ![666]
let u1529 = clk0 ? 0 : [865]
set [865] = u1529
let u1530 = [1359] ? 1 : [1253]
let u1531 = u1530 ? [1184] : 0
let u1532 = clk0 ? !u1531 : [868]
set [868] = u1532
set [872] = ![697]
let u1533 = !clk0 ? ![892] : [873]
set [873] = u1533
let u1534 = clk0 ? ![1338] : [878]
set [878] = u1534
let u1535 = [248] ? 1 : ![1011]
set [879] = !u1535
let u1536 = !clk0 ? ![190] : 0
let u1537 = u1536 ? [121] : [887]
set [887] = u1537
let u1538 = clk0 ? 1 : u115
let u1539 = u1538 ? 1 : [247]
let u1540 = u1539 ? 1 : ![878]
let u1541 = !clk0 ? ![1221] : 0
let u1542 = u1540 ? 1 : u1541
let u1543 = [129] ? 1 : u28
let u1544 = ![621] ? 1 : u1543
let u1545 = u26 ? 1 : u1544
let u1546 = [801] ? 1 : u1545
let u1547 = u1546 ? ![1527] : 0
let u1548 = u1542 ? 1 : u1547
let u1549 = u1548 ? 1 : ![1577]
let u1550 = [727] ? 1 : !u115
let u1551 = ![820] ? 1 : ![247]
let u1552 = u1550 ? u1551 : 0
let u1553 = [15] ? 1 : [878]
let u1554 = u1552 ? u1553 : 0
let u1555 = !clk0 ? ![1221] : 0
let u1556 = ![1516] ? 1 : !u1555
let u1557 = u1554 ? u1556 : 0
let u1558 = [129] ? 1 : u28
let u1559 = ![621] ? 1 : u1558
let u1560 = u26 ? 1 : u1559
let u1561 = [801] ? 1 : u1560
let u1562 = u1561 ? ![1527] : 0
let u1563 = [1405] ? 1 : !u1562
let u1564 = u1557 ? u1563 : 0
let u1565 = [1119] ? 1 : [1577]
let u1566 = u1564 ? u1565 : 0
let u1567 = u1549 ? u1566 : [892]
set [892] = u1567
let u1568 = [59] ? clk0 : 0
let u1569 = ![1674] ? clk0 : 0
let u1570 = u1568 ? 1 : u1569
let u1571 = ![1529] ? clk0 : 0
let u1572 = u1570 ? 1 : u1571
let u1573 = ![101] ? clk0 : 0
let u1574 = u1572 ? 1 : u1573
let u1575 = ![226] ? clk0 : 0
let u1576 = u1574 ? 1 : u1575
let u1577 = [59] ? clk0 : 0
let u1578 = !u202 ? 1 : !u1577
let u1579 = ![142] ? !u368 : 0
let u1580 = !u368 ? 1 : ![142]
let u1581 = u1579 ? 1 : !u1580
let u1582 = ![1674] ? clk0 : 0
let u1583 = !u1581 ? 1 : !u1582
let u1584 = u1578 ? u1583 : 0
let u1585 = ![1529] ? clk0 : 0
let u1586 = [477] ? 1 : !u1585
let u1587 = u1584 ? u1586 : 0
let u1588 = ![101] ? clk0 : 0
let u1589 = u368 ? 1 : !u1588
let u1590 = u1587 ? u1589 : 0
let u1591 = ![226] ? clk0 : 0
let u1592 = [336] ? 1 : !u1591
let u1593 = u1590 ? u1592 : 0
let u1594 = u1576 ? u1593 : [893]
set [893] = u1594
let u1595 = clk0 ? !db3 : [894]
set [894] = u1595
set [895] = [1675]
let u1596 = clk0 ? !u517 : [897]
set [897] = u1596
let u1597 = u493 ? 1 : ![559]
let u1598 = clk0 ? !u1597 : [899]
set [899] = u1598
let u1599 = u787 ? 1 : u789
let u1600 = [15] ? 1 : !u787
let u1601 = [1437] ? 1 : !u789
let u1602 = u1600 ? u1601 : 0
let u1603 = u1599 ? u1602 : [900]
set [900] = u1603
let u1604 = !clk0 ? [248] : [902]
set [902] = u1604
set [909] = ![378]
let u1605 = [206] ? [559] : 0
let u1606 = ![1176] ? 1 : [559]
let u1607 = u1605 ? 1 : !u1606
set [916] = !u1607
set [926] = ![717]
let u1608 = !clk0 ? [879] : 0
let u1609 = u1608 ? ![540] : [927]
set [927] = u1609
set [936] = ![841]
let u1610 = clk0 ? [378] : [940]
set [940] = u1610
set [945] = ![1288]
let u1611 = u77 ? 1 : u79
let u1612 = [1160] ? 1 : !u77
let u1613 = ![820] ? 1 : !u79
let u1614 = u1612 ? u1613 : 0
let u1615 = u1611 ? u1614 : [948]
set [948] = u1615
let u1616 = clk0 ? !db2 : [955]
set [955] = u1616
let u1617 = [430] ? 1 : [294]
set [959] = !u1617
let u1618 = clk0 ? u1301 : [960]
set [960] = u1618
let u1619 = clk0 ? u238 : [968]
set [968] = u1619
set [971] = ![1575]
let u1620 = [26] ? 1 : u1
let u1621 = [1320] ? 1 : u1620
let u1622 = [1384] ? 1 : u1621
let u1623 = !u13 ? 1 : u1622
let u1624 = [895] ? 1 : u1623
let u1625 = [1125] ? 1 : u1624
let u1626 = clk0 ? u1625 : [974]
set [974] = u1626
let u1627 = u251 ? 1 : u253
let u1628 = u1627 ? 1 : u256
let u1629 = ![1108] ? 1 : !u251
let u1630 = [1108] ? 1 : !u253
let u1631 = u1629 ? u1630 : 0
let u1632 = [413] ? 1 : !u256
let u1633 = u1631 ? u1632 : 0
let u1634 = u1628 ? u1633 : [977]
set [977] = u1634
let u1635 = [872] ? [393] : 0
let u1636 = ![1341] ? ![872] : 0
let u1637 = u1635 ? 1 : u1636
let u1638 = !u1637 ? ![1287] : 0
let u1639 = !u1637 ? 1 : ![1287]
let u1640 = u1638 ? 1 : !u1639
let u1641 = u356 ? !u1640 : [978]
set [978] = u1641
let u1642 = clk0 ? !u884 : [982]
set [982] = u1642
set [988] = ![350]
let u1643 = u188 ? [1405] : [989]
set [989] = u1643
let u1644 = clk0 ? 1 : u115
let u1645 = u1644 ? 1 : [247]
let u1646 = u1645 ? 1 : ![878]
let u1647 = !clk0 ? ![1221] : 0
let u1648 = u1646 ? 1 : u1647
let u1649 = [129] ? 1 : u28
let u1650 = ![621] ? 1 : u1649
let u1651 = u26 ? 1 : u1650
let u1652 = [801] ? 1 : u1651
let u1653 = u1652 ? ![1527] : 0
let u1654 = u1648 ? 1 : u1653
let u1655 = u1654 ? 1 : ![1577]
let u1656 = [1234] ? 1 : !u115
let u1657 = [126] ? 1 : ![247]
let u1658 = u1656 ? u1657 : 0
let u1659 = ![1102] ? 1 : [878]
let u1660 = u1658 ? u1659 : 0
let u1661 = !clk0 ? ![1221] : 0
let u1662 = ![576] ? 1 : !u1661
let u1663 = u1660 ? u1662 : 0
let u1664 = [129] ? 1 : u28
let u1665 = ![621] ? 1 : u1664
let u1666 = u26 ? 1 : u1665
let u1667 = [801] ? 1 : u1666
let u1668 = u1667 ? ![1527] : 0
let u1669 = [1150] ? 1 : !u1668
let u1670 = u1663 ? u1669 : 0
let u1671 = [1444] ? 1 : [1577]
let u1672 = u1670 ? u1671 : 0
let u1673 = u1655 ? u1672 : [991]
set [991] = u1673
let u1674 = [344] ? ![377] : 0
let u1675 = u1674 ? 1 : !u1121
let u1676 = clk0 ? !u1675 : [993]
set [993] = u1676
let u1677 = clk0 ? 1 : [801]
let u1678 = u1677 ? 1 : u26
let u1679 = u1678 ? 1 : ![621]
let u1680 = u1679 ? 1 : [1333]
let u1681 = u1680 ? 1 : u28
let u1682 = !clk0 ? ![1221] : 0
let u1683 = u1682 ? 1 : ![1577]
let u1684 = ![878] ? 1 : u1683
let u1685 = [247] ? 1 : u1684
let u1686 = u115 ? 1 : u1685
let u1687 = u1686 ? ![1527] : 0
let u1688 = u1681 ? 1 : u1687
let u1689 = !clk0 ? [41] : 0
let u1690 = ![598] ? 1 : u1689
let u1691 = ![1683] ? 1 : u1690
let u1692 = u1691 ? ![1602] : 0
let u1693 = u1688 ? 1 : u1692
let u1694 = [843] ? 1 : ![801]
let u1695 = [777] ? 1 : !u26
let u1696 = u1694 ? u1695 : 0
let u1697 = ![181] ? 1 : [621]
let u1698 = u1696 ? u1697 : 0
let u1699 = [765] ? 1 : ![1333]
let u1700 = u1698 ? u1699 : 0
let u1701 = [1653] ? 1 : !u28
let u1702 = u1700 ? u1701 : 0
let u1703 = !clk0 ? ![1221] : 0
let u1704 = u1703 ? 1 : ![1577]
let u1705 = ![878] ? 1 : u1704
let u1706 = [247] ? 1 : u1705
let u1707 = u115 ? 1 : u1706
let u1708 = u1707 ? ![1527] : 0
let u1709 = [493] ? 1 : !u1708
let u1710 = u1702 ? u1709 : 0
let u1711 = !clk0 ? [41] : 0
let u1712 = ![598] ? 1 : u1711
let u1713 = ![1683] ? 1 : u1712
let u1714 = u1713 ? ![1602] : 0
let u1715 = [1539] ? 1 : !u1714
let u1716 = u1710 ? u1715 : 0
let u1717 = u1693 ? u1716 : [1001]
set [1001] = u1717
set [1005] = ![222]
let u1718 = [1624] ? 1 : !u238
let u1719 = clk0 ? !u1718 : [1008]
set [1008] = u1719
let u1720 = clk0 ? [862] : [1011]
set [1011] = u1720
let u1721 = [467] ? 1 : u1200
let u1722 = clk0 ? !u1721 : [1020]
set [1020] = u1722
let u1723 = u787 ? 1 : u789
let u1724 = ![1102] ? 1 : !u787
let u1725 = [1282] ? 1 : !u789
let u1726 = u1724 ? u1725 : 0
let u1727 = u1723 ? u1726 : [1022]
set [1022] = u1727
let u1728 = clk0 ? !u775 : [1027]
set [1027] = u1728
let u1729 = clk0 ? ![1212] : [1029]
set [1029] = u1729
let u1730 = ![1032] ? 1 : clk0
set [1032] = !u1730
let u1731 = clk0 ? ![1395] : [1036]
set [1036] = u1731
set [1045] = ![69]
let u1732 = !u672 ? 1 : u238
let u1733 = clk0 ? !u1732 : [1049]
set [1049] = u1733
let u1734 = clk0 ? [31] : [1051]
set [1051] = u1734
let u1735 = !u278 ? ![584] : 0
let u1736 = ![584] ? 1 : !u278
let u1737 = u1735 ? 1 : !u1736
let u1738 = clk0 ? !u1737 : [1061]
set [1061] = u1738
let u1739 = clk0 ? ![183] : [1064]
set [1064] = u1739
let u1740 = [879] ? [827] : 0
set [1077] = !u1740
let u1741 = clk0 ? [334] : [1078]
set [1078] = u1741
let u1742 = u243 ? ![601] : [1098]
let u1743 = u241 ? [166] : u1742
set [1098] = u1743
let u1744 = [1345] ? 1 : [1022]
let u1745 = u1744 ? [1542] : 0
let u1746 = clk0 ? !u1745 : [1102]
set [1102] = u1746
let u1747 = [26] ? 1 : u1
let u1748 = [1328] ? 1 : u1747
let u1749 = [1384] ? 1 : u1748
let u1750 = !u13 ? 1 : u1749
let u1751 = [337] ? 1 : u1750
let u1752 = [1125] ? 1 : u1751
let u1753 = clk0 ? u1752 : [1104]
set [1104] = u1753
let u1754 = clk0 ? 1 : u115
let u1755 = u1754 ? 1 : [247]
let u1756 = u1755 ? 1 : ![878]
let u1757 = !clk0 ? ![1221] : 0
let u1758 = u1756 ? 1 : u1757
let u1759 = [129] ? 1 : u28
let u1760 = ![621] ? 1 : u1759
let u1761 = u26 ? 1 : u1760
let u1762 = [801] ? 1 : u1761
let u1763 = u1762 ? ![1527] : 0
let u1764 = u1758 ? 1 : u1763
let u1765 = u1764 ? 1 : ![1577]
let u1766 = [737] ? 1 : !u115
let u1767 = ![780] ? 1 : ![247]
let u1768 = u1766 ? u1767 : 0
let u1769 = [526] ? 1 : [878]
let u1770 = u1768 ? u1769 : 0
let u1771 = !clk0 ? ![1221] : 0
let u1772 = ![116] ? 1 : !u1771
let u1773 = u1770 ? u1772 : 0
let u1774 = [129] ? 1 : u28
let u1775 = ![621] ? 1 : u1774
let u1776 = u26 ? 1 : u1775
let u1777 = [801] ? 1 : u1776
let u1778 = u1777 ? ![1527] : 0
let u1779 = [54] ? 1 : !u1778
let u1780 = u1773 ? u1779 : 0
let u1781 = [687] ? 1 : [1577]
let u1782 = u1780 ? u1781 : 0
let u1783 = u1765 ? u1782 : [1108]
set [1108] = u1783
set [1110] = ![756]
set [1112] = ![927]
let u1784 = [971] ? 1 : [26]
let u1785 = [1182] ? 1 : u1784
let u1786 = [1320] ? 1 : [119]
let u1787 = [337] ? 1 : u1786
let u1788 = !u1785 ? !u1787 : 0
let u1789 = [1329] ? 1 : u1
let u1790 = [1320] ? 1 : u1789
let u1791 = [1182] ? 1 : u1790
let u1792 = [337] ? 1 : u1791
let u1793 = [335] ? !u1792 : 0
let u1794 = [1384] ? 1 : u1
let u1795 = [1329] ? 1 : u1794
let u1796 = [1125] ? 1 : u1795
let u1797 = [26] ? 1 : u1796
let u1798 = [1320] ? 1 : u1797
let u1799 = !u13 ? 1 : u1798
let u1800 = [337] ? 1 : u1799
let u1801 = [1329] ? 1 : u1
let u1802 = [1320] ? 1 : u1801
let u1803 = [895] ? 1 : u1802
let u1804 = [1112] ? 1 : u1803
let u1805 = !u13 ? 1 : u1804
let u1806 = [1384] ? 1 : ![678]
let u1807 = [26] ? 1 : u1806
let u1808 = [1576] ? 1 : u1807
let u1809 = [194] ? 1 : u1808
let u1810 = [1384] ? 1 : u1
let u1811 = [1329] ? 1 : u1810
let u1812 = [1125] ? 1 : u1811
let u1813 = [1320] ? 1 : u1812
let u1814 = [1112] ? 1 : u1813
let u1815 = !u13 ? 1 : u1814
let u1816 = [1384] ? 1 : [26]
let u1817 = [194] ? 1 : u1816
let u1818 = [1125] ? 1 : u1817
let u1819 = [971] ? 1 : u1818
let u1820 = !u1815 ? 1 : !u1819
let u1821 = !u1809 ? 1 : u1820
let u1822 = !u1805 ? 1 : u1821
let u1823 = !u1800 ? 1 : u1822
let u1824 = u1793 ? 1 : u1823
let u1825 = u1788 ? 1 : u1824
let u1826 = clk0 ? !u1825 : [1113]
set [1113] = u1826
set [1116] = ![1537]
set [1119] = [827]
let u1827 = clk0 ? !u1274 : [1121]
set [1121] = u1827
let u1828 = ![101] ? clk0 : 0
let u1829 = ![1529] ? clk0 : 0
let u1830 = u1828 ? 1 : u1829
let u1831 = [59] ? clk0 : 0
let u1832 = u1830 ? 1 : u1831
let u1833 = ![1674] ? clk0 : 0
let u1834 = u1832 ? 1 : u1833
let u1835 = ![226] ? clk0 : 0
let u1836 = u1834 ? 1 : u1835
let u1837 = ![101] ? clk0 : 0
let u1838 = u373 ? 1 : !u1837
let u1839 = ![1529] ? clk0 : 0
let u1840 = !u199 ? 1 : !u1839
let u1841 = u1838 ? u1840 : 0
let u1842 = [59] ? clk0 : 0
let u1843 = !u372 ? 1 : !u1842
let u1844 = u1841 ? u1843 : 0
let u1845 = u859 ? !u373 : 0
let u1846 = !u373 ? 1 : u859
let u1847 = u1845 ? 1 : !u1846
let u1848 = ![1674] ? clk0 : 0
let u1849 = !u1847 ? 1 : !u1848
let u1850 = u1844 ? u1849 : 0
let u1851 = ![226] ? clk0 : 0
let u1852 = u1836 ? u1850 : [1123]
set [1123] = u1852
let u1853 = [26] ? 1 : u1
let u1854 = [1328] ? 1 : u1853
let u1855 = [1384] ? 1 : u1854
let u1856 = !u13 ? 1 : u1855
let u1857 = [895] ? 1 : u1856
let u1858 = [1125] ? 1 : u1857
let u1859 = clk0 ? u1858 : [1124]
set [1124] = u1859
set [1125] = [1620]
let u1860 = clk0 ? [1465] : [1126]
set [1126] = u1860
let u1861 = [653] ? 1 : [862]
let u1862 = !u720 ? 1 : u1861
let u1863 = [192] ? 1 : u1862
let u1864 = !u511 ? 1 : u1863
set [1130] = !u1864
let u1865 = [1384] ? 1 : u1
let u1866 = ![188] ? 1 : u1865
let u1867 = [1329] ? 1 : u1866
let u1868 = [1328] ? 1 : u1867
let u1869 = [1576] ? 1 : u1868
let u1870 = [1112] ? 1 : u1869
let u1871 = [337] ? 1 : u1870
let u1872 = [824] ? ![1338] : 0
let u1873 = [1384] ? 1 : u1
let u1874 = [1329] ? 1 : u1873
let u1875 = [1125] ? 1 : u1874
let u1876 = [1328] ? 1 : u1875
let u1877 = [971] ? 1 : u1876
let u1878 = [1112] ? 1 : u1877
let u1879 = !u1872 ? 1 : !u1878
let u1880 = !u1871 ? 1 : u1879
let u1881 = [335] ? 1 : u1880
let u1882 = [440] ? 1 : u1881
let u1883 = [653] ? 1 : u1882
let u1884 = clk0 ? !u1883 : [1131]
set [1131] = u1884
let u1885 = [1382] ? 1 : [717]
let u1886 = !clk0 ? !u1885 : [1132]
set [1132] = u1886
let u1887 = [314] ? !u1523 : 0
let u1888 = ![314] ? !u1522 : 0
let u1889 = u1887 ? 1 : u1888
let u1890 = !u1889 ? ![1336] : 0
let u1891 = !u1889 ? 1 : ![1336]
let u1892 = u1890 ? 1 : !u1891
let u1893 = u356 ? !u1892 : [1136]
set [1136] = u1893
let u1894 = u787 ? 1 : u789
let u1895 = [526] ? 1 : !u787
let u1896 = [413] ? 1 : !u789
let u1897 = u1895 ? u1896 : 0
let u1898 = u1894 ? u1897 : [1139]
set [1139] = u1898
let u1899 = u1114 ? 1 : u1116
let u1900 = [1405] ? 1 : !u1114
let u1901 = u1900 ? !u1116 : 0
let u1902 = u1899 ? u1901 : [1142]
set [1142] = u1902
let u1903 = u188 ? [1150] : [1148]
set [1148] = u1903
let u1904 = ![1431] ? 1 : ![1032]
let u1905 = [1374] ? 1 : u1904
let u1906 = !clk0 ? !u1905 : [1149]
set [1149] = u1906
let u1907 = clk0 ? 1 : [801]
let u1908 = u1907 ? 1 : u26
let u1909 = u1908 ? 1 : ![621]
let u1910 = u1909 ? 1 : [129]
let u1911 = u1910 ? 1 : u28
let u1912 = !clk0 ? ![1221] : 0
let u1913 = u1912 ? 1 : ![1577]
let u1914 = ![878] ? 1 : u1913
let u1915 = [247] ? 1 : u1914
let u1916 = u115 ? 1 : u1915
let u1917 = u1916 ? ![1527] : 0
let u1918 = u1911 ? 1 : u1917
let u1919 = !clk0 ? [41] : 0
let u1920 = ![598] ? 1 : u1919
let u1921 = ![1683] ? 1 : u1920
let u1922 = u1921 ? ![1602] : 0
let u1923 = u1918 ? 1 : u1922
let u1924 = [1148] ? 1 : ![801]
let u1925 = [98] ? 1 : !u26
let u1926 = u1924 ? u1925 : 0
let u1927 = ![1064] ? 1 : [621]
let u1928 = u1926 ? u1927 : 0
let u1929 = [872] ? 1 : ![129]
let u1930 = u1928 ? u1929 : 0
let u1931 = [1234] ? 1 : !u28
let u1932 = u1930 ? u1931 : 0
let u1933 = !clk0 ? ![1221] : 0
let u1934 = u1933 ? 1 : ![1577]
let u1935 = ![878] ? 1 : u1934
let u1936 = [247] ? 1 : u1935
let u1937 = u115 ? 1 : u1936
let u1938 = u1937 ? ![1527] : 0
let u1939 = [991] ? 1 : !u1938
let u1940 = u1932 ? u1939 : 0
let u1941 = !clk0 ? [41] : 0
let u1942 = ![598] ? 1 : u1941
let u1943 = ![1683] ? 1 : u1942
let u1944 = u1943 ? ![1602] : 0
let u1945 = [52] ? 1 : !u1944
let u1946 = u1940 ? u1945 : 0
let u1947 = u1923 ? u1946 : [1150]
set [1150] = u1947
let u1948 = clk0 ? 1 : ![1683]
let u1949 = u1948 ? 1 : ![598]
let u1950 = !clk0 ? [41] : 0
let u1951 = u1949 ? 1 : u1950
let u1952 = [129] ? 1 : u28
let u1953 = ![621] ? 1 : u1952
let u1954 = u26 ? 1 : u1953
let u1955 = [801] ? 1 : u1954
let u1956 = u1955 ? ![1602] : 0
let u1957 = u1951 ? 1 : u1956
let u1958 = ![820] ? 1 : [598]
let u1959 = [1683] ? u1958 : 0
let u1960 = !clk0 ? [41] : 0
let u1961 = ![1516] ? 1 : !u1960
let u1962 = u1959 ? u1961 : 0
let u1963 = [129] ? 1 : u28
let u1964 = ![621] ? 1 : u1963
let u1965 = u26 ? 1 : u1964
let u1966 = [801] ? 1 : u1965
let u1967 = u1966 ? ![1602] : 0
let u1968 = [1405] ? 1 : !u1967
let u1969 = u1962 ? u1968 : 0
let u1970 = u1957 ? u1969 : [1160]
set [1160] = u1970
let u1971 = !clk0 ? ![1380] : [1161]
set [1161] = u1971
let u1972 = clk0 ? !u1187 : [1162]
set [1162] = u1972
let u1973 = u1114 ? 1 : u1116
let u1974 = [54] ? 1 : !u1114
let u1975 = u1974 ? !u1116 : 0
let u1976 = u1973 ? u1975 : [1167]
set [1167] = u1976
set [1175] = ![1447]
let u1977 = clk0 ? ![1409] : [1176]
set [1176] = u1977
let u1978 = ![94] ? 1 : [1274]
let u1979 = clk0 ? !u1978 : [1177]
set [1177] = u1979
set [1182] = [1300]
let u1980 = [1253] ? [1359] : 0
set [1184] = !u1980
let u1981 = clk0 ? 1 : [801]
let u1982 = u1981 ? 1 : u26
let u1983 = u1982 ? 1 : ![621]
let u1984 = u1983 ? 1 : [129]
let u1985 = u1984 ? 1 : u28
let u1986 = !clk0 ? ![1221] : 0
let u1987 = u1986 ? 1 : ![1577]
let u1988 = ![878] ? 1 : u1987
let u1989 = [247] ? 1 : u1988
let u1990 = u115 ? 1 : u1989
let u1991 = u1990 ? ![1527] : 0
let u1992 = u1985 ? 1 : u1991
let u1993 = !clk0 ? [41] : 0
let u1994 = ![598] ? 1 : u1993
let u1995 = ![1683] ? 1 : u1994
let u1996 = u1995 ? ![1602] : 0
let u1997 = u1992 ? 1 : u1996
let u1998 = [305] ? 1 : ![801]
let u1999 = [1648] ? 1 : !u26
let u2000 = u1998 ? u1999 : 0
let u2001 = ![828] ? 1 : [621]
let u2002 = u2000 ? u2001 : 0
let u2003 = ![495] ? 1 : ![129]
let u2004 = u2002 ? u2003 : 0
let u2005 = [162] ? 1 : !u28
let u2006 = u2004 ? u2005 : 0
let u2007 = !clk0 ? ![1221] : 0
let u2008 = u2007 ? 1 : ![1577]
let u2009 = ![878] ? 1 : u2008
let u2010 = [247] ? 1 : u2009
let u2011 = u115 ? 1 : u2010
let u2012 = u2011 ? ![1527] : 0
let u2013 = [1302] ? 1 : !u2012
let u2014 = u2006 ? u2013 : 0
let u2015 = !clk0 ? [41] : 0
let u2016 = ![598] ? 1 : u2015
let u2017 = ![1683] ? 1 : u2016
let u2018 = u2017 ? ![1602] : 0
let u2019 = [315] ? 1 : !u2018
let u2020 = u2014 ? u2019 : 0
let u2021 = u1997 ? u2020 : [1188]
set [1188] = u2021
let u2022 = u243 ? ![1029] : [1212]
let u2023 = u241 ? [1336] : u2022
set [1212] = u2023
let u2024 = !u987 ? u621 : 0
let u2025 = [248] ? 1 : !u2024
let u2026 = [916] ? 1 : u2025
let u2027 = [729] ? 1 : u2026
let u2028 = !u2027 ? 1 : ![1713]
let u2029 = [1382] ? 1 : u2028
set [1215] = !u2029
let u2030 = u10 ? [54] : [1216]
set [1216] = u2030
let u2031 = [1125] ? 1 : u1
let u2032 = ![188] ? 1 : u2031
let u2033 = [895] ? 1 : u2032
let u2034 = [1182] ? 1 : u2033
let u2035 = [1328] ? 1 : u2034
let u2036 = [1112] ? 1 : u2035
let u2037 = [646] ? 1 : !u504
let u2038 = [1384] ? 1 : u1
let u2039 = [1328] ? 1 : u2038
let u2040 = [1125] ? 1 : u2039
let u2041 = [1112] ? 1 : u2040
let u2042 = !u2041 ? 1 : [1384]
let u2043 = [328] ? 1 : u2042
let u2044 = [1125] ? 1 : u2043
let u2045 = !u2037 ? 1 : !u2044
let u2046 = [1384] ? 1 : ![678]
let u2047 = [26] ? 1 : u2046
let u2048 = [1576] ? 1 : u2047
let u2049 = [194] ? 1 : u2048
let u2050 = !u767 ? 1 : !u2049
let u2051 = !u755 ? 1 : u2050
let u2052 = u751 ? 1 : u2051
let u2053 = !u762 ? 1 : u2052
let u2054 = [1382] ? 1 : u2053
let u2055 = !u2045 ? 1 : u2054
let u2056 = !u2036 ? 1 : u2055
let u2057 = [440] ? 1 : u2056
let u2058 = !u498 ? 1 : u2057
let u2059 = clk0 ? !u2058 : [1221]
set [1221] = u2059
let u2060 = ![1341] ? 1 : [393]
let u2061 = !u2060 ? ![1150] : 0
let u2062 = ![1150] ? 1 : !u2060
let u2063 = u2061 ? 1 : !u2062
let u2064 = u356 ? !u2063 : [1234]
set [1234] = u2064
let u2065 = !clk0 ? ![610] : 0
let u2066 = u2065 ? [1160] : [1237]
set [1237] = u2066
let u2067 = clk0 ? 1 : ![339]
let u2068 = u2067 ? 1 : ![745]
let u2069 = u2068 ? 1 : ![897]
let u2070 = !clk0 ? ![1121] : 0
let u2071 = u2069 ? 1 : u2070
let u2072 = u2071 ? 1 : [45]
let u2073 = ![752] ? 1 : [339]
let u2074 = [1637] ? 1 : [745]
let u2075 = u2073 ? u2074 : 0
let u2076 = [1411] ? 1 : [897]
let u2077 = u2075 ? u2076 : 0
let u2078 = !clk0 ? ![1121] : 0
let u2079 = ![1485] ? 1 : !u2078
let u2080 = u2077 ? u2079 : 0
let u2081 = u2080 ? ![45] : 0
let u2082 = u2072 ? u2081 : [1242]
set [1242] = u2082
let u2083 = u1114 ? 1 : u1116
let u2084 = [1150] ? 1 : !u1114
let u2085 = u2084 ? !u1116 : 0
let u2086 = u2083 ? u2085 : [1248]
set [1248] = u2086
let u2087 = clk0 ? [1374] : [1252]
set [1252] = u2087
let u2088 = ![655] ? 1 : [1542]
set [1253] = !u2088
let u2089 = !clk0 ? ![1503] : [1266]
set [1266] = u2089
let u2090 = clk0 ? !u498 : [1269]
set [1269] = u2090
let u2091 = !clk0 ? [248] : [1272]
set [1272] = u2091
let u2092 = !clk0 ? ![1699] : [1274]
set [1274] = u2092
let u2093 = !clk0 ? [248] : [1276]
set [1276] = u2093
let u2094 = clk0 ? 1 : ![339]
let u2095 = u2094 ? 1 : ![745]
let u2096 = u2095 ? 1 : ![897]
let u2097 = !clk0 ? ![1121] : 0
let u2098 = u2096 ? 1 : u2097
let u2099 = u2098 ? 1 : ![170]
let u2100 = ![1064] ? 1 : [339]
let u2101 = [872] ? 1 : [745]
let u2102 = u2100 ? u2101 : 0
let u2103 = ![1102] ? 1 : [897]
let u2104 = u2102 ? u2103 : 0
let u2105 = !clk0 ? ![1121] : 0
let u2106 = ![576] ? 1 : !u2105
let u2107 = u2104 ? u2106 : 0
let u2108 = u2107 ? [170] : 0
let u2109 = u2099 ? u2108 : [1282]
set [1282] = u2109
let u2110 = [26] ? 1 : u1
let u2111 = [1320] ? 1 : u2110
let u2112 = [1384] ? 1 : u2111
let u2113 = [337] ? 1 : u2112
let u2114 = [1394] ? 1 : u2113
let u2115 = [1125] ? 1 : u2114
let u2116 = clk0 ? u2115 : [1283]
set [1283] = u2116
let u2117 = clk0 ? !db3 : [1284]
set [1284] = u2117
let u2118 = clk0 ? 1 : [801]
let u2119 = u2118 ? 1 : u26
let u2120 = u2119 ? 1 : ![621]
let u2121 = u2120 ? 1 : [129]
let u2122 = u2121 ? 1 : u28
let u2123 = !clk0 ? ![1221] : 0
let u2124 = u2123 ? 1 : ![1577]
let u2125 = ![878] ? 1 : u2124
let u2126 = [247] ? 1 : u2125
let u2127 = u115 ? 1 : u2126
let u2128 = u2127 ? ![1527] : 0
let u2129 = u2122 ? 1 : u2128
let u2130 = !clk0 ? [41] : 0
let u2131 = ![598] ? 1 : u2130
let u2132 = ![1683] ? 1 : u2131
let u2133 = u2132 ? ![1602] : 0
let u2134 = u2129 ? 1 : u2133
let u2135 = [573] ? 1 : ![801]
let u2136 = [1] ? 1 : !u26
let u2137 = u2135 ? u2136 : 0
let u2138 = ![752] ? 1 : [621]
let u2139 = u2137 ? u2138 : 0
let u2140 = [1637] ? 1 : ![129]
let u2141 = u2139 ? u2140 : 0
let u2142 = [978] ? 1 : !u28
let u2143 = u2141 ? u2142 : 0
let u2144 = !clk0 ? ![1221] : 0
let u2145 = u2144 ? 1 : ![1577]
let u2146 = ![878] ? 1 : u2145
let u2147 = [247] ? 1 : u2146
let u2148 = u115 ? 1 : u2147
let u2149 = u2148 ? ![1527] : 0
let u2150 = [1473] ? 1 : !u2149
let u2151 = u2143 ? u2150 : 0
let u2152 = !clk0 ? [41] : 0
let u2153 = ![598] ? 1 : u2152
let u2154 = ![1683] ? 1 : u2153
let u2155 = u2154 ? ![1602] : 0
let u2156 = [1651] ? 1 : !u2155
let u2157 = u2151 ? u2156 : 0
let u2158 = u2134 ? u2157 : [1287]
set [1287] = u2158
let u2159 = !clk0 ? ![1473] : [1288]
set [1288] = u2159
let u2160 = !clk0 ? [1382] : [1291]
set [1291] = u2160
let u2161 = clk0 ? 1 : ![339]
let u2162 = u2161 ? 1 : ![745]
let u2163 = u2162 ? 1 : ![897]
let u2164 = !clk0 ? ![1121] : 0
let u2165 = u2163 ? 1 : u2164
let u2166 = ![181] ? 1 : [339]
let u2167 = [765] ? 1 : [745]
let u2168 = u2166 ? u2167 : 0
let u2169 = ![536] ? 1 : [897]
let u2170 = u2168 ? u2169 : 0
let u2171 = !clk0 ? ![1121] : 0
let u2172 = ![529] ? 1 : !u2171
let u2173 = u2170 ? u2172 : 0
let u2174 = u2165 ? u2173 : [1299]
set [1299] = u2174
let u2175 = !clk0 ? [879] : 0
let u2176 = u2175 ? ![1671] : [1300]
set [1300] = u2176
let u2177 = clk0 ? 1 : u115
let u2178 = u2177 ? 1 : [247]
let u2179 = u2178 ? 1 : ![878]
let u2180 = !clk0 ? ![1221] : 0
let u2181 = u2179 ? 1 : u2180
let u2182 = [129] ? 1 : u28
let u2183 = ![621] ? 1 : u2182
let u2184 = u26 ? 1 : u2183
let u2185 = [801] ? 1 : u2184
let u2186 = u2185 ? ![1527] : 0
let u2187 = u2181 ? 1 : u2186
let u2188 = u2187 ? 1 : ![1577]
let u2189 = [162] ? 1 : !u115
let u2190 = [1061] ? 1 : ![247]
let u2191 = u2189 ? u2190 : 0
let u2192 = ![868] ? 1 : [878]
let u2193 = u2191 ? u2192 : 0
let u2194 = !clk0 ? ![1221] : 0
let u2195 = [464] ? 1 : !u2194
let u2196 = u2193 ? u2195 : 0
let u2197 = [129] ? 1 : u28
let u2198 = ![621] ? 1 : u2197
let u2199 = u26 ? 1 : u2198
let u2200 = [801] ? 1 : u2199
let u2201 = u2200 ? ![1527] : 0
let u2202 = [1188] ? 1 : !u2201
let u2203 = u2196 ? u2202 : 0
let u2204 = [439] ? 1 : [1577]
let u2205 = u2203 ? u2204 : 0
let u2206 = u2188 ? u2205 : [1302]
set [1302] = u2206
set [1320] = [541]
let u2207 = clk0 ? ![31] : [1321]
set [1321] = u2207
let u2208 = [410] ? 1 : [622]
let u2209 = u2208 ? [344] : 0
let u2210 = clk0 ? !u2209 : [1326]
set [1326] = u2210
set [1328] = ![541]
set [1329] = ![1609]
let u2211 = u1114 ? 1 : u1116
let u2212 = [1287] ? 1 : !u1114
let u2213 = u2212 ? !u1116 : 0
let u2214 = u2211 ? u2213 : [1332]
set [1332] = u2214
let u2215 = [1328] ? 1 : [119]
let u2216 = [895] ? 1 : u2215
let u2217 = [1394] ? 1 : u2216
let u2218 = [785] ? 1 : [1175]
let u2219 = u2217 ? 1 : u2218
let u2220 = [1130] ? 1 : !u2219
let u2221 = clk0 ? !u2220 : [1333]
set [1333] = u2221
let u2222 = clk0 ? 1 : [801]
let u2223 = u2222 ? 1 : u26
let u2224 = u2223 ? 1 : ![621]
let u2225 = u2224 ? 1 : [129]
let u2226 = u2225 ? 1 : u28
let u2227 = !clk0 ? ![1221] : 0
let u2228 = u2227 ? 1 : ![1577]
let u2229 = ![878] ? 1 : u2228
let u2230 = [247] ? 1 : u2229
let u2231 = u115 ? 1 : u2230
let u2232 = u2231 ? ![1527] : 0
let u2233 = u2226 ? 1 : u2232
let u2234 = !clk0 ? [41] : 0
let u2235 = ![598] ? 1 : u2234
let u2236 = ![1683] ? 1 : u2235
let u2237 = u2236 ? ![1602] : 0
let u2238 = u2233 ? 1 : u2237
let u2239 = [115] ? 1 : ![801]
let u2240 = [448] ? 1 : !u26
let u2241 = u2239 ? u2240 : 0
let u2242 = ![1029] ? 1 : [621]
let u2243 = u2241 ? u2242 : 0
let u2244 = [331] ? 1 : ![129]
let u2245 = u2243 ? u2244 : 0
let u2246 = [1136] ? 1 : !u28
let u2247 = u2245 ? u2246 : 0
let u2248 = !clk0 ? ![1221] : 0
let u2249 = u2248 ? 1 : ![1577]
let u2250 = ![878] ? 1 : u2249
let u2251 = [247] ? 1 : u2250
let u2252 = u115 ? 1 : u2251
let u2253 = u2252 ? ![1527] : 0
let u2254 = [833] ? 1 : !u2253
let u2255 = u2247 ? u2254 : 0
let u2256 = !clk0 ? [41] : 0
let u2257 = ![598] ? 1 : u2256
let u2258 = ![1683] ? 1 : u2257
let u2259 = u2258 ? ![1602] : 0
let u2260 = [13] ? 1 : !u2259
let u2261 = u2255 ? u2260 : 0
let u2262 = u2238 ? u2261 : [1336]
set [1336] = u2262
let u2263 = [248] ? 1 : [56]
let u2264 = !clk0 ? !u2263 : [1338]
set [1338] = u2264
let u2265 = !clk0 ? ![190] : 0
let u2266 = u2265 ? [1242] : [1340]
set [1340] = u2266
let u2267 = u346 ? [1450] : 0
let u2268 = clk0 ? !u2267 : [1341]
set [1341] = u2268
let u2269 = [379] ? 1 : ![1139]
set [1345] = !u2269
set [1349] = ![158]
let u2270 = [1382] ? 1 : [760]
set [1350] = !u2270
set [1357] = ![223]
let u2271 = u787 ? 1 : u789
let u2272 = ![868] ? 1 : !u787
let u2273 = [684] ? 1 : !u789
let u2274 = u2272 ? u2273 : 0
let u2275 = u2271 ? u2274 : [1359]
set [1359] = u2275
let u2276 = ![248] ? [537] : 0
let u2277 = [248] ? [40] : 0
let u2278 = u2276 ? 1 : u2277
let u2279 = !clk0 ? !u2278 : [1360]
set [1360] = u2279
set [1370] = ![1045]
let u2280 = clk0 ? [188] : [1373]
set [1373] = u2280
let u2281 = [597] ? 1 : [1252]
let u2282 = [562] ? 1 : !u2281
set [1374] = !u2282
let u2283 = [449] ? 1 : [596]
let u2284 = [248] ? 1 : [959]
let u2285 = !u2283 ? 1 : !u2284
set [1380] = !u2285
let u2286 = [248] ? 1 : ![1452]
set [1382] = !u2286
set [1384] = ![1300]
set [1393] = ![873]
set [1394] = [1609]
let u2287 = !clk0 ? [854] : [1395]
set [1395] = u2287
let u2288 = u243 ? ![418] : [1403]
let u2289 = u241 ? [54] : u2288
set [1403] = u2289
let u2290 = !u1785 ? u1787 : 0
let u2291 = [119] ? 1 : [1329]
let u2292 = [1320] ? 1 : u2291
let u2293 = [337] ? 1 : u2292
let u2294 = [335] ? !u2293 : 0
let u2295 = [1384] ? 1 : [1329]
let u2296 = [119] ? 1 : u2295
let u2297 = [1125] ? 1 : u2296
let u2298 = [1320] ? 1 : u2297
let u2299 = [895] ? 1 : u2298
let u2300 = [1112] ? 1 : u2299
let u2301 = !u13 ? 1 : u2300
let u2302 = [1384] ? 1 : [1329]
let u2303 = [119] ? 1 : u2302
let u2304 = [1125] ? 1 : u2303
let u2305 = [1320] ? 1 : u2304
let u2306 = [1112] ? 1 : u2305
let u2307 = !u13 ? 1 : u2306
let u2308 = [337] ? 1 : u2307
let u2309 = [1394] ? 1 : u1
let u2310 = [1320] ? 1 : u2309
let u2311 = [895] ? 1 : u2310
let u2312 = [1112] ? 1 : u2311
let u2313 = !u13 ? 1 : u2312
let u2314 = [1576] ? 1 : [1384]
let u2315 = [1112] ? 1 : u2314
let u2316 = [971] ? 1 : u2315
let u2317 = [194] ? 1 : u2316
let u2318 = !u1099 ? 1 : !u2317
let u2319 = !u2313 ? 1 : u2318
let u2320 = !u2308 ? 1 : u2319
let u2321 = !u2301 ? 1 : u2320
let u2322 = u2294 ? 1 : u2321
let u2323 = u2290 ? 1 : u2322
let u2324 = clk0 ? !u2323 : [1404]
set [1404] = u2324
let u2325 = clk0 ? 1 : [801]
let u2326 = u2325 ? 1 : u26
let u2327 = u2326 ? 1 : ![621]
let u2328 = u2327 ? 1 : [129]
let u2329 = u2328 ? 1 : u28
let u2330 = !clk0 ? ![1221] : 0
let u2331 = u2330 ? 1 : ![1577]
let u2332 = ![878] ? 1 : u2331
let u2333 = [247] ? 1 : u2332
let u2334 = u115 ? 1 : u2333
let u2335 = u2334 ? ![1527] : 0
let u2336 = u2329 ? 1 : u2335
let u2337 = !clk0 ? [41] : 0
let u2338 = ![598] ? 1 : u2337
let u2339 = ![1683] ? 1 : u2338
let u2340 = u2339 ? ![1602] : 0
let u2341 = u2336 ? 1 : u2340
let u2342 = [989] ? 1 : ![801]
let u2343 = [85] ? 1 : !u26
let u2344 = u2342 ? u2343 : 0
let u2345 = ![1603] ? 1 : [621]
let u2346 = u2344 ? u2345 : 0
let u2347 = [606] ? 1 : ![129]
let u2348 = u2346 ? u2347 : 0
let u2349 = [727] ? 1 : !u28
let u2350 = u2348 ? u2349 : 0
let u2351 = !clk0 ? ![1221] : 0
let u2352 = u2351 ? 1 : ![1577]
let u2353 = ![878] ? 1 : u2352
let u2354 = [247] ? 1 : u2353
let u2355 = u115 ? 1 : u2354
let u2356 = u2355 ? ![1527] : 0
let u2357 = [892] ? 1 : !u2356
let u2358 = u2350 ? u2357 : 0
let u2359 = !clk0 ? [41] : 0
let u2360 = ![598] ? 1 : u2359
let u2361 = ![1683] ? 1 : u2360
let u2362 = u2361 ? ![1602] : 0
let u2363 = [1160] ? 1 : !u2362
let u2364 = u2358 ? u2363 : 0
let u2365 = u2341 ? u2364 : [1405]
set [1405] = u2365
let u2366 = !clk0 ? [916] : [1409]
set [1409] = u2366
let u2367 = [1542] ? ![655] : 0
let u2368 = u2367 ? 1 : [1253]
let u2369 = clk0 ? !u2368 : [1411]
set [1411] = u2369
let u2370 = !clk0 ? ![833] : [1418]
set [1418] = u2370
set [1421] = ![334]
let u2371 = clk0 ? !u71 : [1431]
set [1431] = u2371
let u2372 = u251 ? 1 : u253
let u2373 = u2372 ? 1 : u256
let u2374 = ![991] ? 1 : !u251
let u2375 = [991] ? 1 : !u253
let u2376 = u2374 ? u2375 : 0
let u2377 = [1282] ? 1 : !u256
let u2378 = u2376 ? u2377 : 0
let u2379 = u2373 ? u2378 : [1432]
set [1432] = u2379
let u2380 = u243 ? ![181] : [1435]
let u2381 = u241 ? [1001] : u2380
set [1435] = u2381
let u2382 = clk0 ? !u640 : [1436]
set [1436] = u2382
let u2383 = clk0 ? 1 : ![339]
let u2384 = u2383 ? 1 : ![745]
let u2385 = u2384 ? 1 : ![897]
let u2386 = !clk0 ? ![1121] : 0
let u2387 = u2385 ? 1 : u2386
let u2388 = ![1603] ? 1 : [339]
let u2389 = [606] ? 1 : [745]
let u2390 = u2388 ? u2389 : 0
let u2391 = [15] ? 1 : [897]
let u2392 = u2390 ? u2391 : 0
let u2393 = !clk0 ? ![1121] : 0
let u2394 = ![1516] ? 1 : !u2393
let u2395 = u2392 ? u2394 : 0
let u2396 = u2387 ? u2395 : [1437]
set [1437] = u2396
let u2397 = [440] ? ![248] : 0
let u2398 = clk0 ? !u2397 : [1438]
set [1438] = u2398
let u2399 = clk0 ? [1045] : [1442]
set [1442] = u2399
let u2400 = !clk0 ? ![610] : 0
let u2401 = u2400 ? [1651] : [1443]
set [1443] = u2401
set [1444] = ![318]
let u2402 = ![1008] ? [685] : 0
let u2403 = ![1321] ? [1008] : 0
let u2404 = u2402 ? 1 : u2403
let u2405 = !clk0 ? !u2404 : [1447]
set [1447] = u2405
let u2406 = !clk0 ? ![680] : [1450]
set [1450] = u2406
let u2407 = clk0 ? [1481] : [1452]
set [1452] = u2407
let u2408 = [248] ? 1 : ![370]
set [1465] = !u2408
let u2409 = !clk0 ? [827] : [1472]
set [1472] = u2409
let u2410 = clk0 ? 1 : u115
let u2411 = u2410 ? 1 : [247]
let u2412 = u2411 ? 1 : ![878]
let u2413 = !clk0 ? ![1221] : 0
let u2414 = u2412 ? 1 : u2413
let u2415 = [129] ? 1 : u28
let u2416 = ![621] ? 1 : u2415
let u2417 = u26 ? 1 : u2416
let u2418 = [801] ? 1 : u2417
let u2419 = u2418 ? ![1527] : 0
let u2420 = u2414 ? 1 : u2419
let u2421 = u2420 ? 1 : ![1577]
let u2422 = [978] ? 1 : !u115
let u2423 = ![114] ? 1 : ![247]
let u2424 = u2422 ? u2423 : 0
let u2425 = [1411] ? 1 : [878]
let u2426 = u2424 ? u2425 : 0
let u2427 = !clk0 ? ![1221] : 0
let u2428 = ![1485] ? 1 : !u2427
let u2429 = u2426 ? u2428 : 0
let u2430 = [129] ? 1 : u28
let u2431 = ![621] ? 1 : u2430
let u2432 = u26 ? 1 : u2431
let u2433 = [801] ? 1 : u2432
let u2434 = u2433 ? ![1527] : 0
let u2435 = [1287] ? 1 : !u2434
let u2436 = u2429 ? u2435 : 0
let u2437 = [1421] ? 1 : [1577]
let u2438 = u2436 ? u2437 : 0
let u2439 = u2421 ? u2438 : [1473]
set [1473] = u2439
let u2440 = clk0 ? !u1328 : [1477]
set [1477] = u2440
set [1481] = ![698]
let u2441 = clk0 ? !db2 : [1485]
set [1485] = u2441
let u2442 = ![226] ? clk0 : 0
let u2443 = ![1674] ? clk0 : 0
let u2444 = u2442 ? 1 : u2443
let u2445 = ![101] ? clk0 : 0
let u2446 = u2444 ? 1 : u2445
let u2447 = [59] ? clk0 : 0
let u2448 = u2446 ? 1 : u2447
let u2449 = ![1529] ? clk0 : 0
let u2450 = u2448 ? 1 : u2449
let u2451 = ![226] ? clk0 : 0
let u2452 = [477] ? 1 : !u2451
let u2453 = !u347 ? ![404] : 0
let u2454 = u346 ? !u2453 : 0
let u2455 = u346 ? 1 : !u2453
let u2456 = u2454 ? 1 : !u2455
let u2457 = ![1674] ? clk0 : 0
let u2458 = !u2456 ? 1 : !u2457
let u2459 = u2452 ? u2458 : 0
let u2460 = ![101] ? clk0 : 0
let u2461 = !u2453 ? 1 : !u2460
let u2462 = u2459 ? u2461 : 0
let u2463 = [59] ? clk0 : 0
let u2464 = [404] ? 1 : !u2463
let u2465 = u2462 ? u2464 : 0
let u2466 = ![1529] ? clk0 : 0
let u2467 = !u347 ? 1 : !u2466
let u2468 = u2465 ? u2467 : 0
let u2469 = u2450 ? u2468 : [1490]
set [1490] = u2469
let u2470 = !clk0 ? ![190] : 0
let u2471 = u2470 ? [1299] : [1493]
set [1493] = u2471
let u2472 = clk0 ? 1 : u115
let u2473 = u2472 ? 1 : [247]
let u2474 = u2473 ? 1 : ![878]
let u2475 = !clk0 ? ![1221] : 0
let u2476 = u2474 ? 1 : u2475
let u2477 = [129] ? 1 : u28
let u2478 = ![621] ? 1 : u2477
let u2479 = u26 ? 1 : u2478
let u2480 = [801] ? 1 : u2479
let u2481 = u2480 ? ![1527] : 0
let u2482 = u2476 ? 1 : u2481
let u2483 = [858] ? 1 : !u115
let u2484 = [469] ? 1 : ![247]
let u2485 = u2483 ? u2484 : 0
let u2486 = [72] ? 1 : [878]
let u2487 = u2485 ? u2486 : 0
let u2488 = !clk0 ? ![1221] : 0
let u2489 = ![498] ? 1 : !u2488
let u2490 = u2487 ? u2489 : 0
let u2491 = [129] ? 1 : u28
let u2492 = ![621] ? 1 : u2491
let u2493 = u26 ? 1 : u2492
let u2494 = [801] ? 1 : u2493
let u2495 = u2494 ? ![1527] : 0
let u2496 = [166] ? 1 : !u2495
let u2497 = u2490 ? u2496 : 0
let u2498 = u2482 ? u2497 : [1503]
set [1503] = u2498
let u2499 = clk0 ? !u975 : [1505]
set [1505] = u2499
let u2500 = clk0 ? u1187 : [1509]
set [1509] = u2500
let u2501 = clk0 ? !db4 : [1516]
set [1516] = u2501
let u2502 = u1114 ? 1 : u1116
let u2503 = [1001] ? 1 : !u1114
let u2504 = u2503 ? !u1116 : 0
let u2505 = u2502 ? u2504 : [1522]
set [1522] = u2505
let u2506 = [1328] ? 1 : [119]
let u2507 = [337] ? 1 : u2506
let u2508 = [440] ? !u2507 : 0
let u2509 = !u978 ? 1 : u180
let u2510 = !u1792 ? 1 : !u2293
let u2511 = u2510 ? [335] : 0
let u2512 = !u2511 ? u762 : 0
let u2513 = [862] ? 1 : !u2512
let u2514 = !u2509 ? 1 : u2513
let u2515 = u2508 ? 1 : u2514
let u2516 = !u169 ? 1 : u2515
let u2517 = !u498 ? 1 : u2516
let u2518 = clk0 ? !u2517 : [1527]
set [1527] = u2518
let u2519 = !clk0 ? [1215] : [1528]
set [1528] = u2519
let u2520 = !clk0 ? ![1574] : [1529]
set [1529] = u2520
let u2521 = clk0 ? [1110] : [1530]
set [1530] = u2521
let u2522 = u243 ? ![828] : [1532]
let u2523 = u241 ? [1188] : u2522
set [1532] = u2523
let u2524 = [248] ? 1 : [554]
let u2525 = !clk0 ? !u2524 : [1533]
set [1533] = u2525
let u2526 = u251 ? 1 : u253
let u2527 = u2526 ? 1 : u256
let u2528 = ![493] ? 1 : !u251
let u2529 = [493] ? 1 : !u253
let u2530 = u2528 ? u2529 : 0
let u2531 = [1299] ? 1 : !u256
let u2532 = u2530 ? u2531 : 0
let u2533 = u2527 ? u2532 : [1535]
set [1535] = u2533
let u2534 = clk0 ? !db6 : [1537]
set [1537] = u2534
let u2535 = clk0 ? 1 : ![1683]
let u2536 = u2535 ? 1 : ![598]
let u2537 = !clk0 ? [41] : 0
let u2538 = u2536 ? 1 : u2537
let u2539 = [1333] ? 1 : u28
let u2540 = ![621] ? 1 : u2539
let u2541 = u26 ? 1 : u2540
let u2542 = [801] ? 1 : u2541
let u2543 = u2542 ? ![1602] : 0
let u2544 = u2538 ? 1 : u2543
let u2545 = [663] ? 1 : [598]
let u2546 = [1683] ? u2545 : 0
let u2547 = !clk0 ? [41] : 0
let u2548 = ![529] ? 1 : !u2547
let u2549 = u2546 ? u2548 : 0
let u2550 = [1333] ? 1 : u28
let u2551 = ![621] ? 1 : u2550
let u2552 = u26 ? 1 : u2551
let u2553 = [801] ? 1 : u2552
let u2554 = u2553 ? ![1602] : 0
let u2555 = [1001] ? 1 : !u2554
let u2556 = u2549 ? u2555 : 0
let u2557 = u2544 ? u2556 : [1539]
set [1539] = u2557
let u2558 = [1345] ? [1022] : 0
set [1542] = !u2558
let u2559 = u77 ? 1 : u79
let u2560 = [13] ? 1 : !u77
let u2561 = ![751] ? 1 : !u79
let u2562 = u2560 ? u2561 : 0
let u2563 = u2559 ? u2562 : [1551]
set [1551] = u2563
let u2564 = ![1473] ? !u672 : 0
let u2565 = !u672 ? 1 : ![1124]
let u2566 = !u2565 ? [1078] : 0
let u2567 = ![1124] ? [270] : 0
let u2568 = u2566 ? 1 : u2567
let u2569 = u2564 ? 1 : u2568
let u2570 = !clk0 ? !u2569 : [1553]
set [1553] = u2570
let u2571 = clk0 ? [1450] : [1565]
set [1565] = u2571
let u2572 = !clk0 ? [430] : [1570]
set [1570] = u2572
let u2573 = clk0 ? u180 : [1574]
set [1574] = u2573
let u2574 = [1357] ? 1 : [1360]
set [1575] = !u2574
set [1576] = ![1620]
let u2575 = [1384] ? 1 : u1
let u2576 = [1329] ? 1 : u2575
let u2577 = [1125] ? 1 : u2576
let u2578 = [1328] ? 1 : u2577
let u2579 = [971] ? 1 : u2578
let u2580 = [1112] ? 1 : u2579
let u2581 = [337] ? 1 : u2580
let u2582 = !u1871 ? 1 : !u2581
let u2583 = clk0 ? !u2582 : [1577]
set [1577] = u2583
let u2584 = !clk0 ? !u832 : [1579]
set [1579] = u2584
let u2585 = [248] ? 1 : !u1424
let u2586 = [832] ? 1 : u2585
let u2587 = !clk0 ? !u2586 : [1581]
set [1581] = u2587
let u2588 = clk0 ? !u1205 : [1602]
set [1602] = u2588
let u2589 = clk0 ? ![1702] : [1603]
set [1603] = u2589
let u2590 = ![248] ? [706] : 0
let u2591 = [248] ? [1373] : 0
let u2592 = u2590 ? 1 : u2591
let u2593 = !clk0 ? !u2592 : [1606]
set [1606] = u2593
let u2594 = clk0 ? [318] : [1607]
set [1607] = u2594
let u2595 = !clk0 ? [879] : 0
let u2596 = [1077] ? 1 : [829]
let u2597 = u2595 ? u2596 : [1609]
set [1609] = u2597
let u2598 = u787 ? 1 : u789
let u2599 = ![536] ? 1 : !u787
let u2600 = [1299] ? 1 : !u789
let u2601 = u2599 ? u2600 : 0
let u2602 = u2598 ? u2601 : [1611]
set [1611] = u2602
let u2603 = !clk0 ? [879] : 0
let u2604 = u2603 ? u1422 : [1620]
set [1620] = u2604
let u2605 = [1077] ? 1 : [758]
set [1622] = !u2605
let u2606 = !clk0 ? [248] : [1624]
set [1624] = u2606
let u2607 = [408] ? [1436] : 0
let u2608 = [215] ? [199] : 0
let u2609 = !u2608 ? 1 : [1436]
let u2610 = [1177] ? 1 : u2609
let u2611 = !u2610 ? [44] : 0
let u2612 = ![833] ? !u2608 : 0
let u2613 = u2612 ? 1 : ![1283]
let u2614 = u2611 ? 1 : u2613
let u2615 = u2607 ? 1 : u2614
let u2616 = !clk0 ? !u2615 : [1625]
set [1625] = u2616
set [1626] = ![119]
let u2617 = u1114 ? 1 : u1116
let u2618 = [1336] ? 1 : !u1114
let u2619 = u2618 ? !u1116 : 0
let u2620 = u2617 ? u2619 : [1627]
set [1627] = u2620
let u2621 = clk0 ? 1 : ![339]
let u2622 = u2621 ? 1 : ![745]
let u2623 = u2622 ? 1 : ![897]
let u2624 = !clk0 ? ![1121] : 0
let u2625 = u2623 ? 1 : u2624
let u2626 = ![601] ? 1 : [339]
let u2627 = [314] ? 1 : [745]
let u2628 = u2626 ? u2627 : 0
let u2629 = [72] ? 1 : [897]
let u2630 = u2628 ? u2629 : 0
let u2631 = !clk0 ? ![1121] : 0
let u2632 = ![498] ? 1 : !u2631
let u2633 = u2630 ? u2632 : 0
let u2634 = u2625 ? u2633 : [1630]
set [1630] = u2634
set [1637] = ![276]
let u2635 = u251 ? 1 : u253
let u2636 = u2635 ? 1 : u256
let u2637 = ![892] ? 1 : !u251
let u2638 = [892] ? 1 : !u253
let u2639 = u2637 ? u2638 : 0
let u2640 = [1437] ? 1 : !u256
let u2641 = u2639 ? u2640 : 0
let u2642 = u2636 ? u2641 : [1645]
set [1645] = u2642
let u2643 = u10 ? [1188] : [1648]
set [1648] = u2643
let u2644 = clk0 ? 1 : ![1683]
let u2645 = u2644 ? 1 : ![598]
let u2646 = !clk0 ? [41] : 0
let u2647 = u2645 ? 1 : u2646
let u2648 = [129] ? 1 : u28
let u2649 = ![621] ? 1 : u2648
let u2650 = u26 ? 1 : u2649
let u2651 = [801] ? 1 : u2650
let u2652 = u2651 ? ![1602] : 0
let u2653 = u2647 ? 1 : u2652
let u2654 = ![114] ? 1 : [598]
let u2655 = [1683] ? u2654 : 0
let u2656 = !clk0 ? [41] : 0
let u2657 = ![1485] ? 1 : !u2656
let u2658 = u2655 ? u2657 : 0
let u2659 = [129] ? 1 : u28
let u2660 = ![621] ? 1 : u2659
let u2661 = u26 ? 1 : u2660
let u2662 = [801] ? 1 : u2661
let u2663 = u2662 ? ![1602] : 0
let u2664 = [1287] ? 1 : !u2663
let u2665 = u2658 ? u2664 : 0
let u2666 = u2653 ? u2665 : [1651]
set [1651] = u2666
let u2667 = !u1328 ? 1 : u767
let u2668 = clk0 ? !u2667 : [1652]
set [1652] = u2668
let u2669 = ![314] ? 1 : ![331]
let u2670 = !u1523 ? u2669 : 0
let u2671 = ![314] ? ![331] : 0
let u2672 = !u2671 ? !u1522 : 0
let u2673 = u2670 ? 1 : u2672
let u2674 = !u2673 ? ![1001] : 0
let u2675 = !u2673 ? 1 : ![1001]
let u2676 = u2674 ? 1 : !u2675
let u2677 = u356 ? !u2676 : [1653]
set [1653] = u2677
let u2678 = clk0 ? !db6 : [1669]
set [1669] = u2678
let u2679 = u77 ? 1 : u79
let u2680 = [407] ? 1 : !u77
let u2681 = ![780] ? 1 : !u79
let u2682 = u2680 ? u2681 : 0
let u2683 = u2679 ? u2682 : [1670]
set [1670] = u2683
let u2684 = [1077] ? 1 : [955]
set [1671] = !u2684
let u2685 = clk0 ? !u899 : [1673]
set [1673] = u2685
let u2686 = !clk0 ? ![415] : [1674]
set [1674] = u2686
let u2687 = !clk0 ? [879] : 0
let u2688 = [1077] ? 1 : [1669]
let u2689 = u2687 ? u2688 : [1675]
set [1675] = u2689
let u2690 = u251 ? 1 : u253
let u2691 = u2690 ? 1 : u256
let u2692 = ![1503] ? 1 : !u251
let u2693 = [1503] ? 1 : !u253
let u2694 = u2692 ? u2693 : 0
let u2695 = [1630] ? 1 : !u256
let u2696 = u2694 ? u2695 : 0
let u2697 = u2691 ? u2696 : [1678]
set [1678] = u2697
let u2698 = !clk0 ? [248] : [1679]
set [1679] = u2698
let u2699 = u1114 ? 1 : u1116
let u2700 = [1188] ? 1 : !u1114
let u2701 = u2700 ? !u1116 : 0
let u2702 = u2699 ? u2701 : [1680]
set [1680] = u2702
let u2703 = [1384] ? 1 : u1
let u2704 = [1328] ? 1 : u2703
let u2705 = [971] ? 1 : u2704
let u2706 = [1112] ? 1 : u2705
let u2707 = u1274 ? 1 : !u2706
let u2708 = clk0 ? !u2707 : [1683]
set [1683] = u2708
let u2709 = clk0 ? !db7 : [1690]
set [1690] = u2709
let u2710 = clk0 ? [264] : [1693]
set [1693] = u2710
let u2711 = clk0 ? ![94] : [1699]
set [1699] = u2711
let u2712 = u243 ? ![1603] : [1702]
let u2713 = u241 ? [1405] : u2712
set [1702] = u2713
let u2714 = !u317 ? 1 : u987
let u2715 = !u619 ? 1 : u2714
let u2716 = [1329] ? 1 : u1
let u2717 = [1182] ? 1 : u2716
let u2718 = [1125] ? 1 : u2717
let u2719 = [1328] ? 1 : u2718
let u2720 = [895] ? 1 : u2719
let u2721 = [1112] ? 1 : u2720
let u2722 = [971] ? 1 : u2721
let u2723 = [1384] ? 1 : u1
let u2724 = [1328] ? 1 : u2723
let u2725 = [1394] ? 1 : u2724
let u2726 = [1112] ? 1 : u2725
let u2727 = [909] ? 1 : u2726
let u2728 = [337] ? 1 : u2727
let u2729 = [1576] ? 1 : u2728
let u2730 = [1384] ? 1 : u1
let u2731 = [1328] ? 1 : u2730
let u2732 = [909] ? 1 : u2731
let u2733 = [1112] ? 1 : u2732
let u2734 = [1576] ? 1 : u2733
let u2735 = [895] ? 1 : u2734
let u2736 = [1384] ? 1 : u1
let u2737 = ![678] ? 1 : u2736
let u2738 = [1394] ? 1 : u2737
let u2739 = [1328] ? 1 : u2738
let u2740 = [1125] ? 1 : u2739
let u2741 = [1112] ? 1 : u2740
let u2742 = !u2735 ? 1 : !u2741
let u2743 = !u2036 ? 1 : u2742
let u2744 = !u1878 ? 1 : u2743
let u2745 = !u2729 ? 1 : u2744
let u2746 = !u2722 ? 1 : u2745
let u2747 = u2746 ? 1 : !u493
let u2748 = [653] ? 1 : u2747
let u2749 = !u2715 ? 1 : u2748
let u2750 = [248] ? 1 : !u2749
let u2751 = ![1395] ? 1 : !u2750
let u2752 = !u2283 ? 1 : u2751
let u2753 = clk0 ? !u2752 : [1713]
set [1713] = u2753
output [539] = [862]
output [1156] = ![402]
output [268] = [268]
output [451] = [451]
output [1340] = [1340]
output [211] = [211]
output [435] = [435]
output [736] = [736]
output [887] = [887]
output [1493] = [1493]
output [230] = [230]
output [148] = [148]
output [1443] = [1443]
output [399] = [399]
output [1237] = [1237]
output [349] = [349]
output [672] = [672]
output [195] = [195]
output [1005] = ![222]
output [82] = ![527]
output [945] = ![1288]
output [650] = ![823]
output [1393] = ![873]
output [175] = ![1266]
output [1591] = ![1418]
output [1349] = ![158]
output [687] = [687]
output [1444] = [1444]
output [1421] = [1421]
output [439] = [439]
output [1119] = [1119]
output [0] = [0]
output [77] = [77]
output [1370] = [1370]
output [328] = [328]
output [1626] = [1626]
output [1384] = [1384]
output [1576] = [1576]
output [1112] = [1112]
output [1329] = [1329]
output [337] = [337]
output [1328] = [1328]
output [1171] = clk0
output [159] = res
