#regs = 415 : (show regs)

let u1 = [328] ? 1 : [1626]
let u2 = [1384] ? 1 : u1
let u3 = [1328] ? 1 : u2
let u4 = [1609] ? 1 : u3
let u5 = [1112] ? 1 : u4
let u6 = ![378] ? 1 : u5
let u7 = [1675] ? 1 : u6
let u8 = [1576] ? 1 : u7
set [0] = !u8
let u9 = !clk0 ? !clk0 : 0
let u10 = ![459] ? u9 : 0
let u11 = u10 ? [1287] : [1]
set [1] = u11
let u12 = clk0 ? 1 : ![1683]
let u13 = u12 ? 1 : ![598]
let u14 = !clk0 ? ![1020] : 0
let u15 = u13 ? 1 : u14
let u16 = !clk0 ? !clk0 : 0
let u17 = ![55] ? u16 : 0
let u18 = ![512] ? 1 : u17
let u19 = ![621] ? 1 : u18
let u20 = [1263] ? 1 : u19
let u21 = [801] ? 1 : u20
let u22 = u21 ? ![1602] : 0
let u23 = u15 ? 1 : u22
let u24 = ![751] ? 1 : [598]
let u25 = [1683] ? u24 : 0
let u26 = !clk0 ? ![1020] : 0
let u27 = ![1537] ? 1 : !u26
let u28 = u25 ? u27 : 0
let u29 = ![512] ? 1 : u17
let u30 = ![621] ? 1 : u29
let u31 = [1263] ? 1 : u30
let u32 = [801] ? 1 : u31
let u33 = u32 ? ![1602] : 0
let u34 = [1336] ? 1 : !u33
let u35 = u28 ? u34 : 0
let u36 = u23 ? u35 : [13]
set [13] = u36
let u37 = [1184] ? ![900] : 0
let u38 = u37 ? 1 : [410]
let u39 = clk0 ? !u38 : [15]
set [15] = u39
let u40 = [554] ? 1 : [1533]
let u41 = !u40 ? 1 : [732]
set [17] = !u41
let u42 = ![197] ? [1373] : 0
let u43 = [197] ? [940] : 0
let u44 = u42 ? 1 : u43
let u45 = !clk0 ? !u44 : [18]
set [18] = u45
let u46 = [197] ? [151] : 0
let u47 = u46 ? 1 : [456]
let u48 = !clk0 ? !u47 : [24]
set [24] = u48
let u49 = ![1049] ? ![1108] : 0
let u50 = [1609] ? ![1104] : 0
let u51 = [164] ? 1 : [560]
let u52 = !u51 ? ![338] : 0
let u53 = ![338] ? 1 : ![1049]
let u54 = ![1104] ? 1 : u53
let u55 = [1051] ? !u54 : 0
let u56 = u52 ? 1 : u55
let u57 = u50 ? 1 : u56
let u58 = u49 ? 1 : u57
let u59 = !clk0 ? !u58 : [32]
set [32] = u59
let u60 = ![223] ? 1 : [1360]
let u61 = clk0 ? !u60 : [40]
set [40] = u61
let u62 = clk0 ? ![1625] : [44]
set [44] = u62
let u63 = [1384] ? 1 : u1
let u64 = [1329] ? 1 : u63
let u65 = ![378] ? 1 : u64
let u66 = [1328] ? 1 : u65
let u67 = [1576] ? 1 : u66
let u68 = [1112] ? 1 : u67
let u69 = [337] ? 1 : u68
let u70 = [197] ? 1 : u69
let u71 = !u70 ? 1 : ![698]
let u72 = [264] ? 1 : ![717]
let u73 = !u71 ? 1 : u72
let u74 = clk0 ? !u73 : [45]
set [45] = u74
let u75 = !clk0 ? ![865] : [47]
set [47] = u75
let u76 = !clk0 ? !clk0 : 0
let u77 = ![1162] ? u76 : 0
let u78 = !clk0 ? !clk0 : 0
let u79 = ![1509] ? u78 : 0
let u80 = u77 ? 1 : u79
let u81 = [483] ? 1 : !u77
let u82 = [469] ? 1 : !u79
let u83 = u81 ? u82 : 0
let u84 = u80 ? u83 : [49]
set [49] = u84
let u85 = !clk0 ? [1350] : [50]
set [50] = u85
let u86 = clk0 ? 1 : ![1683]
let u87 = u86 ? 1 : ![598]
let u88 = !clk0 ? ![1020] : 0
let u89 = u87 ? 1 : u88
let u90 = ![512] ? 1 : u17
let u91 = ![621] ? 1 : u90
let u92 = [1263] ? 1 : u91
let u93 = [801] ? 1 : u92
let u94 = u93 ? ![1602] : 0
let u95 = u89 ? 1 : u94
let u96 = [126] ? 1 : [598]
let u97 = [1683] ? u96 : 0
let u98 = !clk0 ? ![1020] : 0
let u99 = ![576] ? 1 : !u98
let u100 = u97 ? u99 : 0
let u101 = ![512] ? 1 : u17
let u102 = ![621] ? 1 : u101
let u103 = [1263] ? 1 : u102
let u104 = [801] ? 1 : u103
let u105 = u104 ? ![1602] : 0
let u106 = [1150] ? 1 : !u105
let u107 = u100 ? u106 : 0
let u108 = u95 ? u107 : [52]
set [52] = u108
let u109 = clk0 ? 1 : [801]
let u110 = u109 ? 1 : [1263]
let u111 = u110 ? 1 : ![621]
let u112 = u111 ? 1 : ![512]
let u113 = u112 ? 1 : u17
let u114 = !clk0 ? !clk0 : 0
let u115 = ![266] ? u114 : 0
let u116 = !clk0 ? ![1221] : 0
let u117 = u116 ? 1 : ![1577]
let u118 = ![878] ? 1 : u117
let u119 = ![398] ? 1 : u118
let u120 = u115 ? 1 : u119
let u121 = u120 ? ![1527] : 0
let u122 = u113 ? 1 : u121
let u123 = !clk0 ? ![1020] : 0
let u124 = ![598] ? 1 : u123
let u125 = ![683] ? 1 : u124
let u126 = u125 ? ![1602] : 0
let u127 = u122 ? 1 : u126
let u128 = [64] ? 1 : ![801]
let u129 = [1216] ? 1 : ![1263]
let u130 = u128 ? u129 : 0
let u131 = ![418] ? 1 : [621]
let u132 = u130 ? u131 : 0
let u133 = ![394] ? 1 : [512]
let u134 = u132 ? u133 : 0
let u135 = [737] ? 1 : !u17
let u136 = u134 ? u135 : 0
let u137 = !clk0 ? ![1221] : 0
let u138 = u137 ? 1 : ![1577]
let u139 = ![878] ? 1 : u138
let u140 = ![398] ? 1 : u139
let u141 = u115 ? 1 : u140
let u142 = u141 ? ![1527] : 0
let u143 = [1108] ? 1 : !u142
let u144 = u136 ? u143 : 0
let u145 = !clk0 ? ![1020] : 0
let u146 = ![598] ? 1 : u145
let u147 = ![683] ? 1 : u146
let u148 = u147 ? ![1602] : 0
let u149 = [407] ? 1 : !u148
let u150 = u144 ? u149 : 0
let u151 = u127 ? u150 : [54]
set [54] = u151
let u152 = !u40 ? 1 : [732]
let u153 = [1609] ? 1 : [541]
let u154 = !u152 ? 1 : u153
let u155 = [310] ? 1 : u154
let u156 = [337] ? 1 : u155
let u157 = [310] ? 1 : !u152
let u158 = u156 ? !u157 : 0
let u159 = [1384] ? 1 : u1
let u160 = [541] ? 1 : u159
let u161 = [1609] ? 1 : u160
let u162 = [1112] ? 1 : u161
let u163 = [1620] ? 1 : u162
let u164 = !u152 ? 1 : u163
let u165 = [337] ? 1 : u164
let u166 = [1384] ? 1 : [119]
let u167 = [541] ? 1 : u166
let u168 = [1609] ? 1 : u167
let u169 = [1112] ? 1 : u168
let u170 = [1620] ? 1 : u169
let u171 = !u152 ? 1 : u170
let u172 = [337] ? 1 : u171
let u173 = [1384] ? 1 : [119]
let u174 = [1328] ? 1 : u173
let u175 = [1620] ? 1 : u174
let u176 = [1112] ? 1 : u175
let u177 = !u152 ? 1 : u176
let u178 = [1609] ? 1 : u1
let u179 = [1300] ? 1 : u178
let u180 = [1328] ? 1 : u179
let u181 = [1112] ? 1 : u180
let u182 = [337] ? 1 : u181
let u183 = !u152 ? 1 : u182
let u184 = [1609] ? 1 : [1328]
let u185 = !u152 ? 1 : u184
let u186 = [310] ? 1 : u185
let u187 = [337] ? 1 : u186
let u188 = !u183 ? 1 : !u187
let u189 = !u177 ? 1 : u188
let u190 = !u172 ? 1 : u189
let u191 = !u165 ? 1 : u190
let u192 = u158 ? 1 : u191
let u193 = clk0 ? !u192 : [55]
set [55] = u193
let u194 = [1384] ? 1 : u1
let u195 = [1329] ? 1 : u194
let u196 = [1576] ? 1 : u195
let u197 = [1328] ? 1 : u196
let u198 = u60 ? 1 : u197
let u199 = [1112] ? 1 : u198
let u200 = [337] ? 1 : u199
let u201 = [1384] ? 1 : u1
let u202 = ![678] ? 1 : u201
let u203 = [1609] ? 1 : u202
let u204 = [1328] ? 1 : u203
let u205 = [1576] ? 1 : u204
let u206 = [1112] ? 1 : u205
let u207 = [337] ? 1 : u206
let u208 = !u200 ? 1 : !u207
let u209 = clk0 ? !u208 : [56]
set [56] = u209
let u210 = !clk0 ? !clk0 : 0
let u211 = ![460] ? u210 : 0
let u212 = u211 ? [54] : [64]
set [64] = u212
let u213 = ![226] ? clk0 : 0
let u214 = ![1674] ? clk0 : 0
let u215 = u213 ? 1 : u214
let u216 = ![95] ? clk0 : 0
let u217 = u215 ? 1 : u216
let u218 = ![101] ? clk0 : 0
let u219 = u217 ? 1 : u218
let u220 = ![1529] ? clk0 : 0
let u221 = u219 ? 1 : u220
let u222 = ![226] ? clk0 : 0
let u223 = [1318] ? 1 : !u222
let u224 = [235] ? [1627] : 0
let u225 = [235] ? 1 : [1627]
let u226 = !u224 ? u225 : 0
let u227 = ![427] ? !u226 : 0
let u228 = ![427] ? 1 : !u226
let u229 = u227 ? 1 : !u228
let u230 = ![1674] ? clk0 : 0
let u231 = !u229 ? 1 : !u230
let u232 = u223 ? u231 : 0
let u233 = ![95] ? clk0 : 0
let u234 = !u225 ? 1 : !u233
let u235 = u232 ? u234 : 0
let u236 = ![101] ? clk0 : 0
let u237 = !u226 ? 1 : !u236
let u238 = u235 ? u237 : 0
let u239 = ![1529] ? clk0 : 0
let u240 = !u224 ? 1 : !u239
let u241 = u238 ? u240 : 0
let u242 = u221 ? u241 : [68]
set [68] = u242
let u243 = [443] ? [199] : 0
let u244 = u243 ? 1 : [1673]
let u245 = !u244 ? ![493] : 0
let u246 = u244 ? [1442] : 0
let u247 = u245 ? 1 : u246
let u248 = !clk0 ? !u247 : [69]
set [69] = u248
let u249 = [1675] ? 1 : [119]
let u250 = [1328] ? 1 : u249
let u251 = ![24] ? !u250 : 0
let u252 = [1384] ? 1 : [119]
let u253 = [1328] ? 1 : u252
let u254 = [1620] ? 1 : u253
let u255 = [1112] ? 1 : u254
let u256 = [1675] ? 1 : u255
let u257 = !u152 ? 1 : u256
let u258 = u251 ? 1 : !u257
let u259 = clk0 ? u258 : [73]
set [73] = u259
set [77] = [1625]
let u260 = !clk0 ? !clk0 : 0
let u261 = ![521] ? u260 : 0
let u262 = !clk0 ? !clk0 : 0
let u263 = ![796] ? u262 : 0
let u264 = u263 ? ![752] : [81]
let u265 = u261 ? [1287] : u264
set [81] = u265
set [82] = ![527]
let u266 = u10 ? [1405] : [85]
set [85] = u266
let u267 = [310] ? 1 : [1329]
let u268 = [1328] ? 1 : u267
let u269 = [337] ? 1 : u268
let u270 = !u152 ? 1 : u269
let u271 = [197] ? 1 : !u270
let u272 = clk0 ? u271 : [88]
set [88] = u272
let u273 = !clk0 ? 0 : [94]
set [94] = u273
let u274 = !clk0 ? ![88] : [95]
set [95] = u274
let u275 = !clk0 ? !clk0 : 0
let u276 = ![805] ? u275 : 0
let u277 = !clk0 ? !clk0 : 0
let u278 = ![688] ? u277 : 0
let u279 = u276 ? 1 : u278
let u280 = !clk0 ? !clk0 : 0
let u281 = ![1477] ? u280 : 0
let u282 = u279 ? 1 : u281
let u283 = ![1302] ? 1 : !u276
let u284 = [1302] ? 1 : !u278
let u285 = u283 ? u284 : 0
let u286 = [684] ? 1 : !u281
let u287 = u285 ? u286 : 0
let u288 = u282 ? u287 : [96]
set [96] = u288
let u289 = u10 ? [1150] : [98]
set [98] = u289
let u290 = clk0 ? ![348] : [99]
set [99] = u290
let u291 = !clk0 ? ![982] : [101]
set [101] = u291
let u292 = ![1022] ? 1 : ![900]
let u293 = ![1139] ? 1 : u292
let u294 = ![622] ? 1 : u293
let u295 = ![377] ? 1 : u294
let u296 = ![1359] ? 1 : u295
let u297 = ![1611] ? 1 : u296
let u298 = [379] ? 1 : u297
let u299 = ![655] ? 1 : u298
let u300 = !u299 ? [1670] : 0
let u301 = ![292] ? 1 : !u300
let u302 = [502] ? 1 : !u301
let u303 = !u301 ? [502] : 0
let u304 = u302 ? !u303 : 0
let u305 = clk0 ? !u304 : [114]
set [114] = u305
let u306 = u211 ? [1336] : [115]
set [115] = u306
let u307 = clk0 ? !db0 : [116]
set [116] = u307
let u308 = !clk0 ? [879] : 0
let u309 = [879] ? [827] : 0
let u310 = !u309 ? 1 : [361]
let u311 = u308 ? u310 : [119]
set [119] = u311
let u312 = clk0 ? 1 : ![339]
let u313 = u312 ? 1 : ![745]
let u314 = u313 ? 1 : ![897]
let u315 = !clk0 ? ![1121] : 0
let u316 = u314 ? 1 : u315
let u317 = ![1029] ? 1 : [339]
let u318 = ![68] ? 1 : [745]
let u319 = u317 ? u318 : 0
let u320 = [993] ? 1 : [897]
let u321 = u319 ? u320 : 0
let u322 = !clk0 ? ![1121] : 0
let u323 = ![1537] ? 1 : !u322
let u324 = u321 ? u323 : 0
let u325 = u316 ? u324 : [121]
set [121] = u325
let u326 = !u300 ? ![292] : 0
let u327 = u326 ? 1 : !u301
let u328 = clk0 ? !u327 : [126]
set [126] = u328
let u329 = [1384] ? 1 : u1
let u330 = [1329] ? 1 : u329
let u331 = [1576] ? 1 : u330
let u332 = [1328] ? 1 : u331
let u333 = [1112] ? 1 : u332
let u334 = [1384] ? 1 : u1
let u335 = [1328] ? 1 : u334
let u336 = [1609] ? 1 : u335
let u337 = [1112] ? 1 : u336
let u338 = [1576] ? 1 : u337
let u339 = [337] ? 1 : u338
let u340 = [1620] ? 1 : u1
let u341 = [1300] ? 1 : u340
let u342 = [1675] ? 1 : u341
let u343 = [1328] ? 1 : u342
let u344 = [1112] ? 1 : u343
let u345 = !u339 ? 1 : !u344
let u346 = !u333 ? 1 : u345
set [134] = !u346
let u347 = [977] ? [1167] : 0
let u348 = !u347 ? [590] : 0
let u349 = u348 ? 1 : [143]
let u350 = !u349 ? ![155] : 0
let u351 = [1432] ? [1248] : 0
let u352 = u350 ? 1 : u351
let u353 = [681] ? !u352 : 0
let u354 = [704] ? 1 : [1332]
let u355 = u353 ? 1 : !u354
let u356 = [96] ? 1 : [1680]
let u357 = !u355 ? u356 : 0
let u358 = !u347 ? [590] : 0
let u359 = u358 ? 1 : [143]
let u360 = !u359 ? u351 : 0
let u361 = !u354 ? 1 : !u360
let u362 = !u356 ? 1 : ![350]
let u363 = !u362 ? 1 : ![681]
let u364 = [155] ? 1 : u351
let u365 = !u354 ? 1 : ![681]
let u366 = !u365 ? 1 : u351
let u367 = !u359 ? 1 : u366
let u368 = !u364 ? 1 : u367
let u369 = !u363 ? 1 : !u368
let u370 = u361 ? u369 : 0
let u371 = u370 ? 1 : ![1450]
let u372 = !u371 ? 1 : ![350]
let u373 = u357 ? 1 : u372
let u374 = [1645] ? [1142] : 0
let u375 = !u373 ? !u374 : 0
let u376 = u375 ? 1 : [404]
set [142] = !u376
let u377 = [977] ? 1 : [1167]
set [143] = !u377
let u378 = !clk0 ? ![610] : 0
let u379 = u378 ? [52] : [148]
set [148] = u379
let u380 = clk0 ? ![24] : [151]
set [151] = u380
let u381 = [1432] ? 1 : [1248]
set [155] = !u381
let u382 = !clk0 ? ![493] : [158]
set [158] = u382
let u383 = !clk0 ? !clk0 : 0
let u384 = ![1505] ? u383 : 0
let u385 = [276] ? [697] : 0
let u386 = !u385 ? ![1341] : 0
let u387 = [276] ? 1 : [697]
let u388 = [393] ? u387 : 0
let u389 = u386 ? 1 : u388
let u390 = !u389 ? ![1188] : 0
let u391 = !u389 ? 1 : ![1188]
let u392 = u390 ? 1 : !u391
let u393 = u384 ? !u392 : [162]
set [162] = u393
let u394 = [142] ? ![477] : 0
let u395 = !u394 ? 1 : !u226
let u396 = [1678] ? 1 : [530]
let u397 = !u396 ? 1 : ![477]
let u398 = [142] ? 1 : u226
let u399 = !u397 ? 1 : u398
let u400 = ![477] ? 1 : u399
let u401 = [1241] ? 1 : u224
let u402 = !u400 ? 1 : !u401
let u403 = u395 ? u402 : 0
let u404 = u403 ? 1 : ![1450]
let u405 = clk0 ? !u404 : [164]
set [164] = u405
let u406 = clk0 ? 1 : [801]
let u407 = u406 ? 1 : [1263]
let u408 = u407 ? 1 : ![621]
let u409 = u408 ? 1 : ![512]
let u410 = u409 ? 1 : u17
let u411 = !clk0 ? ![1221] : 0
let u412 = ![878] ? 1 : u411
let u413 = ![398] ? 1 : u412
let u414 = u115 ? 1 : u413
let u415 = u414 ? ![1527] : 0
let u416 = u410 ? 1 : u415
let u417 = !clk0 ? ![1020] : 0
let u418 = ![598] ? 1 : u417
let u419 = ![1683] ? 1 : u418
let u420 = u419 ? ![1602] : 0
let u421 = u416 ? 1 : u420
let u422 = [615] ? 1 : ![801]
let u423 = [589] ? 1 : ![1263]
let u424 = u422 ? u423 : 0
let u425 = ![601] ? 1 : [621]
let u426 = u424 ? u425 : 0
let u427 = ![893] ? 1 : [512]
let u428 = u426 ? u427 : 0
let u429 = [858] ? 1 : !u17
let u430 = u428 ? u429 : 0
let u431 = !clk0 ? ![1221] : 0
let u432 = ![878] ? 1 : u431
let u433 = ![398] ? 1 : u432
let u434 = u115 ? 1 : u433
let u435 = u434 ? ![1527] : 0
let u436 = [1503] ? 1 : !u435
let u437 = u430 ? u436 : 0
let u438 = !clk0 ? ![1020] : 0
let u439 = ![598] ? 1 : u438
let u440 = ![1683] ? 1 : u439
let u441 = u440 ? ![1602] : 0
let u442 = [483] ? 1 : !u441
let u443 = u437 ? u442 : 0
let u444 = u421 ? u443 : [166]
set [166] = u444
let u445 = !u71 ? 1 : [717]
let u446 = clk0 ? u445 : [170]
set [170] = u446
set [175] = ![1266]
let u447 = clk0 ? ![1435] : [181]
set [181] = u447
let u448 = u263 ? ![1064] : [183]
let u449 = u261 ? [1150] : u448
set [183] = u449
let u450 = [1606] ? 1 : ![223]
set [188] = !u450
let u451 = [653] ? 1 : ![24]
let u452 = [1620] ? 1 : ![188]
let u453 = [927] ? 1 : u452
let u454 = [1384] ? 1 : [927]
let u455 = ![378] ? 1 : u454
let u456 = [1576] ? 1 : u455
let u457 = [310] ? 1 : u456
let u458 = !u453 ? 1 : !u457
let u459 = [197] ? 1 : u458
let u460 = !u451 ? !u459 : 0
let u461 = clk0 ? !u460 : [190]
set [190] = u461
let u462 = [1384] ? 1 : u1
let u463 = ![47] ? 1 : u462
let u464 = [1576] ? 1 : u463
let u465 = [927] ? 1 : u464
let u466 = !u152 ? 1 : u465
let u467 = u466 ? !u458 : 0
set [192] = !u467
let u468 = !clk0 ? ![610] : 0
let u469 = u468 ? [1539] : [195]
set [195] = u469
let u470 = clk0 ? 0 : [197]
set [197] = u470
let u471 = [1384] ? 1 : u1
let u472 = [1328] ? 1 : u471
let u473 = [1609] ? 1 : u472
let u474 = [1112] ? 1 : u473
let u475 = [1620] ? 1 : u474
let u476 = !u152 ? 1 : u475
let u477 = [337] ? 1 : u476
let u478 = [1384] ? 1 : u1
let u479 = ![188] ? 1 : u478
let u480 = [1329] ? 1 : u479
let u481 = [1328] ? 1 : u480
let u482 = [1576] ? 1 : u481
let u483 = [1112] ? 1 : u482
let u484 = [1675] ? 1 : u483
let u485 = !u477 ? 1 : !u484
let u486 = clk0 ? !u485 : [199]
set [199] = u486
let u487 = u77 ? 1 : u79
let u488 = [1539] ? 1 : !u77
let u489 = [663] ? 1 : !u79
let u490 = u488 ? u489 : 0
let u491 = u487 ? u490 : [205]
set [205] = u491
let u492 = !clk0 ? ![190] : 0
let u493 = u492 ? [684] : [211]
set [211] = u493
let u494 = [1300] ? 1 : u1
let u495 = [1328] ? 1 : u494
let u496 = [1112] ? 1 : u495
let u497 = !u152 ? 1 : u496
let u498 = [337] ? 1 : u497
let u499 = [1609] ? 1 : u498
let u500 = clk0 ? u499 : [215]
set [215] = u500
let u501 = !clk0 ? ![1108] : [222]
set [222] = u501
let u502 = !clk0 ? [1215] : [223]
set [223] = u502
let u503 = !clk0 ? ![968] : [226]
set [226] = u503
let u504 = !clk0 ? ![610] : 0
let u505 = u504 ? [407] : [230]
set [230] = u505
let u506 = u276 ? 1 : u278
let u507 = u506 ? 1 : u281
let u508 = ![833] ? 1 : !u276
let u509 = [833] ? 1 : !u278
let u510 = u508 ? u509 : 0
let u511 = [121] ? 1 : !u281
let u512 = u510 ? u511 : 0
let u513 = u507 ? u512 : [235]
set [235] = u513
let u514 = [1693] ? 1 : [1291]
let u515 = !u514 ? 1 : [1149]
set [264] = !u515
let u516 = [1384] ? 1 : u1
let u517 = ![678] ? 1 : u516
let u518 = [1576] ? 1 : u517
let u519 = [927] ? 1 : u518
let u520 = !u519 ? ![1679] : 0
let u521 = [927] ? 1 : u1
let u522 = [1384] ? 1 : u521
let u523 = u60 ? 1 : u522
let u524 = [1576] ? 1 : u523
let u525 = [1620] ? 1 : [791]
let u526 = u60 ? 1 : u525
let u527 = [1328] ? 1 : u1
let u528 = [1384] ? 1 : u527
let u529 = [1112] ? 1 : u528
let u530 = [337] ? 1 : u529
let u531 = ![378] ? 1 : u530
let u532 = [1609] ? 1 : u531
let u533 = [1576] ? 1 : u532
let u534 = [134] ? 1 : [1276]
let u535 = [17] ? 1 : !u534
let u536 = !u533 ? 1 : !u535
let u537 = ![666] ? 1 : u536
let u538 = !u526 ? 1 : u537
let u539 = !u524 ? 1 : u538
let u540 = ![17] ? 1 : u539
let u541 = [0] ? 1 : u540
let u542 = u520 ? 1 : u541
let u543 = clk0 ? !u542 : [265]
set [265] = u543
let u544 = [310] ? 1 : [1329]
let u545 = [541] ? 1 : u544
let u546 = [337] ? 1 : u545
let u547 = !u546 ? [335] : 0
let u548 = [1384] ? 1 : u1
let u549 = [1329] ? 1 : u548
let u550 = [1620] ? 1 : u549
let u551 = [1328] ? 1 : u550
let u552 = [1675] ? 1 : u551
let u553 = [1112] ? 1 : u552
let u554 = u60 ? 1 : u553
let u555 = u547 ? 1 : !u554
let u556 = clk0 ? !u555 : [266]
set [266] = u556
let u557 = !clk0 ? ![190] : 0
let u558 = u557 ? [413] : [268]
set [268] = u558
let u559 = ![1674] ? clk0 : 0
let u560 = ![226] ? clk0 : 0
let u561 = u559 ? 1 : u560
let u562 = ![95] ? clk0 : 0
let u563 = u561 ? 1 : u562
let u564 = ![101] ? clk0 : 0
let u565 = u563 ? 1 : u564
let u566 = ![1529] ? clk0 : 0
let u567 = u565 ? 1 : u566
let u568 = u354 ? [681] : 0
let u569 = u352 ? !u568 : 0
let u570 = u352 ? 1 : !u568
let u571 = u569 ? 1 : !u570
let u572 = ![1674] ? clk0 : 0
let u573 = !u571 ? 1 : !u572
let u574 = ![226] ? clk0 : 0
let u575 = [350] ? 1 : !u574
let u576 = u573 ? u575 : 0
let u577 = ![95] ? clk0 : 0
let u578 = !u354 ? 1 : !u577
let u579 = u576 ? u578 : 0
let u580 = ![101] ? clk0 : 0
let u581 = !u568 ? 1 : !u580
let u582 = u579 ? u581 : 0
let u583 = ![1529] ? clk0 : 0
let u584 = [681] ? 1 : !u583
let u585 = u582 ? u584 : 0
let u586 = u567 ? u585 : [276]
set [276] = u586
let u587 = u77 ? 1 : u79
let u588 = [52] ? 1 : !u77
let u589 = [126] ? 1 : !u79
let u590 = u588 ? u589 : 0
let u591 = u587 ? u590 : [292]
set [292] = u591
let u592 = [323] ? 1 : [671]
let u593 = ![1395] ? 1 : u592
let u594 = clk0 ? !u593 : [294]
set [294] = u594
let u595 = u211 ? [1188] : [305]
set [305] = u595
let u596 = !clk0 ? [879] : 0
let u597 = !u309 ? 1 : [758]
let u598 = u596 ? u597 : [310]
set [310] = u598
let u599 = clk0 ? 1 : ![1683]
let u600 = u599 ? 1 : ![598]
let u601 = !clk0 ? ![1020] : 0
let u602 = u600 ? 1 : u601
let u603 = ![512] ? 1 : u17
let u604 = ![621] ? 1 : u603
let u605 = [1263] ? 1 : u604
let u606 = [801] ? 1 : u605
let u607 = u606 ? ![1602] : 0
let u608 = u602 ? 1 : u607
let u609 = [1061] ? 1 : [598]
let u610 = [1683] ? u609 : 0
let u611 = !clk0 ? ![1020] : 0
let u612 = ![1284] ? 1 : !u611
let u613 = u610 ? u612 : 0
let u614 = ![512] ? 1 : u17
let u615 = ![621] ? 1 : u614
let u616 = [1263] ? 1 : u615
let u617 = [801] ? 1 : u616
let u618 = u617 ? ![1602] : 0
let u619 = [1188] ? 1 : !u618
let u620 = u613 ? u619 : 0
let u621 = u608 ? u620 : [315]
set [315] = u621
let u622 = !clk0 ? [959] : [323]
set [323] = u622
set [328] = ![310]
let u623 = ![330] ? 1 : clk0
set [330] = !u623
let u624 = [197] ? 1 : ![1452]
let u625 = !u624 ? 1 : [1553]
set [334] = !u625
let u626 = [541] ? 1 : [1329]
let u627 = [337] ? 1 : u626
let u628 = [347] ? 1 : u627
set [335] = !u628
set [337] = ![1675]
let u629 = [1328] ? 1 : [119]
let u630 = [337] ? 1 : u629
let u631 = !u630 ? [653] : 0
let u632 = [1576] ? 1 : u1
let u633 = [541] ? 1 : u632
let u634 = [1675] ? 1 : u633
let u635 = ![1533] ? 1 : u634
let u636 = [1112] ? 1 : u635
let u637 = [1384] ? 1 : [119]
let u638 = ![1533] ? 1 : u637
let u639 = [1620] ? 1 : u638
let u640 = [1328] ? 1 : u639
let u641 = [1112] ? 1 : u640
let u642 = [337] ? 1 : u641
let u643 = [1609] ? 1 : ![1533]
let u644 = [1675] ? 1 : u643
let u645 = [310] ? 1 : u644
let u646 = [1620] ? 1 : u1
let u647 = [541] ? 1 : u646
let u648 = [1675] ? 1 : u647
let u649 = [1300] ? 1 : u648
let u650 = ![1533] ? 1 : u649
let u651 = [1112] ? 1 : u650
let u652 = [1675] ? 1 : [1329]
let u653 = [541] ? 1 : u652
let u654 = [310] ? 1 : u653
let u655 = ![1533] ? 1 : u654
let u656 = !u651 ? 1 : !u655
let u657 = !u645 ? 1 : u656
let u658 = !u642 ? 1 : u657
let u659 = !u636 ? 1 : u658
let u660 = u631 ? 1 : u659
let u661 = clk0 ? !u660 : [338]
set [338] = u661
let u662 = [1384] ? 1 : u1
let u663 = [1328] ? 1 : u662
let u664 = [1609] ? 1 : u663
let u665 = [1112] ? 1 : u664
let u666 = [1576] ? 1 : u665
let u667 = !u152 ? 1 : u666
let u668 = [337] ? 1 : u667
let u669 = ![902] ? !u668 : 0
let u670 = [1384] ? 1 : u1
let u671 = [1328] ? 1 : u670
let u672 = u60 ? 1 : u671
let u673 = [1112] ? 1 : u672
let u674 = u669 ? 1 : !u673
let u675 = clk0 ? !u674 : [339]
set [339] = u675
let u676 = [1620] ? 1 : ![188]
let u677 = [927] ? 1 : u676
let u678 = [1576] ? 1 : [1300]
let u679 = [1112] ? 1 : u678
let u680 = u60 ? 1 : u679
let u681 = ![378] ? 1 : [1384]
let u682 = [310] ? 1 : u681
let u683 = [1576] ? 1 : u682
let u684 = [1620] ? 1 : ![678]
let u685 = [1300] ? 1 : u684
let u686 = [1112] ? 1 : u685
let u687 = [1576] ? 1 : ![678]
let u688 = [927] ? 1 : u687
let u689 = [1300] ? 1 : u688
let u690 = !u686 ? 1 : !u689
let u691 = !u683 ? 1 : u690
let u692 = !u680 ? 1 : u691
let u693 = !u677 ? 1 : u692
set [347] = !u693
let u694 = ![1302] ? [781] : 0
let u695 = [781] ? 1 : ![974]
let u696 = !u695 ? [99] : 0
let u697 = [1609] ? ![974] : 0
let u698 = u696 ? 1 : u697
let u699 = u694 ? 1 : u698
let u700 = !clk0 ? !u699 : [348]
set [348] = u700
let u701 = !clk0 ? ![610] : 0
let u702 = u701 ? [483] : [349]
set [349] = u702
let u703 = [96] ? [1680] : 0
set [350] = !u703
let u704 = clk0 ? u70 : [357]
set [357] = u704
let u705 = [1620] ? 1 : u1
let u706 = [1300] ? 1 : u705
let u707 = [1675] ? 1 : u706
let u708 = [1328] ? 1 : u707
let u709 = [1112] ? 1 : u708
let u710 = [1384] ? 1 : u1
let u711 = [1329] ? 1 : u710
let u712 = ![378] ? 1 : u711
let u713 = [1328] ? 1 : u712
let u714 = [1576] ? 1 : u713
let u715 = [1112] ? 1 : u714
let u716 = [1675] ? 1 : u715
let u717 = [1384] ? 1 : u1
let u718 = [1329] ? 1 : u717
let u719 = [1620] ? 1 : u718
let u720 = [1328] ? 1 : u719
let u721 = [1112] ? 1 : u720
let u722 = !u152 ? 1 : u721
let u723 = [1384] ? 1 : u1
let u724 = ![188] ? 1 : u723
let u725 = [1609] ? 1 : u724
let u726 = [1328] ? 1 : u725
let u727 = [1576] ? 1 : u726
let u728 = [1112] ? 1 : u727
let u729 = [1675] ? 1 : u728
let u730 = [1384] ? 1 : u1
let u731 = ![678] ? 1 : u730
let u732 = [1609] ? 1 : u731
let u733 = [1328] ? 1 : u732
let u734 = [1620] ? 1 : u733
let u735 = [1112] ? 1 : u734
let u736 = !u729 ? 1 : !u735
let u737 = !u722 ? 1 : u736
let u738 = !u668 ? 1 : u737
let u739 = !u716 ? 1 : u738
let u740 = !u69 ? 1 : u739
let u741 = !u740 ? 1 : [902]
let u742 = [1620] ? 1 : [1300]
let u743 = [1112] ? 1 : u742
let u744 = u60 ? 1 : u743
let u745 = [1609] ? 1 : [119]
let u746 = [541] ? 1 : u745
let u747 = [1675] ? 1 : u746
let u748 = !u747 ? ![24] : 0
let u749 = [1384] ? 1 : u1
let u750 = [1328] ? 1 : u749
let u751 = [1609] ? 1 : u750
let u752 = [1112] ? 1 : u751
let u753 = [1620] ? 1 : u752
let u754 = [1384] ? 1 : ![678]
let u755 = [1112] ? 1 : u754
let u756 = [1576] ? 1 : u755
let u757 = [310] ? 1 : u756
let u758 = [1384] ? 1 : [927]
let u759 = [310] ? 1 : u758
let u760 = [1576] ? 1 : u759
let u761 = u60 ? 1 : u760
let u762 = [1384] ? 1 : ![188]
let u763 = [927] ? 1 : u762
let u764 = [1576] ? 1 : u763
let u765 = [310] ? 1 : u764
let u766 = [1620] ? 1 : ![678]
let u767 = [927] ? 1 : u766
let u768 = !u765 ? 1 : !u767
let u769 = !u761 ? 1 : u768
let u770 = !u757 ? 1 : u769
let u771 = !u753 ? 1 : u770
let u772 = u748 ? 1 : u771
let u773 = [1384] ? 1 : ![188]
let u774 = [1112] ? 1 : u773
let u775 = [1576] ? 1 : u774
let u776 = [310] ? 1 : u775
let u777 = [1384] ? 1 : u1
let u778 = [1328] ? 1 : u777
let u779 = [1609] ? 1 : u778
let u780 = [1112] ? 1 : u779
let u781 = [1576] ? 1 : u780
let u782 = [337] ? 1 : u781
let u783 = u60 ? 1 : u782
let u784 = [1384] ? 1 : u1
let u785 = [1328] ? 1 : u784
let u786 = [1576] ? 1 : u785
let u787 = [1112] ? 1 : u786
let u788 = [1675] ? 1 : u787
let u789 = !u783 ? 1 : !u788
let u790 = !u776 ? 1 : u789
let u791 = u772 ? 1 : u790
let u792 = !u744 ? 1 : u791
let u793 = !u624 ? 1 : u792
let u794 = !u741 ? 1 : u793
let u795 = [197] ? 1 : u794
let u796 = !u709 ? 1 : u795
let u797 = clk0 ? u796 : [360]
set [360] = u797
let u798 = clk0 ? !db1 : [361]
set [361] = u798
let u799 = clk0 ? !db4 : [369]
set [369] = u799
let u800 = !clk0 ? !clk0 : 0
let u801 = ![509] ? u800 : 0
let u802 = !clk0 ? !clk0 : 0
let u803 = ![265] ? u802 : 0
let u804 = u801 ? 1 : u803
let u805 = [993] ? 1 : !u801
let u806 = [121] ? 1 : !u803
let u807 = u805 ? u806 : 0
let u808 = u804 ? u807 : [377]
set [377] = u808
let u809 = ![223] ? 1 : [18]
set [378] = !u809
let u810 = [1581] ? 1 : [1570]
let u811 = u810 ? [1472] : 0
set [379] = !u811
let u812 = u373 ? 1 : ![599]
let u813 = clk0 ? !u812 : [393]
set [393] = u813
let u814 = ![1674] ? clk0 : 0
let u815 = ![95] ? clk0 : 0
let u816 = u814 ? 1 : u815
let u817 = ![101] ? clk0 : 0
let u818 = u816 ? 1 : u817
let u819 = ![226] ? clk0 : 0
let u820 = u818 ? 1 : u819
let u821 = ![1529] ? clk0 : 0
let u822 = u820 ? 1 : u821
let u823 = ![143] ? !u347 : 0
let u824 = ![590] ? !u823 : 0
let u825 = !u823 ? 1 : ![590]
let u826 = u824 ? 1 : !u825
let u827 = ![1674] ? clk0 : 0
let u828 = !u826 ? 1 : !u827
let u829 = ![95] ? clk0 : 0
let u830 = [143] ? 1 : !u829
let u831 = u828 ? u830 : 0
let u832 = ![101] ? clk0 : 0
let u833 = !u823 ? 1 : !u832
let u834 = u831 ? u833 : 0
let u835 = ![226] ? clk0 : 0
let u836 = !u351 ? 1 : !u835
let u837 = u834 ? u836 : 0
let u838 = ![1529] ? clk0 : 0
let u839 = !u347 ? 1 : !u838
let u840 = u837 ? u839 : 0
let u841 = u822 ? u840 : [394]
set [394] = u841
let u842 = clk0 ? !u208 : [398]
set [398] = u842
let u843 = !clk0 ? ![610] : 0
let u844 = u843 ? [315] : [399]
set [399] = u844
let u845 = ![717] ? 1 : [1131]
let u846 = [197] ? 1 : u845
let u847 = !clk0 ? !u846 : [402]
set [402] = u847
let u848 = [1645] ? 1 : [1142]
set [404] = !u848
let u849 = clk0 ? 1 : ![683]
let u850 = u849 ? 1 : ![598]
let u851 = !clk0 ? ![1020] : 0
let u852 = u850 ? 1 : u851
let u853 = ![512] ? 1 : u17
let u854 = ![621] ? 1 : u853
let u855 = [1263] ? 1 : u854
let u856 = [801] ? 1 : u855
let u857 = u856 ? ![1602] : 0
let u858 = u852 ? 1 : u857
let u859 = ![780] ? 1 : [598]
let u860 = [683] ? u859 : 0
let u861 = !clk0 ? ![1020] : 0
let u862 = ![116] ? 1 : !u861
let u863 = u860 ? u862 : 0
let u864 = ![512] ? 1 : u17
let u865 = ![621] ? 1 : u864
let u866 = [1263] ? 1 : u865
let u867 = [801] ? 1 : u866
let u868 = u867 ? ![1602] : 0
let u869 = [54] ? 1 : !u868
let u870 = u863 ? u869 : 0
let u871 = u858 ? u870 : [407]
set [407] = u871
let u872 = [427] ? !u224 : 0
let u873 = u872 ? 1 : !u225
let u874 = [1535] ? 1 : [1522]
let u875 = !u873 ? !u874 : 0
let u876 = [1318] ? 1 : !u873
let u877 = u875 ? 1 : !u876
let u878 = clk0 ? !u877 : [408]
set [408] = u878
let u879 = [1184] ? 1 : ![900]
set [410] = !u879
let u880 = clk0 ? 1 : ![339]
let u881 = u880 ? 1 : ![745]
let u882 = u881 ? 1 : ![897]
let u883 = !clk0 ? ![1121] : 0
let u884 = u882 ? 1 : u883
let u885 = u884 ? 1 : ![357]
let u886 = ![418] ? 1 : [339]
let u887 = ![394] ? 1 : [745]
let u888 = u886 ? u887 : 0
let u889 = [526] ? 1 : [897]
let u890 = u888 ? u889 : 0
let u891 = !clk0 ? ![1121] : 0
let u892 = ![116] ? 1 : !u891
let u893 = u890 ? u892 : 0
let u894 = u893 ? [357] : 0
let u895 = u885 ? u894 : [413]
set [413] = u895
let u896 = [1328] ? 1 : [1329]
let u897 = !u152 ? 1 : u896
let u898 = [1675] ? 1 : u897
let u899 = [310] ? 1 : u898
let u900 = [1675] ? 1 : [119]
let u901 = [1328] ? 1 : u900
let u902 = ![24] ? !u901 : 0
let u903 = [1384] ? 1 : [119]
let u904 = [1328] ? 1 : u903
let u905 = [1620] ? 1 : u904
let u906 = [1112] ? 1 : u905
let u907 = [1675] ? 1 : u906
let u908 = !u152 ? 1 : u907
let u909 = u902 ? 1 : !u908
let u910 = !u899 ? 1 : u909
let u911 = u188 ? 1 : u910
let u912 = u271 ? 1 : u911
let u913 = clk0 ? !u912 : [415]
set [415] = u913
let u914 = clk0 ? ![1403] : [418]
set [418] = u914
let u915 = [142] ? u396 : 0
let u916 = u915 ? 1 : ![477]
set [427] = !u916
let u917 = !clk0 ? ![190] : 0
let u918 = u917 ? [1437] : [435]
set [435] = u918
set [439] = [348]
let u919 = [1609] ? 1 : u1
let u920 = [1300] ? 1 : u919
let u921 = ![1533] ? 1 : u920
let u922 = [1328] ? 1 : u921
let u923 = [1112] ? 1 : u922
let u924 = [337] ? 1 : u923
let u925 = [1384] ? 1 : [1329]
let u926 = [119] ? 1 : u925
let u927 = [1620] ? 1 : u926
let u928 = [541] ? 1 : u927
let u929 = [1675] ? 1 : u928
let u930 = ![1533] ? 1 : u929
let u931 = [1112] ? 1 : u930
let u932 = [1609] ? 1 : [119]
let u933 = [541] ? 1 : u932
let u934 = [337] ? 1 : u933
let u935 = !u152 ? 1 : u934
let u936 = [1384] ? 1 : u1
let u937 = [541] ? 1 : u936
let u938 = [1609] ? 1 : u937
let u939 = ![1533] ? 1 : u938
let u940 = [1620] ? 1 : u939
let u941 = [1112] ? 1 : u940
let u942 = [1675] ? 1 : u941
let u943 = !u935 ? 1 : !u942
let u944 = !u931 ? 1 : u943
let u945 = [1384] ? 1 : u1
let u946 = [1329] ? 1 : u945
let u947 = [1620] ? 1 : u946
let u948 = [541] ? 1 : u947
let u949 = ![1533] ? 1 : u948
let u950 = [1112] ? 1 : u949
let u951 = [1609] ? 1 : u1
let u952 = [541] ? 1 : u951
let u953 = [1112] ? 1 : u952
let u954 = !u152 ? 1 : u953
let u955 = [337] ? 1 : u954
let u956 = [1609] ? 1 : u1
let u957 = [541] ? 1 : u956
let u958 = [1300] ? 1 : u957
let u959 = !u152 ? 1 : u958
let u960 = [337] ? 1 : u959
let u961 = !u955 ? 1 : !u960
let u962 = !u950 ? 1 : u961
let u963 = !u944 ? !u962 : 0
let u964 = [1384] ? 1 : [1329]
let u965 = [119] ? 1 : u964
let u966 = [1620] ? 1 : u965
let u967 = [541] ? 1 : u966
let u968 = [1112] ? 1 : u967
let u969 = !u152 ? 1 : u968
let u970 = [337] ? 1 : u969
let u971 = [1384] ? 1 : u1
let u972 = [1328] ? 1 : u971
let u973 = [1609] ? 1 : u972
let u974 = [1112] ? 1 : u973
let u975 = [1620] ? 1 : u974
let u976 = !u152 ? 1 : u975
let u977 = [1675] ? 1 : u976
let u978 = [1384] ? 1 : [119]
let u979 = ![1533] ? 1 : u978
let u980 = [1620] ? 1 : u979
let u981 = [1328] ? 1 : u980
let u982 = [1112] ? 1 : u981
let u983 = [310] ? 1 : ![1533]
let u984 = [1328] ? 1 : u983
let u985 = [1384] ? 1 : u1
let u986 = [1329] ? 1 : u985
let u987 = [1620] ? 1 : u986
let u988 = [927] ? 1 : u987
let u989 = [541] ? 1 : u988
let u990 = !u152 ? 1 : u989
let u991 = [337] ? 1 : u990
let u992 = [1609] ? 1 : ![1533]
let u993 = [1675] ? 1 : u992
let u994 = [310] ? 1 : u993
let u995 = !u991 ? 1 : !u994
let u996 = !u984 ? 1 : u995
let u997 = !u982 ? 1 : u996
let u998 = !u977 ? 1 : u997
let u999 = !u970 ? 1 : u998
let u1000 = !u156 ? 1 : u999
let u1001 = [653] ? 1 : u1000
let u1002 = u188 ? 1 : u1001
let u1003 = !u963 ? 1 : u1002
let u1004 = ![338] ? 1 : u1003
let u1005 = !u924 ? 1 : u1004
let u1006 = clk0 ? !u1005 : [443]
set [443] = u1006
let u1007 = u10 ? [1336] : [448]
set [448] = u1007
let u1008 = clk0 ? ![1395] : [449]
set [449] = u1008
let u1009 = !clk0 ? ![190] : 0
let u1010 = u1009 ? [1282] : [451]
set [451] = u1010
let u1011 = [1675] ? 1 : [119]
let u1012 = !u1011 ? 1 : !u630
let u1013 = [197] ? 1 : !u1012
let u1014 = [347] ? 1 : u1013
let u1015 = clk0 ? !u1014 : [456]
set [456] = u1015
let u1016 = clk0 ? !u944 : [459]
set [459] = u1016
let u1017 = clk0 ? !u962 : [460]
set [460] = u1017
let u1018 = [134] ? 1 : [17]
set [467] = !u1018
let u1019 = ![584] ? 1 : ![502]
let u1020 = u299 ? 1 : u1019
let u1021 = ![1670] ? 1 : u1020
let u1022 = ![292] ? 1 : u1021
let u1023 = [948] ? !u1022 : 0
let u1024 = !u1023 ? ![49] : 0
let u1025 = !u1023 ? 1 : ![49]
let u1026 = u1024 ? 1 : !u1025
let u1027 = clk0 ? !u1026 : [469]
set [469] = u1027
let u1028 = [1678] ? [530] : 0
set [477] = !u1028
let u1029 = clk0 ? 1 : ![1683]
let u1030 = u1029 ? 1 : ![598]
let u1031 = !clk0 ? ![1020] : 0
let u1032 = u1030 ? 1 : u1031
let u1033 = ![512] ? 1 : u17
let u1034 = ![621] ? 1 : u1033
let u1035 = [1263] ? 1 : u1034
let u1036 = [801] ? 1 : u1035
let u1037 = u1036 ? ![1602] : 0
let u1038 = u1032 ? 1 : u1037
let u1039 = [469] ? 1 : [598]
let u1040 = [1683] ? u1039 : 0
let u1041 = !clk0 ? ![1020] : 0
let u1042 = ![498] ? 1 : !u1041
let u1043 = u1040 ? u1042 : 0
let u1044 = ![512] ? 1 : u17
let u1045 = ![621] ? 1 : u1044
let u1046 = [1263] ? 1 : u1045
let u1047 = [801] ? 1 : u1046
let u1048 = u1047 ? ![1602] : 0
let u1049 = [166] ? 1 : !u1048
let u1050 = u1043 ? u1049 : 0
let u1051 = u1038 ? u1050 : [483]
set [483] = u1051
let u1052 = clk0 ? 1 : u115
let u1053 = u1052 ? 1 : ![398]
let u1054 = u1053 ? 1 : ![878]
let u1055 = !clk0 ? ![1221] : 0
let u1056 = u1054 ? 1 : u1055
let u1057 = [1333] ? 1 : u17
let u1058 = ![621] ? 1 : u1057
let u1059 = [1263] ? 1 : u1058
let u1060 = [801] ? 1 : u1059
let u1061 = u1060 ? ![1527] : 0
let u1062 = u1056 ? 1 : u1061
let u1063 = u1062 ? 1 : ![1577]
let u1064 = [1653] ? 1 : !u115
let u1065 = [663] ? 1 : [398]
let u1066 = u1064 ? u1065 : 0
let u1067 = ![536] ? 1 : [878]
let u1068 = u1066 ? u1067 : 0
let u1069 = !clk0 ? ![1221] : 0
let u1070 = ![529] ? 1 : !u1069
let u1071 = u1068 ? u1070 : 0
let u1072 = [1333] ? 1 : u17
let u1073 = ![621] ? 1 : u1072
let u1074 = [1263] ? 1 : u1073
let u1075 = [801] ? 1 : u1074
let u1076 = u1075 ? ![1527] : 0
let u1077 = [1001] ? 1 : !u1076
let u1078 = u1071 ? u1077 : 0
let u1079 = [1370] ? 1 : [1577]
let u1080 = u1078 ? u1079 : 0
let u1081 = u1063 ? u1080 : [493]
set [493] = u1081
let u1082 = ![1674] ? clk0 : 0
let u1083 = ![101] ? clk0 : 0
let u1084 = u1082 ? 1 : u1083
let u1085 = ![95] ? clk0 : 0
let u1086 = u1084 ? 1 : u1085
let u1087 = ![226] ? clk0 : 0
let u1088 = u1086 ? 1 : u1087
let u1089 = ![1529] ? clk0 : 0
let u1090 = u1088 ? 1 : u1089
let u1091 = u355 ? !u362 : 0
let u1092 = u355 ? 1 : !u362
let u1093 = u1091 ? 1 : !u1092
let u1094 = ![1674] ? clk0 : 0
let u1095 = !u1093 ? 1 : !u1094
let u1096 = ![101] ? clk0 : 0
let u1097 = u362 ? 1 : !u1096
let u1098 = u1095 ? u1097 : 0
let u1099 = ![95] ? clk0 : 0
let u1100 = !u356 ? 1 : !u1099
let u1101 = u1098 ? u1100 : 0
let u1102 = ![226] ? clk0 : 0
let u1103 = !u374 ? 1 : !u1102
let u1104 = u1101 ? u1103 : 0
let u1105 = ![1529] ? clk0 : 0
let u1106 = [350] ? 1 : !u1105
let u1107 = u1104 ? u1106 : 0
let u1108 = u1090 ? u1107 : [495]
set [495] = u1108
let u1109 = clk0 ? !db5 : [498]
set [498] = u1109
let u1110 = u77 ? 1 : u79
let u1111 = [1651] ? 1 : !u77
let u1112 = ![114] ? 1 : !u79
let u1113 = u1111 ? u1112 : 0
let u1114 = u1110 ? u1113 : [502]
set [502] = u1114
let u1115 = clk0 ? u542 : [509]
set [509] = u1115
let u1116 = clk0 ? [1130] : [512]
set [512] = u1116
let u1117 = [197] ? 1 : u783
let u1118 = [1384] ? 1 : [1329]
let u1119 = [927] ? 1 : u1118
let u1120 = [1620] ? 1 : u1119
let u1121 = [119] ? 1 : u1120
let u1122 = [541] ? 1 : u1121
let u1123 = !u152 ? 1 : u1122
let u1124 = [337] ? 1 : u1123
let u1125 = !u741 ? 1 : !u1124
let u1126 = !u1117 ? 1 : u1125
let u1127 = clk0 ? !u1126 : [521]
set [521] = u1127
let u1128 = [379] ? ![1139] : 0
let u1129 = u1128 ? 1 : [1345]
let u1130 = clk0 ? !u1129 : [526]
set [526] = u1130
let u1131 = !clk0 ? ![991] : [527]
set [527] = u1131
let u1132 = clk0 ? !db7 : [529]
set [529] = u1132
let u1133 = !clk0 ? !clk0 : 0
let u1134 = ![360] ? u1133 : 0
let u1135 = !clk0 ? !clk0 : 0
let u1136 = ![1027] ? u1135 : 0
let u1137 = u1134 ? 1 : u1136
let u1138 = [166] ? 1 : !u1134
let u1139 = u1138 ? !u1136 : 0
let u1140 = u1137 ? u1139 : [530]
set [530] = u1140
let u1141 = [410] ? [622] : 0
let u1142 = !u1141 ? 1 : ![377]
let u1143 = [1611] ? 1 : !u1142
let u1144 = !u1142 ? [1611] : 0
let u1145 = u1143 ? !u1144 : 0
let u1146 = clk0 ? !u1145 : [536]
set [536] = u1146
let u1147 = clk0 ? ![666] : [537]
set [537] = u1147
let u1148 = !u309 ? 1 : [369]
set [540] = !u1148
let u1149 = !clk0 ? [879] : 0
let u1150 = !u309 ? 1 : [1690]
let u1151 = u1149 ? u1150 : [541]
set [541] = u1151
let u1152 = clk0 ? [17] : [554]
set [554] = u1152
let u1153 = clk0 ? ![1272] : [559]
set [559] = u1153
let u1154 = !u873 ? u874 : 0
let u1155 = u1154 ? 1 : ![1318]
let u1156 = clk0 ? u1155 : [560]
set [560] = u1156
let u1157 = [1609] ? 1 : [541]
let u1158 = !u152 ? 1 : u1157
let u1159 = [1675] ? 1 : u1158
let u1160 = [310] ? 1 : u1159
let u1161 = !u1160 ? [439] : 0
let u1162 = clk0 ? !u1161 : [561]
set [561] = u1162
let u1163 = !clk0 ? ![1032] : [562]
set [562] = u1163
let u1164 = u211 ? [1287] : [573]
set [573] = u1164
let u1165 = clk0 ? !db1 : [576]
set [576] = u1165
let u1166 = clk0 ? [599] : [581]
set [581] = u1166
let u1167 = u77 ? 1 : u79
let u1168 = [315] ? 1 : !u77
let u1169 = [1061] ? 1 : !u79
let u1170 = u1168 ? u1169 : 0
let u1171 = u1167 ? u1170 : [584]
set [584] = u1171
let u1172 = u10 ? [166] : [589]
set [589] = u1172
let u1173 = [848] ? 1 : [1652]
let u1174 = [614] ? 1 : u1173
let u1175 = [960] ? 1 : u1174
let u1176 = !clk0 ? !u1175 : [590]
set [590] = u1176
let u1177 = [927] ? 1 : u1
let u1178 = [1384] ? 1 : u1177
let u1179 = u60 ? 1 : u1178
let u1180 = [1576] ? 1 : u1179
let u1181 = ![32] ? 1 : [337]
let u1182 = ![1328] ? 1 : u1181
let u1183 = ![337] ? 1 : ![1625]
let u1184 = [1328] ? 1 : u1183
let u1185 = [1328] ? 1 : [337]
let u1186 = ![69] ? 1 : u1185
let u1187 = ![337] ? 1 : ![627]
let u1188 = ![1328] ? 1 : u1187
let u1189 = !u1186 ? 1 : !u1188
let u1190 = !u1184 ? 1 : u1189
let u1191 = !u1182 ? 1 : u1190
let u1192 = [1609] ? !u1191 : 0
let u1193 = [1609] ? 1 : !u1191
let u1194 = u1192 ? 1 : !u1193
let u1195 = !u1180 ? !u1194 : 0
let u1196 = ![17] ? 1 : u1195
let u1197 = ![197] ? u1196 : 0
let u1198 = ![666] ? [197] : 0
let u1199 = u1197 ? 1 : u1198
let u1200 = clk0 ? !u1199 : [596]
set [596] = u1200
let u1201 = !clk0 ? ![799] : [597]
set [597] = u1201
let u1202 = !u466 ? 1 : !u539
let u1203 = [467] ? 1 : u1202
let u1204 = !u1203 ? 1 : !u519
let u1205 = clk0 ? !u1204 : [598]
set [598] = u1205
let u1206 = !clk0 ? ![561] : [599]
set [599] = u1206
let u1207 = clk0 ? ![1098] : [601]
set [601] = u1207
let u1208 = [927] ? 1 : u1
let u1209 = [1384] ? 1 : u1208
let u1210 = u60 ? 1 : u1209
let u1211 = [1576] ? 1 : u1210
let u1212 = [0] ? 1 : ![666]
let u1213 = !u519 ? 1 : u1212
let u1214 = !u1211 ? 1 : u1213
let u1215 = !u526 ? 1 : u1214
let u1216 = ![17] ? 1 : u1215
let u1217 = ![378] ? 1 : [1384]
let u1218 = [1112] ? 1 : u1217
let u1219 = [1576] ? 1 : u1218
let u1220 = [310] ? 1 : u1219
let u1221 = [1384] ? 1 : ![188]
let u1222 = [927] ? 1 : u1221
let u1223 = [1576] ? 1 : u1222
let u1224 = [310] ? 1 : u1223
let u1225 = [1620] ? 1 : ![678]
let u1226 = [791] ? 1 : u1225
let u1227 = !u1224 ? 1 : !u1226
let u1228 = !u1220 ? 1 : u1227
let u1229 = [0] ? 1 : u1228
let u1230 = [1328] ? 1 : u1
let u1231 = [1384] ? 1 : u1230
let u1232 = [1112] ? 1 : u1231
let u1233 = [337] ? 1 : u1232
let u1234 = ![378] ? 1 : u1233
let u1235 = [1609] ? 1 : u1234
let u1236 = [1576] ? 1 : u1235
let u1237 = !u1236 ? 1 : !u60
let u1238 = u1229 ? 1 : u1237
let u1239 = u1216 ? 1 : u1238
let u1240 = [197] ? 1 : !u1239
let u1241 = [192] ? 1 : !u519
let u1242 = ![1679] ? ![1176] : 0
let u1243 = !u1241 ? 1 : !u1242
let u1244 = !u1240 ? 1 : !u1243
let u1245 = u1244 ? u519 : 0
let u1246 = u1245 ? 1 : ![357]
let u1247 = clk0 ? !u1246 : [610]
set [610] = u1247
let u1248 = [1609] ? 1 : [119]
let u1249 = [541] ? 1 : u1248
let u1250 = [1675] ? 1 : u1249
let u1251 = !u1250 ? ![24] : 0
let u1252 = [1384] ? 1 : u1
let u1253 = [1328] ? 1 : u1252
let u1254 = [1609] ? 1 : u1253
let u1255 = [1112] ? 1 : u1254
let u1256 = [1620] ? 1 : u1255
let u1257 = [1384] ? 1 : [927]
let u1258 = [310] ? 1 : u1257
let u1259 = [1576] ? 1 : u1258
let u1260 = u60 ? 1 : u1259
let u1261 = [1384] ? 1 : ![188]
let u1262 = [927] ? 1 : u1261
let u1263 = [1576] ? 1 : u1262
let u1264 = [310] ? 1 : u1263
let u1265 = [1620] ? 1 : ![678]
let u1266 = [927] ? 1 : u1265
let u1267 = !u1264 ? 1 : !u1266
let u1268 = !u1260 ? 1 : u1267
let u1269 = !u757 ? 1 : u1268
let u1270 = !u1256 ? 1 : u1269
let u1271 = u1251 ? 1 : u1270
let u1272 = clk0 ? u1271 : [614]
set [614] = u1272
let u1273 = u211 ? [166] : [615]
set [615] = u1273
let u1274 = [119] ? 1 : [927]
let u1275 = [541] ? 1 : u1274
let u1276 = [1384] ? 1 : u1275
let u1277 = !u152 ? 1 : u1276
let u1278 = [337] ? 1 : u1277
let u1279 = [1609] ? 1 : u1278
let u1280 = [1620] ? 1 : u1279
let u1281 = clk0 ? u1280 : [621]
set [621] = u1281
let u1282 = u801 ? 1 : u803
let u1283 = ![1326] ? 1 : !u801
let u1284 = [1630] ? 1 : !u803
let u1285 = u1283 ? u1284 : 0
let u1286 = u1282 ? u1285 : [622]
set [622] = u1286
let u1287 = [781] ? 1 : ![443]
let u1288 = !u1287 ? [1607] : 0
let u1289 = ![991] ? [781] : 0
let u1290 = [892] ? 1 : [833]
let u1291 = [1302] ? 1 : u1290
let u1292 = [991] ? 1 : u1291
let u1293 = [1108] ? 1 : u1292
let u1294 = [1473] ? 1 : u1293
let u1295 = [493] ? 1 : u1294
let u1296 = [1503] ? 1 : u1295
let u1297 = ![443] ? u1296 : 0
let u1298 = u1289 ? 1 : u1297
let u1299 = u1288 ? 1 : u1298
let u1300 = !clk0 ? !u1299 : [627]
set [627] = u1300
let u1301 = ![197] ? [40] : 0
let u1302 = [197] ? [706] : 0
let u1303 = u1301 ? 1 : u1302
let u1304 = !clk0 ? !u1303 : [644]
set [644] = u1304
set [650] = ![823]
let u1305 = !clk0 ? ![1438] : [653]
set [653] = u1305
let u1306 = u801 ? 1 : u803
let u1307 = [1411] ? 1 : !u801
let u1308 = [1242] ? 1 : !u803
let u1309 = u1307 ? u1308 : 0
let u1310 = u1306 ? u1309 : [655]
set [655] = u1310
let u1311 = !u1025 ? [1551] : 0
let u1312 = !u1311 ? ![205] : 0
let u1313 = ![205] ? 1 : !u1311
let u1314 = u1312 ? 1 : !u1313
let u1315 = clk0 ? !u1314 : [663]
set [663] = u1315
let u1316 = !clk0 ? [1380] : [666]
set [666] = u1316
let u1317 = !clk0 ? ![197] : [671]
set [671] = u1317
let u1318 = !clk0 ? ![610] : 0
let u1319 = u1318 ? [13] : [672]
set [672] = u1319
let u1320 = !clk0 ? [330] : [675]
set [675] = u1320
let u1321 = ![223] ? 1 : [644]
set [678] = !u1321
let u1322 = [1609] ? 1 : !u152
let u1323 = [1675] ? 1 : u1322
let u1324 = [310] ? 1 : u1323
let u1325 = !u1324 ? [439] : 0
let u1326 = !u1160 ? 1 : !u1325
let u1327 = clk0 ? u1326 : [680]
set [680] = u1327
let u1328 = [704] ? [1332] : 0
set [681] = !u1328
let u1329 = [1576] ? 1 : [1300]
let u1330 = u60 ? 1 : u1329
let u1331 = [1576] ? 1 : [1384]
let u1332 = [310] ? 1 : u1331
let u1333 = u60 ? 1 : u1332
let u1334 = !u1330 ? 1 : !u1333
let u1335 = clk0 ? !u1334 : [683]
set [683] = u1335
let u1336 = clk0 ? 1 : ![339]
let u1337 = u1336 ? 1 : ![745]
let u1338 = u1337 ? 1 : ![897]
let u1339 = !clk0 ? ![1121] : 0
let u1340 = u1338 ? 1 : u1339
let u1341 = ![828] ? 1 : [339]
let u1342 = ![495] ? 1 : [745]
let u1343 = u1341 ? u1342 : 0
let u1344 = ![868] ? 1 : [897]
let u1345 = u1343 ? u1344 : 0
let u1346 = !clk0 ? ![1121] : 0
let u1347 = ![1284] ? 1 : !u1346
let u1348 = u1345 ? u1347 : 0
let u1349 = u1340 ? u1348 : [684]
set [684] = u1349
let u1350 = clk0 ? ![1447] : [685]
set [685] = u1350
set [687] = [32]
let u1351 = u519 ? 1 : [756]
let u1352 = [1675] ? 1 : u1
let u1353 = [541] ? 1 : u1352
let u1354 = [1112] ? 1 : u1353
let u1355 = !u152 ? 1 : u1354
let u1356 = [1675] ? 1 : [1329]
let u1357 = [541] ? 1 : u1356
let u1358 = [310] ? 1 : u1357
let u1359 = !u152 ? 1 : u1358
let u1360 = !u1355 ? 1 : !u1359
let u1361 = !u1351 ? 1 : u1360
let u1362 = [1328] ? 1 : u1
let u1363 = [1384] ? 1 : u1362
let u1364 = [1112] ? 1 : u1363
let u1365 = [337] ? 1 : u1364
let u1366 = ![378] ? 1 : u1365
let u1367 = [1609] ? 1 : u1366
let u1368 = [1576] ? 1 : u1367
let u1369 = u1361 ? 1 : !u1368
let u1370 = !u1160 ? 1 : u1369
let u1371 = u1370 ? ![197] : 0
let u1372 = [1576] ? 1 : u60
let u1373 = !u152 ? !u1372 : 0
let u1374 = [1384] ? 1 : u1
let u1375 = ![188] ? 1 : u1374
let u1376 = [1576] ? 1 : u1375
let u1377 = [1328] ? 1 : u1376
let u1378 = [1112] ? 1 : u1377
let u1379 = [337] ? 1 : u1378
let u1380 = [1384] ? 1 : u1
let u1381 = ![188] ? 1 : u1380
let u1382 = [1329] ? 1 : u1381
let u1383 = [1328] ? 1 : u1382
let u1384 = [1576] ? 1 : u1383
let u1385 = [1112] ? 1 : u1384
let u1386 = [1675] ? 1 : u1385
let u1387 = ![678] ? 1 : u1
let u1388 = [1328] ? 1 : u1387
let u1389 = [1112] ? 1 : u1388
let u1390 = !u1389 ? 1 : !u757
let u1391 = !u1386 ? 1 : u1390
let u1392 = !u1379 ? 1 : u1391
let u1393 = !u673 ? 1 : u1392
let u1394 = [197] ? 1 : u1393
let u1395 = u1373 ? 1 : u1394
let u1396 = !u1371 ? !u1395 : 0
let u1397 = clk0 ? !u1396 : [688]
set [688] = u1397
let u1398 = ![95] ? clk0 : 0
let u1399 = ![101] ? clk0 : 0
let u1400 = u1398 ? 1 : u1399
let u1401 = ![1674] ? clk0 : 0
let u1402 = u1400 ? 1 : u1401
let u1403 = ![226] ? clk0 : 0
let u1404 = u1402 ? 1 : u1403
let u1405 = ![1529] ? clk0 : 0
let u1406 = u1404 ? 1 : u1405
let u1407 = ![95] ? clk0 : 0
let u1408 = [155] ? 1 : !u1407
let u1409 = ![101] ? clk0 : 0
let u1410 = u364 ? 1 : !u1409
let u1411 = u1408 ? u1410 : 0
let u1412 = u349 ? !u364 : 0
let u1413 = !u364 ? 1 : u349
let u1414 = u1412 ? 1 : !u1413
let u1415 = ![1674] ? clk0 : 0
let u1416 = !u1414 ? 1 : !u1415
let u1417 = u1411 ? u1416 : 0
let u1418 = ![226] ? clk0 : 0
let u1419 = [681] ? 1 : !u1418
let u1420 = u1417 ? u1419 : 0
let u1421 = ![1529] ? clk0 : 0
let u1422 = !u351 ? 1 : !u1421
let u1423 = u1420 ? u1422 : 0
let u1424 = u1406 ? u1423 : [697]
set [697] = u1424
let u1425 = [197] ? ![698] : 0
let u1426 = u1425 ? 1 : [1126]
let u1427 = !clk0 ? !u1426 : [698]
set [698] = u1427
let u1428 = u276 ? 1 : u278
let u1429 = u1428 ? 1 : u281
let u1430 = ![1473] ? 1 : !u276
let u1431 = [1473] ? 1 : !u278
let u1432 = u1430 ? u1431 : 0
let u1433 = [1242] ? 1 : !u281
let u1434 = u1432 ? u1433 : 0
let u1435 = u1429 ? u1434 : [704]
set [704] = u1435
let u1436 = clk0 ? [678] : [706]
set [706] = u1436
let u1437 = [1132] ? 1 : [1036]
set [717] = !u1437
let u1438 = u384 ? [1405] : [727]
set [727] = u1438
let u1439 = [1620] ? 1 : ![678]
let u1440 = [927] ? 1 : u1439
let u1441 = !u1440 ? 1 : !u1224
let u1442 = clk0 ? !u1441 : [729]
set [729] = u1442
let u1443 = [792] ? [1528] : 0
let u1444 = u1443 ? 1 : [1161]
set [732] = !u1444
let u1445 = !clk0 ? ![190] : 0
let u1446 = u1445 ? [1630] : [736]
set [736] = u1446
let u1447 = u384 ? [54] : [737]
set [737] = u1447
let u1448 = [1384] ? 1 : u1
let u1449 = [1329] ? 1 : u1448
let u1450 = [1576] ? 1 : u1449
let u1451 = [1328] ? 1 : u1450
let u1452 = [1112] ? 1 : u1451
let u1453 = !u152 ? 1 : u1452
let u1454 = [1620] ? 1 : u1
let u1455 = [1300] ? 1 : u1454
let u1456 = [1675] ? 1 : u1455
let u1457 = [1328] ? 1 : u1456
let u1458 = [1112] ? 1 : u1457
let u1459 = !u152 ? 1 : u1458
let u1460 = !u1220 ? 1 : [678]
let u1461 = [188] ? 1 : u1460
let u1462 = !u1459 ? 1 : u1461
let u1463 = !u1453 ? 1 : u1462
let u1464 = [0] ? 1 : u1463
let u1465 = !u716 ? 1 : u1464
let u1466 = [192] ? 1 : !u1465
let u1467 = clk0 ? u1466 : [745]
set [745] = u1467
let u1468 = [1551] ? 1 : !u1025
let u1469 = u1468 ? !u1311 : 0
let u1470 = clk0 ? !u1469 : [751]
set [751] = u1470
let u1471 = clk0 ? ![81] : [752]
set [752] = u1471
let u1472 = ![493] ? [1269] : 0
let u1473 = ![1269] ? [1530] : 0
let u1474 = u1472 ? 1 : u1473
let u1475 = !clk0 ? !u1474 : [756]
set [756] = u1475
let u1476 = clk0 ? !db0 : [758]
set [758] = u1476
let u1477 = !clk0 ? !u846 : [759]
set [759] = u1477
let u1478 = [927] ? 1 : u1
let u1479 = [1384] ? 1 : u1478
let u1480 = u60 ? 1 : u1479
let u1481 = [1576] ? 1 : u1480
let u1482 = !u1481 ? 1 : ![17]
let u1483 = ![334] ? 1 : ![675]
let u1484 = u1483 ? [264] : 0
let u1485 = u1482 ? !u1484 : 0
let u1486 = u1485 ? 1 : [50]
let u1487 = clk0 ? !u1486 : [760]
set [760] = u1487
let u1488 = u10 ? [1001] : [777]
set [777] = u1488
let u1489 = [1670] ? 1 : !u299
let u1490 = u1489 ? !u300 : 0
let u1491 = clk0 ? !u1490 : [780]
set [780] = u1491
let u1492 = [197] ? 1 : [199]
set [781] = !u1492
let u1493 = !clk0 ? ![73] : [785]
set [785] = u1493
let u1494 = [1384] ? 1 : u1
let u1495 = [1328] ? 1 : u1494
let u1496 = [1620] ? 1 : u1495
let u1497 = [1112] ? 1 : u1496
set [791] = !u1497
let u1498 = !u309 ? 1 : [894]
let u1499 = !u309 ? 1 : [955]
let u1500 = u1498 ? 1 : !u1499
let u1501 = !u597 ? 1 : u1500
let u1502 = !u310 ? 1 : [540]
let u1503 = !u1150 ? 1 : u1502
let u1504 = !u1501 ? u1503 : 0
let u1505 = u1150 ? 1 : [540]
let u1506 = !u1499 ? 1 : u1505
let u1507 = !u597 ? 1 : u1506
let u1508 = !u1498 ? 1 : u1507
let u1509 = !u1499 ? 1 : [540]
let u1510 = u1498 ? 1 : u1509
let u1511 = u597 ? 1 : u1510
let u1512 = !u1508 ? 1 : !u1511
let u1513 = u1504 ? 1 : u1512
let u1514 = !clk0 ? !u1513 : [792]
set [792] = u1514
let u1515 = clk0 ? u1126 : [796]
set [796] = u1515
let u1516 = clk0 ? [264] : [799]
set [799] = u1516
let u1517 = !clk0 ? !clk0 : 0
let u1518 = ![1113] ? u1517 : 0
set [801] = u1518
let u1519 = clk0 ? !u1371 : [805]
set [805] = u1519
let u1520 = !u1022 ? 1 : [948]
let u1521 = u1520 ? !u1023 : 0
let u1522 = clk0 ? !u1521 : [820]
set [820] = u1522
let u1523 = !clk0 ? ![1302] : [823]
set [823] = u1523
let u1524 = ![717] ? 1 : [1350]
set [827] = !u1524
let u1525 = clk0 ? ![1532] : [828]
set [828] = u1525
let u1526 = clk0 ? !db5 : [829]
set [829] = u1526
let u1527 = [927] ? 1 : u1
let u1528 = [1384] ? 1 : u1527
let u1529 = u60 ? 1 : u1528
let u1530 = [1576] ? 1 : u1529
let u1531 = !u1194 ? !u1530 : 0
let u1532 = [927] ? 1 : u1
let u1533 = [1384] ? 1 : u1532
let u1534 = u60 ? 1 : u1533
let u1535 = [1576] ? 1 : u1534
let u1536 = !u1535 ? 1 : !u519
let u1537 = u1536 ? 1 : !u542
let u1538 = u1531 ? 1 : !u1537
let u1539 = clk0 ? !u1538 : [832]
set [832] = u1539
let u1540 = clk0 ? 1 : u115
let u1541 = u1540 ? 1 : ![398]
let u1542 = u1541 ? 1 : ![878]
let u1543 = !clk0 ? ![1221] : 0
let u1544 = u1542 ? 1 : u1543
let u1545 = ![512] ? 1 : u17
let u1546 = ![621] ? 1 : u1545
let u1547 = [1263] ? 1 : u1546
let u1548 = [801] ? 1 : u1547
let u1549 = u1548 ? ![1527] : 0
let u1550 = u1544 ? 1 : u1549
let u1551 = u1550 ? 1 : ![1577]
let u1552 = [1136] ? 1 : !u115
let u1553 = ![751] ? 1 : [398]
let u1554 = u1552 ? u1553 : 0
let u1555 = [993] ? 1 : [878]
let u1556 = u1554 ? u1555 : 0
let u1557 = !clk0 ? ![1221] : 0
let u1558 = ![1537] ? 1 : !u1557
let u1559 = u1556 ? u1558 : 0
let u1560 = ![512] ? 1 : u17
let u1561 = ![621] ? 1 : u1560
let u1562 = [1263] ? 1 : u1561
let u1563 = [801] ? 1 : u1562
let u1564 = u1563 ? ![1527] : 0
let u1565 = [1336] ? 1 : !u1564
let u1566 = u1559 ? u1565 : 0
let u1567 = [77] ? 1 : [1577]
let u1568 = u1566 ? u1567 : 0
let u1569 = u1551 ? u1568 : [833]
set [833] = u1569
let u1570 = u211 ? [1001] : [843]
set [843] = u1570
let u1571 = ![678] ? 1 : u1
let u1572 = [1300] ? 1 : u1571
let u1573 = [1328] ? 1 : u1572
let u1574 = [1112] ? 1 : u1573
let u1575 = [1675] ? 1 : u1574
let u1576 = [1620] ? 1 : u1575
let u1577 = [1609] ? 1 : [119]
let u1578 = [1328] ? 1 : u1577
let u1579 = [337] ? 1 : u1578
let u1580 = !u1324 ? 1 : !u1579
let u1581 = ![17] ? 1 : ![24]
let u1582 = ![32] ? 1 : !u1581
let u1583 = u1580 ? !u1582 : 0
let u1584 = u1576 ? !u1583 : 0
let u1585 = clk0 ? !u1584 : [848]
set [848] = u1585
let u1586 = res ? clk0 : 0
let u1587 = [854] ? 1 : u1586
let u1588 = !res ? clk0 : 0
let u1589 = !u1587 ? 1 : u1588
set [854] = !u1589
let u1590 = !u51 ? 1 : ![1565]
let u1591 = u51 ? 1 : ![581]
let u1592 = !u1590 ? 1 : !u1591
let u1593 = !u1592 ? ![166] : 0
let u1594 = ![166] ? 1 : !u1592
let u1595 = u1593 ? 1 : !u1594
let u1596 = u384 ? !u1595 : [858]
set [858] = u1596
let u1597 = clk0 ? 0 : [865]
set [865] = u1597
let u1598 = [1359] ? 1 : [1253]
let u1599 = u1598 ? [1184] : 0
let u1600 = clk0 ? !u1599 : [868]
set [868] = u1600
let u1601 = !clk0 ? ![892] : [873]
set [873] = u1601
let u1602 = clk0 ? ![1338] : [878]
set [878] = u1602
let u1603 = [197] ? 1 : ![1011]
set [879] = !u1603
let u1604 = !clk0 ? ![190] : 0
let u1605 = u1604 ? [121] : [887]
set [887] = u1605
let u1606 = clk0 ? 1 : u115
let u1607 = u1606 ? 1 : ![398]
let u1608 = u1607 ? 1 : ![878]
let u1609 = !clk0 ? ![1221] : 0
let u1610 = u1608 ? 1 : u1609
let u1611 = ![512] ? 1 : u17
let u1612 = ![621] ? 1 : u1611
let u1613 = [1263] ? 1 : u1612
let u1614 = [801] ? 1 : u1613
let u1615 = u1614 ? ![1527] : 0
let u1616 = u1610 ? 1 : u1615
let u1617 = u1616 ? 1 : ![1577]
let u1618 = [727] ? 1 : !u115
let u1619 = ![820] ? 1 : [398]
let u1620 = u1618 ? u1619 : 0
let u1621 = [15] ? 1 : [878]
let u1622 = u1620 ? u1621 : 0
let u1623 = !clk0 ? ![1221] : 0
let u1624 = ![1516] ? 1 : !u1623
let u1625 = u1622 ? u1624 : 0
let u1626 = ![512] ? 1 : u17
let u1627 = ![621] ? 1 : u1626
let u1628 = [1263] ? 1 : u1627
let u1629 = [801] ? 1 : u1628
let u1630 = u1629 ? ![1527] : 0
let u1631 = [1405] ? 1 : !u1630
let u1632 = u1625 ? u1631 : 0
let u1633 = [1119] ? 1 : [1577]
let u1634 = u1632 ? u1633 : 0
let u1635 = u1617 ? u1634 : [892]
set [892] = u1635
let u1636 = ![95] ? clk0 : 0
let u1637 = ![1674] ? clk0 : 0
let u1638 = u1636 ? 1 : u1637
let u1639 = ![1529] ? clk0 : 0
let u1640 = u1638 ? 1 : u1639
let u1641 = ![101] ? clk0 : 0
let u1642 = u1640 ? 1 : u1641
let u1643 = ![226] ? clk0 : 0
let u1644 = u1642 ? 1 : u1643
let u1645 = ![95] ? clk0 : 0
let u1646 = !u396 ? 1 : !u1645
let u1647 = ![142] ? !u397 : 0
let u1648 = !u397 ? 1 : ![142]
let u1649 = u1647 ? 1 : !u1648
let u1650 = ![1674] ? clk0 : 0
let u1651 = !u1649 ? 1 : !u1650
let u1652 = u1646 ? u1651 : 0
let u1653 = ![1529] ? clk0 : 0
let u1654 = [477] ? 1 : !u1653
let u1655 = u1652 ? u1654 : 0
let u1656 = ![101] ? clk0 : 0
let u1657 = u397 ? 1 : !u1656
let u1658 = u1655 ? u1657 : 0
let u1659 = ![226] ? clk0 : 0
let u1660 = !u224 ? 1 : !u1659
let u1661 = u1658 ? u1660 : 0
let u1662 = u1644 ? u1661 : [893]
set [893] = u1662
let u1663 = clk0 ? !db3 : [894]
set [894] = u1663
let u1664 = clk0 ? !u539 : [897]
set [897] = u1664
let u1665 = u519 ? 1 : ![559]
let u1666 = clk0 ? !u1665 : [899]
set [899] = u1666
let u1667 = u801 ? 1 : u803
let u1668 = [15] ? 1 : !u801
let u1669 = [1437] ? 1 : !u803
let u1670 = u1668 ? u1669 : 0
let u1671 = u1667 ? u1670 : [900]
set [900] = u1671
let u1672 = !clk0 ? [197] : [902]
set [902] = u1672
let u1673 = !u51 ? [559] : 0
let u1674 = ![1176] ? 1 : [559]
let u1675 = u1673 ? 1 : !u1674
set [916] = !u1675
let u1676 = !clk0 ? [879] : 0
let u1677 = u1676 ? ![540] : [927]
set [927] = u1677
let u1678 = clk0 ? [378] : [940]
set [940] = u1678
set [945] = ![1288]
let u1679 = u77 ? 1 : u79
let u1680 = [1160] ? 1 : !u77
let u1681 = ![820] ? 1 : !u79
let u1682 = u1680 ? u1681 : 0
let u1683 = u1679 ? u1682 : [948]
set [948] = u1683
let u1684 = clk0 ? !db2 : [955]
set [955] = u1684
let u1685 = [756] ? u51 : !u51
let u1686 = u1685 ? [899] : 0
let u1687 = u1686 ? 1 : [294]
set [959] = !u1687
let u1688 = clk0 ? u1361 : [960]
set [960] = u1688
let u1689 = [1675] ? 1 : [119]
let u1690 = [1328] ? 1 : u1689
let u1691 = ![24] ? !u1690 : 0
let u1692 = [1384] ? 1 : [119]
let u1693 = [1328] ? 1 : u1692
let u1694 = [1620] ? 1 : u1693
let u1695 = [1112] ? 1 : u1694
let u1696 = [1675] ? 1 : u1695
let u1697 = !u152 ? 1 : u1696
let u1698 = u1691 ? 1 : !u1697
let u1699 = clk0 ? u1698 : [968]
set [968] = u1699
let u1700 = [927] ? 1 : u1
let u1701 = [541] ? 1 : u1700
let u1702 = [1384] ? 1 : u1701
let u1703 = !u152 ? 1 : u1702
let u1704 = [1675] ? 1 : u1703
let u1705 = [1620] ? 1 : u1704
let u1706 = clk0 ? u1705 : [974]
set [974] = u1706
let u1707 = u276 ? 1 : u278
let u1708 = u1707 ? 1 : u281
let u1709 = ![1108] ? 1 : !u276
let u1710 = [1108] ? 1 : !u278
let u1711 = u1709 ? u1710 : 0
let u1712 = [413] ? 1 : !u281
let u1713 = u1711 ? u1712 : 0
let u1714 = u1708 ? u1713 : [977]
set [977] = u1714
let u1715 = ![697] ? [393] : 0
let u1716 = ![1341] ? [697] : 0
let u1717 = u1715 ? 1 : u1716
let u1718 = !u1717 ? ![1287] : 0
let u1719 = !u1717 ? 1 : ![1287]
let u1720 = u1718 ? 1 : !u1719
let u1721 = u384 ? !u1720 : [978]
set [978] = u1721
let u1722 = [1328] ? 1 : [1329]
let u1723 = !u152 ? 1 : u1722
let u1724 = [1675] ? 1 : u1723
let u1725 = [310] ? 1 : u1724
let u1726 = clk0 ? !u1725 : [982]
set [982] = u1726
let u1727 = u211 ? [1405] : [989]
set [989] = u1727
let u1728 = clk0 ? 1 : u115
let u1729 = u1728 ? 1 : ![398]
let u1730 = u1729 ? 1 : ![878]
let u1731 = !clk0 ? ![1221] : 0
let u1732 = u1730 ? 1 : u1731
let u1733 = ![512] ? 1 : u17
let u1734 = ![621] ? 1 : u1733
let u1735 = [1263] ? 1 : u1734
let u1736 = [801] ? 1 : u1735
let u1737 = u1736 ? ![1527] : 0
let u1738 = u1732 ? 1 : u1737
let u1739 = u1738 ? 1 : ![1577]
let u1740 = [1234] ? 1 : !u115
let u1741 = [126] ? 1 : [398]
let u1742 = u1740 ? u1741 : 0
let u1743 = ![1102] ? 1 : [878]
let u1744 = u1742 ? u1743 : 0
let u1745 = !clk0 ? ![1221] : 0
let u1746 = ![576] ? 1 : !u1745
let u1747 = u1744 ? u1746 : 0
let u1748 = ![512] ? 1 : u17
let u1749 = ![621] ? 1 : u1748
let u1750 = [1263] ? 1 : u1749
let u1751 = [801] ? 1 : u1750
let u1752 = u1751 ? ![1527] : 0
let u1753 = [1150] ? 1 : !u1752
let u1754 = u1747 ? u1753 : 0
let u1755 = [1444] ? 1 : [1577]
let u1756 = u1754 ? u1755 : 0
let u1757 = u1739 ? u1756 : [991]
set [991] = u1757
let u1758 = !u1141 ? ![377] : 0
let u1759 = u1758 ? 1 : !u1142
let u1760 = clk0 ? !u1759 : [993]
set [993] = u1760
let u1761 = clk0 ? 1 : [801]
let u1762 = u1761 ? 1 : [1263]
let u1763 = u1762 ? 1 : ![621]
let u1764 = u1763 ? 1 : [1333]
let u1765 = u1764 ? 1 : u17
let u1766 = !clk0 ? ![1221] : 0
let u1767 = u1766 ? 1 : ![1577]
let u1768 = ![878] ? 1 : u1767
let u1769 = ![398] ? 1 : u1768
let u1770 = u115 ? 1 : u1769
let u1771 = u1770 ? ![1527] : 0
let u1772 = u1765 ? 1 : u1771
let u1773 = !clk0 ? ![1020] : 0
let u1774 = ![598] ? 1 : u1773
let u1775 = ![1683] ? 1 : u1774
let u1776 = u1775 ? ![1602] : 0
let u1777 = u1772 ? 1 : u1776
let u1778 = [843] ? 1 : ![801]
let u1779 = [777] ? 1 : ![1263]
let u1780 = u1778 ? u1779 : 0
let u1781 = ![181] ? 1 : [621]
let u1782 = u1780 ? u1781 : 0
let u1783 = ![1123] ? 1 : ![1333]
let u1784 = u1782 ? u1783 : 0
let u1785 = [1653] ? 1 : !u17
let u1786 = u1784 ? u1785 : 0
let u1787 = !clk0 ? ![1221] : 0
let u1788 = u1787 ? 1 : ![1577]
let u1789 = ![878] ? 1 : u1788
let u1790 = ![398] ? 1 : u1789
let u1791 = u115 ? 1 : u1790
let u1792 = u1791 ? ![1527] : 0
let u1793 = [493] ? 1 : !u1792
let u1794 = u1786 ? u1793 : 0
let u1795 = !clk0 ? ![1020] : 0
let u1796 = ![598] ? 1 : u1795
let u1797 = ![1683] ? 1 : u1796
let u1798 = u1797 ? ![1602] : 0
let u1799 = [1539] ? 1 : !u1798
let u1800 = u1794 ? u1799 : 0
let u1801 = u1777 ? u1800 : [1001]
set [1001] = u1801
let u1802 = [1675] ? 1 : [119]
let u1803 = [1328] ? 1 : u1802
let u1804 = ![24] ? !u1803 : 0
let u1805 = [1384] ? 1 : [119]
let u1806 = [1328] ? 1 : u1805
let u1807 = [1620] ? 1 : u1806
let u1808 = [1112] ? 1 : u1807
let u1809 = [1675] ? 1 : u1808
let u1810 = !u152 ? 1 : u1809
let u1811 = u1804 ? 1 : !u1810
let u1812 = [1624] ? 1 : !u1811
let u1813 = clk0 ? !u1812 : [1008]
set [1008] = u1813
let u1814 = clk0 ? ![666] : [1011]
set [1011] = u1814
let u1815 = [467] ? 1 : u1229
let u1816 = clk0 ? !u1815 : [1020]
set [1020] = u1816
let u1817 = u801 ? 1 : u803
let u1818 = ![1102] ? 1 : !u801
let u1819 = [1282] ? 1 : !u803
let u1820 = u1818 ? u1819 : 0
let u1821 = u1817 ? u1820 : [1022]
set [1022] = u1821
let u1822 = clk0 ? !u796 : [1027]
set [1027] = u1822
let u1823 = clk0 ? ![1212] : [1029]
set [1029] = u1823
let u1824 = ![1032] ? 1 : clk0
set [1032] = !u1824
let u1825 = clk0 ? ![1395] : [1036]
set [1036] = u1825
let u1826 = [1675] ? 1 : [119]
let u1827 = [1328] ? 1 : u1826
let u1828 = ![24] ? !u1827 : 0
let u1829 = [1384] ? 1 : [119]
let u1830 = [1328] ? 1 : u1829
let u1831 = [1620] ? 1 : u1830
let u1832 = [1112] ? 1 : u1831
let u1833 = [1675] ? 1 : u1832
let u1834 = !u152 ? 1 : u1833
let u1835 = u1828 ? 1 : !u1834
let u1836 = [781] ? 1 : u1835
let u1837 = clk0 ? !u1836 : [1049]
set [1049] = u1837
let u1838 = clk0 ? ![32] : [1051]
set [1051] = u1838
let u1839 = !u303 ? ![584] : 0
let u1840 = ![584] ? 1 : !u303
let u1841 = u1839 ? 1 : !u1840
let u1842 = clk0 ? !u1841 : [1061]
set [1061] = u1842
let u1843 = clk0 ? ![183] : [1064]
set [1064] = u1843
let u1844 = clk0 ? [334] : [1078]
set [1078] = u1844
let u1845 = u263 ? ![601] : [1098]
let u1846 = u261 ? [166] : u1845
set [1098] = u1846
let u1847 = [1345] ? 1 : [1022]
let u1848 = u1847 ? [1542] : 0
let u1849 = clk0 ? !u1848 : [1102]
set [1102] = u1849
let u1850 = [927] ? 1 : u1
let u1851 = [1328] ? 1 : u1850
let u1852 = [1384] ? 1 : u1851
let u1853 = !u152 ? 1 : u1852
let u1854 = [337] ? 1 : u1853
let u1855 = [1620] ? 1 : u1854
let u1856 = clk0 ? u1855 : [1104]
set [1104] = u1856
let u1857 = clk0 ? 1 : u115
let u1858 = u1857 ? 1 : ![398]
let u1859 = u1858 ? 1 : ![878]
let u1860 = !clk0 ? ![1221] : 0
let u1861 = u1859 ? 1 : u1860
let u1862 = ![512] ? 1 : u17
let u1863 = ![621] ? 1 : u1862
let u1864 = [1263] ? 1 : u1863
let u1865 = [801] ? 1 : u1864
let u1866 = u1865 ? ![1527] : 0
let u1867 = u1861 ? 1 : u1866
let u1868 = u1867 ? 1 : ![1577]
let u1869 = [737] ? 1 : !u115
let u1870 = ![780] ? 1 : [398]
let u1871 = u1869 ? u1870 : 0
let u1872 = [526] ? 1 : [878]
let u1873 = u1871 ? u1872 : 0
let u1874 = !clk0 ? ![1221] : 0
let u1875 = ![116] ? 1 : !u1874
let u1876 = u1873 ? u1875 : 0
let u1877 = ![512] ? 1 : u17
let u1878 = ![621] ? 1 : u1877
let u1879 = [1263] ? 1 : u1878
let u1880 = [801] ? 1 : u1879
let u1881 = u1880 ? ![1527] : 0
let u1882 = [54] ? 1 : !u1881
let u1883 = u1876 ? u1882 : 0
let u1884 = [687] ? 1 : [1577]
let u1885 = u1883 ? u1884 : 0
let u1886 = u1868 ? u1885 : [1108]
set [1108] = u1886
set [1112] = ![927]
let u1887 = u60 ? 1 : [927]
let u1888 = [1300] ? 1 : u1887
let u1889 = [541] ? 1 : [119]
let u1890 = [337] ? 1 : u1889
let u1891 = !u1888 ? !u1890 : 0
let u1892 = [1329] ? 1 : u1
let u1893 = [541] ? 1 : u1892
let u1894 = [1300] ? 1 : u1893
let u1895 = [337] ? 1 : u1894
let u1896 = [335] ? !u1895 : 0
let u1897 = [1384] ? 1 : u1
let u1898 = [1329] ? 1 : u1897
let u1899 = [1620] ? 1 : u1898
let u1900 = [927] ? 1 : u1899
let u1901 = [541] ? 1 : u1900
let u1902 = !u152 ? 1 : u1901
let u1903 = [337] ? 1 : u1902
let u1904 = [1329] ? 1 : u1
let u1905 = [541] ? 1 : u1904
let u1906 = [1675] ? 1 : u1905
let u1907 = [1112] ? 1 : u1906
let u1908 = !u152 ? 1 : u1907
let u1909 = [1384] ? 1 : ![678]
let u1910 = [927] ? 1 : u1909
let u1911 = [1576] ? 1 : u1910
let u1912 = [310] ? 1 : u1911
let u1913 = [1384] ? 1 : u1
let u1914 = [1329] ? 1 : u1913
let u1915 = [1620] ? 1 : u1914
let u1916 = [541] ? 1 : u1915
let u1917 = [1112] ? 1 : u1916
let u1918 = !u152 ? 1 : u1917
let u1919 = [1384] ? 1 : [927]
let u1920 = [310] ? 1 : u1919
let u1921 = [1620] ? 1 : u1920
let u1922 = u60 ? 1 : u1921
let u1923 = !u1918 ? 1 : !u1922
let u1924 = !u1912 ? 1 : u1923
let u1925 = !u1908 ? 1 : u1924
let u1926 = !u1903 ? 1 : u1925
let u1927 = u1896 ? 1 : u1926
let u1928 = u1891 ? 1 : u1927
let u1929 = clk0 ? !u1928 : [1113]
set [1113] = u1929
set [1119] = [827]
let u1930 = clk0 ? !u1334 : [1121]
set [1121] = u1930
let u1931 = ![101] ? clk0 : 0
let u1932 = ![1529] ? clk0 : 0
let u1933 = u1931 ? 1 : u1932
let u1934 = ![95] ? clk0 : 0
let u1935 = u1933 ? 1 : u1934
let u1936 = ![1674] ? clk0 : 0
let u1937 = u1935 ? 1 : u1936
let u1938 = ![226] ? clk0 : 0
let u1939 = u1937 ? 1 : u1938
let u1940 = ![101] ? clk0 : 0
let u1941 = ![1241] ? 1 : !u1940
let u1942 = ![1529] ? clk0 : 0
let u1943 = [1318] ? 1 : !u1942
let u1944 = u1941 ? u1943 : 0
let u1945 = ![95] ? clk0 : 0
let u1946 = !u874 ? 1 : !u1945
let u1947 = u1944 ? u1946 : 0
let u1948 = u873 ? [1241] : 0
let u1949 = [1241] ? 1 : u873
let u1950 = u1948 ? 1 : !u1949
let u1951 = ![1674] ? clk0 : 0
let u1952 = !u1950 ? 1 : !u1951
let u1953 = u1947 ? u1952 : 0
let u1954 = ![226] ? clk0 : 0
let u1955 = u1939 ? u1953 : [1123]
set [1123] = u1955
let u1956 = [927] ? 1 : u1
let u1957 = [1328] ? 1 : u1956
let u1958 = [1384] ? 1 : u1957
let u1959 = !u152 ? 1 : u1958
let u1960 = [1675] ? 1 : u1959
let u1961 = [1620] ? 1 : u1960
let u1962 = clk0 ? u1961 : [1124]
set [1124] = u1962
let u1963 = clk0 ? !u70 : [1126]
set [1126] = u1963
let u1964 = [1328] ? 1 : u1
let u1965 = [1384] ? 1 : u1964
let u1966 = [1112] ? 1 : u1965
let u1967 = [337] ? 1 : u1966
let u1968 = ![378] ? 1 : u1967
let u1969 = [1609] ? 1 : u1968
let u1970 = [1576] ? 1 : u1969
let u1971 = [653] ? 1 : ![666]
let u1972 = !u741 ? 1 : u1971
let u1973 = [192] ? 1 : u1972
let u1974 = !u1970 ? 1 : u1973
set [1130] = !u1974
let u1975 = [1384] ? 1 : u1
let u1976 = ![188] ? 1 : u1975
let u1977 = [1329] ? 1 : u1976
let u1978 = [1328] ? 1 : u1977
let u1979 = [1576] ? 1 : u1978
let u1980 = [1112] ? 1 : u1979
let u1981 = [337] ? 1 : u1980
let u1982 = !u208 ? ![1338] : 0
let u1983 = [1384] ? 1 : u1
let u1984 = [1329] ? 1 : u1983
let u1985 = [1620] ? 1 : u1984
let u1986 = [1328] ? 1 : u1985
let u1987 = u60 ? 1 : u1986
let u1988 = [1112] ? 1 : u1987
let u1989 = !u1982 ? 1 : !u1988
let u1990 = !u1981 ? 1 : u1989
let u1991 = [335] ? 1 : u1990
let u1992 = ![24] ? 1 : u1991
let u1993 = [653] ? 1 : u1992
let u1994 = clk0 ? !u1993 : [1131]
set [1131] = u1994
let u1995 = !u624 ? 1 : [717]
let u1996 = !clk0 ? !u1995 : [1132]
set [1132] = u1996
let u1997 = ![893] ? !u1591 : 0
let u1998 = [893] ? !u1590 : 0
let u1999 = u1997 ? 1 : u1998
let u2000 = !u1999 ? ![1336] : 0
let u2001 = !u1999 ? 1 : ![1336]
let u2002 = u2000 ? 1 : !u2001
let u2003 = u384 ? !u2002 : [1136]
set [1136] = u2003
let u2004 = u801 ? 1 : u803
let u2005 = [526] ? 1 : !u801
let u2006 = [413] ? 1 : !u803
let u2007 = u2005 ? u2006 : 0
let u2008 = u2004 ? u2007 : [1139]
set [1139] = u2008
let u2009 = u1134 ? 1 : u1136
let u2010 = [1405] ? 1 : !u1134
let u2011 = u2010 ? !u1136 : 0
let u2012 = u2009 ? u2011 : [1142]
set [1142] = u2012
let u2013 = u211 ? [1150] : [1148]
set [1148] = u2013
let u2014 = ![1431] ? 1 : ![1032]
let u2015 = [1374] ? 1 : u2014
let u2016 = !clk0 ? !u2015 : [1149]
set [1149] = u2016
let u2017 = clk0 ? 1 : [801]
let u2018 = u2017 ? 1 : [1263]
let u2019 = u2018 ? 1 : ![621]
let u2020 = u2019 ? 1 : ![512]
let u2021 = u2020 ? 1 : u17
let u2022 = !clk0 ? ![1221] : 0
let u2023 = u2022 ? 1 : ![1577]
let u2024 = ![878] ? 1 : u2023
let u2025 = ![398] ? 1 : u2024
let u2026 = u115 ? 1 : u2025
let u2027 = u2026 ? ![1527] : 0
let u2028 = u2021 ? 1 : u2027
let u2029 = !clk0 ? ![1020] : 0
let u2030 = ![598] ? 1 : u2029
let u2031 = ![1683] ? 1 : u2030
let u2032 = u2031 ? ![1602] : 0
let u2033 = u2028 ? 1 : u2032
let u2034 = [1148] ? 1 : ![801]
let u2035 = [98] ? 1 : ![1263]
let u2036 = u2034 ? u2035 : 0
let u2037 = ![1064] ? 1 : [621]
let u2038 = u2036 ? u2037 : 0
let u2039 = ![697] ? 1 : [512]
let u2040 = u2038 ? u2039 : 0
let u2041 = [1234] ? 1 : !u17
let u2042 = u2040 ? u2041 : 0
let u2043 = !clk0 ? ![1221] : 0
let u2044 = u2043 ? 1 : ![1577]
let u2045 = ![878] ? 1 : u2044
let u2046 = ![398] ? 1 : u2045
let u2047 = u115 ? 1 : u2046
let u2048 = u2047 ? ![1527] : 0
let u2049 = [991] ? 1 : !u2048
let u2050 = u2042 ? u2049 : 0
let u2051 = !clk0 ? ![1020] : 0
let u2052 = ![598] ? 1 : u2051
let u2053 = ![1683] ? 1 : u2052
let u2054 = u2053 ? ![1602] : 0
let u2055 = [52] ? 1 : !u2054
let u2056 = u2050 ? u2055 : 0
let u2057 = u2033 ? u2056 : [1150]
set [1150] = u2057
let u2058 = clk0 ? 1 : ![1683]
let u2059 = u2058 ? 1 : ![598]
let u2060 = !clk0 ? ![1020] : 0
let u2061 = u2059 ? 1 : u2060
let u2062 = ![512] ? 1 : u17
let u2063 = ![621] ? 1 : u2062
let u2064 = [1263] ? 1 : u2063
let u2065 = [801] ? 1 : u2064
let u2066 = u2065 ? ![1602] : 0
let u2067 = u2061 ? 1 : u2066
let u2068 = ![820] ? 1 : [598]
let u2069 = [1683] ? u2068 : 0
let u2070 = !clk0 ? ![1020] : 0
let u2071 = ![1516] ? 1 : !u2070
let u2072 = u2069 ? u2071 : 0
let u2073 = ![512] ? 1 : u17
let u2074 = ![621] ? 1 : u2073
let u2075 = [1263] ? 1 : u2074
let u2076 = [801] ? 1 : u2075
let u2077 = u2076 ? ![1602] : 0
let u2078 = [1405] ? 1 : !u2077
let u2079 = u2072 ? u2078 : 0
let u2080 = u2067 ? u2079 : [1160]
set [1160] = u2080
let u2081 = !clk0 ? ![1380] : [1161]
set [1161] = u2081
let u2082 = clk0 ? !u1216 : [1162]
set [1162] = u2082
let u2083 = u1134 ? 1 : u1136
let u2084 = [54] ? 1 : !u1134
let u2085 = u2084 ? !u1136 : 0
let u2086 = u2083 ? u2085 : [1167]
set [1167] = u2086
let u2087 = clk0 ? ![1409] : [1176]
set [1176] = u2087
let u2088 = ![94] ? 1 : [1274]
let u2089 = clk0 ? !u2088 : [1177]
set [1177] = u2089
let u2090 = [1253] ? [1359] : 0
set [1184] = !u2090
let u2091 = clk0 ? 1 : [801]
let u2092 = u2091 ? 1 : [1263]
let u2093 = u2092 ? 1 : ![621]
let u2094 = u2093 ? 1 : ![512]
let u2095 = u2094 ? 1 : u17
let u2096 = !clk0 ? ![1221] : 0
let u2097 = u2096 ? 1 : ![1577]
let u2098 = ![878] ? 1 : u2097
let u2099 = ![398] ? 1 : u2098
let u2100 = u115 ? 1 : u2099
let u2101 = u2100 ? ![1527] : 0
let u2102 = u2095 ? 1 : u2101
let u2103 = !clk0 ? ![1020] : 0
let u2104 = ![598] ? 1 : u2103
let u2105 = ![1683] ? 1 : u2104
let u2106 = u2105 ? ![1602] : 0
let u2107 = u2102 ? 1 : u2106
let u2108 = [305] ? 1 : ![801]
let u2109 = [1648] ? 1 : ![1263]
let u2110 = u2108 ? u2109 : 0
let u2111 = ![828] ? 1 : [621]
let u2112 = u2110 ? u2111 : 0
let u2113 = ![495] ? 1 : [512]
let u2114 = u2112 ? u2113 : 0
let u2115 = [162] ? 1 : !u17
let u2116 = u2114 ? u2115 : 0
let u2117 = !clk0 ? ![1221] : 0
let u2118 = u2117 ? 1 : ![1577]
let u2119 = ![878] ? 1 : u2118
let u2120 = ![398] ? 1 : u2119
let u2121 = u115 ? 1 : u2120
let u2122 = u2121 ? ![1527] : 0
let u2123 = [1302] ? 1 : !u2122
let u2124 = u2116 ? u2123 : 0
let u2125 = !clk0 ? ![1020] : 0
let u2126 = ![598] ? 1 : u2125
let u2127 = ![1683] ? 1 : u2126
let u2128 = u2127 ? ![1602] : 0
let u2129 = [315] ? 1 : !u2128
let u2130 = u2124 ? u2129 : 0
let u2131 = u2107 ? u2130 : [1188]
set [1188] = u2131
let u2132 = u263 ? ![1029] : [1212]
let u2133 = u261 ? [1336] : u2132
set [1212] = u2133
let u2134 = !u1012 ? u627 : 0
let u2135 = [197] ? 1 : !u2134
let u2136 = [916] ? 1 : u2135
let u2137 = [729] ? 1 : u2136
let u2138 = !u2137 ? 1 : ![1713]
let u2139 = !u624 ? 1 : u2138
set [1215] = !u2139
let u2140 = u10 ? [54] : [1216]
set [1216] = u2140
let u2141 = [927] ? 1 : u1
let u2142 = [1384] ? 1 : u2141
let u2143 = u60 ? 1 : u2142
let u2144 = [1576] ? 1 : u2143
let u2145 = [1620] ? 1 : u1
let u2146 = ![188] ? 1 : u2145
let u2147 = [1675] ? 1 : u2146
let u2148 = [1300] ? 1 : u2147
let u2149 = [1328] ? 1 : u2148
let u2150 = [1112] ? 1 : u2149
let u2151 = ![17] ? 1 : !u526
let u2152 = [1384] ? 1 : u1
let u2153 = [1328] ? 1 : u2152
let u2154 = [1620] ? 1 : u2153
let u2155 = [1112] ? 1 : u2154
let u2156 = !u2155 ? 1 : [1384]
let u2157 = [328] ? 1 : u2156
let u2158 = [1620] ? 1 : u2157
let u2159 = !u2151 ? 1 : !u2158
let u2160 = [1609] ? 1 : [119]
let u2161 = [541] ? 1 : u2160
let u2162 = [1675] ? 1 : u2161
let u2163 = !u2162 ? ![24] : 0
let u2164 = [1384] ? 1 : u1
let u2165 = [1328] ? 1 : u2164
let u2166 = [1609] ? 1 : u2165
let u2167 = [1112] ? 1 : u2166
let u2168 = [1620] ? 1 : u2167
let u2169 = [1384] ? 1 : [927]
let u2170 = [310] ? 1 : u2169
let u2171 = [1576] ? 1 : u2170
let u2172 = u60 ? 1 : u2171
let u2173 = [1384] ? 1 : ![188]
let u2174 = [927] ? 1 : u2173
let u2175 = [1576] ? 1 : u2174
let u2176 = [310] ? 1 : u2175
let u2177 = [1620] ? 1 : ![678]
let u2178 = [927] ? 1 : u2177
let u2179 = !u2176 ? 1 : !u2178
let u2180 = !u2172 ? 1 : u2179
let u2181 = !u757 ? 1 : u2180
let u2182 = !u2168 ? 1 : u2181
let u2183 = u2163 ? 1 : u2182
let u2184 = [1384] ? 1 : ![678]
let u2185 = [927] ? 1 : u2184
let u2186 = [1576] ? 1 : u2185
let u2187 = [310] ? 1 : u2186
let u2188 = !u788 ? 1 : !u2187
let u2189 = !u776 ? 1 : u2188
let u2190 = u2183 ? 1 : u2189
let u2191 = !u783 ? 1 : u2190
let u2192 = !u624 ? 1 : u2191
let u2193 = !u2159 ? 1 : u2192
let u2194 = !u2150 ? 1 : u2193
let u2195 = ![24] ? 1 : u2194
let u2196 = !u2144 ? 1 : u2195
let u2197 = clk0 ? !u2196 : [1221]
set [1221] = u2197
let u2198 = ![1341] ? 1 : [393]
let u2199 = !u2198 ? ![1150] : 0
let u2200 = ![1150] ? 1 : !u2198
let u2201 = u2199 ? 1 : !u2200
let u2202 = u384 ? !u2201 : [1234]
set [1234] = u2202
let u2203 = !clk0 ? ![610] : 0
let u2204 = u2203 ? [1160] : [1237]
set [1237] = u2204
let u2205 = ![1318] ? 1 : !u874
set [1241] = !u2205
let u2206 = clk0 ? 1 : ![339]
let u2207 = u2206 ? 1 : ![745]
let u2208 = u2207 ? 1 : ![897]
let u2209 = !clk0 ? ![1121] : 0
let u2210 = u2208 ? 1 : u2209
let u2211 = u2210 ? 1 : [45]
let u2212 = ![752] ? 1 : [339]
let u2213 = ![276] ? 1 : [745]
let u2214 = u2212 ? u2213 : 0
let u2215 = [1411] ? 1 : [897]
let u2216 = u2214 ? u2215 : 0
let u2217 = !clk0 ? ![1121] : 0
let u2218 = ![1485] ? 1 : !u2217
let u2219 = u2216 ? u2218 : 0
let u2220 = u2219 ? ![45] : 0
let u2221 = u2211 ? u2220 : [1242]
set [1242] = u2221
let u2222 = u1134 ? 1 : u1136
let u2223 = [1150] ? 1 : !u1134
let u2224 = u2223 ? !u1136 : 0
let u2225 = u2222 ? u2224 : [1248]
set [1248] = u2225
let u2226 = clk0 ? [1374] : [1252]
set [1252] = u2226
let u2227 = ![655] ? 1 : [1542]
set [1253] = !u2227
let u2228 = !clk0 ? !clk0 : 0
let u2229 = ![1404] ? u2228 : 0
set [1263] = u2229
let u2230 = !clk0 ? ![1503] : [1266]
set [1266] = u2230
let u2231 = [927] ? 1 : u1
let u2232 = [1384] ? 1 : u2231
let u2233 = u60 ? 1 : u2232
let u2234 = [1576] ? 1 : u2233
let u2235 = clk0 ? !u2234 : [1269]
set [1269] = u2235
let u2236 = !clk0 ? [197] : [1272]
set [1272] = u2236
let u2237 = !clk0 ? ![1699] : [1274]
set [1274] = u2237
let u2238 = !clk0 ? [197] : [1276]
set [1276] = u2238
let u2239 = clk0 ? 1 : ![339]
let u2240 = u2239 ? 1 : ![745]
let u2241 = u2240 ? 1 : ![897]
let u2242 = !clk0 ? ![1121] : 0
let u2243 = u2241 ? 1 : u2242
let u2244 = u2243 ? 1 : ![170]
let u2245 = ![1064] ? 1 : [339]
let u2246 = ![697] ? 1 : [745]
let u2247 = u2245 ? u2246 : 0
let u2248 = ![1102] ? 1 : [897]
let u2249 = u2247 ? u2248 : 0
let u2250 = !clk0 ? ![1121] : 0
let u2251 = ![576] ? 1 : !u2250
let u2252 = u2249 ? u2251 : 0
let u2253 = u2252 ? [170] : 0
let u2254 = u2244 ? u2253 : [1282]
set [1282] = u2254
let u2255 = [927] ? 1 : u1
let u2256 = [541] ? 1 : u2255
let u2257 = [1384] ? 1 : u2256
let u2258 = [337] ? 1 : u2257
let u2259 = [1609] ? 1 : u2258
let u2260 = [1620] ? 1 : u2259
let u2261 = clk0 ? u2260 : [1283]
set [1283] = u2261
let u2262 = clk0 ? !db3 : [1284]
set [1284] = u2262
let u2263 = clk0 ? 1 : [801]
let u2264 = u2263 ? 1 : [1263]
let u2265 = u2264 ? 1 : ![621]
let u2266 = u2265 ? 1 : ![512]
let u2267 = u2266 ? 1 : u17
let u2268 = !clk0 ? ![1221] : 0
let u2269 = u2268 ? 1 : ![1577]
let u2270 = ![878] ? 1 : u2269
let u2271 = ![398] ? 1 : u2270
let u2272 = u115 ? 1 : u2271
let u2273 = u2272 ? ![1527] : 0
let u2274 = u2267 ? 1 : u2273
let u2275 = !clk0 ? ![1020] : 0
let u2276 = ![598] ? 1 : u2275
let u2277 = ![1683] ? 1 : u2276
let u2278 = u2277 ? ![1602] : 0
let u2279 = u2274 ? 1 : u2278
let u2280 = [573] ? 1 : ![801]
let u2281 = [1] ? 1 : ![1263]
let u2282 = u2280 ? u2281 : 0
let u2283 = ![752] ? 1 : [621]
let u2284 = u2282 ? u2283 : 0
let u2285 = ![276] ? 1 : [512]
let u2286 = u2284 ? u2285 : 0
let u2287 = [978] ? 1 : !u17
let u2288 = u2286 ? u2287 : 0
let u2289 = !clk0 ? ![1221] : 0
let u2290 = u2289 ? 1 : ![1577]
let u2291 = ![878] ? 1 : u2290
let u2292 = ![398] ? 1 : u2291
let u2293 = u115 ? 1 : u2292
let u2294 = u2293 ? ![1527] : 0
let u2295 = [1473] ? 1 : !u2294
let u2296 = u2288 ? u2295 : 0
let u2297 = !clk0 ? ![1020] : 0
let u2298 = ![598] ? 1 : u2297
let u2299 = ![1683] ? 1 : u2298
let u2300 = u2299 ? ![1602] : 0
let u2301 = [1651] ? 1 : !u2300
let u2302 = u2296 ? u2301 : 0
let u2303 = u2279 ? u2302 : [1287]
set [1287] = u2303
let u2304 = !clk0 ? ![1473] : [1288]
set [1288] = u2304
let u2305 = !clk0 ? !u624 : [1291]
set [1291] = u2305
let u2306 = clk0 ? 1 : ![339]
let u2307 = u2306 ? 1 : ![745]
let u2308 = u2307 ? 1 : ![897]
let u2309 = !clk0 ? ![1121] : 0
let u2310 = u2308 ? 1 : u2309
let u2311 = ![181] ? 1 : [339]
let u2312 = ![1123] ? 1 : [745]
let u2313 = u2311 ? u2312 : 0
let u2314 = ![536] ? 1 : [897]
let u2315 = u2313 ? u2314 : 0
let u2316 = !clk0 ? ![1121] : 0
let u2317 = ![529] ? 1 : !u2316
let u2318 = u2315 ? u2317 : 0
let u2319 = u2310 ? u2318 : [1299]
set [1299] = u2319
let u2320 = !clk0 ? [879] : 0
let u2321 = u2320 ? u1499 : [1300]
set [1300] = u2321
let u2322 = clk0 ? 1 : u115
let u2323 = u2322 ? 1 : ![398]
let u2324 = u2323 ? 1 : ![878]
let u2325 = !clk0 ? ![1221] : 0
let u2326 = u2324 ? 1 : u2325
let u2327 = ![512] ? 1 : u17
let u2328 = ![621] ? 1 : u2327
let u2329 = [1263] ? 1 : u2328
let u2330 = [801] ? 1 : u2329
let u2331 = u2330 ? ![1527] : 0
let u2332 = u2326 ? 1 : u2331
let u2333 = u2332 ? 1 : ![1577]
let u2334 = [162] ? 1 : !u115
let u2335 = [1061] ? 1 : [398]
let u2336 = u2334 ? u2335 : 0
let u2337 = ![868] ? 1 : [878]
let u2338 = u2336 ? u2337 : 0
let u2339 = !clk0 ? ![1221] : 0
let u2340 = ![1284] ? 1 : !u2339
let u2341 = u2338 ? u2340 : 0
let u2342 = ![512] ? 1 : u17
let u2343 = ![621] ? 1 : u2342
let u2344 = [1263] ? 1 : u2343
let u2345 = [801] ? 1 : u2344
let u2346 = u2345 ? ![1527] : 0
let u2347 = [1188] ? 1 : !u2346
let u2348 = u2341 ? u2347 : 0
let u2349 = [439] ? 1 : [1577]
let u2350 = u2348 ? u2349 : 0
let u2351 = u2333 ? u2350 : [1302]
set [1302] = u2351
let u2352 = [1535] ? [1522] : 0
set [1318] = !u2352
let u2353 = clk0 ? [32] : [1321]
set [1321] = u2353
let u2354 = [410] ? 1 : [622]
let u2355 = u2354 ? !u1141 : 0
let u2356 = clk0 ? !u2355 : [1326]
set [1326] = u2356
set [1328] = ![541]
set [1329] = ![1609]
let u2357 = u1134 ? 1 : u1136
let u2358 = [1287] ? 1 : !u1134
let u2359 = u2358 ? !u1136 : 0
let u2360 = u2357 ? u2359 : [1332]
set [1332] = u2360
let u2361 = [1328] ? 1 : [119]
let u2362 = [1675] ? 1 : u2361
let u2363 = [1609] ? 1 : u2362
let u2364 = [785] ? 1 : ![1447]
let u2365 = u2363 ? 1 : u2364
let u2366 = [1130] ? 1 : !u2365
let u2367 = clk0 ? !u2366 : [1333]
set [1333] = u2367
let u2368 = clk0 ? 1 : [801]
let u2369 = u2368 ? 1 : [1263]
let u2370 = u2369 ? 1 : ![621]
let u2371 = u2370 ? 1 : ![512]
let u2372 = u2371 ? 1 : u17
let u2373 = !clk0 ? ![1221] : 0
let u2374 = u2373 ? 1 : ![1577]
let u2375 = ![878] ? 1 : u2374
let u2376 = ![398] ? 1 : u2375
let u2377 = u115 ? 1 : u2376
let u2378 = u2377 ? ![1527] : 0
let u2379 = u2372 ? 1 : u2378
let u2380 = !clk0 ? ![1020] : 0
let u2381 = ![598] ? 1 : u2380
let u2382 = ![1683] ? 1 : u2381
let u2383 = u2382 ? ![1602] : 0
let u2384 = u2379 ? 1 : u2383
let u2385 = [115] ? 1 : ![801]
let u2386 = [448] ? 1 : ![1263]
let u2387 = u2385 ? u2386 : 0
let u2388 = ![1029] ? 1 : [621]
let u2389 = u2387 ? u2388 : 0
let u2390 = ![68] ? 1 : [512]
let u2391 = u2389 ? u2390 : 0
let u2392 = [1136] ? 1 : !u17
let u2393 = u2391 ? u2392 : 0
let u2394 = !clk0 ? ![1221] : 0
let u2395 = u2394 ? 1 : ![1577]
let u2396 = ![878] ? 1 : u2395
let u2397 = ![398] ? 1 : u2396
let u2398 = u115 ? 1 : u2397
let u2399 = u2398 ? ![1527] : 0
let u2400 = [833] ? 1 : !u2399
let u2401 = u2393 ? u2400 : 0
let u2402 = !clk0 ? ![1020] : 0
let u2403 = ![598] ? 1 : u2402
let u2404 = ![1683] ? 1 : u2403
let u2405 = u2404 ? ![1602] : 0
let u2406 = [13] ? 1 : !u2405
let u2407 = u2401 ? u2406 : 0
let u2408 = u2384 ? u2407 : [1336]
set [1336] = u2408
let u2409 = [197] ? 1 : [56]
let u2410 = !clk0 ? !u2409 : [1338]
set [1338] = u2410
let u2411 = !clk0 ? ![190] : 0
let u2412 = u2411 ? [1242] : [1340]
set [1340] = u2412
let u2413 = u373 ? [1450] : 0
let u2414 = clk0 ? !u2413 : [1341]
set [1341] = u2414
let u2415 = [379] ? 1 : ![1139]
set [1345] = !u2415
set [1349] = ![158]
let u2416 = !u624 ? 1 : [760]
set [1350] = !u2416
let u2417 = u801 ? 1 : u803
let u2418 = ![868] ? 1 : !u801
let u2419 = [684] ? 1 : !u803
let u2420 = u2418 ? u2419 : 0
let u2421 = u2417 ? u2420 : [1359]
set [1359] = u2421
let u2422 = ![197] ? [537] : 0
let u2423 = [197] ? [40] : 0
let u2424 = u2422 ? 1 : u2423
let u2425 = !clk0 ? !u2424 : [1360]
set [1360] = u2425
set [1370] = [69]
let u2426 = clk0 ? [188] : [1373]
set [1373] = u2426
let u2427 = [597] ? 1 : [1252]
let u2428 = [562] ? 1 : !u2427
set [1374] = !u2428
let u2429 = [449] ? 1 : [596]
let u2430 = [197] ? 1 : [959]
let u2431 = !u2429 ? 1 : !u2430
set [1380] = !u2431
set [1384] = ![1300]
set [1393] = ![873]
let u2432 = !clk0 ? [854] : [1395]
set [1395] = u2432
let u2433 = u263 ? ![418] : [1403]
let u2434 = u261 ? [54] : u2433
set [1403] = u2434
let u2435 = !u1888 ? u1890 : 0
let u2436 = [119] ? 1 : [1329]
let u2437 = [541] ? 1 : u2436
let u2438 = [337] ? 1 : u2437
let u2439 = [335] ? !u2438 : 0
let u2440 = [1384] ? 1 : [1329]
let u2441 = [119] ? 1 : u2440
let u2442 = [1620] ? 1 : u2441
let u2443 = [541] ? 1 : u2442
let u2444 = [1675] ? 1 : u2443
let u2445 = [1112] ? 1 : u2444
let u2446 = !u152 ? 1 : u2445
let u2447 = [1384] ? 1 : [1329]
let u2448 = [119] ? 1 : u2447
let u2449 = [1620] ? 1 : u2448
let u2450 = [541] ? 1 : u2449
let u2451 = [1112] ? 1 : u2450
let u2452 = !u152 ? 1 : u2451
let u2453 = [337] ? 1 : u2452
let u2454 = [1609] ? 1 : u1
let u2455 = [541] ? 1 : u2454
let u2456 = [1675] ? 1 : u2455
let u2457 = [1112] ? 1 : u2456
let u2458 = !u152 ? 1 : u2457
let u2459 = [1576] ? 1 : [1384]
let u2460 = [1112] ? 1 : u2459
let u2461 = u60 ? 1 : u2460
let u2462 = [310] ? 1 : u2461
let u2463 = !u1124 ? 1 : !u2462
let u2464 = !u2458 ? 1 : u2463
let u2465 = !u2453 ? 1 : u2464
let u2466 = !u2446 ? 1 : u2465
let u2467 = u2439 ? 1 : u2466
let u2468 = u2435 ? 1 : u2467
let u2469 = clk0 ? !u2468 : [1404]
set [1404] = u2469
let u2470 = clk0 ? 1 : [801]
let u2471 = u2470 ? 1 : [1263]
let u2472 = u2471 ? 1 : ![621]
let u2473 = u2472 ? 1 : ![512]
let u2474 = u2473 ? 1 : u17
let u2475 = !clk0 ? ![1221] : 0
let u2476 = u2475 ? 1 : ![1577]
let u2477 = ![878] ? 1 : u2476
let u2478 = ![398] ? 1 : u2477
let u2479 = u115 ? 1 : u2478
let u2480 = u2479 ? ![1527] : 0
let u2481 = u2474 ? 1 : u2480
let u2482 = !clk0 ? ![1020] : 0
let u2483 = ![598] ? 1 : u2482
let u2484 = ![1683] ? 1 : u2483
let u2485 = u2484 ? ![1602] : 0
let u2486 = u2481 ? 1 : u2485
let u2487 = [989] ? 1 : ![801]
let u2488 = [85] ? 1 : ![1263]
let u2489 = u2487 ? u2488 : 0
let u2490 = ![1603] ? 1 : [621]
let u2491 = u2489 ? u2490 : 0
let u2492 = ![1490] ? 1 : [512]
let u2493 = u2491 ? u2492 : 0
let u2494 = [727] ? 1 : !u17
let u2495 = u2493 ? u2494 : 0
let u2496 = !clk0 ? ![1221] : 0
let u2497 = u2496 ? 1 : ![1577]
let u2498 = ![878] ? 1 : u2497
let u2499 = ![398] ? 1 : u2498
let u2500 = u115 ? 1 : u2499
let u2501 = u2500 ? ![1527] : 0
let u2502 = [892] ? 1 : !u2501
let u2503 = u2495 ? u2502 : 0
let u2504 = !clk0 ? ![1020] : 0
let u2505 = ![598] ? 1 : u2504
let u2506 = ![1683] ? 1 : u2505
let u2507 = u2506 ? ![1602] : 0
let u2508 = [1160] ? 1 : !u2507
let u2509 = u2503 ? u2508 : 0
let u2510 = u2486 ? u2509 : [1405]
set [1405] = u2510
let u2511 = !clk0 ? [916] : [1409]
set [1409] = u2511
let u2512 = [1542] ? ![655] : 0
let u2513 = u2512 ? 1 : [1253]
let u2514 = clk0 ? !u2513 : [1411]
set [1411] = u2514
let u2515 = !clk0 ? ![833] : [1418]
set [1418] = u2515
set [1421] = ![334]
let u2516 = clk0 ? !u71 : [1431]
set [1431] = u2516
let u2517 = u276 ? 1 : u278
let u2518 = u2517 ? 1 : u281
let u2519 = ![991] ? 1 : !u276
let u2520 = [991] ? 1 : !u278
let u2521 = u2519 ? u2520 : 0
let u2522 = [1282] ? 1 : !u281
let u2523 = u2521 ? u2522 : 0
let u2524 = u2518 ? u2523 : [1432]
set [1432] = u2524
let u2525 = u263 ? ![181] : [1435]
let u2526 = u261 ? [1001] : u2525
set [1435] = u2526
let u2527 = clk0 ? !u645 : [1436]
set [1436] = u2527
let u2528 = clk0 ? 1 : ![339]
let u2529 = u2528 ? 1 : ![745]
let u2530 = u2529 ? 1 : ![897]
let u2531 = !clk0 ? ![1121] : 0
let u2532 = u2530 ? 1 : u2531
let u2533 = ![1603] ? 1 : [339]
let u2534 = ![1490] ? 1 : [745]
let u2535 = u2533 ? u2534 : 0
let u2536 = [15] ? 1 : [897]
let u2537 = u2535 ? u2536 : 0
let u2538 = !clk0 ? ![1121] : 0
let u2539 = ![1516] ? 1 : !u2538
let u2540 = u2537 ? u2539 : 0
let u2541 = u2532 ? u2540 : [1437]
set [1437] = u2541
let u2542 = ![24] ? ![197] : 0
let u2543 = clk0 ? !u2542 : [1438]
set [1438] = u2543
let u2544 = clk0 ? ![69] : [1442]
set [1442] = u2544
let u2545 = !clk0 ? ![610] : 0
let u2546 = u2545 ? [1651] : [1443]
set [1443] = u2546
set [1444] = [627]
let u2547 = ![1008] ? [685] : 0
let u2548 = ![1321] ? [1008] : 0
let u2549 = u2547 ? 1 : u2548
let u2550 = !clk0 ? !u2549 : [1447]
set [1447] = u2550
let u2551 = !clk0 ? ![680] : [1450]
set [1450] = u2551
let u2552 = clk0 ? ![698] : [1452]
set [1452] = u2552
let u2553 = !clk0 ? [827] : [1472]
set [1472] = u2553
let u2554 = clk0 ? 1 : u115
let u2555 = u2554 ? 1 : ![398]
let u2556 = u2555 ? 1 : ![878]
let u2557 = !clk0 ? ![1221] : 0
let u2558 = u2556 ? 1 : u2557
let u2559 = ![512] ? 1 : u17
let u2560 = ![621] ? 1 : u2559
let u2561 = [1263] ? 1 : u2560
let u2562 = [801] ? 1 : u2561
let u2563 = u2562 ? ![1527] : 0
let u2564 = u2558 ? 1 : u2563
let u2565 = u2564 ? 1 : ![1577]
let u2566 = [978] ? 1 : !u115
let u2567 = ![114] ? 1 : [398]
let u2568 = u2566 ? u2567 : 0
let u2569 = [1411] ? 1 : [878]
let u2570 = u2568 ? u2569 : 0
let u2571 = !clk0 ? ![1221] : 0
let u2572 = ![1485] ? 1 : !u2571
let u2573 = u2570 ? u2572 : 0
let u2574 = ![512] ? 1 : u17
let u2575 = ![621] ? 1 : u2574
let u2576 = [1263] ? 1 : u2575
let u2577 = [801] ? 1 : u2576
let u2578 = u2577 ? ![1527] : 0
let u2579 = [1287] ? 1 : !u2578
let u2580 = u2573 ? u2579 : 0
let u2581 = [1421] ? 1 : [1577]
let u2582 = u2580 ? u2581 : 0
let u2583 = u2565 ? u2582 : [1473]
set [1473] = u2583
let u2584 = clk0 ? !u1395 : [1477]
set [1477] = u2584
let u2585 = clk0 ? !db2 : [1485]
set [1485] = u2585
let u2586 = ![226] ? clk0 : 0
let u2587 = ![1674] ? clk0 : 0
let u2588 = u2586 ? 1 : u2587
let u2589 = ![101] ? clk0 : 0
let u2590 = u2588 ? 1 : u2589
let u2591 = ![95] ? clk0 : 0
let u2592 = u2590 ? 1 : u2591
let u2593 = ![1529] ? clk0 : 0
let u2594 = u2592 ? 1 : u2593
let u2595 = ![226] ? clk0 : 0
let u2596 = [477] ? 1 : !u2595
let u2597 = !u374 ? ![404] : 0
let u2598 = u373 ? !u2597 : 0
let u2599 = u373 ? 1 : !u2597
let u2600 = u2598 ? 1 : !u2599
let u2601 = ![1674] ? clk0 : 0
let u2602 = !u2600 ? 1 : !u2601
let u2603 = u2596 ? u2602 : 0
let u2604 = ![101] ? clk0 : 0
let u2605 = !u2597 ? 1 : !u2604
let u2606 = u2603 ? u2605 : 0
let u2607 = ![95] ? clk0 : 0
let u2608 = [404] ? 1 : !u2607
let u2609 = u2606 ? u2608 : 0
let u2610 = ![1529] ? clk0 : 0
let u2611 = !u374 ? 1 : !u2610
let u2612 = u2609 ? u2611 : 0
let u2613 = u2594 ? u2612 : [1490]
set [1490] = u2613
let u2614 = !clk0 ? ![190] : 0
let u2615 = u2614 ? [1299] : [1493]
set [1493] = u2615
let u2616 = clk0 ? 1 : u115
let u2617 = u2616 ? 1 : ![398]
let u2618 = u2617 ? 1 : ![878]
let u2619 = !clk0 ? ![1221] : 0
let u2620 = u2618 ? 1 : u2619
let u2621 = ![512] ? 1 : u17
let u2622 = ![621] ? 1 : u2621
let u2623 = [1263] ? 1 : u2622
let u2624 = [801] ? 1 : u2623
let u2625 = u2624 ? ![1527] : 0
let u2626 = u2620 ? 1 : u2625
let u2627 = [858] ? 1 : !u115
let u2628 = [469] ? 1 : [398]
let u2629 = u2627 ? u2628 : 0
let u2630 = ![1326] ? 1 : [878]
let u2631 = u2629 ? u2630 : 0
let u2632 = !clk0 ? ![1221] : 0
let u2633 = ![498] ? 1 : !u2632
let u2634 = u2631 ? u2633 : 0
let u2635 = ![512] ? 1 : u17
let u2636 = ![621] ? 1 : u2635
let u2637 = [1263] ? 1 : u2636
let u2638 = [801] ? 1 : u2637
let u2639 = u2638 ? ![1527] : 0
let u2640 = [166] ? 1 : !u2639
let u2641 = u2634 ? u2640 : 0
let u2642 = u2626 ? u2641 : [1503]
set [1503] = u2642
let u2643 = clk0 ? !u1000 : [1505]
set [1505] = u2643
let u2644 = clk0 ? u1216 : [1509]
set [1509] = u2644
let u2645 = clk0 ? !db4 : [1516]
set [1516] = u2645
let u2646 = u1134 ? 1 : u1136
let u2647 = [1001] ? 1 : !u1134
let u2648 = u2647 ? !u1136 : 0
let u2649 = u2646 ? u2648 : [1522]
set [1522] = u2649
let u2650 = [927] ? 1 : u1
let u2651 = [1384] ? 1 : u2650
let u2652 = u60 ? 1 : u2651
let u2653 = [1576] ? 1 : u2652
let u2654 = [1328] ? 1 : [119]
let u2655 = [337] ? 1 : u2654
let u2656 = ![24] ? !u2655 : 0
let u2657 = !u1003 ? 1 : u188
let u2658 = !u1895 ? 1 : !u2438
let u2659 = u2658 ? [335] : 0
let u2660 = !u2659 ? u783 : 0
let u2661 = ![666] ? 1 : !u2660
let u2662 = !u2657 ? 1 : u2661
let u2663 = u2656 ? 1 : u2662
let u2664 = !u177 ? 1 : u2663
let u2665 = !u2653 ? 1 : u2664
let u2666 = clk0 ? !u2665 : [1527]
set [1527] = u2666
let u2667 = !clk0 ? [1215] : [1528]
set [1528] = u2667
let u2668 = !clk0 ? ![1574] : [1529]
set [1529] = u2668
let u2669 = clk0 ? ![756] : [1530]
set [1530] = u2669
let u2670 = u263 ? ![828] : [1532]
let u2671 = u261 ? [1188] : u2670
set [1532] = u2671
let u2672 = [197] ? 1 : [554]
let u2673 = !clk0 ? !u2672 : [1533]
set [1533] = u2673
let u2674 = u276 ? 1 : u278
let u2675 = u2674 ? 1 : u281
let u2676 = ![493] ? 1 : !u276
let u2677 = [493] ? 1 : !u278
let u2678 = u2676 ? u2677 : 0
let u2679 = [1299] ? 1 : !u281
let u2680 = u2678 ? u2679 : 0
let u2681 = u2675 ? u2680 : [1535]
set [1535] = u2681
let u2682 = clk0 ? !db6 : [1537]
set [1537] = u2682
let u2683 = clk0 ? 1 : ![1683]
let u2684 = u2683 ? 1 : ![598]
let u2685 = !clk0 ? ![1020] : 0
let u2686 = u2684 ? 1 : u2685
let u2687 = [1333] ? 1 : u17
let u2688 = ![621] ? 1 : u2687
let u2689 = [1263] ? 1 : u2688
let u2690 = [801] ? 1 : u2689
let u2691 = u2690 ? ![1602] : 0
let u2692 = u2686 ? 1 : u2691
let u2693 = [663] ? 1 : [598]
let u2694 = [1683] ? u2693 : 0
let u2695 = !clk0 ? ![1020] : 0
let u2696 = ![529] ? 1 : !u2695
let u2697 = u2694 ? u2696 : 0
let u2698 = [1333] ? 1 : u17
let u2699 = ![621] ? 1 : u2698
let u2700 = [1263] ? 1 : u2699
let u2701 = [801] ? 1 : u2700
let u2702 = u2701 ? ![1602] : 0
let u2703 = [1001] ? 1 : !u2702
let u2704 = u2697 ? u2703 : 0
let u2705 = u2692 ? u2704 : [1539]
set [1539] = u2705
let u2706 = [1345] ? [1022] : 0
set [1542] = !u2706
let u2707 = u77 ? 1 : u79
let u2708 = [13] ? 1 : !u77
let u2709 = ![751] ? 1 : !u79
let u2710 = u2708 ? u2709 : 0
let u2711 = u2707 ? u2710 : [1551]
set [1551] = u2711
let u2712 = ![1473] ? [781] : 0
let u2713 = [781] ? 1 : ![1124]
let u2714 = !u2713 ? [1078] : 0
let u2715 = ![1124] ? [1609] : 0
let u2716 = u2714 ? 1 : u2715
let u2717 = u2712 ? 1 : u2716
let u2718 = !clk0 ? !u2717 : [1553]
set [1553] = u2718
let u2719 = clk0 ? [1450] : [1565]
set [1565] = u2719
let u2720 = !clk0 ? u1686 : [1570]
set [1570] = u2720
let u2721 = clk0 ? u188 : [1574]
set [1574] = u2721
set [1576] = ![1620]
let u2722 = [1384] ? 1 : u1
let u2723 = [1329] ? 1 : u2722
let u2724 = [1620] ? 1 : u2723
let u2725 = [1328] ? 1 : u2724
let u2726 = u60 ? 1 : u2725
let u2727 = [1112] ? 1 : u2726
let u2728 = [337] ? 1 : u2727
let u2729 = !u1981 ? 1 : !u2728
let u2730 = clk0 ? !u2729 : [1577]
set [1577] = u2730
let u2731 = !clk0 ? !u846 : [1579]
set [1579] = u2731
let u2732 = [197] ? 1 : !u1501
let u2733 = [832] ? 1 : u2732
let u2734 = !clk0 ? !u2733 : [1581]
set [1581] = u2734
set [1591] = ![1418]
let u2735 = clk0 ? !u1241 : [1602]
set [1602] = u2735
let u2736 = clk0 ? ![1702] : [1603]
set [1603] = u2736
let u2737 = ![197] ? [706] : 0
let u2738 = [197] ? [1373] : 0
let u2739 = u2737 ? 1 : u2738
let u2740 = !clk0 ? !u2739 : [1606]
set [1606] = u2740
let u2741 = clk0 ? ![627] : [1607]
set [1607] = u2741
let u2742 = !clk0 ? [879] : 0
let u2743 = !u309 ? 1 : [829]
let u2744 = u2742 ? u2743 : [1609]
set [1609] = u2744
let u2745 = u801 ? 1 : u803
let u2746 = ![536] ? 1 : !u801
let u2747 = [1299] ? 1 : !u803
let u2748 = u2746 ? u2747 : 0
let u2749 = u2745 ? u2748 : [1611]
set [1611] = u2749
let u2750 = !clk0 ? [879] : 0
let u2751 = u2750 ? u1498 : [1620]
set [1620] = u2751
let u2752 = !clk0 ? [197] : [1624]
set [1624] = u2752
let u2753 = [408] ? [1436] : 0
let u2754 = [215] ? [199] : 0
let u2755 = !u2754 ? 1 : [1436]
let u2756 = [1177] ? 1 : u2755
let u2757 = !u2756 ? [44] : 0
let u2758 = ![833] ? !u2754 : 0
let u2759 = u2758 ? 1 : ![1283]
let u2760 = u2757 ? 1 : u2759
let u2761 = u2753 ? 1 : u2760
let u2762 = !clk0 ? !u2761 : [1625]
set [1625] = u2762
set [1626] = ![119]
let u2763 = u1134 ? 1 : u1136
let u2764 = [1336] ? 1 : !u1134
let u2765 = u2764 ? !u1136 : 0
let u2766 = u2763 ? u2765 : [1627]
set [1627] = u2766
let u2767 = clk0 ? 1 : ![339]
let u2768 = u2767 ? 1 : ![745]
let u2769 = u2768 ? 1 : ![897]
let u2770 = !clk0 ? ![1121] : 0
let u2771 = u2769 ? 1 : u2770
let u2772 = ![601] ? 1 : [339]
let u2773 = ![893] ? 1 : [745]
let u2774 = u2772 ? u2773 : 0
let u2775 = ![1326] ? 1 : [897]
let u2776 = u2774 ? u2775 : 0
let u2777 = !clk0 ? ![1121] : 0
let u2778 = ![498] ? 1 : !u2777
let u2779 = u2776 ? u2778 : 0
let u2780 = u2771 ? u2779 : [1630]
set [1630] = u2780
let u2781 = u276 ? 1 : u278
let u2782 = u2781 ? 1 : u281
let u2783 = ![892] ? 1 : !u276
let u2784 = [892] ? 1 : !u278
let u2785 = u2783 ? u2784 : 0
let u2786 = [1437] ? 1 : !u281
let u2787 = u2785 ? u2786 : 0
let u2788 = u2782 ? u2787 : [1645]
set [1645] = u2788
let u2789 = u10 ? [1188] : [1648]
set [1648] = u2789
let u2790 = clk0 ? 1 : ![1683]
let u2791 = u2790 ? 1 : ![598]
let u2792 = !clk0 ? ![1020] : 0
let u2793 = u2791 ? 1 : u2792
let u2794 = ![512] ? 1 : u17
let u2795 = ![621] ? 1 : u2794
let u2796 = [1263] ? 1 : u2795
let u2797 = [801] ? 1 : u2796
let u2798 = u2797 ? ![1602] : 0
let u2799 = u2793 ? 1 : u2798
let u2800 = ![114] ? 1 : [598]
let u2801 = [1683] ? u2800 : 0
let u2802 = !clk0 ? ![1020] : 0
let u2803 = ![1485] ? 1 : !u2802
let u2804 = u2801 ? u2803 : 0
let u2805 = ![512] ? 1 : u17
let u2806 = ![621] ? 1 : u2805
let u2807 = [1263] ? 1 : u2806
let u2808 = [801] ? 1 : u2807
let u2809 = u2808 ? ![1602] : 0
let u2810 = [1287] ? 1 : !u2809
let u2811 = u2804 ? u2810 : 0
let u2812 = u2799 ? u2811 : [1651]
set [1651] = u2812
let u2813 = !u1395 ? 1 : u788
let u2814 = clk0 ? !u2813 : [1652]
set [1652] = u2814
let u2815 = [893] ? 1 : [68]
let u2816 = !u1591 ? u2815 : 0
let u2817 = [893] ? [68] : 0
let u2818 = !u2817 ? !u1590 : 0
let u2819 = u2816 ? 1 : u2818
let u2820 = !u2819 ? ![1001] : 0
let u2821 = !u2819 ? 1 : ![1001]
let u2822 = u2820 ? 1 : !u2821
let u2823 = u384 ? !u2822 : [1653]
set [1653] = u2823
let u2824 = clk0 ? !db6 : [1669]
set [1669] = u2824
let u2825 = u77 ? 1 : u79
let u2826 = [407] ? 1 : !u77
let u2827 = ![780] ? 1 : !u79
let u2828 = u2826 ? u2827 : 0
let u2829 = u2825 ? u2828 : [1670]
set [1670] = u2829
let u2830 = clk0 ? !u924 : [1673]
set [1673] = u2830
let u2831 = !clk0 ? ![415] : [1674]
set [1674] = u2831
let u2832 = !clk0 ? [879] : 0
let u2833 = !u309 ? 1 : [1669]
let u2834 = u2832 ? u2833 : [1675]
set [1675] = u2834
let u2835 = u276 ? 1 : u278
let u2836 = u2835 ? 1 : u281
let u2837 = ![1503] ? 1 : !u276
let u2838 = [1503] ? 1 : !u278
let u2839 = u2837 ? u2838 : 0
let u2840 = [1630] ? 1 : !u281
let u2841 = u2839 ? u2840 : 0
let u2842 = u2836 ? u2841 : [1678]
set [1678] = u2842
let u2843 = !clk0 ? [197] : [1679]
set [1679] = u2843
let u2844 = u1134 ? 1 : u1136
let u2845 = [1188] ? 1 : !u1134
let u2846 = u2845 ? !u1136 : 0
let u2847 = u2844 ? u2846 : [1680]
set [1680] = u2847
let u2848 = [1384] ? 1 : u1
let u2849 = [1328] ? 1 : u2848
let u2850 = u60 ? 1 : u2849
let u2851 = [1112] ? 1 : u2850
let u2852 = u1334 ? 1 : !u2851
let u2853 = clk0 ? !u2852 : [1683]
set [1683] = u2853
let u2854 = clk0 ? !db7 : [1690]
set [1690] = u2854
let u2855 = clk0 ? [264] : [1693]
set [1693] = u2855
let u2856 = clk0 ? ![94] : [1699]
set [1699] = u2856
let u2857 = u263 ? ![1603] : [1702]
let u2858 = u261 ? [1405] : u2857
set [1702] = u2858
let u2859 = !u344 ? 1 : u1012
let u2860 = [347] ? 1 : u2859
let u2861 = [1329] ? 1 : u1
let u2862 = [1300] ? 1 : u2861
let u2863 = [1620] ? 1 : u2862
let u2864 = [1328] ? 1 : u2863
let u2865 = [1675] ? 1 : u2864
let u2866 = [1112] ? 1 : u2865
let u2867 = u60 ? 1 : u2866
let u2868 = [1384] ? 1 : u1
let u2869 = [1328] ? 1 : u2868
let u2870 = [1609] ? 1 : u2869
let u2871 = [1112] ? 1 : u2870
let u2872 = ![378] ? 1 : u2871
let u2873 = [337] ? 1 : u2872
let u2874 = [1576] ? 1 : u2873
let u2875 = [1384] ? 1 : u1
let u2876 = [1328] ? 1 : u2875
let u2877 = ![378] ? 1 : u2876
let u2878 = [1112] ? 1 : u2877
let u2879 = [1576] ? 1 : u2878
let u2880 = [1675] ? 1 : u2879
let u2881 = [1384] ? 1 : u1
let u2882 = ![678] ? 1 : u2881
let u2883 = [1609] ? 1 : u2882
let u2884 = [1328] ? 1 : u2883
let u2885 = [1620] ? 1 : u2884
let u2886 = [1112] ? 1 : u2885
let u2887 = !u2880 ? 1 : !u2886
let u2888 = !u2150 ? 1 : u2887
let u2889 = !u1988 ? 1 : u2888
let u2890 = !u2874 ? 1 : u2889
let u2891 = !u2867 ? 1 : u2890
let u2892 = u2891 ? 1 : !u519
let u2893 = [653] ? 1 : u2892
let u2894 = !u2860 ? 1 : u2893
let u2895 = [197] ? 1 : !u2894
let u2896 = ![1395] ? 1 : !u2895
let u2897 = !u2429 ? 1 : u2896
let u2898 = clk0 ? !u2897 : [1713]
set [1713] = u2898
output [539] = ![666]
output [1156] = ![402]
output [268] = [268]
output [451] = [451]
output [1340] = [1340]
output [211] = [211]
output [435] = [435]
output [736] = [736]
output [887] = [887]
output [1493] = [1493]
output [230] = [230]
output [148] = [148]
output [1443] = [1443]
output [399] = [399]
output [1237] = [1237]
output [349] = [349]
output [672] = [672]
output [195] = [195]
output [1005] = ![222]
output [82] = ![527]
output [945] = ![1288]
output [650] = ![823]
output [1393] = ![873]
output [175] = ![1266]
output [1591] = ![1418]
output [1349] = ![158]
output [687] = [687]
output [1444] = [1444]
output [1421] = [1421]
output [439] = [439]
output [1119] = [1119]
output [0] = [0]
output [77] = [77]
output [1370] = [1370]
output [328] = [328]
output [1626] = [1626]
output [1384] = [1384]
output [1576] = [1576]
output [1112] = [1112]
output [1329] = [1329]
output [337] = [337]
output [1328] = [1328]
output [1171] = clk0
output [159] = res
