#regs = 456 : (show regs)

let u1 = res ? clk0 : 0
let u2 = [854] ? 1 : u1
let u3 = !res ? clk0 : 0
let u4 = !u2 ? 1 : u3
set [854] = !u4
let u5 = !clk0 ? !u4 : [1395]
set [1395] = u5
let u6 = clk0 ? !u5 : [449]
set [449] = u6
let u7 = [248] ? [1481] : 0
let u8 = clk0 ? [862] : [1011]
set [1011] = u8
let u9 = [248] ? 1 : !u8
let u10 = !clk0 ? !u9 : 0
let u11 = !clk0 ? !u9 : 0
let u12 = clk0 ? !db3 : [894]
set [894] = u12
let u13 = [1077] ? 1 : u12
let u14 = u11 ? u13 : [1620]
set [1620] = u14
let u15 = !clk0 ? !u9 : 0
let u16 = clk0 ? !db4 : [369]
set [369] = u16
let u17 = [1077] ? 1 : u16
let u18 = u15 ? u17 : [927]
set [927] = u18
let u19 = clk0 ? [1575] : [40]
set [40] = u19
let u20 = ![248] ? u19 : 0
let u21 = clk0 ? [678] : [706]
set [706] = u21
let u22 = [248] ? u21 : 0
let u23 = u20 ? 1 : u22
let u24 = !clk0 ? !u23 : [644]
set [644] = u24
let u25 = [1357] ? 1 : u24
set [678] = !u25
let u26 = u14 ? 1 : u25
let u27 = u18 ? 1 : u26
let u28 = !clk0 ? !u9 : 0
let u29 = clk0 ? !db0 : [758]
set [758] = u29
let u30 = [1077] ? 1 : u29
let u31 = u28 ? u30 : [310]
set [310] = u31
let u32 = !clk0 ? !u9 : 0
let u33 = clk0 ? !db2 : [955]
set [955] = u33
let u34 = [1077] ? 1 : u33
let u35 = u32 ? u34 : [1300]
set [1300] = u35
let u36 = ![248] ? u21 : 0
let u37 = clk0 ? [188] : [1373]
set [1373] = u37
let u38 = [248] ? u37 : 0
let u39 = u36 ? 1 : u38
let u40 = !clk0 ? !u39 : [1606]
set [1606] = u40
let u41 = u40 ? 1 : [1357]
set [188] = !u41
let u42 = !u35 ? 1 : u41
let u43 = u18 ? 1 : u42
let u44 = !u14 ? 1 : u43
let u45 = u31 ? 1 : u44
let u46 = !u27 ? 1 : !u45
let u47 = clk0 ? !u46 : [729]
set [729] = u47
let u48 = u13 ? 1 : !u34
let u49 = !u30 ? 1 : u48
let u50 = clk0 ? !db7 : [1690]
set [1690] = u50
let u51 = [1077] ? 1 : u50
let u52 = clk0 ? !db1 : [361]
set [361] = u52
let u53 = [1077] ? 1 : u52
let u54 = !u53 ? 1 : !u17
let u55 = !u51 ? 1 : u54
let u56 = !u49 ? u55 : 0
let u57 = u51 ? 1 : !u17
let u58 = !u34 ? 1 : u57
let u59 = !u30 ? 1 : u58
let u60 = !u13 ? 1 : u59
let u61 = !u34 ? 1 : !u17
let u62 = u13 ? 1 : u61
let u63 = u30 ? 1 : u62
let u64 = !u60 ? 1 : !u63
let u65 = u56 ? 1 : u64
let u66 = !clk0 ? !u65 : [792]
set [792] = u66
let u67 = !clk0 ? [1215] : [1528]
set [1528] = u67
let u68 = u66 ? u67 : 0
let u69 = !clk0 ? ![1380] : [1161]
set [1161] = u69
let u70 = u68 ? 1 : u69
let u71 = [964] ? 1 : !u70
let u72 = clk0 ? !u71 : [554]
set [554] = u72
let u73 = [248] ? 1 : u72
let u74 = !clk0 ? !u73 : [1533]
set [1533] = u74
let u75 = u72 ? 1 : u74
set [964] = !u75
let u76 = !u75 ? 1 : !u70
let u77 = !clk0 ? !u9 : 0
let u78 = clk0 ? !db5 : [829]
set [829] = u78
let u79 = [1077] ? 1 : u78
let u80 = u77 ? u79 : [1609]
set [1609] = u80
let u81 = !clk0 ? !u9 : 0
let u82 = u81 ? u51 : [541]
set [541] = u82
let u83 = u80 ? 1 : u82
let u84 = !u76 ? 1 : u83
let u85 = [1675] ? 1 : u84
let u86 = u31 ? 1 : u85
let u87 = !clk0 ? !u9 : 0
let u88 = u87 ? u53 : [119]
set [119] = u88
let u89 = !u31 ? 1 : !u88
let u90 = !u35 ? 1 : u89
let u91 = u25 ? 1 : u90
let u92 = !u14 ? 1 : u91
let u93 = u18 ? 1 : u92
let u94 = u31 ? 1 : !u80
let u95 = u82 ? 1 : u94
let u96 = [337] ? 1 : u95
let u97 = u14 ? 1 : u41
let u98 = u18 ? 1 : u97
let u99 = !u14 ? 1 : u35
let u100 = !u18 ? 1 : u99
let u101 = [971] ? 1 : u100
let u102 = ![248] ? u37 : 0
let u103 = clk0 ? [378] : [940]
set [940] = u103
let u104 = [248] ? u103 : 0
let u105 = u102 ? 1 : u104
let u106 = !clk0 ? !u105 : [18]
set [18] = u106
let u107 = [1357] ? 1 : u106
set [378] = !u107
let u108 = u107 ? 1 : !u35
let u109 = u31 ? 1 : u108
let u110 = !u14 ? 1 : u109
let u111 = u14 ? 1 : u25
let u112 = u35 ? 1 : u111
let u113 = !u18 ? 1 : u112
let u114 = !u14 ? 1 : u25
let u115 = u18 ? 1 : u114
let u116 = u35 ? 1 : u115
let u117 = !u113 ? 1 : !u116
let u118 = !u110 ? 1 : u117
let u119 = !u101 ? 1 : u118
let u120 = !u98 ? 1 : u119
let u121 = u82 ? 1 : !u80
let u122 = [337] ? 1 : u121
let u123 = !u120 ? 1 : u122
let u124 = !u96 ? !u123 : 0
let u125 = !u35 ? 1 : u89
let u126 = !u80 ? 1 : u125
let u127 = u14 ? 1 : u126
let u128 = !u82 ? 1 : u127
let u129 = [1675] ? 1 : u128
let u130 = !u18 ? 1 : u129
let u131 = [971] ? 1 : u130
let u132 = u124 ? 1 : !u131
let u133 = clk0 ? !u132 : [266]
set [266] = u133
let u134 = !clk0 ? !clk0 : 0
let u135 = !u133 ? u134 : 0
let u136 = clk0 ? 1 : u135
let u137 = !u35 ? 1 : u89
let u138 = !u80 ? 1 : u137
let u139 = !u14 ? 1 : u138
let u140 = !u82 ? 1 : u139
let u141 = [971] ? 1 : u140
let u142 = !u18 ? 1 : u141
let u143 = [337] ? 1 : u142
let u144 = !u35 ? 1 : u89
let u145 = u25 ? 1 : u144
let u146 = u80 ? 1 : u145
let u147 = !u82 ? 1 : u146
let u148 = !u14 ? 1 : u147
let u149 = !u18 ? 1 : u148
let u150 = [337] ? 1 : u149
let u151 = !u143 ? 1 : !u150
let u152 = clk0 ? !u151 : [398]
set [398] = u152
let u153 = u136 ? 1 : !u152
let u154 = clk0 ? !u151 : [56]
set [56] = u154
let u155 = [248] ? 1 : u154
let u156 = !clk0 ? !u155 : [1338]
set [1338] = u156
let u157 = clk0 ? !u156 : [878]
set [878] = u157
let u158 = u153 ? 1 : !u157
let u159 = clk0 ? [440] : [151]
set [151] = u159
let u160 = [248] ? u159 : 0
let u161 = [1675] ? 1 : u88
let u162 = !u82 ? 1 : u88
let u163 = [337] ? 1 : u162
let u164 = !u161 ? 1 : !u163
let u165 = [248] ? 1 : !u164
let u166 = !u120 ? 1 : u165
let u167 = clk0 ? !u166 : [456]
set [456] = u167
let u168 = u160 ? 1 : u167
let u169 = !clk0 ? !u168 : [24]
set [24] = u169
set [440] = !u169
let u170 = u14 ? 1 : u89
let u171 = u41 ? 1 : u170
let u172 = [1675] ? 1 : u171
let u173 = u35 ? 1 : u172
let u174 = !u82 ? 1 : u173
let u175 = !u18 ? 1 : u174
let u176 = !u35 ? 1 : u89
let u177 = !u82 ? 1 : u176
let u178 = u14 ? 1 : u177
let u179 = !u18 ? 1 : u178
let u180 = u14 ? 1 : !u179
let u181 = [971] ? 1 : u180
let u182 = u71 ? 1 : !u181
let u183 = !u35 ? 1 : u89
let u184 = !u82 ? 1 : u183
let u185 = u14 ? 1 : u184
let u186 = !u18 ? 1 : u185
let u187 = !u186 ? 1 : !u35
let u188 = !u31 ? 1 : u187
let u189 = u14 ? 1 : u188
let u190 = !u182 ? 1 : !u189
let u191 = !u35 ? 1 : u89
let u192 = !u82 ? 1 : u191
let u193 = u80 ? 1 : u192
let u194 = !u18 ? 1 : u193
let u195 = !u14 ? 1 : u194
let u196 = [337] ? 1 : u195
let u197 = [971] ? 1 : u196
let u198 = u80 ? 1 : u88
let u199 = u82 ? 1 : u198
let u200 = [1675] ? 1 : u199
let u201 = !u200 ? !u169 : 0
let u202 = !u35 ? 1 : u89
let u203 = !u82 ? 1 : u202
let u204 = u80 ? 1 : u203
let u205 = !u18 ? 1 : u204
let u206 = u14 ? 1 : u205
let u207 = !u35 ? 1 : u25
let u208 = !u18 ? 1 : u207
let u209 = !u14 ? 1 : u208
let u210 = u31 ? 1 : u209
let u211 = !u35 ? 1 : u18
let u212 = u31 ? 1 : u211
let u213 = !u14 ? 1 : u212
let u214 = [971] ? 1 : u213
let u215 = !u35 ? 1 : u41
let u216 = u18 ? 1 : u215
let u217 = !u14 ? 1 : u216
let u218 = u31 ? 1 : u217
let u219 = u14 ? 1 : u25
let u220 = u18 ? 1 : u219
let u221 = !u218 ? 1 : !u220
let u222 = !u214 ? 1 : u221
let u223 = !u210 ? 1 : u222
let u224 = !u206 ? 1 : u223
let u225 = u201 ? 1 : u224
let u226 = !u35 ? 1 : u41
let u227 = !u18 ? 1 : u226
let u228 = !u14 ? 1 : u227
let u229 = u31 ? 1 : u228
let u230 = !u35 ? 1 : u89
let u231 = !u82 ? 1 : u230
let u232 = !u14 ? 1 : u231
let u233 = !u18 ? 1 : u232
let u234 = [1675] ? 1 : u233
let u235 = !u35 ? 1 : u25
let u236 = u18 ? 1 : u235
let u237 = !u14 ? 1 : u236
let u238 = u31 ? 1 : u237
let u239 = !u234 ? 1 : !u238
let u240 = !u229 ? 1 : u239
let u241 = u225 ? 1 : u240
let u242 = !u197 ? 1 : u241
let u243 = [1382] ? 1 : u242
let u244 = !u190 ? 1 : u243
let u245 = !u175 ? 1 : u244
let u246 = !u169 ? 1 : u245
let u247 = [967] ? 1 : u246
let u248 = clk0 ? !u247 : [1221]
set [1221] = u248
let u249 = !clk0 ? !u248 : 0
let u250 = u158 ? 1 : u249
let u251 = [971] ? 1 : u18
let u252 = u35 ? 1 : u251
let u253 = u82 ? 1 : u88
let u254 = [337] ? 1 : u253
let u255 = !u252 ? !u254 : 0
let u256 = !u80 ? 1 : u89
let u257 = u82 ? 1 : u256
let u258 = u35 ? 1 : u257
let u259 = [337] ? 1 : u258
let u260 = !u123 ? !u259 : 0
let u261 = !u35 ? 1 : u89
let u262 = !u80 ? 1 : u261
let u263 = u14 ? 1 : u262
let u264 = u18 ? 1 : u263
let u265 = u82 ? 1 : u264
let u266 = !u76 ? 1 : u265
let u267 = [337] ? 1 : u266
let u268 = !u80 ? 1 : u89
let u269 = u82 ? 1 : u268
let u270 = [1675] ? 1 : u269
let u271 = !u18 ? 1 : u270
let u272 = !u76 ? 1 : u271
let u273 = !u35 ? 1 : u25
let u274 = u18 ? 1 : u273
let u275 = !u14 ? 1 : u274
let u276 = u31 ? 1 : u275
let u277 = !u35 ? 1 : u89
let u278 = !u80 ? 1 : u277
let u279 = u14 ? 1 : u278
let u280 = u82 ? 1 : u279
let u281 = !u18 ? 1 : u280
let u282 = !u76 ? 1 : u281
let u283 = !u35 ? 1 : u18
let u284 = u31 ? 1 : u283
let u285 = u14 ? 1 : u284
let u286 = [971] ? 1 : u285
let u287 = !u282 ? 1 : !u286
let u288 = !u276 ? 1 : u287
let u289 = !u272 ? 1 : u288
let u290 = !u267 ? 1 : u289
let u291 = u260 ? 1 : u290
let u292 = u255 ? 1 : u291
let u293 = clk0 ? !u292 : [1113]
set [1113] = u293
let u294 = !clk0 ? !clk0 : 0
let u295 = !u293 ? u294 : 0
let u296 = !u252 ? u254 : 0
let u297 = u88 ? 1 : !u80
let u298 = u82 ? 1 : u297
let u299 = [337] ? 1 : u298
let u300 = !u123 ? !u299 : 0
let u301 = !u35 ? 1 : !u80
let u302 = u88 ? 1 : u301
let u303 = u14 ? 1 : u302
let u304 = u82 ? 1 : u303
let u305 = [1675] ? 1 : u304
let u306 = !u18 ? 1 : u305
let u307 = !u76 ? 1 : u306
let u308 = !u35 ? 1 : !u80
let u309 = u88 ? 1 : u308
let u310 = u14 ? 1 : u309
let u311 = u82 ? 1 : u310
let u312 = !u18 ? 1 : u311
let u313 = !u76 ? 1 : u312
let u314 = [337] ? 1 : u313
let u315 = u80 ? 1 : u89
let u316 = u82 ? 1 : u315
let u317 = [1675] ? 1 : u316
let u318 = !u18 ? 1 : u317
let u319 = !u76 ? 1 : u318
let u320 = !u35 ? 1 : !u80
let u321 = u18 ? 1 : u320
let u322 = u14 ? 1 : u321
let u323 = u88 ? 1 : u322
let u324 = u82 ? 1 : u323
let u325 = !u76 ? 1 : u324
let u326 = [337] ? 1 : u325
let u327 = !u14 ? 1 : !u35
let u328 = !u18 ? 1 : u327
let u329 = [971] ? 1 : u328
let u330 = u31 ? 1 : u329
let u331 = !u326 ? 1 : !u330
let u332 = !u319 ? 1 : u331
let u333 = !u314 ? 1 : u332
let u334 = !u307 ? 1 : u333
let u335 = u300 ? 1 : u334
let u336 = u296 ? 1 : u335
let u337 = clk0 ? !u336 : [1404]
set [1404] = u337
let u338 = !clk0 ? !clk0 : 0
let u339 = !u337 ? u338 : 0
let u340 = u88 ? 1 : u18
let u341 = u82 ? 1 : u340
let u342 = !u35 ? 1 : u341
let u343 = !u76 ? 1 : u342
let u344 = [337] ? 1 : u343
let u345 = u80 ? 1 : u344
let u346 = u14 ? 1 : u345
let u347 = clk0 ? u346 : [621]
set [621] = u347
let u348 = !u82 ? 1 : u89
let u349 = !u35 ? 1 : u348
let u350 = !u18 ? 1 : u349
let u351 = [337] ? 1 : u350
let u352 = u107 ? 1 : u351
let u353 = u80 ? 1 : u352
let u354 = !u14 ? 1 : u353
let u355 = clk0 ? 0 : [865]
set [865] = u355
let u356 = !clk0 ? !u355 : [47]
set [47] = u356
let u357 = !u35 ? 1 : u89
let u358 = !u356 ? 1 : u357
let u359 = !u14 ? 1 : u358
let u360 = u18 ? 1 : u359
let u361 = !u76 ? 1 : u360
let u362 = u14 ? 1 : u41
let u363 = u18 ? 1 : u362
let u364 = !u35 ? 1 : u18
let u365 = u107 ? 1 : u364
let u366 = !u14 ? 1 : u365
let u367 = u31 ? 1 : u366
let u368 = !u363 ? 1 : !u367
let u369 = u361 ? !u368 : 0
let u370 = !u35 ? 1 : u89
let u371 = !u80 ? 1 : u370
let u372 = u107 ? 1 : u371
let u373 = !u82 ? 1 : u372
let u374 = !u14 ? 1 : u373
let u375 = !u18 ? 1 : u374
let u376 = [1675] ? 1 : u375
let u377 = !u35 ? 1 : u89
let u378 = !u82 ? 1 : u377
let u379 = u80 ? 1 : u378
let u380 = !u18 ? 1 : u379
let u381 = !u14 ? 1 : u380
let u382 = !u76 ? 1 : u381
let u383 = [337] ? 1 : u382
let u384 = !u35 ? 1 : u89
let u385 = !u80 ? 1 : u384
let u386 = u14 ? 1 : u385
let u387 = !u82 ? 1 : u386
let u388 = !u18 ? 1 : u387
let u389 = !u76 ? 1 : u388
let u390 = !u35 ? 1 : u89
let u391 = u41 ? 1 : u390
let u392 = u80 ? 1 : u391
let u393 = !u82 ? 1 : u392
let u394 = !u14 ? 1 : u393
let u395 = !u18 ? 1 : u394
let u396 = [1675] ? 1 : u395
let u397 = !u35 ? 1 : u89
let u398 = u25 ? 1 : u397
let u399 = u80 ? 1 : u398
let u400 = !u82 ? 1 : u399
let u401 = u14 ? 1 : u400
let u402 = !u18 ? 1 : u401
let u403 = !u396 ? 1 : !u402
let u404 = !u389 ? 1 : u403
let u405 = !u383 ? 1 : u404
let u406 = !u376 ? 1 : u405
let u407 = [370] ? 1 : u406
let u408 = !clk0 ? [248] : [902]
set [902] = u408
let u409 = !u407 ? 1 : u408
let u410 = !u169 ? ![248] : 0
let u411 = clk0 ? !u410 : [1438]
set [1438] = u411
let u412 = !clk0 ? !u411 : [653]
set [653] = u412
let u413 = u412 ? 1 : [862]
let u414 = !u409 ? 1 : u413
let u415 = !u369 ? 1 : u414
let u416 = !u354 ? 1 : u415
let u417 = !u82 ? 1 : u88
let u418 = [1675] ? 1 : u417
let u419 = u80 ? 1 : u418
let u420 = [1675] ? 1 : u88
let u421 = !u82 ? 1 : u420
let u422 = !u169 ? !u421 : 0
let u423 = !u35 ? 1 : u88
let u424 = !u82 ? 1 : u423
let u425 = u14 ? 1 : u424
let u426 = !u18 ? 1 : u425
let u427 = [1675] ? 1 : u426
let u428 = !u76 ? 1 : u427
let u429 = u422 ? 1 : !u428
let u430 = clk0 ? u429 : [73]
set [73] = u430
let u431 = !clk0 ? !u430 : [785]
set [785] = u431
let u432 = !clk0 ? [248] : [1624]
set [1624] = u432
let u433 = u432 ? 1 : !u429
let u434 = clk0 ? !u433 : [1008]
set [1008] = u434
let u435 = clk0 ? [1175] : [685]
set [685] = u435
let u436 = !u434 ? u435 : 0
let u437 = !u35 ? 1 : u89
let u438 = !u82 ? 1 : u437
let u439 = u80 ? 1 : u438
let u440 = !u18 ? 1 : u439
let u441 = u14 ? 1 : u440
let u442 = !u76 ? 1 : u441
let u443 = [337] ? 1 : u442
let u444 = !u35 ? 1 : u89
let u445 = u41 ? 1 : u444
let u446 = !u80 ? 1 : u445
let u447 = !u82 ? 1 : u446
let u448 = !u14 ? 1 : u447
let u449 = !u18 ? 1 : u448
let u450 = [1675] ? 1 : u449
let u451 = !u443 ? 1 : !u450
let u452 = clk0 ? !u451 : [199]
set [199] = u452
let u453 = [248] ? 1 : u452
let u454 = !u453 ? 1 : u429
let u455 = clk0 ? !u454 : [1049]
set [1049] = u455
let u456 = clk0 ? 1 : u135
let u457 = u456 ? 1 : !u152
let u458 = u457 ? 1 : !u157
let u459 = !clk0 ? !u248 : 0
let u460 = u458 ? 1 : u459
let u461 = clk0 ? !u416 : [512]
set [512] = u461
let u462 = u80 ? 1 : u82
let u463 = !u76 ? 1 : u462
let u464 = u31 ? 1 : u463
let u465 = [337] ? 1 : u464
let u466 = u31 ? 1 : !u76
let u467 = u465 ? !u466 : 0
let u468 = !u35 ? 1 : u89
let u469 = u82 ? 1 : u468
let u470 = u80 ? 1 : u469
let u471 = !u18 ? 1 : u470
let u472 = u14 ? 1 : u471
let u473 = !u76 ? 1 : u472
let u474 = [337] ? 1 : u473
let u475 = !u35 ? 1 : u88
let u476 = u82 ? 1 : u475
let u477 = u80 ? 1 : u476
let u478 = !u18 ? 1 : u477
let u479 = u14 ? 1 : u478
let u480 = !u76 ? 1 : u479
let u481 = [337] ? 1 : u480
let u482 = !u35 ? 1 : u88
let u483 = !u82 ? 1 : u482
let u484 = u14 ? 1 : u483
let u485 = !u18 ? 1 : u484
let u486 = !u76 ? 1 : u485
let u487 = u80 ? 1 : u89
let u488 = u35 ? 1 : u487
let u489 = !u82 ? 1 : u488
let u490 = !u18 ? 1 : u489
let u491 = [337] ? 1 : u490
let u492 = !u76 ? 1 : u491
let u493 = u80 ? 1 : !u82
let u494 = !u76 ? 1 : u493
let u495 = u31 ? 1 : u494
let u496 = [337] ? 1 : u495
let u497 = !u492 ? 1 : !u496
let u498 = !u486 ? 1 : u497
let u499 = !u481 ? 1 : u498
let u500 = !u474 ? 1 : u499
let u501 = u467 ? 1 : u500
let u502 = clk0 ? !u501 : [55]
set [55] = u502
let u503 = !clk0 ? !clk0 : 0
let u504 = !u502 ? u503 : 0
let u505 = !u461 ? 1 : u504
let u506 = !u347 ? 1 : u505
let u507 = u339 ? 1 : u506
let u508 = u295 ? 1 : u507
let u509 = !u82 ? 1 : u88
let u510 = [337] ? 1 : u509
let u511 = !u169 ? !u510 : 0
let u512 = !u35 ? 1 : !u80
let u513 = u88 ? 1 : u512
let u514 = u14 ? 1 : u513
let u515 = u82 ? 1 : u514
let u516 = [1675] ? 1 : u515
let u517 = !u74 ? 1 : u516
let u518 = !u18 ? 1 : u517
let u519 = u80 ? 1 : u88
let u520 = u82 ? 1 : u519
let u521 = [337] ? 1 : u520
let u522 = !u76 ? 1 : u521
let u523 = !u35 ? 1 : u89
let u524 = u82 ? 1 : u523
let u525 = u80 ? 1 : u524
let u526 = !u74 ? 1 : u525
let u527 = u14 ? 1 : u526
let u528 = !u18 ? 1 : u527
let u529 = [1675] ? 1 : u528
let u530 = !u522 ? 1 : !u529
let u531 = !u518 ? 1 : u530
let u532 = !u35 ? 1 : u89
let u533 = !u80 ? 1 : u532
let u534 = u14 ? 1 : u533
let u535 = u82 ? 1 : u534
let u536 = !u74 ? 1 : u535
let u537 = !u18 ? 1 : u536
let u538 = u80 ? 1 : u89
let u539 = u82 ? 1 : u538
let u540 = !u18 ? 1 : u539
let u541 = !u76 ? 1 : u540
let u542 = [337] ? 1 : u541
let u543 = u80 ? 1 : u89
let u544 = u82 ? 1 : u543
let u545 = u35 ? 1 : u544
let u546 = !u76 ? 1 : u545
let u547 = [337] ? 1 : u546
let u548 = !u542 ? 1 : !u547
let u549 = !u537 ? 1 : u548
let u550 = !u531 ? !u549 : 0
let u551 = !u35 ? 1 : !u80
let u552 = u88 ? 1 : u551
let u553 = u14 ? 1 : u552
let u554 = u82 ? 1 : u553
let u555 = !u18 ? 1 : u554
let u556 = !u76 ? 1 : u555
let u557 = [337] ? 1 : u556
let u558 = !u35 ? 1 : u89
let u559 = !u82 ? 1 : u558
let u560 = u80 ? 1 : u559
let u561 = !u18 ? 1 : u560
let u562 = u14 ? 1 : u561
let u563 = !u76 ? 1 : u562
let u564 = [1675] ? 1 : u563
let u565 = !u35 ? 1 : u88
let u566 = !u74 ? 1 : u565
let u567 = u14 ? 1 : u566
let u568 = !u82 ? 1 : u567
let u569 = !u18 ? 1 : u568
let u570 = u31 ? 1 : !u74
let u571 = !u82 ? 1 : u570
let u572 = !u35 ? 1 : u89
let u573 = !u80 ? 1 : u572
let u574 = u14 ? 1 : u573
let u575 = u18 ? 1 : u574
let u576 = u82 ? 1 : u575
let u577 = !u76 ? 1 : u576
let u578 = [337] ? 1 : u577
let u579 = u80 ? 1 : !u74
let u580 = [1675] ? 1 : u579
let u581 = u31 ? 1 : u580
let u582 = !u578 ? 1 : !u581
let u583 = !u571 ? 1 : u582
let u584 = !u569 ? 1 : u583
let u585 = !u564 ? 1 : u584
let u586 = !u557 ? 1 : u585
let u587 = !u465 ? 1 : u586
let u588 = u412 ? 1 : u587
let u589 = u497 ? 1 : u588
let u590 = !u550 ? 1 : u589
let u591 = !u590 ? 1 : u497
let u592 = !u259 ? 1 : !u299
let u593 = u592 ? !u123 : 0
let u594 = !u593 ? u197 : 0
let u595 = [862] ? 1 : !u594
let u596 = !u591 ? 1 : u595
let u597 = u511 ? 1 : u596
let u598 = !u486 ? 1 : u597
let u599 = [967] ? 1 : u598
let u600 = clk0 ? !u599 : [1527]
set [1527] = u600
let u601 = u508 ? !u600 : 0
let u602 = u460 ? 1 : u601
let u603 = !u35 ? 1 : u89
let u604 = u41 ? 1 : u603
let u605 = !u80 ? 1 : u604
let u606 = !u82 ? 1 : u605
let u607 = !u14 ? 1 : u606
let u608 = !u18 ? 1 : u607
let u609 = [337] ? 1 : u608
let u610 = !u35 ? 1 : u89
let u611 = !u80 ? 1 : u610
let u612 = u14 ? 1 : u611
let u613 = !u82 ? 1 : u612
let u614 = [971] ? 1 : u613
let u615 = !u18 ? 1 : u614
let u616 = [337] ? 1 : u615
let u617 = !u609 ? 1 : !u616
let u618 = clk0 ? !u617 : [1577]
set [1577] = u618
let u619 = u602 ? 1 : !u618
let u620 = clk0 ? !u587 : [1505]
set [1505] = u620
let u621 = !clk0 ? !clk0 : 0
let u622 = !u620 ? u621 : 0
let u623 = clk0 ? 1 : u295
let u624 = u623 ? 1 : u339
let u625 = u624 ? 1 : !u347
let u626 = u625 ? 1 : !u461
let u627 = u626 ? 1 : u504
let u628 = !clk0 ? !u248 : 0
let u629 = u628 ? 1 : !u618
let u630 = !u157 ? 1 : u629
let u631 = !u152 ? 1 : u630
let u632 = u135 ? 1 : u631
let u633 = u632 ? !u600 : 0
let u634 = u627 ? 1 : u633
let u635 = !u14 ? 1 : u35
let u636 = [971] ? 1 : u635
let u637 = !u14 ? 1 : !u35
let u638 = u31 ? 1 : u637
let u639 = [971] ? 1 : u638
let u640 = !u636 ? 1 : !u639
let u641 = clk0 ? !u640 : [683]
set [683] = u641
let u642 = !u35 ? 1 : u89
let u643 = !u80 ? 1 : u642
let u644 = !u14 ? 1 : u643
let u645 = !u82 ? 1 : u644
let u646 = !u18 ? 1 : u645
let u647 = !u35 ? 1 : u89
let u648 = !u82 ? 1 : u647
let u649 = u80 ? 1 : u648
let u650 = !u18 ? 1 : u649
let u651 = !u14 ? 1 : u650
let u652 = [337] ? 1 : u651
let u653 = u14 ? 1 : u89
let u654 = u35 ? 1 : u653
let u655 = [1675] ? 1 : u654
let u656 = !u82 ? 1 : u655
let u657 = !u18 ? 1 : u656
let u658 = !u652 ? 1 : !u657
let u659 = !u646 ? 1 : u658
let u660 = !u659 ? 1 : !u71
let u661 = !clk0 ? [248] : [1276]
set [1276] = u661
let u662 = !u659 ? 1 : u661
let u663 = !u71 ? 1 : !u662
let u664 = !u354 ? 1 : !u663
let u665 = [862] ? 1 : u664
let u666 = !u181 ? 1 : u665
let u667 = [967] ? 1 : u666
let u668 = !u361 ? 1 : !u667
let u669 = !u660 ? 1 : u668
let u670 = !u669 ? 1 : !u93
let u671 = clk0 ? !u670 : [598]
set [598] = u671
let u672 = !u35 ? 1 : u89
let u673 = !u82 ? 1 : u672
let u674 = u80 ? 1 : u673
let u675 = !u18 ? 1 : u674
let u676 = u107 ? 1 : u675
let u677 = [1675] ? 1 : u676
let u678 = !u14 ? 1 : u677
let u679 = u107 ? 1 : !u35
let u680 = !u18 ? 1 : u679
let u681 = !u14 ? 1 : u680
let u682 = u31 ? 1 : u681
let u683 = u14 ? 1 : u25
let u684 = !u179 ? 1 : u683
let u685 = !u45 ? 1 : !u684
let u686 = !u682 ? 1 : u685
let u687 = !u678 ? 1 : u686
let u688 = !u660 ? 1 : u687
let u689 = clk0 ? !u688 : [1020]
set [1020] = u689
let u690 = !clk0 ? !u689 : 0
let u691 = !u671 ? 1 : u690
let u692 = !u641 ? 1 : u691
let u693 = !u369 ? 1 : !u93
let u694 = clk0 ? !u693 : [1602]
set [1602] = u694
let u695 = u692 ? !u694 : 0
let u696 = u634 ? 1 : u695
let u697 = clk0 ? !u549 : [460]
set [460] = u697
let u698 = !clk0 ? !clk0 : 0
let u699 = !u697 ? u698 : 0
let u700 = u699 ? [54] : [64]
set [64] = u700
let u701 = u700 ? 1 : !u295
let u702 = clk0 ? !u531 : [459]
set [459] = u702
let u703 = !clk0 ? !clk0 : 0
let u704 = !u702 ? u703 : 0
let u705 = u704 ? [54] : [1216]
set [1216] = u705
let u706 = u705 ? 1 : !u339
let u707 = u701 ? u706 : 0
let u708 = [248] ? 1 : u197
let u709 = !u409 ? 1 : !u326
let u710 = !u708 ? 1 : u709
let u711 = clk0 ? !u710 : [521]
set [521] = u711
let u712 = !clk0 ? !clk0 : 0
let u713 = !u711 ? u712 : 0
let u714 = clk0 ? u710 : [796]
set [796] = u714
let u715 = !clk0 ? !clk0 : 0
let u716 = !u714 ? u715 : 0
let u717 = u716 ? [332] : [1403]
let u718 = u713 ? [54] : u717
set [1403] = u718
let u719 = clk0 ? !u718 : [418]
set [418] = u719
set [332] = !u719
let u720 = !u719 ? 1 : u347
let u721 = u707 ? u720 : 0
let u722 = u31 ? 1 : !u80
let u723 = !u82 ? 1 : u722
let u724 = [337] ? 1 : u723
let u725 = !u76 ? 1 : u724
let u726 = [248] ? 1 : !u725
let u727 = !u82 ? 1 : !u80
let u728 = !u76 ? 1 : u727
let u729 = [1675] ? 1 : u728
let u730 = u31 ? 1 : u729
let u731 = !u730 ? 1 : u429
let u732 = u497 ? 1 : u731
let u733 = u726 ? 1 : u732
let u734 = clk0 ? !u733 : [415]
set [415] = u734
let u735 = !clk0 ? !u734 : [1674]
set [1674] = u735
let u736 = !u735 ? clk0 : 0
let u737 = clk0 ? u726 : [88]
set [88] = u737
let u738 = !clk0 ? !u737 : [95]
set [95] = u738
let u739 = !u738 ? clk0 : 0
let u740 = u736 ? 1 : u739
let u741 = clk0 ? !u730 : [982]
set [982] = u741
let u742 = !clk0 ? !u741 : [101]
set [101] = u742
let u743 = !u742 ? clk0 : 0
let u744 = u740 ? 1 : u743
let u745 = clk0 ? u429 : [968]
set [968] = u745
let u746 = !clk0 ? !u745 : [226]
set [226] = u746
let u747 = !u746 ? clk0 : 0
let u748 = u744 ? 1 : u747
let u749 = clk0 ? u497 : [1574]
set [1574] = u749
let u750 = !clk0 ? !u749 : [1529]
set [1529] = u750
let u751 = !u750 ? clk0 : 0
let u752 = u748 ? 1 : u751
let u753 = clk0 ? [1081] : [960]
set [960] = u753
let u754 = clk0 ? u225 : [614]
set [614] = u754
let u755 = u25 ? 1 : u89
let u756 = u35 ? 1 : u755
let u757 = !u82 ? 1 : u756
let u758 = !u18 ? 1 : u757
let u759 = [1675] ? 1 : u758
let u760 = u14 ? 1 : u759
let u761 = u80 ? 1 : !u76
let u762 = [1675] ? 1 : u761
let u763 = u31 ? 1 : u762
let u764 = u80 ? 1 : u88
let u765 = !u82 ? 1 : u764
let u766 = [337] ? 1 : u765
let u767 = !u763 ? 1 : !u766
let u768 = u71 ? 1 : !u169
let u769 = [31] ? 1 : !u768
let u770 = u767 ? !u769 : 0
let u771 = u760 ? !u770 : 0
let u772 = clk0 ? !u771 : [848]
set [848] = u772
let u773 = !u14 ? 1 : [971]
let u774 = !u76 ? !u773 : 0
let u775 = !u35 ? 1 : u89
let u776 = !u82 ? 1 : u775
let u777 = [971] ? 1 : u776
let u778 = !u18 ? 1 : u777
let u779 = !u35 ? 1 : u89
let u780 = u41 ? 1 : u779
let u781 = !u14 ? 1 : u780
let u782 = !u82 ? 1 : u781
let u783 = !u18 ? 1 : u782
let u784 = [337] ? 1 : u783
let u785 = !u35 ? 1 : u89
let u786 = u41 ? 1 : u785
let u787 = !u80 ? 1 : u786
let u788 = !u82 ? 1 : u787
let u789 = !u14 ? 1 : u788
let u790 = !u18 ? 1 : u789
let u791 = [1675] ? 1 : u790
let u792 = u25 ? 1 : u89
let u793 = !u82 ? 1 : u792
let u794 = !u18 ? 1 : u793
let u795 = !u794 ? 1 : !u210
let u796 = !u791 ? 1 : u795
let u797 = !u784 ? 1 : u796
let u798 = !u778 ? 1 : u797
let u799 = [248] ? 1 : u798
let u800 = u774 ? 1 : u799
let u801 = !u800 ? 1 : u234
let u802 = clk0 ? !u801 : [1652]
set [1652] = u802
let u803 = u772 ? 1 : u802
let u804 = u754 ? 1 : u803
let u805 = u753 ? 1 : u804
let u806 = !clk0 ? !u805 : [590]
set [590] = u806
let u807 = [779] ? !u800 : 0
let u808 = clk0 ? !u807 : [688]
set [688] = u808
let u809 = !clk0 ? !clk0 : 0
let u810 = !u808 ? u809 : 0
let u811 = [1068] ? 1 : u810
let u812 = clk0 ? !u800 : [1477]
set [1477] = u812
let u813 = !clk0 ? !clk0 : 0
let u814 = !u812 ? u813 : 0
let u815 = u811 ? 1 : u814
let u816 = ![1108] ? 1 : ![1068]
let u817 = [1108] ? 1 : !u810
let u818 = u816 ? u817 : 0
let u819 = !u408 ? !u383 : 0
let u820 = u819 ? 1 : !u778
let u821 = clk0 ? !u820 : [339]
set [339] = u821
let u822 = clk0 ? 1 : !u821
let u823 = !u35 ? 1 : u89
let u824 = !u80 ? 1 : u823
let u825 = !u14 ? 1 : u824
let u826 = !u82 ? 1 : u825
let u827 = !u18 ? 1 : u826
let u828 = !u76 ? 1 : u827
let u829 = u14 ? 1 : u89
let u830 = u35 ? 1 : u829
let u831 = [1675] ? 1 : u830
let u832 = !u82 ? 1 : u831
let u833 = !u18 ? 1 : u832
let u834 = !u76 ? 1 : u833
let u835 = !u682 ? 1 : !u25
let u836 = !u41 ? 1 : u835
let u837 = !u834 ? 1 : u836
let u838 = !u828 ? 1 : u837
let u839 = !u678 ? 1 : u838
let u840 = !u376 ? 1 : u839
let u841 = !u369 ? 1 : !u840
let u842 = clk0 ? u841 : [745]
set [745] = u842
let u843 = u822 ? 1 : !u842
let u844 = clk0 ? !u667 : [897]
set [897] = u844
let u845 = u843 ? 1 : !u844
let u846 = clk0 ? !u640 : [1121]
set [1121] = u846
let u847 = !clk0 ? !u846 : 0
let u848 = u845 ? 1 : u847
let u849 = clk0 ? ![1465] : [357]
set [357] = u849
let u850 = u848 ? 1 : !u849
let u851 = !u719 ? 1 : u821
let u852 = [401] ? 1 : u842
let u853 = u851 ? u852 : 0
let u854 = [31] ? 1 : [337]
let u855 = u82 ? 1 : u854
let u856 = [1068] ? 1 : u810
let u857 = u856 ? 1 : u814
let u858 = clk0 ? 1 : u135
let u859 = u858 ? 1 : !u152
let u860 = u859 ? 1 : !u157
let u861 = !clk0 ? !u248 : 0
let u862 = u860 ? 1 : u861
let u863 = !u461 ? 1 : u504
let u864 = !u347 ? 1 : u863
let u865 = u339 ? 1 : u864
let u866 = u295 ? 1 : u865
let u867 = u866 ? !u600 : 0
let u868 = u862 ? 1 : u867
let u869 = clk0 ? 1 : u135
let u870 = u869 ? 1 : !u152
let u871 = u870 ? 1 : !u157
let u872 = !clk0 ? !u248 : 0
let u873 = u871 ? 1 : u872
let u874 = !u461 ? 1 : u504
let u875 = !u347 ? 1 : u874
let u876 = u339 ? 1 : u875
let u877 = u295 ? 1 : u876
let u878 = u877 ? !u600 : 0
let u879 = u873 ? 1 : u878
let u880 = u879 ? 1 : !u618
let u881 = !u735 ? clk0 : 0
let u882 = !u746 ? clk0 : 0
let u883 = u881 ? 1 : u882
let u884 = !u738 ? clk0 : 0
let u885 = u883 ? 1 : u884
let u886 = !u742 ? clk0 : 0
let u887 = u885 ? 1 : u886
let u888 = !u750 ? clk0 : 0
let u889 = u887 ? 1 : u888
let u890 = u14 ? 1 : u89
let u891 = u35 ? 1 : u890
let u892 = [1675] ? 1 : u891
let u893 = !u82 ? 1 : u892
let u894 = !u18 ? 1 : u893
let u895 = u14 ? 1 : u35
let u896 = !u18 ? 1 : u895
let u897 = [971] ? 1 : u896
let u898 = !u197 ? 1 : !u234
let u899 = !u229 ? 1 : u898
let u900 = u225 ? 1 : u899
let u901 = !u897 ? 1 : u900
let u902 = [1382] ? 1 : u901
let u903 = !u409 ? 1 : u902
let u904 = [248] ? 1 : u903
let u905 = !u894 ? 1 : u904
let u906 = clk0 ? u905 : [360]
set [360] = u906
let u907 = !clk0 ? !clk0 : 0
let u908 = !u906 ? u907 : 0
let u909 = clk0 ? !u905 : [1027]
set [1027] = u909
let u910 = !clk0 ? !clk0 : 0
let u911 = !u909 ? u910 : 0
let u912 = u908 ? 1 : u911
let u913 = [54] ? 1 : !u908
let u914 = u913 ? !u911 : 0
let u915 = u912 ? u914 : [1167]
set [1167] = u915
let u916 = [977] ? u915 : 0
let u917 = !u916 ? u806 : 0
let u918 = u917 ? 1 : [143]
let u919 = [1068] ? 1 : u810
let u920 = u919 ? 1 : u814
let u921 = clk0 ? 1 : u135
let u922 = u921 ? 1 : !u152
let u923 = u922 ? 1 : !u157
let u924 = !clk0 ? !u248 : 0
let u925 = u923 ? 1 : u924
let u926 = !u461 ? 1 : u504
let u927 = !u347 ? 1 : u926
let u928 = u339 ? 1 : u927
let u929 = u295 ? 1 : u928
let u930 = u929 ? !u600 : 0
let u931 = u925 ? 1 : u930
let u932 = u931 ? 1 : !u618
let u933 = ![1425] ? [700] : 0
let u934 = clk0 ? !u933 : [1341]
set [1341] = u934
let u935 = !u86 ? [439] : 0
let u936 = clk0 ? !u935 : [561]
set [561] = u936
let u937 = !clk0 ? !u936 : [599]
set [599] = u937
let u938 = ![1425] ? 1 : !u937
let u939 = clk0 ? !u938 : [393]
set [393] = u939
let u940 = !u934 ? 1 : u939
let u941 = clk0 ? 1 : u295
let u942 = u941 ? 1 : u339
let u943 = u942 ? 1 : !u347
let u944 = u943 ? 1 : !u461
let u945 = u944 ? 1 : u504
let u946 = !clk0 ? !u248 : 0
let u947 = u946 ? 1 : !u618
let u948 = !u157 ? 1 : u947
let u949 = !u152 ? 1 : u948
let u950 = u135 ? 1 : u949
let u951 = u950 ? !u600 : 0
let u952 = u945 ? 1 : u951
let u953 = !u35 ? 1 : u89
let u954 = !u82 ? 1 : u953
let u955 = [971] ? 1 : u954
let u956 = !u18 ? 1 : u955
let u957 = u640 ? 1 : !u956
let u958 = clk0 ? !u957 : [1683]
set [1683] = u958
let u959 = !clk0 ? !u689 : 0
let u960 = !u671 ? 1 : u959
let u961 = !u958 ? 1 : u960
let u962 = u961 ? !u694 : 0
let u963 = u952 ? 1 : u962
let u964 = u699 ? [1150] : [1148]
set [1148] = u964
let u965 = u964 ? 1 : !u295
let u966 = u704 ? [1150] : [98]
set [98] = u966
let u967 = u966 ? 1 : !u339
let u968 = u965 ? u967 : 0
let u969 = u716 ? [694] : [183]
let u970 = u713 ? [1150] : u969
set [183] = u970
let u971 = clk0 ? !u970 : [1064]
set [1064] = u971
set [694] = !u971
let u972 = !u971 ? 1 : u347
let u973 = u968 ? u972 : 0
let u974 = !u738 ? clk0 : 0
let u975 = !u742 ? clk0 : 0
let u976 = u974 ? 1 : u975
let u977 = !u735 ? clk0 : 0
let u978 = u976 ? 1 : u977
let u979 = !u746 ? clk0 : 0
let u980 = u978 ? 1 : u979
let u981 = !u750 ? clk0 : 0
let u982 = u980 ? 1 : u981
let u983 = !u738 ? clk0 : 0
let u984 = [155] ? 1 : !u983
let u985 = u908 ? 1 : u911
let u986 = [1150] ? 1 : !u908
let u987 = u986 ? !u911 : 0
let u988 = u985 ? u987 : [1248]
set [1248] = u988
let u989 = [1432] ? u988 : 0
let u990 = [155] ? 1 : u989
let u991 = !u742 ? clk0 : 0
let u992 = u990 ? 1 : !u991
let u993 = u984 ? u992 : 0
let u994 = u918 ? !u990 : 0
let u995 = !u990 ? 1 : u918
let u996 = u994 ? 1 : !u995
let u997 = !u735 ? clk0 : 0
let u998 = !u996 ? 1 : !u997
let u999 = u993 ? u998 : 0
let u1000 = !u746 ? clk0 : 0
let u1001 = [681] ? 1 : !u1000
let u1002 = u999 ? u1001 : 0
let u1003 = !u750 ? clk0 : 0
let u1004 = !u989 ? 1 : !u1003
let u1005 = u1002 ? u1004 : 0
let u1006 = u982 ? u1005 : [697]
set [697] = u1006
let u1007 = !u1006 ? 1 : u461
let u1008 = u973 ? u1007 : 0
let u1009 = [929] ? 1 : !u504
let u1010 = u1008 ? u1009 : 0
let u1011 = !clk0 ? !u248 : 0
let u1012 = u1011 ? 1 : !u618
let u1013 = !u157 ? 1 : u1012
let u1014 = !u152 ? 1 : u1013
let u1015 = u135 ? 1 : u1014
let u1016 = u1015 ? !u600 : 0
let u1017 = [991] ? 1 : !u1016
let u1018 = u1010 ? u1017 : 0
let u1019 = clk0 ? 1 : !u958
let u1020 = u1019 ? 1 : !u671
let u1021 = !clk0 ? !u689 : 0
let u1022 = u1020 ? 1 : u1021
let u1023 = !u461 ? 1 : u504
let u1024 = !u347 ? 1 : u1023
let u1025 = u339 ? 1 : u1024
let u1026 = u295 ? 1 : u1025
let u1027 = u1026 ? !u694 : 0
let u1028 = u1022 ? 1 : u1027
let u1029 = !clk0 ? [248] : [1679]
set [1679] = u1029
let u1030 = !u93 ? !u1029 : 0
let u1031 = u71 ? 1 : u667
let u1032 = !u678 ? 1 : u1031
let u1033 = u1030 ? 1 : u1032
let u1034 = clk0 ? u1033 : [509]
set [509] = u1034
let u1035 = !clk0 ? !clk0 : 0
let u1036 = !u1034 ? u1035 : 0
let u1037 = clk0 ? !u1033 : [265]
set [265] = u1037
let u1038 = !clk0 ? !clk0 : 0
let u1039 = !u1037 ? u1038 : 0
let u1040 = u1036 ? 1 : u1039
let u1041 = u1036 ? 1 : u1039
let u1042 = [488] ? 1 : !u1036
let u1043 = [413] ? 1 : !u1039
let u1044 = u1042 ? u1043 : 0
let u1045 = u1041 ? u1044 : [1139]
set [1139] = u1045
let u1046 = [379] ? 1 : !u1045
let u1047 = u1036 ? 1 : u1039
let u1048 = !u1046 ? 1 : [1166]
let u1049 = u1048 ? [1542] : 0
let u1050 = clk0 ? !u1049 : [1102]
set [1102] = u1050
let u1051 = !u1050 ? 1 : !u1036
let u1052 = clk0 ? 1 : !u821
let u1053 = u1052 ? 1 : !u842
let u1054 = u1053 ? 1 : !u844
let u1055 = !clk0 ? !u846 : 0
let u1056 = u1054 ? 1 : u1055
let u1057 = [1465] ? 1 : [1481]
let u1058 = !u1057 ? 1 : ![926]
let u1059 = clk0 ? u1058 : [170]
set [170] = u1059
let u1060 = u1056 ? 1 : !u1059
let u1061 = !u971 ? 1 : u821
let u1062 = !u1006 ? 1 : u842
let u1063 = u1061 ? u1062 : 0
let u1064 = !u1050 ? 1 : u844
let u1065 = u1063 ? u1064 : 0
let u1066 = clk0 ? !db1 : [576]
set [576] = u1066
let u1067 = !clk0 ? !u846 : 0
let u1068 = !u1066 ? 1 : !u1067
let u1069 = u1065 ? u1068 : 0
let u1070 = u1069 ? u1059 : 0
let u1071 = u1060 ? u1070 : [1282]
set [1282] = u1071
let u1072 = u1071 ? 1 : !u1039
let u1073 = u1051 ? u1072 : 0
let u1074 = u1047 ? u1073 : [1022]
set [1022] = u1074
set [1166] = u1074
let u1075 = !u1046 ? u1074 : 0
set [1542] = !u1075
let u1076 = !u1075 ? [783] : 0
let u1077 = [783] ? 1 : !u1075
let u1078 = u1076 ? 1 : !u1077
let u1079 = clk0 ? !u1078 : [1411]
set [1411] = u1079
let u1080 = u1079 ? 1 : !u1036
let u1081 = clk0 ? 1 : !u821
let u1082 = u1081 ? 1 : !u842
let u1083 = u1082 ? 1 : !u844
let u1084 = !clk0 ? !u846 : 0
let u1085 = u1083 ? 1 : u1084
let u1086 = clk0 ? [264] : [1693]
set [1693] = u1086
let u1087 = !clk0 ? [1382] : [1291]
set [1291] = u1087
let u1088 = u1086 ? 1 : u1087
let u1089 = ![1032] ? 1 : clk0
set [1032] = !u1089
let u1090 = !clk0 ? u1089 : [562]
set [562] = u1090
let u1091 = clk0 ? [264] : [799]
set [799] = u1091
let u1092 = !clk0 ? !u1091 : [597]
set [597] = u1092
let u1093 = clk0 ? [1374] : [1252]
set [1252] = u1093
let u1094 = u1092 ? 1 : u1093
let u1095 = u1090 ? 1 : !u1094
set [1374] = !u1095
let u1096 = clk0 ? !u1057 : [1431]
set [1431] = u1096
let u1097 = !u1096 ? 1 : u1089
let u1098 = !u1095 ? 1 : u1097
let u1099 = !clk0 ? !u1098 : [1149]
set [1149] = u1099
let u1100 = !u1088 ? 1 : u1099
set [264] = !u1100
let u1101 = !u1100 ? 1 : [926]
let u1102 = !u1057 ? 1 : u1101
let u1103 = clk0 ? !u1102 : [45]
set [45] = u1103
let u1104 = u1085 ? 1 : u1103
let u1105 = clk0 ? 1 : u295
let u1106 = u1105 ? 1 : u339
let u1107 = u1106 ? 1 : !u347
let u1108 = u1107 ? 1 : !u461
let u1109 = u1108 ? 1 : u504
let u1110 = !clk0 ? !u248 : 0
let u1111 = u1110 ? 1 : !u618
let u1112 = !u157 ? 1 : u1111
let u1113 = !u152 ? 1 : u1112
let u1114 = u135 ? 1 : u1113
let u1115 = u1114 ? !u600 : 0
let u1116 = u1109 ? 1 : u1115
let u1117 = !clk0 ? !u689 : 0
let u1118 = !u671 ? 1 : u1117
let u1119 = !u958 ? 1 : u1118
let u1120 = u1119 ? !u694 : 0
let u1121 = u1116 ? 1 : u1120
let u1122 = u699 ? [1287] : [573]
set [573] = u1122
let u1123 = u1122 ? 1 : !u295
let u1124 = u704 ? [1287] : [1]
set [1] = u1124
let u1125 = u1124 ? 1 : !u339
let u1126 = u1123 ? u1125 : 0
let u1127 = [1389] ? 1 : u347
let u1128 = u1126 ? u1127 : 0
let u1129 = [1637] ? 1 : u461
let u1130 = u1128 ? u1129 : 0
let u1131 = !u1006 ? u939 : 0
let u1132 = !u934 ? u1006 : 0
let u1133 = u1131 ? 1 : u1132
let u1134 = !u1133 ? ![1287] : 0
let u1135 = !u1133 ? 1 : ![1287]
let u1136 = u1134 ? 1 : !u1135
let u1137 = u622 ? !u1136 : [978]
set [978] = u1137
let u1138 = u1137 ? 1 : !u504
let u1139 = u1130 ? u1138 : 0
let u1140 = clk0 ? 1 : u135
let u1141 = u1140 ? 1 : !u152
let u1142 = u1141 ? 1 : !u157
let u1143 = !clk0 ? !u248 : 0
let u1144 = u1142 ? 1 : u1143
let u1145 = !u461 ? 1 : u504
let u1146 = !u347 ? 1 : u1145
let u1147 = u339 ? 1 : u1146
let u1148 = u295 ? 1 : u1147
let u1149 = u1148 ? !u600 : 0
let u1150 = u1144 ? 1 : u1149
let u1151 = u1150 ? 1 : !u618
let u1152 = u1137 ? 1 : !u135
let u1153 = !u678 ? 1 : [862]
let u1154 = !u93 ? 1 : u1153
let u1155 = [967] ? 1 : u1154
let u1156 = !u181 ? 1 : u1155
let u1157 = u71 ? 1 : u1156
let u1158 = clk0 ? !u1157 : [1162]
set [1162] = u1158
let u1159 = !clk0 ? !clk0 : 0
let u1160 = !u1158 ? u1159 : 0
let u1161 = clk0 ? u1157 : [1509]
set [1509] = u1161
let u1162 = !clk0 ? !clk0 : 0
let u1163 = !u1161 ? u1162 : 0
let u1164 = u1160 ? 1 : u1163
let u1165 = clk0 ? 1 : !u958
let u1166 = u1165 ? 1 : !u671
let u1167 = !clk0 ? !u689 : 0
let u1168 = u1166 ? 1 : u1167
let u1169 = !u461 ? 1 : u504
let u1170 = !u347 ? 1 : u1169
let u1171 = u339 ? 1 : u1170
let u1172 = u295 ? 1 : u1171
let u1173 = u1172 ? !u694 : 0
let u1174 = u1168 ? 1 : u1173
let u1175 = [1496] ? 1 : u671
let u1176 = u958 ? u1175 : 0
let u1177 = clk0 ? !db2 : [1485]
set [1485] = u1177
let u1178 = !clk0 ? !u689 : 0
let u1179 = !u1177 ? 1 : !u1178
let u1180 = u1176 ? u1179 : 0
let u1181 = !u461 ? 1 : u504
let u1182 = !u347 ? 1 : u1181
let u1183 = u339 ? 1 : u1182
let u1184 = u295 ? 1 : u1183
let u1185 = u1184 ? !u694 : 0
let u1186 = [1287] ? 1 : !u1185
let u1187 = u1180 ? u1186 : 0
let u1188 = u1174 ? u1187 : [1651]
set [1651] = u1188
let u1189 = u1188 ? 1 : !u1160
let u1190 = [1496] ? 1 : !u1163
let u1191 = u1189 ? u1190 : 0
let u1192 = u1164 ? u1191 : [502]
set [502] = u1192
let u1193 = u1160 ? 1 : u1163
let u1194 = [52] ? 1 : !u1160
let u1195 = [209] ? 1 : !u1163
let u1196 = u1194 ? u1195 : 0
let u1197 = u1193 ? u1196 : [292]
set [292] = u1197
let u1198 = !u1197 ? 1 : [919]
let u1199 = u1192 ? 1 : !u1198
let u1200 = !u1198 ? u1192 : 0
let u1201 = u1199 ? !u1200 : 0
let u1202 = clk0 ? !u1201 : [114]
set [114] = u1202
set [1496] = !u1202
let u1203 = !u1202 ? 1 : u152
let u1204 = u1152 ? u1203 : 0
let u1205 = u1079 ? 1 : u157
let u1206 = u1204 ? u1205 : 0
let u1207 = !clk0 ? !u248 : 0
let u1208 = !u1177 ? 1 : !u1207
let u1209 = u1206 ? u1208 : 0
let u1210 = !u461 ? 1 : u504
let u1211 = !u347 ? 1 : u1210
let u1212 = u339 ? 1 : u1211
let u1213 = u295 ? 1 : u1212
let u1214 = u1213 ? !u600 : 0
let u1215 = [1287] ? 1 : !u1214
let u1216 = u1209 ? u1215 : 0
let u1217 = ![1473] ? !u453 : 0
let u1218 = u18 ? 1 : u89
let u1219 = !u82 ? 1 : u1218
let u1220 = !u35 ? 1 : u1219
let u1221 = !u76 ? 1 : u1220
let u1222 = [1675] ? 1 : u1221
let u1223 = u14 ? 1 : u1222
let u1224 = clk0 ? u1223 : [1124]
set [1124] = u1224
let u1225 = !u453 ? 1 : !u1224
let u1226 = clk0 ? [334] : [1078]
set [1078] = u1226
let u1227 = !u1225 ? u1226 : 0
let u1228 = !u1224 ? u80 : 0
let u1229 = u1227 ? 1 : u1228
let u1230 = u1217 ? 1 : u1229
let u1231 = !clk0 ? !u1230 : [1553]
set [1553] = u1231
let u1232 = [1382] ? 1 : u1231
set [334] = !u1232
let u1233 = u1232 ? 1 : u618
let u1234 = u1216 ? u1233 : 0
let u1235 = u1151 ? u1234 : [1473]
set [1473] = u1235
let u1236 = !clk0 ? !u248 : 0
let u1237 = u1236 ? 1 : !u618
let u1238 = !u157 ? 1 : u1237
let u1239 = !u152 ? 1 : u1238
let u1240 = u135 ? 1 : u1239
let u1241 = u1240 ? !u600 : 0
let u1242 = u1235 ? 1 : !u1241
let u1243 = u1139 ? u1242 : 0
let u1244 = !clk0 ? !u689 : 0
let u1245 = !u671 ? 1 : u1244
let u1246 = !u958 ? 1 : u1245
let u1247 = u1246 ? !u694 : 0
let u1248 = u1188 ? 1 : !u1247
let u1249 = u1243 ? u1248 : 0
let u1250 = u1121 ? u1249 : [1287]
set [1287] = u1250
let u1251 = u716 ? [1389] : [81]
let u1252 = u713 ? u1250 : u1251
set [81] = u1252
let u1253 = clk0 ? !u1252 : [752]
set [752] = u1253
set [1389] = !u1253
let u1254 = !u1253 ? 1 : u821
let u1255 = [1637] ? 1 : u842
let u1256 = u1254 ? u1255 : 0
let u1257 = u1079 ? 1 : u844
let u1258 = u1256 ? u1257 : 0
let u1259 = !clk0 ? !u846 : 0
let u1260 = !u1177 ? 1 : !u1259
let u1261 = u1258 ? u1260 : 0
let u1262 = u1261 ? !u1103 : 0
let u1263 = u1104 ? u1262 : [1242]
set [1242] = u1263
let u1264 = u1263 ? 1 : !u1039
let u1265 = u1080 ? u1264 : 0
let u1266 = u1040 ? u1265 : [655]
set [655] = u1266
set [783] = !u1266
let u1267 = u1036 ? 1 : u1039
let u1268 = u1036 ? 1 : u1039
let u1269 = [163] ? 1 : !u1077
let u1270 = u1269 ? [1184] : 0
let u1271 = clk0 ? !u1270 : [868]
set [868] = u1271
let u1272 = !u1271 ? 1 : !u1036
let u1273 = clk0 ? 1 : !u821
let u1274 = u1273 ? 1 : !u842
let u1275 = u1274 ? 1 : !u844
let u1276 = !clk0 ? !u846 : 0
let u1277 = u1275 ? 1 : u1276
let u1278 = clk0 ? 1 : u295
let u1279 = u1278 ? 1 : u339
let u1280 = u1279 ? 1 : !u347
let u1281 = u1280 ? 1 : !u461
let u1282 = u1281 ? 1 : u504
let u1283 = !clk0 ? !u248 : 0
let u1284 = u1283 ? 1 : !u618
let u1285 = !u157 ? 1 : u1284
let u1286 = !u152 ? 1 : u1285
let u1287 = u135 ? 1 : u1286
let u1288 = u1287 ? !u600 : 0
let u1289 = u1282 ? 1 : u1288
let u1290 = !clk0 ? !u689 : 0
let u1291 = !u671 ? 1 : u1290
let u1292 = !u958 ? 1 : u1291
let u1293 = u1292 ? !u694 : 0
let u1294 = u1289 ? 1 : u1293
let u1295 = u699 ? [1188] : [305]
set [305] = u1295
let u1296 = u1295 ? 1 : !u295
let u1297 = u704 ? [1188] : [1648]
set [1648] = u1297
let u1298 = u1297 ? 1 : !u339
let u1299 = u1296 ? u1298 : 0
let u1300 = [998] ? 1 : u347
let u1301 = u1299 ? u1300 : 0
let u1302 = !u735 ? clk0 : 0
let u1303 = !u742 ? clk0 : 0
let u1304 = u1302 ? 1 : u1303
let u1305 = !u738 ? clk0 : 0
let u1306 = u1304 ? 1 : u1305
let u1307 = !u746 ? clk0 : 0
let u1308 = u1306 ? 1 : u1307
let u1309 = !u750 ? clk0 : 0
let u1310 = u1308 ? 1 : u1309
let u1311 = [1068] ? 1 : u810
let u1312 = u1311 ? 1 : u814
let u1313 = ![1302] ? 1 : ![1068]
let u1314 = [1302] ? 1 : !u810
let u1315 = u1313 ? u1314 : 0
let u1316 = [684] ? 1 : !u814
let u1317 = u1315 ? u1316 : 0
let u1318 = u1312 ? u1317 : [96]
set [96] = u1318
let u1319 = u908 ? 1 : u911
let u1320 = [1188] ? 1 : !u908
let u1321 = u1320 ? !u911 : 0
let u1322 = u1319 ? u1321 : [1680]
set [1680] = u1322
let u1323 = u1318 ? 1 : u1322
let u1324 = u1318 ? u1322 : 0
let u1325 = !u1323 ? 1 : u1324
let u1326 = ![1023] ? !u1325 : 0
let u1327 = ![1023] ? 1 : !u1325
let u1328 = u1326 ? 1 : !u1327
let u1329 = !u735 ? clk0 : 0
let u1330 = !u1328 ? 1 : !u1329
let u1331 = !u742 ? clk0 : 0
let u1332 = u1325 ? 1 : !u1331
let u1333 = u1330 ? u1332 : 0
let u1334 = !u738 ? clk0 : 0
let u1335 = !u1323 ? 1 : !u1334
let u1336 = u1333 ? u1335 : 0
let u1337 = [1068] ? 1 : u810
let u1338 = u1337 ? 1 : u814
let u1339 = clk0 ? 1 : u135
let u1340 = u1339 ? 1 : !u152
let u1341 = u1340 ? 1 : !u157
let u1342 = !clk0 ? !u248 : 0
let u1343 = u1341 ? 1 : u1342
let u1344 = !u461 ? 1 : u504
let u1345 = !u347 ? 1 : u1344
let u1346 = u339 ? 1 : u1345
let u1347 = u295 ? 1 : u1346
let u1348 = u1347 ? !u600 : 0
let u1349 = u1343 ? 1 : u1348
let u1350 = u1349 ? 1 : !u618
let u1351 = clk0 ? 1 : u295
let u1352 = u1351 ? 1 : u339
let u1353 = u1352 ? 1 : !u347
let u1354 = u1353 ? 1 : !u461
let u1355 = u1354 ? 1 : u504
let u1356 = !clk0 ? !u248 : 0
let u1357 = u1356 ? 1 : !u618
let u1358 = !u157 ? 1 : u1357
let u1359 = !u152 ? 1 : u1358
let u1360 = u135 ? 1 : u1359
let u1361 = u1360 ? !u600 : 0
let u1362 = u1355 ? 1 : u1361
let u1363 = !clk0 ? !u689 : 0
let u1364 = !u671 ? 1 : u1363
let u1365 = !u958 ? 1 : u1364
let u1366 = u1365 ? !u694 : 0
let u1367 = u1362 ? 1 : u1366
let u1368 = u699 ? [1405] : [989]
set [989] = u1368
let u1369 = u1368 ? 1 : !u295
let u1370 = u704 ? [1405] : [85]
set [85] = u1370
let u1371 = u1370 ? 1 : !u339
let u1372 = u1369 ? u1371 : 0
let u1373 = u716 ? [3] : [1702]
let u1374 = u713 ? [1405] : u1373
set [1702] = u1374
let u1375 = clk0 ? !u1374 : [1603]
set [1603] = u1375
set [3] = !u1375
let u1376 = !u1375 ? 1 : u347
let u1377 = u1372 ? u1376 : 0
let u1378 = !u746 ? clk0 : 0
let u1379 = !u735 ? clk0 : 0
let u1380 = u1378 ? 1 : u1379
let u1381 = !u742 ? clk0 : 0
let u1382 = u1380 ? 1 : u1381
let u1383 = !u738 ? clk0 : 0
let u1384 = u1382 ? 1 : u1383
let u1385 = !u750 ? clk0 : 0
let u1386 = u1384 ? 1 : u1385
let u1387 = u908 ? 1 : u911
let u1388 = clk0 ? 1 : u295
let u1389 = u1388 ? 1 : u339
let u1390 = u1389 ? 1 : !u347
let u1391 = u1390 ? 1 : !u461
let u1392 = u1391 ? 1 : u504
let u1393 = !clk0 ? !u248 : 0
let u1394 = !u157 ? 1 : u1393
let u1395 = !u152 ? 1 : u1394
let u1396 = u135 ? 1 : u1395
let u1397 = u1396 ? !u600 : 0
let u1398 = u1392 ? 1 : u1397
let u1399 = !clk0 ? !u689 : 0
let u1400 = !u671 ? 1 : u1399
let u1401 = !u958 ? 1 : u1400
let u1402 = u1401 ? !u694 : 0
let u1403 = u1398 ? 1 : u1402
let u1404 = u699 ? [166] : [615]
set [615] = u1404
let u1405 = u1404 ? 1 : !u295
let u1406 = u704 ? [166] : [589]
set [589] = u1406
let u1407 = u1406 ? 1 : !u339
let u1408 = u1405 ? u1407 : 0
let u1409 = u716 ? [280] : [1098]
let u1410 = u713 ? [166] : u1409
set [1098] = u1410
let u1411 = clk0 ? !u1410 : [601]
set [601] = u1411
set [280] = !u1411
let u1412 = !u1411 ? 1 : u347
let u1413 = u1408 ? u1412 : 0
let u1414 = !u738 ? clk0 : 0
let u1415 = !u735 ? clk0 : 0
let u1416 = u1414 ? 1 : u1415
let u1417 = !u750 ? clk0 : 0
let u1418 = u1416 ? 1 : u1417
let u1419 = !u742 ? clk0 : 0
let u1420 = u1418 ? 1 : u1419
let u1421 = !u746 ? clk0 : 0
let u1422 = u1420 ? 1 : u1421
let u1423 = !u738 ? clk0 : 0
let u1424 = [1632] ? 1 : !u1423
let u1425 = [1632] ? 1 : ![477]
let u1426 = [1571] ? !u1425 : 0
let u1427 = !u1425 ? 1 : [1571]
let u1428 = u1426 ? 1 : !u1427
let u1429 = !u735 ? clk0 : 0
let u1430 = !u1428 ? 1 : !u1429
let u1431 = u1424 ? u1430 : 0
let u1432 = !u750 ? clk0 : 0
let u1433 = [477] ? 1 : !u1432
let u1434 = u1431 ? u1433 : 0
let u1435 = !u742 ? clk0 : 0
let u1436 = u1425 ? 1 : !u1435
let u1437 = u1434 ? u1436 : 0
let u1438 = [1068] ? 1 : u810
let u1439 = u1438 ? 1 : u814
let u1440 = clk0 ? 1 : u135
let u1441 = u1440 ? 1 : !u152
let u1442 = u1441 ? 1 : !u157
let u1443 = !clk0 ? !u248 : 0
let u1444 = u1442 ? 1 : u1443
let u1445 = !u461 ? 1 : u504
let u1446 = !u347 ? 1 : u1445
let u1447 = u339 ? 1 : u1446
let u1448 = u295 ? 1 : u1447
let u1449 = u1448 ? !u600 : 0
let u1450 = u1444 ? 1 : u1449
let u1451 = u1450 ? 1 : !u618
let u1452 = clk0 ? u937 : [581]
set [581] = u1452
let u1453 = [1146] ? 1 : !u1452
let u1454 = [314] ? !u1453 : 0
let u1455 = ![314] ? [1257] : 0
let u1456 = u1454 ? 1 : u1455
let u1457 = clk0 ? 1 : u295
let u1458 = u1457 ? 1 : u339
let u1459 = u1458 ? 1 : !u347
let u1460 = u1459 ? 1 : !u461
let u1461 = u1460 ? 1 : u504
let u1462 = !clk0 ? !u248 : 0
let u1463 = u1462 ? 1 : !u618
let u1464 = !u157 ? 1 : u1463
let u1465 = !u152 ? 1 : u1464
let u1466 = u135 ? 1 : u1465
let u1467 = u1466 ? !u600 : 0
let u1468 = u1461 ? 1 : u1467
let u1469 = !clk0 ? !u689 : 0
let u1470 = !u671 ? 1 : u1469
let u1471 = !u958 ? 1 : u1470
let u1472 = u1471 ? !u694 : 0
let u1473 = u1468 ? 1 : u1472
let u1474 = u699 ? [1336] : [115]
set [115] = u1474
let u1475 = u1474 ? 1 : !u295
let u1476 = u704 ? [1336] : [448]
set [448] = u1476
let u1477 = u1476 ? 1 : !u339
let u1478 = u1475 ? u1477 : 0
let u1479 = u716 ? [618] : [1212]
let u1480 = u713 ? [1336] : u1479
set [1212] = u1480
let u1481 = clk0 ? !u1480 : [1029]
set [1029] = u1481
set [618] = !u1481
let u1482 = !u1481 ? 1 : u347
let u1483 = u1478 ? u1482 : 0
let u1484 = !u746 ? clk0 : 0
let u1485 = !u735 ? clk0 : 0
let u1486 = u1484 ? 1 : u1485
let u1487 = !u738 ? clk0 : 0
let u1488 = u1486 ? 1 : u1487
let u1489 = !u742 ? clk0 : 0
let u1490 = u1488 ? 1 : u1489
let u1491 = !u750 ? clk0 : 0
let u1492 = u1490 ? 1 : u1491
let u1493 = [1068] ? 1 : u810
let u1494 = u1493 ? 1 : u814
let u1495 = ![493] ? 1 : ![1068]
let u1496 = [493] ? 1 : !u810
let u1497 = u1495 ? u1496 : 0
let u1498 = clk0 ? 1 : !u821
let u1499 = u1498 ? 1 : !u842
let u1500 = u1499 ? 1 : !u844
let u1501 = !clk0 ? !u846 : 0
let u1502 = u1500 ? 1 : u1501
let u1503 = clk0 ? 1 : u295
let u1504 = u1503 ? 1 : u339
let u1505 = u1504 ? 1 : !u347
let u1506 = u1505 ? 1 : [214]
let u1507 = u1506 ? 1 : u504
let u1508 = !clk0 ? !u248 : 0
let u1509 = u1508 ? 1 : !u618
let u1510 = !u157 ? 1 : u1509
let u1511 = !u152 ? 1 : u1510
let u1512 = u135 ? 1 : u1511
let u1513 = u1512 ? !u600 : 0
let u1514 = u1507 ? 1 : u1513
let u1515 = !clk0 ? !u689 : 0
let u1516 = !u671 ? 1 : u1515
let u1517 = !u958 ? 1 : u1516
let u1518 = u1517 ? !u694 : 0
let u1519 = u1514 ? 1 : u1518
let u1520 = u699 ? [1001] : [843]
set [843] = u1520
let u1521 = u1520 ? 1 : !u295
let u1522 = u704 ? [1001] : [777]
set [777] = u1522
let u1523 = u1522 ? 1 : !u339
let u1524 = u1521 ? u1523 : 0
let u1525 = [721] ? 1 : u347
let u1526 = u1524 ? u1525 : 0
let u1527 = !u742 ? clk0 : 0
let u1528 = !u750 ? clk0 : 0
let u1529 = u1527 ? 1 : u1528
let u1530 = !u738 ? clk0 : 0
let u1531 = u1529 ? 1 : u1530
let u1532 = !u735 ? clk0 : 0
let u1533 = u1531 ? 1 : u1532
let u1534 = !u746 ? clk0 : 0
let u1535 = u1533 ? 1 : u1534
let u1536 = u908 ? 1 : u911
let u1537 = [1001] ? 1 : !u908
let u1538 = u1537 ? !u911 : 0
let u1539 = u1536 ? u1538 : [1522]
set [1522] = u1539
let u1540 = [1535] ? 1 : u1539
let u1541 = ![1318] ? 1 : !u1540
let u1542 = !u742 ? clk0 : 0
let u1543 = u1541 ? 1 : !u1542
let u1544 = !u750 ? clk0 : 0
let u1545 = [1318] ? 1 : !u1544
let u1546 = u1543 ? u1545 : 0
let u1547 = !u738 ? clk0 : 0
let u1548 = !u1540 ? 1 : !u1547
let u1549 = u1546 ? u1548 : 0
let u1550 = ![1314] ? !u1541 : 0
let u1551 = !u1541 ? 1 : ![1314]
let u1552 = u1550 ? 1 : !u1551
let u1553 = !u735 ? clk0 : 0
let u1554 = !u1552 ? 1 : !u1553
let u1555 = u1549 ? u1554 : 0
let u1556 = !u746 ? clk0 : 0
let u1557 = u1535 ? u1555 : [1123]
set [1123] = u1557
let u1558 = !u1557 ? 1 : ![214]
let u1559 = u1526 ? u1558 : 0
let u1560 = ![314] ? 1 : ![331]
let u1561 = !u1453 ? u1560 : 0
let u1562 = ![314] ? ![331] : 0
let u1563 = !u1562 ? [1257] : 0
let u1564 = u1561 ? 1 : u1563
let u1565 = !u1564 ? ![1001] : 0
let u1566 = !u1564 ? 1 : ![1001]
let u1567 = u1565 ? 1 : !u1566
let u1568 = u622 ? !u1567 : [1653]
set [1653] = u1568
let u1569 = u1568 ? 1 : !u504
let u1570 = u1559 ? u1569 : 0
let u1571 = !clk0 ? !u248 : 0
let u1572 = u1571 ? 1 : !u618
let u1573 = !u157 ? 1 : u1572
let u1574 = !u152 ? 1 : u1573
let u1575 = u135 ? 1 : u1574
let u1576 = u1575 ? !u600 : 0
let u1577 = [493] ? 1 : !u1576
let u1578 = u1570 ? u1577 : 0
let u1579 = clk0 ? 1 : !u958
let u1580 = u1579 ? 1 : !u671
let u1581 = !clk0 ? !u689 : 0
let u1582 = u1580 ? 1 : u1581
let u1583 = [214] ? 1 : u504
let u1584 = !u347 ? 1 : u1583
let u1585 = u339 ? 1 : u1584
let u1586 = u295 ? 1 : u1585
let u1587 = u1586 ? !u694 : 0
let u1588 = u1582 ? 1 : u1587
let u1589 = u1160 ? 1 : u1163
let u1590 = clk0 ? 1 : !u958
let u1591 = u1590 ? 1 : !u671
let u1592 = !clk0 ? !u689 : 0
let u1593 = u1591 ? 1 : u1592
let u1594 = !u461 ? 1 : u504
let u1595 = !u347 ? 1 : u1594
let u1596 = u339 ? 1 : u1595
let u1597 = u295 ? 1 : u1596
let u1598 = u1597 ? !u694 : 0
let u1599 = u1593 ? 1 : u1598
let u1600 = u1160 ? 1 : u1163
let u1601 = clk0 ? 1 : !u641
let u1602 = u1601 ? 1 : !u671
let u1603 = !clk0 ? !u689 : 0
let u1604 = u1602 ? 1 : u1603
let u1605 = !u461 ? 1 : u504
let u1606 = !u347 ? 1 : u1605
let u1607 = u339 ? 1 : u1606
let u1608 = u295 ? 1 : u1607
let u1609 = u1608 ? !u694 : 0
let u1610 = u1604 ? 1 : u1609
let u1611 = ![1010] ? 1 : [1704]
let u1612 = u1611 ? [919] : 0
let u1613 = clk0 ? !u1612 : [780]
set [780] = u1613
let u1614 = !u1613 ? 1 : u671
let u1615 = u641 ? u1614 : 0
let u1616 = clk0 ? !db0 : [116]
set [116] = u1616
let u1617 = !clk0 ? !u689 : 0
let u1618 = !u1616 ? 1 : !u1617
let u1619 = u1615 ? u1618 : 0
let u1620 = !u461 ? 1 : u504
let u1621 = !u347 ? 1 : u1620
let u1622 = u339 ? 1 : u1621
let u1623 = u295 ? 1 : u1622
let u1624 = u1623 ? !u694 : 0
let u1625 = [54] ? 1 : !u1624
let u1626 = u1619 ? u1625 : 0
let u1627 = u1610 ? u1626 : [407]
set [407] = u1627
let u1628 = u1627 ? 1 : !u1160
let u1629 = !u1613 ? 1 : !u1163
let u1630 = u1628 ? u1629 : 0
let u1631 = u1600 ? u1630 : [1670]
set [1670] = u1631
set [1010] = !u1631
let u1632 = u1160 ? 1 : u1163
let u1633 = clk0 ? 1 : !u958
let u1634 = u1633 ? 1 : !u671
let u1635 = !clk0 ? !u689 : 0
let u1636 = u1634 ? 1 : u1635
let u1637 = !u461 ? 1 : u504
let u1638 = !u347 ? 1 : u1637
let u1639 = u339 ? 1 : u1638
let u1640 = u295 ? 1 : u1639
let u1641 = u1640 ? !u694 : 0
let u1642 = u1636 ? 1 : u1641
let u1643 = !u1200 ? [923] : 0
let u1644 = [923] ? 1 : !u1200
let u1645 = u1643 ? 1 : !u1644
let u1646 = clk0 ? !u1645 : [1061]
set [1061] = u1646
let u1647 = u1646 ? 1 : u671
let u1648 = u958 ? u1647 : 0
let u1649 = clk0 ? !db3 : [1284]
set [1284] = u1649
let u1650 = !clk0 ? !u689 : 0
let u1651 = !u1649 ? 1 : !u1650
let u1652 = u1648 ? u1651 : 0
let u1653 = !u461 ? 1 : u504
let u1654 = !u347 ? 1 : u1653
let u1655 = u339 ? 1 : u1654
let u1656 = u295 ? 1 : u1655
let u1657 = u1656 ? !u694 : 0
let u1658 = [1188] ? 1 : !u1657
let u1659 = u1652 ? u1658 : 0
let u1660 = u1642 ? u1659 : [315]
set [315] = u1660
let u1661 = u1660 ? 1 : !u1160
let u1662 = u1646 ? 1 : !u1163
let u1663 = u1661 ? u1662 : 0
let u1664 = u1632 ? u1663 : [584]
set [584] = u1664
set [923] = !u1664
let u1665 = !u1664 ? 1 : !u1192
let u1666 = ![1704] ? 1 : u1665
let u1667 = !u1631 ? 1 : u1666
let u1668 = !u1197 ? 1 : u1667
let u1669 = !u1668 ? 1 : [83]
let u1670 = u1669 ? [523] : 0
let u1671 = clk0 ? !u1670 : [820]
set [820] = u1671
let u1672 = !u1671 ? 1 : u671
let u1673 = u958 ? u1672 : 0
let u1674 = clk0 ? !db4 : [1516]
set [1516] = u1674
let u1675 = !clk0 ? !u689 : 0
let u1676 = !u1674 ? 1 : !u1675
let u1677 = u1673 ? u1676 : 0
let u1678 = !u461 ? 1 : u504
let u1679 = !u347 ? 1 : u1678
let u1680 = u339 ? 1 : u1679
let u1681 = u295 ? 1 : u1680
let u1682 = u1681 ? !u694 : 0
let u1683 = [1405] ? 1 : !u1682
let u1684 = u1677 ? u1683 : 0
let u1685 = u1599 ? u1684 : [1160]
set [1160] = u1685
let u1686 = u1685 ? 1 : !u1160
let u1687 = !u1671 ? 1 : !u1163
let u1688 = u1686 ? u1687 : 0
let u1689 = u1589 ? u1688 : [948]
set [948] = u1689
set [83] = u1689
let u1690 = u1689 ? !u1668 : 0
set [523] = !u1690
let u1691 = u1160 ? 1 : u1163
let u1692 = clk0 ? 1 : !u958
let u1693 = u1692 ? 1 : !u671
let u1694 = !clk0 ? !u689 : 0
let u1695 = u1693 ? 1 : u1694
let u1696 = !u461 ? 1 : u504
let u1697 = !u347 ? 1 : u1696
let u1698 = u339 ? 1 : u1697
let u1699 = u295 ? 1 : u1698
let u1700 = u1699 ? !u694 : 0
let u1701 = u1695 ? 1 : u1700
let u1702 = !u1690 ? [499] : 0
let u1703 = u1702 ? 1 : [743]
let u1704 = clk0 ? !u1703 : [469]
set [469] = u1704
let u1705 = u1704 ? 1 : u671
let u1706 = u958 ? u1705 : 0
let u1707 = clk0 ? !db5 : [498]
set [498] = u1707
let u1708 = !clk0 ? !u689 : 0
let u1709 = !u1707 ? 1 : !u1708
let u1710 = u1706 ? u1709 : 0
let u1711 = !u461 ? 1 : u504
let u1712 = !u347 ? 1 : u1711
let u1713 = u339 ? 1 : u1712
let u1714 = u295 ? 1 : u1713
let u1715 = u1714 ? !u694 : 0
let u1716 = [166] ? 1 : !u1715
let u1717 = u1710 ? u1716 : 0
let u1718 = u1701 ? u1717 : [483]
set [483] = u1718
let u1719 = u1718 ? 1 : !u1160
let u1720 = u1704 ? 1 : !u1163
let u1721 = u1719 ? u1720 : 0
let u1722 = u1691 ? u1721 : [49]
set [49] = u1722
set [499] = !u1722
let u1723 = !u1690 ? 1 : !u1722
set [743] = !u1723
let u1724 = u1160 ? 1 : u1163
let u1725 = clk0 ? 1 : !u958
let u1726 = u1725 ? 1 : !u671
let u1727 = !clk0 ? !u689 : 0
let u1728 = u1726 ? 1 : u1727
let u1729 = !u461 ? 1 : u504
let u1730 = !u347 ? 1 : u1729
let u1731 = u339 ? 1 : u1730
let u1732 = u295 ? 1 : u1731
let u1733 = u1732 ? !u694 : 0
let u1734 = u1728 ? 1 : u1733
let u1735 = [1488] ? 1 : !u1723
let u1736 = u1735 ? [609] : 0
let u1737 = clk0 ? !u1736 : [751]
set [751] = u1737
let u1738 = !u1737 ? 1 : u671
let u1739 = u958 ? u1738 : 0
let u1740 = clk0 ? !db6 : [1537]
set [1537] = u1740
let u1741 = !clk0 ? !u689 : 0
let u1742 = !u1740 ? 1 : !u1741
let u1743 = u1739 ? u1742 : 0
let u1744 = !u461 ? 1 : u504
let u1745 = !u347 ? 1 : u1744
let u1746 = u339 ? 1 : u1745
let u1747 = u295 ? 1 : u1746
let u1748 = u1747 ? !u694 : 0
let u1749 = [1336] ? 1 : !u1748
let u1750 = u1743 ? u1749 : 0
let u1751 = u1734 ? u1750 : [13]
set [13] = u1751
let u1752 = u1751 ? 1 : !u1160
let u1753 = !u1737 ? 1 : !u1163
let u1754 = u1752 ? u1753 : 0
let u1755 = u1724 ? u1754 : [1551]
set [1551] = u1755
set [1488] = u1755
let u1756 = !u1723 ? u1755 : 0
set [609] = !u1756
let u1757 = u1160 ? 1 : u1163
let u1758 = [1539] ? 1 : !u1160
let u1759 = [1206] ? 1 : !u1163
let u1760 = u1758 ? u1759 : 0
let u1761 = u1757 ? u1760 : [205]
set [205] = u1761
let u1762 = !u1756 ? !u1761 : 0
let u1763 = !u1761 ? 1 : !u1756
let u1764 = u1762 ? 1 : !u1763
let u1765 = clk0 ? !u1764 : [663]
set [663] = u1765
set [1206] = u1765
let u1766 = u1765 ? 1 : u671
let u1767 = u958 ? u1766 : 0
let u1768 = clk0 ? !db7 : [529]
set [529] = u1768
let u1769 = !clk0 ? !u689 : 0
let u1770 = !u1768 ? 1 : !u1769
let u1771 = u1767 ? u1770 : 0
let u1772 = [214] ? 1 : u504
let u1773 = !u347 ? 1 : u1772
let u1774 = u339 ? 1 : u1773
let u1775 = u295 ? 1 : u1774
let u1776 = u1775 ? !u694 : 0
let u1777 = [1001] ? 1 : !u1776
let u1778 = u1771 ? u1777 : 0
let u1779 = u1588 ? u1778 : [1539]
set [1539] = u1779
let u1780 = !clk0 ? !u689 : 0
let u1781 = !u671 ? 1 : u1780
let u1782 = !u958 ? 1 : u1781
let u1783 = u1782 ? !u694 : 0
let u1784 = u1779 ? 1 : !u1783
let u1785 = u1578 ? u1784 : 0
let u1786 = u1519 ? u1785 : [1001]
set [1001] = u1786
let u1787 = u716 ? [721] : [1435]
let u1788 = u713 ? u1786 : u1787
set [1435] = u1788
let u1789 = clk0 ? !u1788 : [181]
set [181] = u1789
set [721] = !u1789
let u1790 = !u1789 ? 1 : u821
let u1791 = !u1557 ? 1 : u842
let u1792 = u1790 ? u1791 : 0
let u1793 = [1647] ? 1 : u844
let u1794 = u1792 ? u1793 : 0
let u1795 = !clk0 ? !u846 : 0
let u1796 = !u1768 ? 1 : !u1795
let u1797 = u1794 ? u1796 : 0
let u1798 = u1502 ? u1797 : [1299]
set [1299] = u1798
let u1799 = u1798 ? 1 : !u814
let u1800 = u1497 ? u1799 : 0
let u1801 = u1494 ? u1800 : [1535]
set [1535] = u1801
let u1802 = u1801 ? u1539 : 0
set [1318] = !u1802
let u1803 = !u746 ? clk0 : 0
let u1804 = !u1802 ? 1 : !u1803
let u1805 = u908 ? 1 : u911
let u1806 = [1336] ? 1 : !u908
let u1807 = u1806 ? !u911 : 0
let u1808 = u1805 ? u1807 : [1627]
set [1627] = u1808
let u1809 = [235] ? 1 : u1808
let u1810 = [336] ? u1809 : 0
let u1811 = ![427] ? !u1810 : 0
let u1812 = ![427] ? 1 : !u1810
let u1813 = u1811 ? 1 : !u1812
let u1814 = !u735 ? clk0 : 0
let u1815 = !u1813 ? 1 : !u1814
let u1816 = u1804 ? u1815 : 0
let u1817 = !u738 ? clk0 : 0
let u1818 = !u1809 ? 1 : !u1817
let u1819 = u1816 ? u1818 : 0
let u1820 = !u742 ? clk0 : 0
let u1821 = !u1810 ? 1 : !u1820
let u1822 = u1819 ? u1821 : 0
let u1823 = !u750 ? clk0 : 0
let u1824 = [336] ? 1 : !u1823
let u1825 = u1822 ? u1824 : 0
let u1826 = u1492 ? u1825 : [68]
set [68] = u1826
set [331] = !u1826
let u1827 = !u1826 ? 1 : u461
let u1828 = u1483 ? u1827 : 0
let u1829 = [326] ? 1 : !u504
let u1830 = u1828 ? u1829 : 0
let u1831 = !clk0 ? !u248 : 0
let u1832 = u1831 ? 1 : !u618
let u1833 = !u157 ? 1 : u1832
let u1834 = !u152 ? 1 : u1833
let u1835 = u135 ? 1 : u1834
let u1836 = u1835 ? !u600 : 0
let u1837 = [833] ? 1 : !u1836
let u1838 = u1830 ? u1837 : 0
let u1839 = !clk0 ? !u689 : 0
let u1840 = !u671 ? 1 : u1839
let u1841 = !u958 ? 1 : u1840
let u1842 = u1841 ? !u694 : 0
let u1843 = u1751 ? 1 : !u1842
let u1844 = u1838 ? u1843 : 0
let u1845 = u1473 ? u1844 : [1336]
set [1336] = u1845
let u1846 = !u1456 ? !u1845 : 0
let u1847 = !u1456 ? 1 : !u1845
let u1848 = u1846 ? 1 : !u1847
let u1849 = u622 ? !u1848 : [1136]
set [1136] = u1849
set [326] = u1849
let u1850 = u1849 ? 1 : !u135
let u1851 = !u1737 ? 1 : u152
let u1852 = u1850 ? u1851 : 0
let u1853 = u1036 ? 1 : u1039
let u1854 = [1458] ? 1 : !u1036
let u1855 = clk0 ? 1 : !u821
let u1856 = u1855 ? 1 : !u842
let u1857 = u1856 ? 1 : !u844
let u1858 = !clk0 ? !u846 : 0
let u1859 = u1857 ? 1 : u1858
let u1860 = !u1481 ? 1 : u821
let u1861 = !u1826 ? 1 : u842
let u1862 = u1860 ? u1861 : 0
let u1863 = [1458] ? 1 : u844
let u1864 = u1862 ? u1863 : 0
let u1865 = !clk0 ? !u846 : 0
let u1866 = !u1740 ? 1 : !u1865
let u1867 = u1864 ? u1866 : 0
let u1868 = u1859 ? u1867 : [121]
set [121] = u1868
let u1869 = u1868 ? 1 : !u1039
let u1870 = u1854 ? u1869 : 0
let u1871 = u1853 ? u1870 : [377]
set [377] = u1871
let u1872 = [344] ? !u1871 : 0
let u1873 = u1872 ? 1 : [1316]
let u1874 = clk0 ? !u1873 : [993]
set [993] = u1874
set [1458] = u1874
let u1875 = u1874 ? 1 : u157
let u1876 = u1852 ? u1875 : 0
let u1877 = !clk0 ? !u248 : 0
let u1878 = !u1740 ? 1 : !u1877
let u1879 = u1876 ? u1878 : 0
let u1880 = !u461 ? 1 : u504
let u1881 = !u347 ? 1 : u1880
let u1882 = u339 ? 1 : u1881
let u1883 = u295 ? 1 : u1882
let u1884 = u1883 ? !u600 : 0
let u1885 = u1845 ? 1 : !u1884
let u1886 = u1879 ? u1885 : 0
let u1887 = ![90] ? 1 : u618
let u1888 = u1886 ? u1887 : 0
let u1889 = u1451 ? u1888 : [833]
set [833] = u1889
let u1890 = !u1889 ? 1 : ![1068]
let u1891 = u1889 ? 1 : !u810
let u1892 = u1890 ? u1891 : 0
let u1893 = u1868 ? 1 : !u814
let u1894 = u1892 ? u1893 : 0
let u1895 = u1439 ? u1894 : [235]
set [235] = u1895
let u1896 = u1895 ? u1808 : 0
set [336] = !u1896
let u1897 = !u746 ? clk0 : 0
let u1898 = !u1896 ? 1 : !u1897
let u1899 = u1437 ? u1898 : 0
let u1900 = u1422 ? u1899 : [893]
set [893] = u1900
set [314] = !u1900
let u1901 = !u1900 ? 1 : u461
let u1902 = u1413 ? u1901 : 0
let u1903 = [831] ? 1 : !u504
let u1904 = u1902 ? u1903 : 0
let u1905 = !clk0 ? !u248 : 0
let u1906 = !u157 ? 1 : u1905
let u1907 = !u152 ? 1 : u1906
let u1908 = u135 ? 1 : u1907
let u1909 = u1908 ? !u600 : 0
let u1910 = [1503] ? 1 : !u1909
let u1911 = u1904 ? u1910 : 0
let u1912 = !clk0 ? !u689 : 0
let u1913 = !u671 ? 1 : u1912
let u1914 = !u958 ? 1 : u1913
let u1915 = u1914 ? !u694 : 0
let u1916 = u1718 ? 1 : !u1915
let u1917 = u1911 ? u1916 : 0
let u1918 = u1403 ? u1917 : [166]
set [166] = u1918
let u1919 = u1918 ? 1 : !u908
let u1920 = u1919 ? !u911 : 0
let u1921 = u1387 ? u1920 : [530]
set [530] = u1921
let u1922 = [1678] ? u1921 : 0
set [477] = !u1922
let u1923 = !u746 ? clk0 : 0
let u1924 = !u1922 ? 1 : !u1923
let u1925 = u908 ? 1 : u911
let u1926 = [1405] ? 1 : !u908
let u1927 = u1926 ? !u911 : 0
let u1928 = u1925 ? u1927 : [1142]
set [1142] = u1928
let u1929 = [1645] ? 1 : u1928
let u1930 = [1063] ? u1929 : 0
let u1931 = ![1425] ? !u1930 : 0
let u1932 = ![1425] ? 1 : !u1930
let u1933 = u1931 ? 1 : !u1932
let u1934 = !u735 ? clk0 : 0
let u1935 = !u1933 ? 1 : !u1934
let u1936 = u1924 ? u1935 : 0
let u1937 = !u742 ? clk0 : 0
let u1938 = !u1930 ? 1 : !u1937
let u1939 = u1936 ? u1938 : 0
let u1940 = !u738 ? clk0 : 0
let u1941 = !u1929 ? 1 : !u1940
let u1942 = u1939 ? u1941 : 0
let u1943 = !u750 ? clk0 : 0
let u1944 = [1063] ? 1 : !u1943
let u1945 = u1942 ? u1944 : 0
let u1946 = u1386 ? u1945 : [1490]
set [1490] = u1946
let u1947 = !u1946 ? 1 : u461
let u1948 = u1377 ? u1947 : 0
let u1949 = [1344] ? 1 : !u504
let u1950 = u1948 ? u1949 : 0
let u1951 = !clk0 ? !u248 : 0
let u1952 = u1951 ? 1 : !u618
let u1953 = !u157 ? 1 : u1952
let u1954 = !u152 ? 1 : u1953
let u1955 = u135 ? 1 : u1954
let u1956 = u1955 ? !u600 : 0
let u1957 = [892] ? 1 : !u1956
let u1958 = u1950 ? u1957 : 0
let u1959 = !clk0 ? !u689 : 0
let u1960 = !u671 ? 1 : u1959
let u1961 = !u958 ? 1 : u1960
let u1962 = u1961 ? !u694 : 0
let u1963 = u1685 ? 1 : !u1962
let u1964 = u1958 ? u1963 : 0
let u1965 = u1367 ? u1964 : [1405]
set [1405] = u1965
let u1966 = u622 ? u1965 : [727]
set [727] = u1966
set [1344] = u1966
let u1967 = u1966 ? 1 : !u135
let u1968 = !u1671 ? 1 : u152
let u1969 = u1967 ? u1968 : 0
let u1970 = u1036 ? 1 : u1039
let u1971 = [208] ? 1 : !u1036
let u1972 = clk0 ? 1 : !u821
let u1973 = u1972 ? 1 : !u842
let u1974 = u1973 ? 1 : !u844
let u1975 = !clk0 ? !u846 : 0
let u1976 = u1974 ? 1 : u1975
let u1977 = !u1375 ? 1 : u821
let u1978 = !u1946 ? 1 : u842
let u1979 = u1977 ? u1978 : 0
let u1980 = [208] ? 1 : u844
let u1981 = u1979 ? u1980 : 0
let u1982 = !clk0 ? !u846 : 0
let u1983 = !u1674 ? 1 : !u1982
let u1984 = u1981 ? u1983 : 0
let u1985 = u1976 ? u1984 : [1437]
set [1437] = u1985
let u1986 = u1985 ? 1 : !u1039
let u1987 = u1971 ? u1986 : 0
let u1988 = u1970 ? u1987 : [900]
set [900] = u1988
let u1989 = [1184] ? !u1988 : 0
let u1990 = u1989 ? 1 : [410]
let u1991 = clk0 ? !u1990 : [15]
set [15] = u1991
set [208] = u1991
let u1992 = u1991 ? 1 : u157
let u1993 = u1969 ? u1992 : 0
let u1994 = !clk0 ? !u248 : 0
let u1995 = !u1674 ? 1 : !u1994
let u1996 = u1993 ? u1995 : 0
let u1997 = !u461 ? 1 : u504
let u1998 = !u347 ? 1 : u1997
let u1999 = u339 ? 1 : u1998
let u2000 = u295 ? 1 : u1999
let u2001 = u2000 ? !u600 : 0
let u2002 = u1965 ? 1 : !u2001
let u2003 = u1996 ? u2002 : 0
let u2004 = [827] ? 1 : u618
let u2005 = u2003 ? u2004 : 0
let u2006 = u1350 ? u2005 : [892]
set [892] = u2006
let u2007 = !u2006 ? 1 : ![1068]
let u2008 = u2006 ? 1 : !u810
let u2009 = u2007 ? u2008 : 0
let u2010 = u1985 ? 1 : !u814
let u2011 = u2009 ? u2010 : 0
let u2012 = u1338 ? u2011 : [1645]
set [1645] = u2012
let u2013 = u2012 ? u1928 : 0
set [1063] = !u2013
let u2014 = !u746 ? clk0 : 0
let u2015 = !u2013 ? 1 : !u2014
let u2016 = u1336 ? u2015 : 0
let u2017 = !u750 ? clk0 : 0
let u2018 = !u1324 ? 1 : !u2017
let u2019 = u2016 ? u2018 : 0
let u2020 = u1310 ? u2019 : [495]
set [495] = u2020
let u2021 = !u2020 ? 1 : u461
let u2022 = u1301 ? u2021 : 0
let u2023 = [1654] ? 1 : !u504
let u2024 = u2022 ? u2023 : 0
let u2025 = !clk0 ? !u248 : 0
let u2026 = u2025 ? 1 : !u618
let u2027 = !u157 ? 1 : u2026
let u2028 = !u152 ? 1 : u2027
let u2029 = u135 ? 1 : u2028
let u2030 = u2029 ? !u600 : 0
let u2031 = [1302] ? 1 : !u2030
let u2032 = u2024 ? u2031 : 0
let u2033 = !clk0 ? !u689 : 0
let u2034 = !u671 ? 1 : u2033
let u2035 = !u958 ? 1 : u2034
let u2036 = u2035 ? !u694 : 0
let u2037 = u1660 ? 1 : !u2036
let u2038 = u2032 ? u2037 : 0
let u2039 = u1294 ? u2038 : [1188]
set [1188] = u2039
let u2040 = u716 ? [998] : [1532]
let u2041 = u713 ? u2039 : u2040
set [1532] = u2041
let u2042 = clk0 ? !u2041 : [828]
set [828] = u2042
set [998] = !u2042
let u2043 = !u2042 ? 1 : u821
let u2044 = !u2020 ? 1 : u842
let u2045 = u2043 ? u2044 : 0
let u2046 = !u1271 ? 1 : u844
let u2047 = u2045 ? u2046 : 0
let u2048 = !clk0 ? !u846 : 0
let u2049 = !u1649 ? 1 : !u2048
let u2050 = u2047 ? u2049 : 0
let u2051 = u1277 ? u2050 : [684]
set [684] = u2051
let u2052 = u2051 ? 1 : !u1039
let u2053 = u1272 ? u2052 : 0
let u2054 = u1268 ? u2053 : [1359]
set [1359] = u2054
set [163] = u2054
let u2055 = !u1077 ? u2054 : 0
set [1184] = !u2055
let u2056 = !u2055 ? 1 : !u1988
set [410] = !u2056
let u2057 = u1036 ? 1 : u1039
let u2058 = !u2056 ? 1 : [392]
let u2059 = u2058 ? [344] : 0
let u2060 = clk0 ? !u2059 : [1326]
set [1326] = u2060
let u2061 = !u2060 ? 1 : !u1036
let u2062 = clk0 ? 1 : !u821
let u2063 = u2062 ? 1 : !u842
let u2064 = u2063 ? 1 : !u844
let u2065 = !clk0 ? !u846 : 0
let u2066 = u2064 ? 1 : u2065
let u2067 = !u1411 ? 1 : u821
let u2068 = !u1900 ? 1 : u842
let u2069 = u2067 ? u2068 : 0
let u2070 = !u2060 ? 1 : u844
let u2071 = u2069 ? u2070 : 0
let u2072 = !clk0 ? !u846 : 0
let u2073 = !u1707 ? 1 : !u2072
let u2074 = u2071 ? u2073 : 0
let u2075 = u2066 ? u2074 : [1630]
set [1630] = u2075
let u2076 = u2075 ? 1 : !u1039
let u2077 = u2061 ? u2076 : 0
let u2078 = u2057 ? u2077 : [622]
set [622] = u2078
set [392] = u2078
let u2079 = !u2056 ? u2078 : 0
set [344] = !u2079
let u2080 = !u2079 ? 1 : !u1871
set [1316] = !u2080
let u2081 = ![641] ? 1 : !u2080
let u2082 = !u2080 ? ![641] : 0
let u2083 = u2081 ? !u2082 : 0
let u2084 = clk0 ? !u2083 : [536]
set [536] = u2084
set [1647] = !u2084
let u2085 = !u2084 ? 1 : !u1036
let u2086 = u1798 ? 1 : !u1039
let u2087 = u2085 ? u2086 : 0
let u2088 = u1267 ? u2087 : [1611]
set [1611] = u2088
set [641] = !u2088
let u2089 = !u1074 ? 1 : !u1988
let u2090 = !u1045 ? 1 : u2089
let u2091 = !u2078 ? 1 : u2090
let u2092 = !u1871 ? 1 : u2091
let u2093 = !u2054 ? 1 : u2092
let u2094 = !u2088 ? 1 : u2093
let u2095 = [379] ? 1 : u2094
let u2096 = !u1266 ? 1 : u2095
set [1704] = !u2096
let u2097 = !u2096 ? ![1010] : 0
set [919] = !u2097
let u2098 = !u2097 ? !u1197 : 0
let u2099 = u2098 ? 1 : !u1198
let u2100 = clk0 ? !u2099 : [126]
set [126] = u2100
set [209] = u2100
let u2101 = u2100 ? 1 : u671
let u2102 = u958 ? u2101 : 0
let u2103 = !clk0 ? !u689 : 0
let u2104 = !u1066 ? 1 : !u2103
let u2105 = u2102 ? u2104 : 0
let u2106 = !u461 ? 1 : u504
let u2107 = !u347 ? 1 : u2106
let u2108 = u339 ? 1 : u2107
let u2109 = u295 ? 1 : u2108
let u2110 = u2109 ? !u694 : 0
let u2111 = [1150] ? 1 : !u2110
let u2112 = u2105 ? u2111 : 0
let u2113 = u1028 ? u2112 : [52]
set [52] = u2113
let u2114 = !clk0 ? !u689 : 0
let u2115 = !u671 ? 1 : u2114
let u2116 = !u958 ? 1 : u2115
let u2117 = u2116 ? !u694 : 0
let u2118 = u2113 ? 1 : !u2117
let u2119 = u1018 ? u2118 : 0
let u2120 = u963 ? u2119 : [1150]
set [1150] = u2120
let u2121 = !u940 ? !u2120 : 0
let u2122 = !u2120 ? 1 : !u940
let u2123 = u2121 ? 1 : !u2122
let u2124 = u622 ? !u2123 : [1234]
set [1234] = u2124
set [929] = u2124
let u2125 = u2124 ? 1 : !u135
let u2126 = u2100 ? 1 : u152
let u2127 = u2125 ? u2126 : 0
let u2128 = !u1050 ? 1 : u157
let u2129 = u2127 ? u2128 : 0
let u2130 = !clk0 ? !u248 : 0
let u2131 = !u1066 ? 1 : !u2130
let u2132 = u2129 ? u2131 : 0
let u2133 = !u461 ? 1 : u504
let u2134 = !u347 ? 1 : u2133
let u2135 = u339 ? 1 : u2134
let u2136 = u295 ? 1 : u2135
let u2137 = u2136 ? !u600 : 0
let u2138 = u2120 ? 1 : !u2137
let u2139 = u2132 ? u2138 : 0
let u2140 = u80 ? 1 : u89
let u2141 = u35 ? 1 : u2140
let u2142 = !u74 ? 1 : u2141
let u2143 = !u82 ? 1 : u2142
let u2144 = !u18 ? 1 : u2143
let u2145 = [337] ? 1 : u2144
let u2146 = !u163 ? u412 : 0
let u2147 = !u14 ? 1 : u89
let u2148 = u82 ? 1 : u2147
let u2149 = [1675] ? 1 : u2148
let u2150 = !u74 ? 1 : u2149
let u2151 = !u18 ? 1 : u2150
let u2152 = !u35 ? 1 : u88
let u2153 = !u74 ? 1 : u2152
let u2154 = u14 ? 1 : u2153
let u2155 = !u82 ? 1 : u2154
let u2156 = !u18 ? 1 : u2155
let u2157 = [337] ? 1 : u2156
let u2158 = u80 ? 1 : !u74
let u2159 = [1675] ? 1 : u2158
let u2160 = u31 ? 1 : u2159
let u2161 = u14 ? 1 : u89
let u2162 = u82 ? 1 : u2161
let u2163 = [1675] ? 1 : u2162
let u2164 = u35 ? 1 : u2163
let u2165 = !u74 ? 1 : u2164
let u2166 = !u18 ? 1 : u2165
let u2167 = [1675] ? 1 : !u80
let u2168 = u82 ? 1 : u2167
let u2169 = u31 ? 1 : u2168
let u2170 = !u74 ? 1 : u2169
let u2171 = !u2166 ? 1 : !u2170
let u2172 = !u2160 ? 1 : u2171
let u2173 = !u2157 ? 1 : u2172
let u2174 = !u2151 ? 1 : u2173
let u2175 = u2146 ? 1 : u2174
let u2176 = clk0 ? !u2175 : [338]
set [338] = u2176
let u2177 = !u2176 ? 1 : u590
let u2178 = !u2145 ? 1 : u2177
let u2179 = clk0 ? !u2178 : [443]
set [443] = u2179
let u2180 = !u453 ? 1 : !u2179
let u2181 = clk0 ? [318] : [1607]
set [1607] = u2181
let u2182 = !u2180 ? u2181 : 0
let u2183 = ![991] ? !u453 : 0
let u2184 = u2006 ? 1 : u1889
let u2185 = [1302] ? 1 : u2184
let u2186 = [991] ? 1 : u2185
let u2187 = [1108] ? 1 : u2186
let u2188 = u1235 ? 1 : u2187
let u2189 = [493] ? 1 : u2188
let u2190 = [1503] ? 1 : u2189
let u2191 = !u2179 ? u2190 : 0
let u2192 = u2183 ? 1 : u2191
let u2193 = u2182 ? 1 : u2192
let u2194 = !clk0 ? !u2193 : [627]
set [627] = u2194
set [318] = !u2194
let u2195 = u2194 ? 1 : u618
let u2196 = u2139 ? u2195 : 0
let u2197 = u932 ? u2196 : [991]
set [991] = u2197
let u2198 = !u2197 ? 1 : ![1068]
let u2199 = u2197 ? 1 : !u810
let u2200 = u2198 ? u2199 : 0
let u2201 = u1071 ? 1 : !u814
let u2202 = u2200 ? u2201 : 0
let u2203 = u920 ? u2202 : [1432]
set [1432] = u2203
let u2204 = u2203 ? 1 : u988
set [155] = !u2204
let u2205 = !u918 ? u2204 : 0
let u2206 = u2205 ? 1 : u989
let u2207 = u908 ? 1 : u911
let u2208 = u1250 ? 1 : !u908
let u2209 = u2208 ? !u911 : 0
let u2210 = u2207 ? u2209 : [1332]
set [1332] = u2210
let u2211 = [704] ? 1 : u2210
let u2212 = u2211 ? [681] : 0
let u2213 = u2206 ? !u2212 : 0
let u2214 = u2206 ? 1 : !u2212
let u2215 = u2213 ? 1 : !u2214
let u2216 = !u735 ? clk0 : 0
let u2217 = !u2215 ? 1 : !u2216
let u2218 = !u746 ? clk0 : 0
let u2219 = !u1324 ? 1 : !u2218
let u2220 = u2217 ? u2219 : 0
let u2221 = !u738 ? clk0 : 0
let u2222 = !u2211 ? 1 : !u2221
let u2223 = u2220 ? u2222 : 0
let u2224 = !u742 ? clk0 : 0
let u2225 = !u2212 ? 1 : !u2224
let u2226 = u2223 ? u2225 : 0
let u2227 = !u750 ? clk0 : 0
let u2228 = [681] ? 1 : !u2227
let u2229 = u2226 ? u2228 : 0
let u2230 = u889 ? u2229 : [276]
set [276] = u2230
set [1637] = !u2230
let u2231 = u2230 ? u1006 : 0
let u2232 = !u2231 ? !u934 : 0
let u2233 = u2230 ? 1 : u1006
let u2234 = u939 ? u2233 : 0
let u2235 = u2232 ? 1 : u2234
let u2236 = !u2235 ? !u2039 : 0
let u2237 = !u2235 ? 1 : !u2039
let u2238 = u2236 ? 1 : !u2237
let u2239 = u622 ? !u2238 : [162]
set [162] = u2239
set [1654] = u2239
let u2240 = u2239 ? 1 : !u135
let u2241 = u1646 ? 1 : u152
let u2242 = u2240 ? u2241 : 0
let u2243 = !u1271 ? 1 : u157
let u2244 = u2242 ? u2243 : 0
let u2245 = !clk0 ? !u248 : 0
let u2246 = !u1649 ? 1 : !u2245
let u2247 = u2244 ? u2246 : 0
let u2248 = !u461 ? 1 : u504
let u2249 = !u347 ? 1 : u2248
let u2250 = u339 ? 1 : u2249
let u2251 = u295 ? 1 : u2250
let u2252 = u2251 ? !u600 : 0
let u2253 = u2039 ? 1 : !u2252
let u2254 = u2247 ? u2253 : 0
let u2255 = [439] ? 1 : u618
let u2256 = u2254 ? u2255 : 0
let u2257 = u880 ? u2256 : [1302]
set [1302] = u2257
let u2258 = !u2257 ? !u453 : 0
let u2259 = u18 ? 1 : u89
let u2260 = u82 ? 1 : u2259
let u2261 = !u35 ? 1 : u2260
let u2262 = !u76 ? 1 : u2261
let u2263 = [1675] ? 1 : u2262
let u2264 = u14 ? 1 : u2263
let u2265 = clk0 ? u2264 : [974]
set [974] = u2265
let u2266 = !u453 ? 1 : !u2265
let u2267 = clk0 ? [1194] : [99]
set [99] = u2267
let u2268 = !u2266 ? u2267 : 0
let u2269 = u80 ? !u2265 : 0
let u2270 = u2268 ? 1 : u2269
let u2271 = u2258 ? 1 : u2270
let u2272 = !clk0 ? !u2271 : [348]
set [348] = u2272
set [1194] = !u2272
set [439] = u2272
let u2273 = !u763 ? u2272 : 0
let u2274 = !u86 ? 1 : !u2273
let u2275 = clk0 ? u2274 : [680]
set [680] = u2275
let u2276 = !clk0 ? !u2275 : [1450]
set [1450] = u2276
set [700] = u2276
let u2277 = clk0 ? u2276 : [1565]
set [1565] = u2277
let u2278 = [412] ? 1 : !u2277
set [1257] = !u2278
let u2279 = !u2278 ? 1 : !u1453
let u2280 = !u2279 ? !u1918 : 0
let u2281 = !u1918 ? 1 : !u2279
let u2282 = u2280 ? 1 : !u2281
let u2283 = u622 ? !u2282 : [858]
set [858] = u2283
set [831] = u2283
let u2284 = u2283 ? 1 : !u135
let u2285 = u1704 ? 1 : u152
let u2286 = u2284 ? u2285 : 0
let u2287 = !u2060 ? 1 : u157
let u2288 = u2286 ? u2287 : 0
let u2289 = !clk0 ? !u248 : 0
let u2290 = !u1707 ? 1 : !u2289
let u2291 = u2288 ? u2290 : 0
let u2292 = !u461 ? 1 : u504
let u2293 = !u347 ? 1 : u2292
let u2294 = u339 ? 1 : u2293
let u2295 = u295 ? 1 : u2294
let u2296 = u2295 ? !u600 : 0
let u2297 = u1918 ? 1 : !u2296
let u2298 = u2291 ? u2297 : 0
let u2299 = u868 ? u2298 : [1503]
set [1503] = u2299
let u2300 = !u2299 ? 1 : ![1068]
let u2301 = u2299 ? 1 : !u810
let u2302 = u2300 ? u2301 : 0
let u2303 = u2075 ? 1 : !u814
let u2304 = u2302 ? u2303 : 0
let u2305 = u857 ? u2304 : [1678]
set [1678] = u2305
let u2306 = u2305 ? 1 : u1921
set [1632] = !u2306
let u2307 = [142] ? u2306 : 0
let u2308 = u2307 ? 1 : ![477]
set [427] = !u2308
let u2309 = !u2308 ? !u1896 : 0
let u2310 = u2309 ? 1 : !u1809
set [1314] = !u2310
let u2311 = !u2310 ? !u1540 : 0
let u2312 = !u1802 ? 1 : !u2310
let u2313 = u2311 ? 1 : !u2312
let u2314 = clk0 ? !u2313 : [408]
set [408] = u2314
let u2315 = clk0 ? !u2160 : [1436]
set [1436] = u2315
let u2316 = u2314 ? u2315 : 0
let u2317 = !clk0 ? 0 : [94]
set [94] = u2317
let u2318 = clk0 ? !u2317 : [1699]
set [1699] = u2318
let u2319 = !clk0 ? !u2318 : [1274]
set [1274] = u2319
let u2320 = !u2317 ? 1 : u2319
let u2321 = clk0 ? !u2320 : [1177]
set [1177] = u2321
let u2322 = u35 ? 1 : u89
let u2323 = !u82 ? 1 : u2322
let u2324 = !u18 ? 1 : u2323
let u2325 = !u76 ? 1 : u2324
let u2326 = [337] ? 1 : u2325
let u2327 = u80 ? 1 : u2326
let u2328 = clk0 ? u2327 : [215]
set [215] = u2328
let u2329 = u2328 ? u452 : 0
let u2330 = !u2329 ? 1 : u2315
let u2331 = u2321 ? 1 : u2330
let u2332 = clk0 ? [90] : [44]
set [44] = u2332
let u2333 = !u2331 ? u2332 : 0
let u2334 = !u1889 ? !u2329 : 0
let u2335 = u18 ? 1 : u89
let u2336 = u82 ? 1 : u2335
let u2337 = !u35 ? 1 : u2336
let u2338 = [337] ? 1 : u2337
let u2339 = u80 ? 1 : u2338
let u2340 = u14 ? 1 : u2339
let u2341 = clk0 ? u2340 : [1283]
set [1283] = u2341
let u2342 = u2334 ? 1 : !u2341
let u2343 = u2333 ? 1 : u2342
let u2344 = u2316 ? 1 : u2343
let u2345 = !clk0 ? !u2344 : [1625]
set [1625] = u2345
set [90] = !u2345
let u2346 = ![337] ? 1 : !u2345
let u2347 = !u82 ? 1 : u2346
let u2348 = u2179 ? u452 : 0
let u2349 = clk0 ? !u2145 : [1673]
set [1673] = u2349
let u2350 = u2348 ? 1 : u2349
let u2351 = !u2350 ? [1200] : 0
let u2352 = clk0 ? [1045] : [1442]
set [1442] = u2352
let u2353 = u2350 ? u2352 : 0
let u2354 = u2351 ? 1 : u2353
let u2355 = !clk0 ? !u2354 : [69]
set [69] = u2355
set [1045] = !u2355
let u2356 = !u82 ? 1 : [337]
let u2357 = !u2355 ? 1 : u2356
let u2358 = ![337] ? 1 : !u2194
let u2359 = u82 ? 1 : u2358
let u2360 = !u2357 ? 1 : !u2359
let u2361 = !u2347 ? 1 : u2360
let u2362 = !u855 ? 1 : u2361
let u2363 = u80 ? !u2362 : 0
let u2364 = u80 ? 1 : !u2362
let u2365 = u2363 ? 1 : !u2364
let u2366 = !u2365 ? [967] : 0
let u2367 = [967] ? 1 : !u93
let u2368 = u2367 ? 1 : !u1033
let u2369 = u2366 ? 1 : !u2368
let u2370 = clk0 ? !u2369 : [832]
set [832] = u2370
let u2371 = [248] ? 1 : !u49
let u2372 = u2370 ? 1 : u2371
let u2373 = !clk0 ? !u2372 : [1581]
set [1581] = u2373
let u2374 = [771] ? ![206] : [206]
let u2375 = !clk0 ? [248] : [1272]
set [1272] = u2375
let u2376 = clk0 ? !u2375 : [559]
set [559] = u2376
let u2377 = u93 ? 1 : !u2376
let u2378 = clk0 ? !u2377 : [899]
set [899] = u2378
let u2379 = u2374 ? u2378 : 0
let u2380 = !clk0 ? u2379 : [1570]
set [1570] = u2380
let u2381 = u2373 ? 1 : u2380
let u2382 = !clk0 ? [827] : [1472]
set [1472] = u2382
let u2383 = u2381 ? u2382 : 0
set [379] = !u2383
let u2384 = !u2383 ? !u1045 : 0
let u2385 = u2384 ? 1 : !u1046
let u2386 = clk0 ? !u2385 : [526]
set [526] = u2386
set [488] = u2386
let u2387 = u2386 ? 1 : u844
let u2388 = u853 ? u2387 : 0
let u2389 = !clk0 ? !u846 : 0
let u2390 = !u1616 ? 1 : !u2389
let u2391 = u2388 ? u2390 : 0
let u2392 = u2391 ? u849 : 0
let u2393 = u850 ? u2392 : [413]
set [413] = u2393
let u2394 = u2393 ? 1 : !u814
let u2395 = u818 ? u2394 : 0
let u2396 = u815 ? u2395 : [977]
set [977] = u2396
let u2397 = u2396 ? 1 : u915
set [143] = !u2397
let u2398 = u2397 ? !u916 : 0
let u2399 = !u806 ? !u2398 : 0
let u2400 = !u2398 ? 1 : !u806
let u2401 = u2399 ? 1 : !u2400
let u2402 = !u735 ? clk0 : 0
let u2403 = !u2401 ? 1 : !u2402
let u2404 = !u738 ? clk0 : 0
let u2405 = !u2397 ? 1 : !u2404
let u2406 = u2403 ? u2405 : 0
let u2407 = !u742 ? clk0 : 0
let u2408 = !u2398 ? 1 : !u2407
let u2409 = u2406 ? u2408 : 0
let u2410 = !u746 ? clk0 : 0
let u2411 = !u989 ? 1 : !u2410
let u2412 = u2409 ? u2411 : 0
let u2413 = !u750 ? clk0 : 0
let u2414 = !u916 ? 1 : !u2413
let u2415 = u2412 ? u2414 : 0
let u2416 = u752 ? u2415 : [394]
set [394] = u2416
set [401] = !u2416
let u2417 = !u2416 ? 1 : u461
let u2418 = u721 ? u2417 : 0
let u2419 = [146] ? 1 : !u504
let u2420 = u2418 ? u2419 : 0
let u2421 = !clk0 ? !u248 : 0
let u2422 = u2421 ? 1 : !u618
let u2423 = !u157 ? 1 : u2422
let u2424 = !u152 ? 1 : u2423
let u2425 = u135 ? 1 : u2424
let u2426 = u2425 ? !u600 : 0
let u2427 = [1108] ? 1 : !u2426
let u2428 = u2420 ? u2427 : 0
let u2429 = !clk0 ? !u689 : 0
let u2430 = !u671 ? 1 : u2429
let u2431 = !u641 ? 1 : u2430
let u2432 = u2431 ? !u694 : 0
let u2433 = u1627 ? 1 : !u2432
let u2434 = u2428 ? u2433 : 0
let u2435 = u696 ? u2434 : [54]
set [54] = u2435
let u2436 = u622 ? u2435 : [737]
set [737] = u2436
set [146] = u2436
let u2437 = u2436 ? 1 : !u135
let u2438 = !u1613 ? 1 : u152
let u2439 = u2437 ? u2438 : 0
let u2440 = u2386 ? 1 : u157
let u2441 = u2439 ? u2440 : 0
let u2442 = !clk0 ? !u248 : 0
let u2443 = !u1616 ? 1 : !u2442
let u2444 = u2441 ? u2443 : 0
let u2445 = !u461 ? 1 : u504
let u2446 = !u347 ? 1 : u2445
let u2447 = u339 ? 1 : u2446
let u2448 = u295 ? 1 : u2447
let u2449 = u2448 ? !u600 : 0
let u2450 = u2435 ? 1 : !u2449
let u2451 = u2444 ? u2450 : 0
let u2452 = ![31] ? 1 : u618
let u2453 = u2451 ? u2452 : 0
let u2454 = u619 ? u2453 : [1108]
set [1108] = u2454
let u2455 = !u455 ? !u2454 : 0
let u2456 = u18 ? 1 : u89
let u2457 = !u82 ? 1 : u2456
let u2458 = !u35 ? 1 : u2457
let u2459 = !u76 ? 1 : u2458
let u2460 = [337] ? 1 : u2459
let u2461 = u14 ? 1 : u2460
let u2462 = clk0 ? u2461 : [1104]
set [1104] = u2462
let u2463 = u80 ? !u2462 : 0
let u2464 = [206] ? !u2176 : 0
let u2465 = clk0 ? [31] : [1051]
set [1051] = u2465
let u2466 = !u2176 ? 1 : !u455
let u2467 = !u2462 ? 1 : u2466
let u2468 = u2465 ? !u2467 : 0
let u2469 = u2464 ? 1 : u2468
let u2470 = u2463 ? 1 : u2469
let u2471 = u2455 ? 1 : u2470
let u2472 = !clk0 ? !u2471 : [32]
set [32] = u2472
set [31] = !u2472
let u2473 = clk0 ? u2472 : [1321]
set [1321] = u2473
let u2474 = !u2473 ? u434 : 0
let u2475 = u436 ? 1 : u2474
let u2476 = !clk0 ? !u2475 : [1447]
set [1447] = u2476
set [1175] = !u2476
let u2477 = u431 ? 1 : !u2476
let u2478 = u419 ? 1 : u2477
let u2479 = !u416 ? 1 : !u2478
let u2480 = clk0 ? !u2479 : [1333]
set [1333] = u2480
set [214] = u2480
let u2481 = u2480 ? 1 : u504
let u2482 = !u347 ? 1 : u2481
let u2483 = u339 ? 1 : u2482
let u2484 = u295 ? 1 : u2483
let u2485 = u2484 ? !u600 : 0
let u2486 = u250 ? 1 : u2485
let u2487 = u2486 ? 1 : !u618
let u2488 = u1568 ? 1 : !u135
let u2489 = u1765 ? 1 : u152
let u2490 = u2488 ? u2489 : 0
let u2491 = !u2084 ? 1 : u157
let u2492 = u2490 ? u2491 : 0
let u2493 = !clk0 ? !u248 : 0
let u2494 = !u1768 ? 1 : !u2493
let u2495 = u2492 ? u2494 : 0
let u2496 = u2480 ? 1 : u504
let u2497 = !u347 ? 1 : u2496
let u2498 = u339 ? 1 : u2497
let u2499 = u295 ? 1 : u2498
let u2500 = u2499 ? !u600 : 0
let u2501 = u1786 ? 1 : !u2500
let u2502 = u2495 ? u2501 : 0
let u2503 = u2355 ? 1 : u618
let u2504 = u2502 ? u2503 : 0
let u2505 = u2487 ? u2504 : [493]
set [493] = u2505
set [1200] = !u2505
let u2506 = clk0 ? [967] : [1269]
set [1269] = u2506
let u2507 = !u2505 ? u2506 : 0
let u2508 = clk0 ? [1110] : [1530]
set [1530] = u2508
let u2509 = !u2506 ? u2508 : 0
let u2510 = u2507 ? 1 : u2509
let u2511 = !clk0 ? !u2510 : [756]
set [756] = u2511
set [1110] = !u2511
set [771] = u2511
let u2512 = u93 ? 1 : u2511
let u2513 = [1675] ? 1 : u89
let u2514 = u82 ? 1 : u2513
let u2515 = !u18 ? 1 : u2514
let u2516 = !u76 ? 1 : u2515
let u2517 = [1675] ? 1 : !u80
let u2518 = u82 ? 1 : u2517
let u2519 = u31 ? 1 : u2518
let u2520 = !u76 ? 1 : u2519
let u2521 = !u2516 ? 1 : !u2520
let u2522 = !u2512 ? 1 : u2521
set [1081] = u2522
let u2523 = u2522 ? 1 : !u354
let u2524 = !u86 ? 1 : u2523
let u2525 = u2524 ? ![248] : 0
set [779] = !u2525
let u2526 = clk0 ? !u2525 : [805]
set [805] = u2526
let u2527 = !clk0 ? !clk0 : 0
let u2528 = !u2526 ? u2527 : 0
set [1068] = u2528
let u2529 = u2528 ? 1 : u810
let u2530 = u2529 ? 1 : u814
let u2531 = !u1235 ? 1 : !u2528
let u2532 = u1235 ? 1 : !u810
let u2533 = u2531 ? u2532 : 0
let u2534 = u1263 ? 1 : !u814
let u2535 = u2533 ? u2534 : 0
let u2536 = u2530 ? u2535 : [704]
set [704] = u2536
let u2537 = u2536 ? u2210 : 0
set [681] = !u2537
let u2538 = !u2537 ? !u2206 : 0
let u2539 = u2538 ? 1 : !u2211
set [1023] = !u2539
let u2540 = !u2539 ? u1323 : 0
let u2541 = !u916 ? u806 : 0
let u2542 = u2541 ? 1 : !u2397
let u2543 = !u2542 ? u989 : 0
let u2544 = !u2211 ? 1 : !u2543
let u2545 = !u1325 ? 1 : u2537
let u2546 = !u2211 ? 1 : u2537
let u2547 = !u2546 ? 1 : u989
let u2548 = !u2542 ? 1 : u2547
let u2549 = !u990 ? 1 : u2548
let u2550 = !u2545 ? 1 : !u2549
let u2551 = u2544 ? u2550 : 0
let u2552 = u2551 ? 1 : !u2276
let u2553 = !u2552 ? 1 : u1324
let u2554 = u2540 ? 1 : u2553
set [1425] = !u2554
let u2555 = !u2554 ? !u2013 : 0
let u2556 = u2555 ? 1 : !u1929
set [142] = !u2556
set [1571] = u2556
let u2557 = !u2556 ? ![477] : 0
let u2558 = !u2557 ? 1 : !u1810
let u2559 = !u2556 ? 1 : u1810
let u2560 = !u1425 ? 1 : u2559
let u2561 = ![477] ? 1 : u2560
let u2562 = !u1541 ? 1 : u1896
let u2563 = !u2561 ? 1 : !u2562
let u2564 = u2558 ? u2563 : 0
let u2565 = u2564 ? 1 : !u2276
let u2566 = clk0 ? !u2565 : [164]
set [164] = u2566
let u2567 = !u2310 ? u1540 : 0
let u2568 = u2567 ? 1 : ![1318]
let u2569 = clk0 ? u2568 : [560]
set [560] = u2569
let u2570 = u2566 ? 1 : u2569
set [412] = !u2570
set [1146] = u2570
set [206] = !u2570
let u2571 = !u2570 ? u2376 : 0
let u2572 = !clk0 ? [916] : [1409]
set [1409] = u2572
let u2573 = clk0 ? !u2572 : [1176]
set [1176] = u2573
let u2574 = !u2573 ? 1 : u2376
let u2575 = u2571 ? 1 : !u2574
set [916] = !u2575
let u2576 = !u164 ? u122 : 0
let u2577 = [248] ? 1 : !u2576
let u2578 = !u2575 ? 1 : u2577
let u2579 = u47 ? 1 : u2578
let u2580 = !u657 ? 1 : u164
let u2581 = !u120 ? 1 : u2580
let u2582 = !u80 ? 1 : u89
let u2583 = u35 ? 1 : u2582
let u2584 = u14 ? 1 : u2583
let u2585 = !u82 ? 1 : u2584
let u2586 = [1675] ? 1 : u2585
let u2587 = !u18 ? 1 : u2586
let u2588 = [971] ? 1 : u2587
let u2589 = !u35 ? 1 : u89
let u2590 = !u82 ? 1 : u2589
let u2591 = u80 ? 1 : u2590
let u2592 = !u18 ? 1 : u2591
let u2593 = u107 ? 1 : u2592
let u2594 = [337] ? 1 : u2593
let u2595 = !u14 ? 1 : u2594
let u2596 = !u35 ? 1 : u89
let u2597 = !u80 ? 1 : u2596
let u2598 = u14 ? 1 : u2597
let u2599 = !u82 ? 1 : u2598
let u2600 = [971] ? 1 : u2599
let u2601 = !u18 ? 1 : u2600
let u2602 = !u35 ? 1 : u89
let u2603 = !u82 ? 1 : u2602
let u2604 = u107 ? 1 : u2603
let u2605 = !u18 ? 1 : u2604
let u2606 = !u14 ? 1 : u2605
let u2607 = [1675] ? 1 : u2606
let u2608 = !u35 ? 1 : u89
let u2609 = u25 ? 1 : u2608
let u2610 = u80 ? 1 : u2609
let u2611 = !u82 ? 1 : u2610
let u2612 = u14 ? 1 : u2611
let u2613 = !u18 ? 1 : u2612
let u2614 = !u2607 ? 1 : !u2613
let u2615 = !u175 ? 1 : u2614
let u2616 = !u2601 ? 1 : u2615
let u2617 = !u2595 ? 1 : u2616
let u2618 = !u2588 ? 1 : u2617
let u2619 = u2618 ? 1 : !u93
let u2620 = u412 ? 1 : u2619
let u2621 = !u2581 ? 1 : u2620
let u2622 = [248] ? 1 : !u2621
let u2623 = !u5 ? 1 : !u2622
let u2624 = [819] ? 1 : u2623
let u2625 = clk0 ? !u2624 : [1713]
set [1713] = u2625
let u2626 = !u2579 ? 1 : !u2625
let u2627 = [1382] ? 1 : u2626
set [1215] = !u2627
let u2628 = !clk0 ? !u2627 : [223]
set [223] = u2628
set [1357] = !u2628
let u2629 = clk0 ? [862] : [537]
set [537] = u2629
let u2630 = ![248] ? u2629 : 0
let u2631 = [248] ? u19 : 0
let u2632 = u2630 ? 1 : u2631
let u2633 = !clk0 ? !u2632 : [1360]
set [1360] = u2633
let u2634 = !u2628 ? 1 : u2633
set [1575] = !u2634
set [971] = u2634
let u2635 = u18 ? 1 : u89
let u2636 = !u35 ? 1 : u2635
let u2637 = u2634 ? 1 : u2636
let u2638 = !u14 ? 1 : u2637
set [967] = !u2638
let u2639 = !u2638 ? 1 : u71
let u2640 = ![330] ? 1 : clk0
set [330] = !u2640
let u2641 = !clk0 ? !u2640 : [675]
set [675] = u2641
let u2642 = u1232 ? 1 : !u2641
let u2643 = u2642 ? !u1100 : 0
let u2644 = u2639 ? !u2643 : 0
let u2645 = !clk0 ? [1350] : [50]
set [50] = u2645
let u2646 = u2644 ? 1 : u2645
let u2647 = clk0 ? !u2646 : [760]
set [760] = u2647
let u2648 = [1382] ? 1 : u2647
set [1350] = !u2648
let u2649 = [926] ? 1 : !u2648
set [827] = !u2649
let u2650 = !u9 ? !u2649 : 0
set [1077] = !u2650
let u2651 = clk0 ? !db6 : [1669]
set [1669] = u2651
let u2652 = !u2650 ? 1 : u2651
let u2653 = u10 ? u2652 : [1675]
set [1675] = u2653
set [337] = !u2653
let u2654 = !u35 ? 1 : u89
let u2655 = !u80 ? 1 : u2654
let u2656 = u107 ? 1 : u2655
let u2657 = !u82 ? 1 : u2656
let u2658 = !u14 ? 1 : u2657
let u2659 = !u18 ? 1 : u2658
let u2660 = !u2653 ? 1 : u2659
set [370] = !u2660
let u2661 = [248] ? 1 : u2660
set [1465] = !u2661
let u2662 = clk0 ? !u2661 : [1126]
set [1126] = u2662
let u2663 = u7 ? 1 : u2662
let u2664 = !clk0 ? !u2663 : [698]
set [698] = u2664
set [1481] = !u2664
let u2665 = clk0 ? !u2664 : [1452]
set [1452] = u2665
let u2666 = [248] ? 1 : !u2665
set [1382] = !u2666
let u2667 = !u2666 ? 1 : [717]
let u2668 = !clk0 ? !u2667 : [1132]
set [1132] = u2668
let u2669 = clk0 ? !u5 : [1036]
set [1036] = u2669
let u2670 = u2668 ? 1 : u2669
set [717] = !u2670
set [926] = u2670
let u2671 = !u151 ? !u156 : 0
let u2672 = !u2671 ? 1 : !u2601
let u2673 = !u609 ? 1 : u2672
let u2674 = !u123 ? 1 : u2673
let u2675 = !u169 ? 1 : u2674
let u2676 = u412 ? 1 : u2675
let u2677 = clk0 ? !u2676 : [1131]
set [1131] = u2677
let u2678 = u2670 ? 1 : u2677
let u2679 = [248] ? 1 : u2678
let u2680 = !clk0 ? !u2679 : [759]
set [759] = u2680
let u2681 = clk0 ? 0 : [197]
set [197] = u2681
set [248] = u2681
let u2682 = !u2638 ? !u2365 : 0
let u2683 = u71 ? 1 : u2682
let u2684 = !u2681 ? u2683 : 0
let u2685 = [862] ? u2681 : 0
let u2686 = u2684 ? 1 : u2685
let u2687 = clk0 ? !u2686 : [596]
set [596] = u2687
let u2688 = u6 ? 1 : u2687
set [819] = !u2688
let u2689 = !clk0 ? [959] : [323]
set [323] = u2689
let u2690 = !clk0 ? !u2681 : [671]
set [671] = u2690
let u2691 = u2689 ? 1 : u2690
let u2692 = !u5 ? 1 : u2691
let u2693 = clk0 ? !u2692 : [294]
set [294] = u2693
let u2694 = u2379 ? 1 : u2693
set [959] = !u2694
let u2695 = u2681 ? 1 : !u2694
let u2696 = !u2688 ? 1 : !u2695
set [1380] = !u2696
let u2697 = !clk0 ? !u2696 : [666]
set [666] = u2697
set [862] = !u2697
output [539] = !u2697
let u2698 = !clk0 ? !u2679 : [402]
set [402] = u2698
output [1156] = !u2698
let u2699 = u412 ? 1 : !u169
let u2700 = u2681 ? 1 : u368
let u2701 = !u2699 ? !u2700 : 0
let u2702 = clk0 ? !u2701 : [190]
set [190] = u2702
let u2703 = !clk0 ? !u2702 : 0
let u2704 = u2703 ? u2393 : [268]
set [268] = u2704
output [268] = u2704
let u2705 = !clk0 ? !u2702 : 0
let u2706 = u2705 ? u1071 : [451]
set [451] = u2706
output [451] = u2706
let u2707 = !clk0 ? !u2702 : 0
let u2708 = u2707 ? u1263 : [1340]
set [1340] = u2708
output [1340] = u2708
let u2709 = !clk0 ? !u2702 : 0
let u2710 = u2709 ? u2051 : [211]
set [211] = u2710
output [211] = u2710
let u2711 = !clk0 ? !u2702 : 0
let u2712 = u2711 ? u1985 : [435]
set [435] = u2712
output [435] = u2712
let u2713 = !clk0 ? !u2702 : 0
let u2714 = u2713 ? u2075 : [736]
set [736] = u2714
output [736] = u2714
let u2715 = !clk0 ? !u2702 : 0
let u2716 = u2715 ? u1868 : [887]
set [887] = u2716
output [887] = u2716
let u2717 = !clk0 ? !u2702 : 0
let u2718 = u2717 ? u1798 : [1493]
set [1493] = u2718
output [1493] = u2718
let u2719 = !u354 ? 1 : !u2634
let u2720 = u687 ? 1 : u2719
let u2721 = u1157 ? 1 : u2720
let u2722 = u2681 ? 1 : !u2721
let u2723 = !u1029 ? !u2573 : 0
let u2724 = !u693 ? 1 : !u2723
let u2725 = !u2722 ? 1 : !u2724
let u2726 = u2725 ? u93 : 0
let u2727 = u2726 ? 1 : !u849
let u2728 = clk0 ? !u2727 : [610]
set [610] = u2728
let u2729 = !clk0 ? !u2728 : 0
let u2730 = u2729 ? u1627 : [230]
set [230] = u2730
output [230] = u2730
let u2731 = !clk0 ? !u2728 : 0
let u2732 = u2731 ? u2113 : [148]
set [148] = u2732
output [148] = u2732
let u2733 = !clk0 ? !u2728 : 0
let u2734 = u2733 ? u1188 : [1443]
set [1443] = u2734
output [1443] = u2734
let u2735 = !clk0 ? !u2728 : 0
let u2736 = u2735 ? u1660 : [399]
set [399] = u2736
output [399] = u2736
let u2737 = !clk0 ? !u2728 : 0
let u2738 = u2737 ? u1685 : [1237]
set [1237] = u2738
output [1237] = u2738
let u2739 = !clk0 ? !u2728 : 0
let u2740 = u2739 ? u1718 : [349]
set [349] = u2740
output [349] = u2740
let u2741 = !clk0 ? !u2728 : 0
let u2742 = u2741 ? u1751 : [672]
set [672] = u2742
output [672] = u2742
let u2743 = !clk0 ? !u2728 : 0
let u2744 = u2743 ? u1779 : [195]
set [195] = u2744
output [195] = u2744
let u2745 = !clk0 ? !u2454 : [222]
set [222] = u2745
output [1005] = !u2745
let u2746 = !clk0 ? !u2197 : [527]
set [527] = u2746
output [82] = !u2746
let u2747 = !clk0 ? !u1235 : [1288]
set [1288] = u2747
output [945] = !u2747
let u2748 = !clk0 ? !u2257 : [823]
set [823] = u2748
output [650] = !u2748
let u2749 = !clk0 ? !u2006 : [873]
set [873] = u2749
output [1393] = !u2749
let u2750 = !clk0 ? !u2299 : [1266]
set [1266] = u2750
output [175] = !u2750
let u2751 = !clk0 ? !u1889 : [1418]
set [1418] = u2751
output [1591] = !u2751
let u2752 = !clk0 ? !u2505 : [158]
set [158] = u2752
output [1349] = !u2752
output [687] = ![31]
output [1444] = u2194
output [1421] = u1232
output [439] = u2272
output [1119] = [827]
output [0] = !u678
output [77] = ![90]
output [1370] = u2355
output [328] = !u31
output [1626] = !u88
output [1384] = !u35
output [1576] = !u14
output [1112] = !u18
output [1329] = !u80
output [337] = !u2653
output [1328] = !u82
output [1171] = clk0
output [159] = res
